[ 2015-12-07T09:32:30+08:00 ] 127.0.0.1 /new1130/search
NOTIC: 建议使用I方法替代_param
NOTIC: 建议使用I方法替代_param
NOTIC: 建议使用I方法替代_param
NOTIC: 建议使用I方法替代_param
NOTIC: 建议使用I方法替代_param
NOTIC: 建议使用I方法替代_param

[ 2015-12-07T09:32:30+08:00 ] 127.0.0.1 /new1130/search
NOTIC: 建议使用I方法替代_param
NOTIC: 建议使用I方法替代_param
NOTIC: 建议使用I方法替代_param
NOTIC: 建议使用I方法替代_param
NOTIC: 建议使用I方法替代_param
NOTIC: 建议使用I方法替代_param

[ 2015-12-07T09:32:49+08:00 ] 127.0.0.1 /new1130/search/index.html?search_key=%E7%BA%A2&search_area_id=1
NOTIC: 建议使用I方法替代_param
NOTIC: 建议使用I方法替代_param
NOTIC: 建议使用I方法替代_param
NOTIC: 建议使用I方法替代_param
NOTIC: 建议使用I方法替代_param
NOTIC: 建议使用I方法替代_param

[ 2015-12-07T09:39:52+08:00 ] 127.0.0.1 /new1130/search/index/cat/84/search/%E7%BA%A2.html
NOTIC: 建议使用I方法替代_param
NOTIC: 建议使用I方法替代_param
NOTIC: 建议使用I方法替代_param
NOTIC: 建议使用I方法替代_param
NOTIC: 建议使用I方法替代_param
NOTIC: 建议使用I方法替代_param

[ 2015-12-07T09:40:52+08:00 ] 127.0.0.1 /new1130/search/index/cat/84/cate_id/166.html
NOTIC: 建议使用I方法替代_param
NOTIC: 建议使用I方法替代_param
NOTIC: 建议使用I方法替代_param
NOTIC: 建议使用I方法替代_param
NOTIC: 建议使用I方法替代_param
NOTIC: 建议使用I方法替代_param

[ 2015-12-07T09:44:24+08:00 ] 127.0.0.1 /new1130/search/index.html?search_key=%E7%BA%A2&search_area_id=1
NOTIC: 建议使用I方法替代_param
NOTIC: 建议使用I方法替代_param
NOTIC: 建议使用I方法替代_param
NOTIC: 建议使用I方法替代_param
NOTIC: 建议使用I方法替代_param
NOTIC: 建议使用I方法替代_param

[ 2015-12-07T09:44:34+08:00 ] 127.0.0.1 /new1130/search/index/cat/84/search/%E7%BA%A2.html
NOTIC: 建议使用I方法替代_param
NOTIC: 建议使用I方法替代_param
NOTIC: 建议使用I方法替代_param
NOTIC: 建议使用I方法替代_param
NOTIC: 建议使用I方法替代_param
NOTIC: 建议使用I方法替代_param

[ 2015-12-07T09:44:39+08:00 ] 127.0.0.1 /new1130/search/index/cat/84/cate_id/166.html
NOTIC: 建议使用I方法替代_param
NOTIC: 建议使用I方法替代_param
NOTIC: 建议使用I方法替代_param
NOTIC: 建议使用I方法替代_param
NOTIC: 建议使用I方法替代_param
NOTIC: 建议使用I方法替代_param

[ 2015-12-07T10:11:28+08:00 ] 127.0.0.1 /new1130/search/index.html?search_key=%E7%BA%A2&search_area_id=1
NOTIC: 建议使用I方法替代_param
NOTIC: 建议使用I方法替代_param
NOTIC: 建议使用I方法替代_param
NOTIC: 建议使用I方法替代_param
NOTIC: 建议使用I方法替代_param
NOTIC: 建议使用I方法替代_param

[ 2015-12-07T10:12:59+08:00 ] 127.0.0.1 /new1130/search/index.html?search_key=%E7%BA%A2&search_area_id=1
NOTIC: 建议使用I方法替代_param
NOTIC: 建议使用I方法替代_param
NOTIC: 建议使用I方法替代_param
NOTIC: 建议使用I方法替代_param
NOTIC: 建议使用I方法替代_param
NOTIC: 建议使用I方法替代_param

[ 2015-12-07T10:13:10+08:00 ] 127.0.0.1 /new1130/search/index.html
NOTIC: 建议使用I方法替代_param
NOTIC: 建议使用I方法替代_param
NOTIC: 建议使用I方法替代_param
NOTIC: 建议使用I方法替代_param
NOTIC: 建议使用I方法替代_param
NOTIC: 建议使用I方法替代_param

[ 2015-12-07T10:13:18+08:00 ] 127.0.0.1 /new1130/search/index/cat/84/search/%E7%BA%A2.html
NOTIC: 建议使用I方法替代_param
NOTIC: 建议使用I方法替代_param
NOTIC: 建议使用I方法替代_param
NOTIC: 建议使用I方法替代_param
NOTIC: 建议使用I方法替代_param
NOTIC: 建议使用I方法替代_param

[ 2015-12-07T10:14:16+08:00 ] 127.0.0.1 /new1130/search/index/cat/84/cate_id/163.html
NOTIC: 建议使用I方法替代_param
NOTIC: 建议使用I方法替代_param
NOTIC: 建议使用I方法替代_param
NOTIC: 建议使用I方法替代_param
NOTIC: 建议使用I方法替代_param
NOTIC: 建议使用I方法替代_param

[ 2015-12-07T10:15:26+08:00 ] 127.0.0.1 /new1130/search/index/cat/84.html
NOTIC: 建议使用I方法替代_param
NOTIC: 建议使用I方法替代_param
NOTIC: 建议使用I方法替代_param
NOTIC: 建议使用I方法替代_param
NOTIC: 建议使用I方法替代_param
NOTIC: 建议使用I方法替代_param

[ 2015-12-07T10:15:30+08:00 ] 127.0.0.1 /new1130/search/index.html
NOTIC: 建议使用I方法替代_param
NOTIC: 建议使用I方法替代_param
NOTIC: 建议使用I方法替代_param
NOTIC: 建议使用I方法替代_param
NOTIC: 建议使用I方法替代_param
NOTIC: 建议使用I方法替代_param

[ 2015-12-07T10:15:35+08:00 ] 127.0.0.1 /new1130/search/index.html
NOTIC: 建议使用I方法替代_param
NOTIC: 建议使用I方法替代_param
NOTIC: 建议使用I方法替代_param
NOTIC: 建议使用I方法替代_param
NOTIC: 建议使用I方法替代_param
NOTIC: 建议使用I方法替代_param

[ 2015-12-07T10:15:46+08:00 ] 127.0.0.1 /new1130/search/index/cat/84/search/%E7%BA%A2.html
NOTIC: 建议使用I方法替代_param
NOTIC: 建议使用I方法替代_param
NOTIC: 建议使用I方法替代_param
NOTIC: 建议使用I方法替代_param
NOTIC: 建议使用I方法替代_param
NOTIC: 建议使用I方法替代_param

[ 2015-12-07T10:17:23+08:00 ] 127.0.0.1 /new1130/search/index/cat/84/search/%E7%BA%A2.html
NOTIC: 建议使用I方法替代_param
NOTIC: 建议使用I方法替代_param
NOTIC: 建议使用I方法替代_param
NOTIC: 建议使用I方法替代_param
NOTIC: 建议使用I方法替代_param
NOTIC: 建议使用I方法替代_param

[ 2015-12-07T10:17:30+08:00 ] 127.0.0.1 /new1130/search/index/cat/84/cate_id/0.html?version=&brand=&color=1&tb=%E6%90%9C%E7%B4%A2
NOTIC: 建议使用I方法替代_param
NOTIC: 建议使用I方法替代_param
NOTIC: 建议使用I方法替代_param
NOTIC: 建议使用I方法替代_param
NOTIC: 建议使用I方法替代_param
NOTIC: 建议使用I方法替代_param

[ 2015-12-07T10:17:34+08:00 ] 127.0.0.1 /new1130/search/index/cat/84/cate_id/0.html?version=&brand=&color=1&tb=%E6%90%9C%E7%B4%A2
NOTIC: 建议使用I方法替代_param
NOTIC: 建议使用I方法替代_param
NOTIC: 建议使用I方法替代_param
NOTIC: 建议使用I方法替代_param
NOTIC: 建议使用I方法替代_param
NOTIC: 建议使用I方法替代_param

[ 2015-12-07T10:17:41+08:00 ] 127.0.0.1 /new1130/search/index/cat/84/cate_id/0.html?version=&brand=&color=1&tb=%E6%90%9C%E7%B4%A2
NOTIC: 建议使用I方法替代_param
NOTIC: 建议使用I方法替代_param
NOTIC: 建议使用I方法替代_param
NOTIC: 建议使用I方法替代_param
NOTIC: 建议使用I方法替代_param
NOTIC: 建议使用I方法替代_param

[ 2015-12-07T10:17:45+08:00 ] 127.0.0.1 /new1130/search/index/cat/84/cate_id/0.html?version=&brand=&color=1&tb=%E6%90%9C%E7%B4%A2
NOTIC: 建议使用I方法替代_param
NOTIC: 建议使用I方法替代_param
NOTIC: 建议使用I方法替代_param
NOTIC: 建议使用I方法替代_param
NOTIC: 建议使用I方法替代_param
NOTIC: 建议使用I方法替代_param

[ 2015-12-07T10:18:46+08:00 ] 127.0.0.1 /new1130/search/index.html
NOTIC: 建议使用I方法替代_param
NOTIC: 建议使用I方法替代_param
NOTIC: 建议使用I方法替代_param
NOTIC: 建议使用I方法替代_param
NOTIC: 建议使用I方法替代_param
NOTIC: 建议使用I方法替代_param

[ 2015-12-07T10:21:12+08:00 ] 127.0.0.1 /new1130/search/index.html
NOTIC: 建议使用I方法替代_param
NOTIC: 建议使用I方法替代_param
NOTIC: 建议使用I方法替代_param
NOTIC: 建议使用I方法替代_param
NOTIC: 建议使用I方法替代_param
NOTIC: 建议使用I方法替代_param

[ 2015-12-07T10:21:21+08:00 ] 127.0.0.1 /new1130/search/index.html
NOTIC: 建议使用I方法替代_param
NOTIC: 建议使用I方法替代_param
NOTIC: 建议使用I方法替代_param
NOTIC: 建议使用I方法替代_param
NOTIC: 建议使用I方法替代_param
NOTIC: 建议使用I方法替代_param

[ 2015-12-07T10:21:24+08:00 ] 127.0.0.1 /new1130/search/index/cat/84/search_key/%E7%BA%A2.html
NOTIC: 建议使用I方法替代_param
NOTIC: 建议使用I方法替代_param
NOTIC: 建议使用I方法替代_param
NOTIC: 建议使用I方法替代_param
NOTIC: 建议使用I方法替代_param
NOTIC: 建议使用I方法替代_param

[ 2015-12-07T10:21:28+08:00 ] 127.0.0.1 /new1130/search/index/cat/84/cate_id/164/search_key/%E7%BA%A2.html
NOTIC: 建议使用I方法替代_param
NOTIC: 建议使用I方法替代_param
NOTIC: 建议使用I方法替代_param
NOTIC: 建议使用I方法替代_param
NOTIC: 建议使用I方法替代_param
NOTIC: 建议使用I方法替代_param

[ 2015-12-07T10:21:37+08:00 ] 127.0.0.1 /new1130/search/index/cat/84/cate_id/164/search_key/%E7%BA%A2.html?version=&brand=&color=&tb=%E6%90%9C%E7%B4%A2
NOTIC: 建议使用I方法替代_param
NOTIC: 建议使用I方法替代_param
NOTIC: 建议使用I方法替代_param
NOTIC: 建议使用I方法替代_param
NOTIC: 建议使用I方法替代_param
NOTIC: 建议使用I方法替代_param

[ 2015-12-07T10:27:23+08:00 ] 127.0.0.1 /new1130/search/index.html
NOTIC: 建议使用I方法替代_param

[ 2015-12-07T10:27:34+08:00 ] 127.0.0.1 /new1130/search/index.html
NOTIC: 建议使用I方法替代_param

[ 2015-12-07T10:27:39+08:00 ] 127.0.0.1 /new1130/search
NOTIC: 建议使用I方法替代_param

[ 2015-12-07T10:27:42+08:00 ] 127.0.0.1 /new1130/search/index.html
NOTIC: 建议使用I方法替代_param

[ 2015-12-07T10:27:47+08:00 ] 127.0.0.1 /new1130/search/index
NOTIC: 建议使用I方法替代_param

[ 2015-12-07T10:28:05+08:00 ] 127.0.0.1 /new1130/search/index
NOTIC: 建议使用I方法替代_param

[ 2015-12-07T10:28:09+08:00 ] 127.0.0.1 /new1130/search
NOTIC: 建议使用I方法替代_param

[ 2015-12-07T10:28:19+08:00 ] 127.0.0.1 /new1130/search
NOTIC: 建议使用I方法替代_param

[ 2015-12-07T10:28:20+08:00 ] 127.0.0.1 /new1130/search
NOTIC: 建议使用I方法替代_param

[ 2015-12-07T10:28:31+08:00 ] 127.0.0.1 /new1130/search
NOTIC: 建议使用I方法替代_param
NOTIC: 建议使用I方法替代_param
NOTIC: 建议使用I方法替代_param
NOTIC: 建议使用I方法替代_param
NOTIC: 建议使用I方法替代_param
NOTIC: 建议使用I方法替代_param

[ 2015-12-07T10:28:37+08:00 ] 127.0.0.1 /new1130/search
NOTIC: 建议使用I方法替代_param
NOTIC: 建议使用I方法替代_param
NOTIC: 建议使用I方法替代_param
NOTIC: 建议使用I方法替代_param
NOTIC: 建议使用I方法替代_param
NOTIC: 建议使用I方法替代_param

[ 2015-12-07T10:29:05+08:00 ] 127.0.0.1 /new1130/search/index.html
NOTIC: 建议使用I方法替代_param
NOTIC: 建议使用I方法替代_param
NOTIC: 建议使用I方法替代_param
NOTIC: 建议使用I方法替代_param
NOTIC: 建议使用I方法替代_param
NOTIC: 建议使用I方法替代_param

[ 2015-12-07T10:29:09+08:00 ] 127.0.0.1 /new1130/search/index.html
NOTIC: 建议使用I方法替代_param
NOTIC: 建议使用I方法替代_param
NOTIC: 建议使用I方法替代_param
NOTIC: 建议使用I方法替代_param
NOTIC: 建议使用I方法替代_param
NOTIC: 建议使用I方法替代_param

[ 2015-12-07T10:30:03+08:00 ] 127.0.0.1 /new1130/search/index.html
NOTIC: 建议使用I方法替代_param
NOTIC: 建议使用I方法替代_param
NOTIC: 建议使用I方法替代_param
NOTIC: 建议使用I方法替代_param
NOTIC: 建议使用I方法替代_param
NOTIC: 建议使用I方法替代_param

[ 2015-12-07T10:31:07+08:00 ] 127.0.0.1 /new1130/search/index.html
NOTIC: 建议使用I方法替代_param
NOTIC: 建议使用I方法替代_param
NOTIC: 建议使用I方法替代_param
NOTIC: 建议使用I方法替代_param
NOTIC: 建议使用I方法替代_param
NOTIC: 建议使用I方法替代_param

[ 2015-12-07T10:32:20+08:00 ] 127.0.0.1 /new1130/search/index.html
NOTIC: 建议使用I方法替代_param
NOTIC: 建议使用I方法替代_param
NOTIC: 建议使用I方法替代_param
NOTIC: 建议使用I方法替代_param
NOTIC: 建议使用I方法替代_param
NOTIC: 建议使用I方法替代_param

[ 2015-12-07T10:33:11+08:00 ] 127.0.0.1 /new1130/search/index.html
NOTIC: 建议使用I方法替代_param
NOTIC: 建议使用I方法替代_param
NOTIC: 建议使用I方法替代_param
NOTIC: 建议使用I方法替代_param
NOTIC: 建议使用I方法替代_param
NOTIC: 建议使用I方法替代_param

[ 2015-12-07T10:33:23+08:00 ] 127.0.0.1 /new1130/search/index.html
NOTIC: 建议使用I方法替代_param
NOTIC: 建议使用I方法替代_param
NOTIC: 建议使用I方法替代_param
NOTIC: 建议使用I方法替代_param
NOTIC: 建议使用I方法替代_param
NOTIC: 建议使用I方法替代_param

[ 2015-12-07T10:33:35+08:00 ] 127.0.0.1 /new1130/search
NOTIC: 建议使用I方法替代_param
NOTIC: 建议使用I方法替代_param
NOTIC: 建议使用I方法替代_param
NOTIC: 建议使用I方法替代_param
NOTIC: 建议使用I方法替代_param
NOTIC: 建议使用I方法替代_param

[ 2015-12-07T10:33:37+08:00 ] 127.0.0.1 /new1130/search
NOTIC: 建议使用I方法替代_param
NOTIC: 建议使用I方法替代_param
NOTIC: 建议使用I方法替代_param
NOTIC: 建议使用I方法替代_param
NOTIC: 建议使用I方法替代_param
NOTIC: 建议使用I方法替代_param

[ 2015-12-07T10:34:32+08:00 ] 127.0.0.1 /new1130/search/index.html
NOTIC: 建议使用I方法替代_param
NOTIC: 建议使用I方法替代_param
NOTIC: 建议使用I方法替代_param
NOTIC: 建议使用I方法替代_param
NOTIC: 建议使用I方法替代_param
NOTIC: 建议使用I方法替代_param

[ 2015-12-07T10:37:08+08:00 ] 127.0.0.1 /new1130/search/index.html
NOTIC: 建议使用I方法替代_param
NOTIC: 建议使用I方法替代_param
NOTIC: 建议使用I方法替代_param
NOTIC: 建议使用I方法替代_param
NOTIC: 建议使用I方法替代_param
NOTIC: 建议使用I方法替代_param

[ 2015-12-07T10:37:24+08:00 ] 127.0.0.1 /new1130/search/index.html
NOTIC: 建议使用I方法替代_param
NOTIC: 建议使用I方法替代_param
NOTIC: 建议使用I方法替代_param
NOTIC: 建议使用I方法替代_param
NOTIC: 建议使用I方法替代_param
NOTIC: 建议使用I方法替代_param

[ 2015-12-07T10:37:59+08:00 ] 127.0.0.1 /new1130/search/index.html
NOTIC: 建议使用I方法替代_param
NOTIC: 建议使用I方法替代_param
NOTIC: 建议使用I方法替代_param
NOTIC: 建议使用I方法替代_param
NOTIC: 建议使用I方法替代_param
NOTIC: 建议使用I方法替代_param

[ 2015-12-07T10:38:14+08:00 ] 127.0.0.1 /new1130/search/index.html
NOTIC: 建议使用I方法替代_param
NOTIC: 建议使用I方法替代_param
NOTIC: 建议使用I方法替代_param
NOTIC: 建议使用I方法替代_param
NOTIC: 建议使用I方法替代_param
NOTIC: 建议使用I方法替代_param

[ 2015-12-07T10:38:28+08:00 ] 127.0.0.1 /new1130/search/index.html
NOTIC: 建议使用I方法替代_param
NOTIC: 建议使用I方法替代_param
NOTIC: 建议使用I方法替代_param
NOTIC: 建议使用I方法替代_param
NOTIC: 建议使用I方法替代_param
NOTIC: 建议使用I方法替代_param

[ 2015-12-07T10:38:38+08:00 ] 127.0.0.1 /new1130/search/index/cat/84/search_key/%E7%BA%A2.html
NOTIC: 建议使用I方法替代_param
NOTIC: 建议使用I方法替代_param
NOTIC: 建议使用I方法替代_param
NOTIC: 建议使用I方法替代_param
NOTIC: 建议使用I方法替代_param
NOTIC: 建议使用I方法替代_param

[ 2015-12-07T10:38:50+08:00 ] 127.0.0.1 /new1130/search/index/cat/84/cate_id/166/search_key/%E7%BA%A2.html
NOTIC: 建议使用I方法替代_param
NOTIC: 建议使用I方法替代_param
NOTIC: 建议使用I方法替代_param
NOTIC: 建议使用I方法替代_param
NOTIC: 建议使用I方法替代_param
NOTIC: 建议使用I方法替代_param

[ 2015-12-07T10:39:04+08:00 ] 127.0.0.1 /new1130/search/index/cat/84/search_key/%E7%BA%A2.html
NOTIC: 建议使用I方法替代_param
NOTIC: 建议使用I方法替代_param
NOTIC: 建议使用I方法替代_param
NOTIC: 建议使用I方法替代_param
NOTIC: 建议使用I方法替代_param
NOTIC: 建议使用I方法替代_param

[ 2015-12-07T10:39:08+08:00 ] 127.0.0.1 /new1130/search/index/search_key/%E7%BA%A2.html
NOTIC: 建议使用I方法替代_param
NOTIC: 建议使用I方法替代_param
NOTIC: 建议使用I方法替代_param
NOTIC: 建议使用I方法替代_param
NOTIC: 建议使用I方法替代_param
NOTIC: 建议使用I方法替代_param

[ 2015-12-07T10:39:18+08:00 ] 127.0.0.1 /new1130/search/index.html
NOTIC: 建议使用I方法替代_param
NOTIC: 建议使用I方法替代_param
NOTIC: 建议使用I方法替代_param
NOTIC: 建议使用I方法替代_param
NOTIC: 建议使用I方法替代_param
NOTIC: 建议使用I方法替代_param

[ 2015-12-07T10:39:43+08:00 ] 127.0.0.1 /new1130/search/index.html
NOTIC: 建议使用I方法替代_param
NOTIC: 建议使用I方法替代_param
NOTIC: 建议使用I方法替代_param
NOTIC: 建议使用I方法替代_param
NOTIC: 建议使用I方法替代_param
NOTIC: 建议使用I方法替代_param

[ 2015-12-07T10:39:46+08:00 ] 127.0.0.1 /new1130/search/index.html
NOTIC: 建议使用I方法替代_param
NOTIC: 建议使用I方法替代_param
NOTIC: 建议使用I方法替代_param
NOTIC: 建议使用I方法替代_param
NOTIC: 建议使用I方法替代_param
NOTIC: 建议使用I方法替代_param

[ 2015-12-07T10:40:05+08:00 ] 127.0.0.1 /new1130/search/index.html
NOTIC: 建议使用I方法替代_param

[ 2015-12-07T10:40:19+08:00 ] 127.0.0.1 /new1130/search/index.html
NOTIC: 建议使用I方法替代_param

[ 2015-12-07T10:40:50+08:00 ] 127.0.0.1 /new1130/search/index.html
NOTIC: 建议使用I方法替代_param

[ 2015-12-07T10:41:01+08:00 ] 127.0.0.1 /new1130/search
NOTIC: 建议使用I方法替代_param

[ 2015-12-07T10:41:02+08:00 ] 127.0.0.1 /new1130/search
NOTIC: 建议使用I方法替代_param

[ 2015-12-07T10:41:23+08:00 ] 127.0.0.1 /new1130/search
NOTIC: 建议使用I方法替代_param
NOTIC: 建议使用I方法替代_param
NOTIC: 建议使用I方法替代_param
NOTIC: 建议使用I方法替代_param
NOTIC: 建议使用I方法替代_param
NOTIC: 建议使用I方法替代_param

[ 2015-12-07T10:42:06+08:00 ] 127.0.0.1 /new1130/search/index.html
NOTIC: 建议使用I方法替代_param

[ 2015-12-07T10:42:32+08:00 ] 127.0.0.1 /new1130/search
NOTIC: 建议使用I方法替代_param

[ 2015-12-07T10:42:43+08:00 ] 127.0.0.1 /new1130/search
NOTIC: 建议使用I方法替代_param

[ 2015-12-07T10:42:45+08:00 ] 127.0.0.1 /new1130/search
NOTIC: 建议使用I方法替代_param

[ 2015-12-07T10:43:04+08:00 ] 127.0.0.1 /new1130/search
NOTIC: 建议使用I方法替代_param
NOTIC: 建议使用I方法替代_param
NOTIC: 建议使用I方法替代_param
NOTIC: 建议使用I方法替代_param
NOTIC: 建议使用I方法替代_param
NOTIC: 建议使用I方法替代_param

[ 2015-12-07T10:43:08+08:00 ] 127.0.0.1 /new1130/search/index.html
NOTIC: 建议使用I方法替代_param
NOTIC: 建议使用I方法替代_param
NOTIC: 建议使用I方法替代_param
NOTIC: 建议使用I方法替代_param
NOTIC: 建议使用I方法替代_param
NOTIC: 建议使用I方法替代_param

[ 2015-12-07T10:43:12+08:00 ] 127.0.0.1 /new1130/search/index.html
NOTIC: 建议使用I方法替代_param

[ 2015-12-07T10:43:47+08:00 ] 127.0.0.1 /new1130/passport
ERR: 非法操作:index

[ 2015-12-07T10:43:56+08:00 ] 127.0.0.1 /new1130/passport/index
ERR: 非法操作:index

[ 2015-12-07T10:44:29+08:00 ] 127.0.0.1 /new1130/passport/sendmobile.html
INFO: [ app_begin ] --START--
INFO: ReadHtmlCache Behavior ::run [ RunTime:0.003181s ]
INFO: [ app_begin ] --END-- [ RunTime:0.003814s ]
NOTIC: [2048] Declaration of SettingModel::fetchAll() should be compatible with CommonModel::fetchAll($field = '*', $where = Array, $limit = Array) C:\EasyPHP-DevServer-14.1VC9\data\localweb\new1130\pcw\Lib\Model\SettingModel.class.php 第 2 行.
NOTIC: [2048] Declaration of SettingModel::save() should be compatible with Model::save($data = '', $options = Array) C:\EasyPHP-DevServer-14.1VC9\data\localweb\new1130\pcw\Lib\Model\SettingModel.class.php 第 2 行.
SQL: SHOW COLUMNS FROM `pc_setting` [ RunTime:0.018023s ]
SQL: SHOW COLUMNS FROM `pc_city` [ RunTime:0.014381s ]
NOTIC: [8] Undefined variable: str C:\EasyPHP-DevServer-14.1VC9\data\localweb\new1130\ThinkPHP\Extend\Library\ORG\Crypt\Base64.class.php 第 69 行.
SQL: SHOW COLUMNS FROM ecshop.ecs_goods_area [ RunTime:0.014651s ]
SQL: SELECT * FROM ecshop.ecs_goods_area WHERE ( `goods_area` LIKE '%南京%' ) LIMIT 1   [ RunTime:0.000929s ]
SQL: SHOW COLUMNS FROM `pc_shop_cate` [ RunTime:0.014219s ]
SQL: SHOW COLUMNS FROM `pc_tuan_cate` [ RunTime:0.014243s ]
SQL: SHOW COLUMNS FROM ecshop.ecs_goods_category [ RunTime:0.015890s ]
SQL: SHOW COLUMNS FROM `pc_area` [ RunTime:0.014624s ]
SQL: SELECT * FROM `pc_area` ORDER BY `orderby` asc  [ RunTime:0.000611s ]
NOTIC: [2] Invalid argument supplied for foreach() C:\EasyPHP-DevServer-14.1VC9\data\localweb\new1130\pcw\Lib\Model\CommonModel.class.php 第 39 行.
SQL: SHOW COLUMNS FROM `pc_business` [ RunTime:0.014242s ]
NOTIC: [2048] Declaration of TemplateModel::fetchAll() should be compatible with CommonModel::fetchAll($field = '*', $where = Array, $limit = Array) C:\EasyPHP-DevServer-14.1VC9\data\localweb\new1130\ThinkPHP\Common\common.php 第 232 行.
SQL: SHOW COLUMNS FROM `pc_template` [ RunTime:0.020674s ]
SQL: SHOW COLUMNS FROM `pc_template_setting` [ RunTime:0.015677s ]
SQL: SHOW COLUMNS FROM ecshop.ecs_temp_buyers [ RunTime:0.026028s ]
SQL: SELECT * FROM ecshop.ecs_temp_buyers WHERE ( `temp_buyers_mobile` = '13917902045' ) LIMIT 1   [ RunTime:0.001577s ]
NOTIC: [2048] Declaration of SmsModel::fetchAll() should be compatible with CommonModel::fetchAll($field = '*', $where = Array, $limit = Array) C:\EasyPHP-DevServer-14.1VC9\data\localweb\new1130\pcw\Lib\Model\SmsModel.class.php 第 92 行.
SQL: SHOW COLUMNS FROM `pc_sms` [ RunTime:0.098042s ]
SQL: SELECT * FROM `pc_sms`  [ RunTime:0.001501s ]

[ 2015-12-07T10:46:23+08:00 ] 127.0.0.1 /new1130/search
NOTIC: 建议使用I方法替代_param

[ 2015-12-07T10:46:24+08:00 ] 127.0.0.1 /new1130/search
NOTIC: 建议使用I方法替代_param

[ 2015-12-07T10:50:22+08:00 ] 127.0.0.1 /new1130/search
NOTIC: 建议使用I方法替代_param

[ 2015-12-07T10:50:23+08:00 ] 127.0.0.1 /new1130/search
NOTIC: 建议使用I方法替代_param

[ 2015-12-07T10:50:26+08:00 ] 127.0.0.1 /new1130/search
NOTIC: 建议使用I方法替代_param

[ 2015-12-07T10:50:58+08:00 ] 127.0.0.1 /new1130/search
NOTIC: 建议使用I方法替代_param
NOTIC: 建议使用I方法替代_param
NOTIC: 建议使用I方法替代_param
NOTIC: 建议使用I方法替代_param
NOTIC: 建议使用I方法替代_param
NOTIC: 建议使用I方法替代_param

[ 2015-12-07T10:51:02+08:00 ] 127.0.0.1 /new1130/search/index.html
NOTIC: 建议使用I方法替代_param

[ 2015-12-07T10:52:05+08:00 ] 127.0.0.1 /new1130/search/index.html
NOTIC: 建议使用I方法替代_param

[ 2015-12-07T10:52:16+08:00 ] 127.0.0.1 /new1130/member/error.html
ERR: 无法加载模块:Error

[ 2015-12-07T10:52:43+08:00 ] 127.0.0.1 /new1130/member/error.html
ERR: 无法加载模块:Error

[ 2015-12-07T10:52:47+08:00 ] 127.0.0.1 /new1130/member/error.html
ERR: 无法加载模块:Error

[ 2015-12-07T10:54:36+08:00 ] 127.0.0.1 /new1130/member/error.html
ERR: 无法加载模块:Error

[ 2015-12-07T10:54:43+08:00 ] 127.0.0.1 /new1130/search
NOTIC: 建议使用I方法替代_param
NOTIC: 建议使用I方法替代_param
NOTIC: 建议使用I方法替代_param
NOTIC: 建议使用I方法替代_param
NOTIC: 建议使用I方法替代_param
NOTIC: 建议使用I方法替代_param

[ 2015-12-07T10:54:48+08:00 ] 127.0.0.1 /new1130/search/index.html
NOTIC: 建议使用I方法替代_param

[ 2015-12-07T10:54:51+08:00 ] 127.0.0.1 /new1130/member/error.html
ERR: 无法加载模块:Error

[ 2015-12-07T10:55:14+08:00 ] 127.0.0.1 /new1130/member/error.html
ERR: 无法加载模块:Error

[ 2015-12-07T10:55:19+08:00 ] 127.0.0.1 /new1130/member/error.html
ERR: 无法加载模块:Error

[ 2015-12-07T10:55:25+08:00 ] 127.0.0.1 /new1130/search
NOTIC: 建议使用I方法替代_param
NOTIC: 建议使用I方法替代_param
NOTIC: 建议使用I方法替代_param
NOTIC: 建议使用I方法替代_param
NOTIC: 建议使用I方法替代_param
NOTIC: 建议使用I方法替代_param

[ 2015-12-07T10:55:26+08:00 ] 127.0.0.1 /new1130/search
NOTIC: 建议使用I方法替代_param
NOTIC: 建议使用I方法替代_param
NOTIC: 建议使用I方法替代_param
NOTIC: 建议使用I方法替代_param
NOTIC: 建议使用I方法替代_param
NOTIC: 建议使用I方法替代_param

[ 2015-12-07T10:55:32+08:00 ] 127.0.0.1 /new1130/search/index.html
NOTIC: 建议使用I方法替代_param

[ 2015-12-07T10:55:37+08:00 ] 127.0.0.1 /new1130/search/index.html
NOTIC: 建议使用I方法替代_param
NOTIC: 建议使用I方法替代_param
NOTIC: 建议使用I方法替代_param
NOTIC: 建议使用I方法替代_param
NOTIC: 建议使用I方法替代_param
NOTIC: 建议使用I方法替代_param

[ 2015-12-07T10:56:27+08:00 ] 127.0.0.1 /new1130/search/index.html
NOTIC: 建议使用I方法替代_param

[ 2015-12-07T10:56:38+08:00 ] 127.0.0.1 /new1130/search
NOTIC: 建议使用I方法替代_param

[ 2015-12-07T10:56:40+08:00 ] 127.0.0.1 /new1130/search
NOTIC: 建议使用I方法替代_param

[ 2015-12-07T10:57:05+08:00 ] 127.0.0.1 /new1130/pchome/shop/index.html
NOTIC: 建议使用I方法替代_param
NOTIC: 建议使用I方法替代_param
NOTIC: 建议使用I方法替代_param
NOTIC: 建议使用I方法替代_param
NOTIC: 建议使用I方法替代_param
NOTIC: 建议使用I方法替代_param

[ 2015-12-07T11:00:56+08:00 ] 127.0.0.1 /new1130/search/index.html
NOTIC: 建议使用I方法替代_param
NOTIC: 建议使用I方法替代_param
NOTIC: 建议使用I方法替代_param
NOTIC: 建议使用I方法替代_param
NOTIC: 建议使用I方法替代_param
NOTIC: 建议使用I方法替代_param

[ 2015-12-07T11:01:06+08:00 ] 127.0.0.1 /new1130/search/index.html
NOTIC: 建议使用I方法替代_param

[ 2015-12-07T11:01:13+08:00 ] 127.0.0.1 /new1130/search/index.html
NOTIC: 建议使用I方法替代_param

[ 2015-12-07T11:03:26+08:00 ] 127.0.0.1 /new1130/search/index.html
NOTIC: 建议使用I方法替代_param
NOTIC: 建议使用I方法替代_param
NOTIC: 建议使用I方法替代_param
NOTIC: 建议使用I方法替代_param
NOTIC: 建议使用I方法替代_param
NOTIC: 建议使用I方法替代_param

[ 2015-12-07T11:03:31+08:00 ] 127.0.0.1 /new1130/search/index/cat/84/search_key/%E7%BA%A2.html
NOTIC: 建议使用I方法替代_param
NOTIC: 建议使用I方法替代_param
NOTIC: 建议使用I方法替代_param
NOTIC: 建议使用I方法替代_param
NOTIC: 建议使用I方法替代_param
NOTIC: 建议使用I方法替代_param

[ 2015-12-07T11:03:35+08:00 ] 127.0.0.1 /new1130/search/index/cat/79/search_key/%E7%BA%A2.html
NOTIC: 建议使用I方法替代_param
NOTIC: 建议使用I方法替代_param
NOTIC: 建议使用I方法替代_param
NOTIC: 建议使用I方法替代_param
NOTIC: 建议使用I方法替代_param
NOTIC: 建议使用I方法替代_param

[ 2015-12-07T11:03:41+08:00 ] 127.0.0.1 /new1130/search/index/cat/80/search_key/%E7%BA%A2.html
NOTIC: 建议使用I方法替代_param
NOTIC: 建议使用I方法替代_param
NOTIC: 建议使用I方法替代_param
NOTIC: 建议使用I方法替代_param
NOTIC: 建议使用I方法替代_param
NOTIC: 建议使用I方法替代_param

[ 2015-12-07T11:05:03+08:00 ] 127.0.0.1 /new1130/search/index/cat/79/search_key/%E7%BA%A2.html
NOTIC: 建议使用I方法替代_param
NOTIC: 建议使用I方法替代_param
NOTIC: 建议使用I方法替代_param
NOTIC: 建议使用I方法替代_param
NOTIC: 建议使用I方法替代_param
NOTIC: 建议使用I方法替代_param

[ 2015-12-07T11:07:02+08:00 ] 127.0.0.1 /new1130/search/index/cat/79/search_key/%E7%BA%A2.html
NOTIC: 建议使用I方法替代_param
NOTIC: 建议使用I方法替代_param
NOTIC: 建议使用I方法替代_param
NOTIC: 建议使用I方法替代_param
NOTIC: 建议使用I方法替代_param
NOTIC: 建议使用I方法替代_param

[ 2015-12-07T11:07:11+08:00 ] 127.0.0.1 /new1130/search/index/cat/79/search_key/%E7%BA%A2.html
NOTIC: 建议使用I方法替代_param
NOTIC: 建议使用I方法替代_param
NOTIC: 建议使用I方法替代_param
NOTIC: 建议使用I方法替代_param
NOTIC: 建议使用I方法替代_param
NOTIC: 建议使用I方法替代_param

[ 2015-12-07T11:07:20+08:00 ] 127.0.0.1 /new1130/search/index/cat/81/search_key/%E7%BA%A2.html
NOTIC: 建议使用I方法替代_param
NOTIC: 建议使用I方法替代_param
NOTIC: 建议使用I方法替代_param
NOTIC: 建议使用I方法替代_param
NOTIC: 建议使用I方法替代_param
NOTIC: 建议使用I方法替代_param

[ 2015-12-07T11:07:27+08:00 ] 127.0.0.1 /new1130/search/index/cat/82/search_key/%E7%BA%A2.html
NOTIC: 建议使用I方法替代_param
NOTIC: 建议使用I方法替代_param
NOTIC: 建议使用I方法替代_param
NOTIC: 建议使用I方法替代_param
NOTIC: 建议使用I方法替代_param
NOTIC: 建议使用I方法替代_param

[ 2015-12-07T11:07:33+08:00 ] 127.0.0.1 /new1130/search/index/cat/80/search_key/%E7%BA%A2.html
NOTIC: 建议使用I方法替代_param
NOTIC: 建议使用I方法替代_param
NOTIC: 建议使用I方法替代_param
NOTIC: 建议使用I方法替代_param
NOTIC: 建议使用I方法替代_param
NOTIC: 建议使用I方法替代_param

[ 2015-12-07T11:07:38+08:00 ] 127.0.0.1 /new1130/search/index/cat/79/search_key/%E7%BA%A2.html
NOTIC: 建议使用I方法替代_param
NOTIC: 建议使用I方法替代_param
NOTIC: 建议使用I方法替代_param
NOTIC: 建议使用I方法替代_param
NOTIC: 建议使用I方法替代_param
NOTIC: 建议使用I方法替代_param

[ 2015-12-07T11:07:51+08:00 ] 127.0.0.1 /new1130/search/index/search_key/%E7%BA%A2.html
NOTIC: 建议使用I方法替代_param
NOTIC: 建议使用I方法替代_param
NOTIC: 建议使用I方法替代_param
NOTIC: 建议使用I方法替代_param
NOTIC: 建议使用I方法替代_param
NOTIC: 建议使用I方法替代_param

[ 2015-12-07T11:08:11+08:00 ] 127.0.0.1 /new1130/search/index/search_key/%E7%BA%A2.html
NOTIC: 建议使用I方法替代_param
NOTIC: 建议使用I方法替代_param
NOTIC: 建议使用I方法替代_param
NOTIC: 建议使用I方法替代_param
NOTIC: 建议使用I方法替代_param
NOTIC: 建议使用I方法替代_param

[ 2015-12-07T11:08:13+08:00 ] 127.0.0.1 /new1130/search/index/cat/79/search_key/%E7%BA%A2.html
NOTIC: 建议使用I方法替代_param
NOTIC: 建议使用I方法替代_param
NOTIC: 建议使用I方法替代_param
NOTIC: 建议使用I方法替代_param
NOTIC: 建议使用I方法替代_param
NOTIC: 建议使用I方法替代_param

[ 2015-12-07T11:10:14+08:00 ] 127.0.0.1 /new1130/search/index/cat/84/search_key/%E7%BA%A2.html
NOTIC: 建议使用I方法替代_param
NOTIC: 建议使用I方法替代_param
NOTIC: 建议使用I方法替代_param
NOTIC: 建议使用I方法替代_param
NOTIC: 建议使用I方法替代_param
NOTIC: 建议使用I方法替代_param

[ 2015-12-07T11:12:06+08:00 ] 127.0.0.1 /new1130/search/index/cat/84/search_key/%E7%BA%A2.html
NOTIC: 建议使用I方法替代_param
NOTIC: 建议使用I方法替代_param
NOTIC: 建议使用I方法替代_param
NOTIC: 建议使用I方法替代_param
NOTIC: 建议使用I方法替代_param
NOTIC: 建议使用I方法替代_param

[ 2015-12-07T11:12:25+08:00 ] 127.0.0.1 /new1130/search/index/cat/84/search_key/%E7%BA%A2.html
NOTIC: 建议使用I方法替代_param
NOTIC: 建议使用I方法替代_param
NOTIC: 建议使用I方法替代_param
NOTIC: 建议使用I方法替代_param
NOTIC: 建议使用I方法替代_param
NOTIC: 建议使用I方法替代_param

[ 2015-12-07T11:12:43+08:00 ] 127.0.0.1 /new1130/search/index/cat/84/search_key/%E7%BA%A2.html
NOTIC: 建议使用I方法替代_param
NOTIC: 建议使用I方法替代_param
NOTIC: 建议使用I方法替代_param
NOTIC: 建议使用I方法替代_param
NOTIC: 建议使用I方法替代_param
NOTIC: 建议使用I方法替代_param

[ 2015-12-07T11:13:12+08:00 ] 127.0.0.1 /new1130/search/index/cat/84/search_key/%E7%BA%A2.html
NOTIC: 建议使用I方法替代_param
NOTIC: 建议使用I方法替代_param
NOTIC: 建议使用I方法替代_param
NOTIC: 建议使用I方法替代_param
NOTIC: 建议使用I方法替代_param
NOTIC: 建议使用I方法替代_param

[ 2015-12-07T11:13:37+08:00 ] 127.0.0.1 /new1130/search/index/cat/84/search_key/%E7%BA%A2.html
NOTIC: 建议使用I方法替代_param
NOTIC: 建议使用I方法替代_param
NOTIC: 建议使用I方法替代_param
NOTIC: 建议使用I方法替代_param
NOTIC: 建议使用I方法替代_param
NOTIC: 建议使用I方法替代_param

[ 2015-12-07T11:15:51+08:00 ] 127.0.0.1 /new1130/search/index/cat/84/search_key/%E7%BA%A2.html
NOTIC: 建议使用I方法替代_param
NOTIC: 建议使用I方法替代_param
NOTIC: 建议使用I方法替代_param
NOTIC: 建议使用I方法替代_param
NOTIC: 建议使用I方法替代_param
NOTIC: 建议使用I方法替代_param

[ 2015-12-07T11:16:37+08:00 ] 127.0.0.1 /new1130/search/index/cat/84/search_key/%E7%BA%A2.html
NOTIC: 建议使用I方法替代_param
NOTIC: 建议使用I方法替代_param
NOTIC: 建议使用I方法替代_param
NOTIC: 建议使用I方法替代_param
NOTIC: 建议使用I方法替代_param
NOTIC: 建议使用I方法替代_param

[ 2015-12-07T11:17:33+08:00 ] 127.0.0.1 /new1130/search/index/cat/84/search_key/%E7%BA%A2.html
NOTIC: 建议使用I方法替代_param
NOTIC: 建议使用I方法替代_param
NOTIC: 建议使用I方法替代_param
NOTIC: 建议使用I方法替代_param
NOTIC: 建议使用I方法替代_param
NOTIC: 建议使用I方法替代_param

[ 2015-12-07T11:19:07+08:00 ] 127.0.0.1 /new1130/search/index/cat/84/search_key/%E7%BA%A2.html
NOTIC: 建议使用I方法替代_param
NOTIC: 建议使用I方法替代_param
NOTIC: 建议使用I方法替代_param
NOTIC: 建议使用I方法替代_param
NOTIC: 建议使用I方法替代_param
NOTIC: 建议使用I方法替代_param

[ 2015-12-07T11:19:13+08:00 ] 127.0.0.1 /new1130/search/index.html
NOTIC: 建议使用I方法替代_param
NOTIC: 建议使用I方法替代_param
NOTIC: 建议使用I方法替代_param
NOTIC: 建议使用I方法替代_param
NOTIC: 建议使用I方法替代_param
NOTIC: 建议使用I方法替代_param

[ 2015-12-07T11:19:36+08:00 ] 127.0.0.1 /new1130/search/index.html
NOTIC: 建议使用I方法替代_param
NOTIC: 建议使用I方法替代_param
NOTIC: 建议使用I方法替代_param
NOTIC: 建议使用I方法替代_param
NOTIC: 建议使用I方法替代_param
NOTIC: 建议使用I方法替代_param

[ 2015-12-07T11:19:44+08:00 ] 127.0.0.1 /new1130/search/index/cat/84/search_key/%E9%BB%84.html
NOTIC: 建议使用I方法替代_param
NOTIC: 建议使用I方法替代_param
NOTIC: 建议使用I方法替代_param
NOTIC: 建议使用I方法替代_param
NOTIC: 建议使用I方法替代_param
NOTIC: 建议使用I方法替代_param

[ 2015-12-07T11:20:17+08:00 ] 127.0.0.1 /new1130/search/index/cat/84/search_key/%E9%BB%84.html
NOTIC: 建议使用I方法替代_param
NOTIC: 建议使用I方法替代_param
NOTIC: 建议使用I方法替代_param
NOTIC: 建议使用I方法替代_param
NOTIC: 建议使用I方法替代_param
NOTIC: 建议使用I方法替代_param

[ 2015-12-07T11:20:26+08:00 ] 127.0.0.1 /new1130/search/index.html
NOTIC: 建议使用I方法替代_param
NOTIC: 建议使用I方法替代_param
NOTIC: 建议使用I方法替代_param
NOTIC: 建议使用I方法替代_param
NOTIC: 建议使用I方法替代_param
NOTIC: 建议使用I方法替代_param

[ 2015-12-07T11:20:38+08:00 ] 127.0.0.1 /new1130/search/index.html
NOTIC: 建议使用I方法替代_param

[ 2015-12-07T13:58:34+08:00 ] 127.0.0.1 /new1130/search
NOTIC: 建议使用I方法替代_param

[ 2015-12-07T13:58:46+08:00 ] 127.0.0.1 /new1130/search/index.html
NOTIC: 建议使用I方法替代_param
NOTIC: 建议使用I方法替代_param
NOTIC: 建议使用I方法替代_param
NOTIC: 建议使用I方法替代_param
NOTIC: 建议使用I方法替代_param
NOTIC: 建议使用I方法替代_param

[ 2015-12-07T14:01:01+08:00 ] 127.0.0.1 /new1130/search/detail/goods_id/358.html
ERR: 非法操作:detail

[ 2015-12-07T14:01:06+08:00 ] 127.0.0.1 /new1130/search/detail/goods_id/358.html
ERR: 非法操作:detail

[ 2015-12-07T14:04:29+08:00 ] 127.0.0.1 /new1130/search/index.html
NOTIC: 建议使用I方法替代_param
NOTIC: 建议使用I方法替代_param
NOTIC: 建议使用I方法替代_param
NOTIC: 建议使用I方法替代_param
NOTIC: 建议使用I方法替代_param
NOTIC: 建议使用I方法替代_param

[ 2015-12-07T14:05:13+08:00 ] 127.0.0.1 /new1130/search/index.html
NOTIC: 建议使用I方法替代_param
NOTIC: 建议使用I方法替代_param
NOTIC: 建议使用I方法替代_param
NOTIC: 建议使用I方法替代_param
NOTIC: 建议使用I方法替代_param
NOTIC: 建议使用I方法替代_param

[ 2015-12-07T14:05:17+08:00 ] 127.0.0.1 /new1130/search/index/cat/79/search_key/%E7%BA%A2.html
NOTIC: 建议使用I方法替代_param
NOTIC: 建议使用I方法替代_param
NOTIC: 建议使用I方法替代_param
NOTIC: 建议使用I方法替代_param
NOTIC: 建议使用I方法替代_param
NOTIC: 建议使用I方法替代_param

[ 2015-12-07T14:05:22+08:00 ] 127.0.0.1 /new1130/search/index/cat/82/search_key/%E7%BA%A2.html
NOTIC: 建议使用I方法替代_param
NOTIC: 建议使用I方法替代_param
NOTIC: 建议使用I方法替代_param
NOTIC: 建议使用I方法替代_param
NOTIC: 建议使用I方法替代_param
NOTIC: 建议使用I方法替代_param

