[ 2015-12-17T10:11:29+08:00 ] 127.0.0.1 /new1130/search/index/search_key/%E6%B0%B4.html
NOTIC: 建议使用I方法替代_param
NOTIC: 建议使用I方法替代_param
NOTIC: 建议使用I方法替代_param
NOTIC: 建议使用I方法替代_param
NOTIC: 建议使用I方法替代_param

[ 2015-12-17T10:16:51+08:00 ] 127.0.0.1 /new1130/search/index/search_key/%E6%B0%B4.html
NOTIC: 建议使用I方法替代_param
NOTIC: 建议使用I方法替代_param
NOTIC: 建议使用I方法替代_param
NOTIC: 建议使用I方法替代_param
NOTIC: 建议使用I方法替代_param
NOTIC: 建议使用I方法替代_param

[ 2015-12-17T10:17:07+08:00 ] 127.0.0.1 /new1130/search/index/search_key/%E6%B0%B4/p/5.html
NOTIC: 建议使用I方法替代_param
NOTIC: 建议使用I方法替代_param
NOTIC: 建议使用I方法替代_param
NOTIC: 建议使用I方法替代_param
NOTIC: 建议使用I方法替代_param
NOTIC: 建议使用I方法替代_param

[ 2015-12-17T10:17:17+08:00 ] 127.0.0.1 /new1130/search/detail/goods_name_id/1919/brand_name/%E7%88%B1%E5%BA%B7%E7%AE%A1%E6%9D%90/goods_version/%E5%8C%85%E5%B7%A5%E5%8C%85%E6%96%99++40%E7%B1%B3%E8%B5%B7%E7%AE%97.html
ERR: 非法操作:detail

[ 2015-12-17T10:17:50+08:00 ] 127.0.0.1 /new1130/search/index/cat/0/cate_id/0/search_key/%E6%B0%B4.html?goods_name=%E6%BD%9C%E6%B0%B4%E8%89%87%E5%9C%B0%E6%BC%8F&version=&brand=&color=
NOTIC: 建议使用I方法替代_param
NOTIC: 建议使用I方法替代_param
NOTIC: 建议使用I方法替代_param
NOTIC: 建议使用I方法替代_param
NOTIC: 建议使用I方法替代_param
NOTIC: 建议使用I方法替代_param

[ 2015-12-17T10:20:54+08:00 ] 127.0.0.1 /new1130/search/index/cat/0/cate_id/0/search_key/%E6%B0%B4.html?goods_name=%E6%BD%9C%E6%B0%B4%E8%89%87%E5%9C%B0%E6%BC%8F&version=&brand=&color=
NOTIC: 建议使用I方法替代_param
NOTIC: 建议使用I方法替代_param
NOTIC: 建议使用I方法替代_param
NOTIC: 建议使用I方法替代_param
NOTIC: 建议使用I方法替代_param
NOTIC: 建议使用I方法替代_param

[ 2015-12-17T10:20:57+08:00 ] 127.0.0.1 /new1130/search/index/cat/0/cate_id/0/search_key/%E6%B0%B4.html?goods_name=%E6%BD%9C%E6%B0%B4%E8%89%87%E5%9C%B0%E6%BC%8F&version=&brand=&color=
NOTIC: 建议使用I方法替代_param
NOTIC: 建议使用I方法替代_param
NOTIC: 建议使用I方法替代_param
NOTIC: 建议使用I方法替代_param
NOTIC: 建议使用I方法替代_param
NOTIC: 建议使用I方法替代_param

[ 2015-12-17T10:21:00+08:00 ] 127.0.0.1 /new1130/search/index/cat/0/cate_id/0/search_key/%E6%B0%B4.html?goods_name=%E6%BD%9C%E6%B0%B4%E8%89%87%E5%9C%B0%E6%BC%8F&version=&brand=&color=
NOTIC: 建议使用I方法替代_param
NOTIC: 建议使用I方法替代_param
NOTIC: 建议使用I方法替代_param
NOTIC: 建议使用I方法替代_param
NOTIC: 建议使用I方法替代_param
NOTIC: 建议使用I方法替代_param

[ 2015-12-17T10:21:04+08:00 ] 127.0.0.1 /new1130/search/index/cat/0/cate_id/0/search_key/%E6%B0%B4/goods_name/%E6%BD%9C%E6%B0%B4%E8%89%87%E5%9C%B0%E6%BC%8F/fid/1.html
NOTIC: 建议使用I方法替代_param
NOTIC: 建议使用I方法替代_param
NOTIC: 建议使用I方法替代_param
NOTIC: 建议使用I方法替代_param
NOTIC: 建议使用I方法替代_param
NOTIC: 建议使用I方法替代_param

[ 2015-12-17T10:21:08+08:00 ] 127.0.0.1 /new1130/search/index/cat/0/cate_id/0/search_key/%E6%B0%B4/goods_name/%E6%BD%9C%E6%B0%B4%E8%89%87%E5%9C%B0%E6%BC%8F/fid/2.html
NOTIC: 建议使用I方法替代_param
NOTIC: 建议使用I方法替代_param
NOTIC: 建议使用I方法替代_param
NOTIC: 建议使用I方法替代_param
NOTIC: 建议使用I方法替代_param
NOTIC: 建议使用I方法替代_param

[ 2015-12-17T10:21:22+08:00 ] 127.0.0.1 /new1130/mall
NOTIC: 建议使用I方法替代_param
NOTIC: 建议使用I方法替代_param
NOTIC: 建议使用I方法替代_param
NOTIC: 建议使用I方法替代_param
NOTIC: 建议使用I方法替代_param
NOTIC: 建议使用I方法替代_param

[ 2015-12-17T10:21:22+08:00 ] 127.0.0.1 /new1130/mall
NOTIC: 建议使用I方法替代_param
NOTIC: 建议使用I方法替代_param
NOTIC: 建议使用I方法替代_param
NOTIC: 建议使用I方法替代_param
NOTIC: 建议使用I方法替代_param
NOTIC: 建议使用I方法替代_param

[ 2015-12-17T10:21:38+08:00 ] 127.0.0.1 /new1130/mall/index/cat/0/cate_id/0.html?goods_name=%E4%B8%AD%E8%B4%A2&version=&brand=&color=
NOTIC: 建议使用I方法替代_param
NOTIC: 建议使用I方法替代_param
NOTIC: 建议使用I方法替代_param
NOTIC: 建议使用I方法替代_param
NOTIC: 建议使用I方法替代_param
NOTIC: 建议使用I方法替代_param

[ 2015-12-17T10:21:44+08:00 ] 127.0.0.1 /new1130/mall/index/cat/0/cate_id/0/goods_name/%E4%B8%AD%E8%B4%A2/fid/2.html
NOTIC: 建议使用I方法替代_param
NOTIC: 建议使用I方法替代_param
NOTIC: 建议使用I方法替代_param
NOTIC: 建议使用I方法替代_param
NOTIC: 建议使用I方法替代_param
NOTIC: 建议使用I方法替代_param

[ 2015-12-17T10:21:59+08:00 ] 127.0.0.1 /new1130/mall
NOTIC: 建议使用I方法替代_param
NOTIC: 建议使用I方法替代_param
NOTIC: 建议使用I方法替代_param
NOTIC: 建议使用I方法替代_param
NOTIC: 建议使用I方法替代_param
NOTIC: 建议使用I方法替代_param

[ 2015-12-17T10:22:03+08:00 ] 127.0.0.1 /new1130/mallwh
NOTIC: 建议使用I方法替代_param
NOTIC: 建议使用I方法替代_param
NOTIC: 建议使用I方法替代_param
NOTIC: 建议使用I方法替代_param
NOTIC: 建议使用I方法替代_param
NOTIC: 建议使用I方法替代_param

[ 2015-12-17T10:22:06+08:00 ] 127.0.0.1 /new1130/mallwh/index/cat/36/fid/1.html
NOTIC: 建议使用I方法替代_param
NOTIC: 建议使用I方法替代_param
NOTIC: 建议使用I方法替代_param
NOTIC: 建议使用I方法替代_param
NOTIC: 建议使用I方法替代_param
NOTIC: 建议使用I方法替代_param

[ 2015-12-17T10:22:09+08:00 ] 127.0.0.1 /new1130/mallwh/index/cat/5/fid/1.html
NOTIC: 建议使用I方法替代_param
NOTIC: 建议使用I方法替代_param
NOTIC: 建议使用I方法替代_param
NOTIC: 建议使用I方法替代_param
NOTIC: 建议使用I方法替代_param
NOTIC: 建议使用I方法替代_param

[ 2015-12-17T10:22:14+08:00 ] 127.0.0.1 /new1130/mallwh/index/fid/1.html
NOTIC: 建议使用I方法替代_param
NOTIC: 建议使用I方法替代_param
NOTIC: 建议使用I方法替代_param
NOTIC: 建议使用I方法替代_param
NOTIC: 建议使用I方法替代_param
NOTIC: 建议使用I方法替代_param

[ 2015-12-17T10:22:32+08:00 ] 127.0.0.1 /new1130/mallwh/index/cat/0/cate_id/0.html?goods_name=%E5%86%A0%E5%86%9B&version=&brand=&color=
NOTIC: 建议使用I方法替代_param
NOTIC: 建议使用I方法替代_param
NOTIC: 建议使用I方法替代_param
NOTIC: 建议使用I方法替代_param
NOTIC: 建议使用I方法替代_param
NOTIC: 建议使用I方法替代_param

[ 2015-12-17T10:22:42+08:00 ] 127.0.0.1 /new1130/mallwh/index/cat/0/cate_id/0.html?goods_name=%E5%86%A0%E5%86%9B&version=&brand=&color=
NOTIC: 建议使用I方法替代_param
NOTIC: 建议使用I方法替代_param
NOTIC: 建议使用I方法替代_param
NOTIC: 建议使用I方法替代_param
NOTIC: 建议使用I方法替代_param
NOTIC: 建议使用I方法替代_param

[ 2015-12-17T10:38:58+08:00 ] 127.0.0.1 /new1130/search/index/search_key/%E6%B0%B4.html
NOTIC: 建议使用I方法替代_param
NOTIC: 建议使用I方法替代_param
NOTIC: 建议使用I方法替代_param
NOTIC: 建议使用I方法替代_param
NOTIC: 建议使用I方法替代_param
NOTIC: 建议使用I方法替代_param

[ 2015-12-17T10:39:02+08:00 ] 127.0.0.1 /new1130/search/index/search_key/%E6%B0%B4.html
NOTIC: 建议使用I方法替代_param
NOTIC: 建议使用I方法替代_param
NOTIC: 建议使用I方法替代_param
NOTIC: 建议使用I方法替代_param
NOTIC: 建议使用I方法替代_param
NOTIC: 建议使用I方法替代_param

[ 2015-12-17T10:39:09+08:00 ] 127.0.0.1 /new1130/mall
NOTIC: 建议使用I方法替代_param
NOTIC: 建议使用I方法替代_param
NOTIC: 建议使用I方法替代_param
NOTIC: 建议使用I方法替代_param
NOTIC: 建议使用I方法替代_param
NOTIC: 建议使用I方法替代_param

[ 2015-12-17T10:39:13+08:00 ] 127.0.0.1 /new1130/mall
NOTIC: 建议使用I方法替代_param
NOTIC: 建议使用I方法替代_param
NOTIC: 建议使用I方法替代_param
NOTIC: 建议使用I方法替代_param
NOTIC: 建议使用I方法替代_param
NOTIC: 建议使用I方法替代_param

[ 2015-12-17T10:58:35+08:00 ] 127.0.0.1 /new1130/search/index/search_key/%E6%B0%B4.html
NOTIC: 建议使用I方法替代_param
NOTIC: 建议使用I方法替代_param
NOTIC: 建议使用I方法替代_param
NOTIC: 建议使用I方法替代_param
NOTIC: 建议使用I方法替代_param
NOTIC: 建议使用I方法替代_param

[ 2015-12-17T10:58:44+08:00 ] 127.0.0.1 /new1130/mall
NOTIC: 建议使用I方法替代_param
NOTIC: 建议使用I方法替代_param
NOTIC: 建议使用I方法替代_param
NOTIC: 建议使用I方法替代_param
NOTIC: 建议使用I方法替代_param
NOTIC: 建议使用I方法替代_param

[ 2015-12-17T10:58:48+08:00 ] 127.0.0.1 /new1130/mallwh
NOTIC: 建议使用I方法替代_param
NOTIC: 建议使用I方法替代_param
NOTIC: 建议使用I方法替代_param
NOTIC: 建议使用I方法替代_param
NOTIC: 建议使用I方法替代_param
NOTIC: 建议使用I方法替代_param

[ 2015-12-17T10:58:51+08:00 ] 127.0.0.1 /new1130/mallwh/index/cat/36/fid/1.html
NOTIC: 建议使用I方法替代_param
NOTIC: 建议使用I方法替代_param
NOTIC: 建议使用I方法替代_param
NOTIC: 建议使用I方法替代_param
NOTIC: 建议使用I方法替代_param
NOTIC: 建议使用I方法替代_param

[ 2015-12-17T11:02:55+08:00 ] 127.0.0.1 /new1130/mallwh/index/cat/36/fid/1.html
NOTIC: 建议使用I方法替代_param
NOTIC: 建议使用I方法替代_param
NOTIC: 建议使用I方法替代_param
NOTIC: 建议使用I方法替代_param
NOTIC: 建议使用I方法替代_param
NOTIC: 建议使用I方法替代_param

[ 2015-12-17T14:10:15+08:00 ] 127.0.0.1 /new1130/search/index/search_key/%E6%B0%B4.html
NOTIC: 建议使用I方法替代_param
NOTIC: 建议使用I方法替代_param
NOTIC: 建议使用I方法替代_param
NOTIC: 建议使用I方法替代_param
NOTIC: 建议使用I方法替代_param
NOTIC: 建议使用I方法替代_param

[ 2015-12-17T14:10:22+08:00 ] 127.0.0.1 /new1130/search/index/search_key/%E6%B0%B4/fid/1.html
NOTIC: 建议使用I方法替代_param
NOTIC: 建议使用I方法替代_param
NOTIC: 建议使用I方法替代_param
NOTIC: 建议使用I方法替代_param
NOTIC: 建议使用I方法替代_param
NOTIC: 建议使用I方法替代_param

[ 2015-12-17T14:10:43+08:00 ] 127.0.0.1 /new1130/search/index/search_key/%E6%B0%B4/fid/2.html
NOTIC: 建议使用I方法替代_param
NOTIC: 建议使用I方法替代_param
NOTIC: 建议使用I方法替代_param
NOTIC: 建议使用I方法替代_param
NOTIC: 建议使用I方法替代_param
NOTIC: 建议使用I方法替代_param

[ 2015-12-17T14:11:33+08:00 ] 127.0.0.1 /new1130/search/index/search_key/%E6%B0%B4/fid/1.html
NOTIC: 建议使用I方法替代_param
NOTIC: 建议使用I方法替代_param
NOTIC: 建议使用I方法替代_param
NOTIC: 建议使用I方法替代_param
NOTIC: 建议使用I方法替代_param
NOTIC: 建议使用I方法替代_param

[ 2015-12-17T14:40:02+08:00 ] 127.0.0.1 /new1130/search/index/search_key/%E6%B0%B4/fid/1.html
NOTIC: 建议使用I方法替代_param
NOTIC: 建议使用I方法替代_param
NOTIC: 建议使用I方法替代_param
NOTIC: 建议使用I方法替代_param
NOTIC: 建议使用I方法替代_param
NOTIC: 建议使用I方法替代_param

[ 2015-12-17T14:42:03+08:00 ] 127.0.0.1 /new1130/search/index/search_key/%E6%B0%B4.html
NOTIC: 建议使用I方法替代_param
NOTIC: 建议使用I方法替代_param
NOTIC: 建议使用I方法替代_param
NOTIC: 建议使用I方法替代_param
NOTIC: 建议使用I方法替代_param
NOTIC: 建议使用I方法替代_param

[ 2015-12-17T14:42:08+08:00 ] 127.0.0.1 /new1130/search/index/brand_order/1/search_key/%E6%B0%B4.html
NOTIC: 建议使用I方法替代_param
NOTIC: 建议使用I方法替代_param
NOTIC: 建议使用I方法替代_param
NOTIC: 建议使用I方法替代_param
NOTIC: 建议使用I方法替代_param
NOTIC: 建议使用I方法替代_param

[ 2015-12-17T14:44:47+08:00 ] 127.0.0.1 /new1130/search/index/brand_order/1/search_key/%E6%B0%B4.html
NOTIC: 建议使用I方法替代_param
NOTIC: 建议使用I方法替代_param
NOTIC: 建议使用I方法替代_param
NOTIC: 建议使用I方法替代_param
NOTIC: 建议使用I方法替代_param
NOTIC: 建议使用I方法替代_param

[ 2015-12-17T14:44:53+08:00 ] 127.0.0.1 /new1130/search/index/brand_order/1/search_key/%E6%B0%B4.html
NOTIC: 建议使用I方法替代_param
NOTIC: 建议使用I方法替代_param
NOTIC: 建议使用I方法替代_param
NOTIC: 建议使用I方法替代_param
NOTIC: 建议使用I方法替代_param
NOTIC: 建议使用I方法替代_param

[ 2015-12-17T14:47:32+08:00 ] 127.0.0.1 /new1130/search/index/brand_order/1/search_key/%E6%B0%B4.html
NOTIC: 建议使用I方法替代_param
NOTIC: 建议使用I方法替代_param
NOTIC: 建议使用I方法替代_param
NOTIC: 建议使用I方法替代_param
NOTIC: 建议使用I方法替代_param
NOTIC: 建议使用I方法替代_param

[ 2015-12-17T14:47:38+08:00 ] 127.0.0.1 /new1130/search/index/brand_order/1/search_key/%E6%B0%B4.html
NOTIC: 建议使用I方法替代_param
NOTIC: 建议使用I方法替代_param
NOTIC: 建议使用I方法替代_param
NOTIC: 建议使用I方法替代_param
NOTIC: 建议使用I方法替代_param
NOTIC: 建议使用I方法替代_param

[ 2015-12-17T14:48:22+08:00 ] 127.0.0.1 /new1130/search/index/brand_order/1/search_key/%E6%B0%B4/fid/1.html
NOTIC: 建议使用I方法替代_param
NOTIC: 建议使用I方法替代_param
NOTIC: 建议使用I方法替代_param
NOTIC: 建议使用I方法替代_param
NOTIC: 建议使用I方法替代_param
NOTIC: 建议使用I方法替代_param

[ 2015-12-17T14:48:34+08:00 ] 127.0.0.1 /new1130/search/index/brand_order/1/search_key/%E6%B0%B4/fid/2.html
NOTIC: 建议使用I方法替代_param
NOTIC: 建议使用I方法替代_param
NOTIC: 建议使用I方法替代_param
NOTIC: 建议使用I方法替代_param
NOTIC: 建议使用I方法替代_param
NOTIC: 建议使用I方法替代_param

[ 2015-12-17T14:49:12+08:00 ] 127.0.0.1 /new1130/search/index/brand_order/1/search_key/%E6%B0%B4/fid/1.html
NOTIC: 建议使用I方法替代_param
NOTIC: 建议使用I方法替代_param
NOTIC: 建议使用I方法替代_param
NOTIC: 建议使用I方法替代_param
NOTIC: 建议使用I方法替代_param
NOTIC: 建议使用I方法替代_param

[ 2015-12-17T14:49:25+08:00 ] 127.0.0.1 /new1130/search/index/brand_order/1/search_key/%E6%B0%B4/fid/2.html
NOTIC: 建议使用I方法替代_param
NOTIC: 建议使用I方法替代_param
NOTIC: 建议使用I方法替代_param
NOTIC: 建议使用I方法替代_param
NOTIC: 建议使用I方法替代_param
NOTIC: 建议使用I方法替代_param

[ 2015-12-17T14:49:35+08:00 ] 127.0.0.1 /new1130/search/index/brand_order/1/search_key/%E6%B0%B4/fid/1.html
NOTIC: 建议使用I方法替代_param
NOTIC: 建议使用I方法替代_param
NOTIC: 建议使用I方法替代_param
NOTIC: 建议使用I方法替代_param
NOTIC: 建议使用I方法替代_param
NOTIC: 建议使用I方法替代_param

[ 2015-12-17T14:49:39+08:00 ] 127.0.0.1 /new1130/search/index/brand_order/1/search_key/%E6%B0%B4/fid/2.html
NOTIC: 建议使用I方法替代_param
NOTIC: 建议使用I方法替代_param
NOTIC: 建议使用I方法替代_param
NOTIC: 建议使用I方法替代_param
NOTIC: 建议使用I方法替代_param
NOTIC: 建议使用I方法替代_param

[ 2015-12-17T14:49:48+08:00 ] 127.0.0.1 /new1130/search/index/brand_order/1/search_key/%E6%B0%B4/fid/2.html
NOTIC: 建议使用I方法替代_param
NOTIC: 建议使用I方法替代_param
NOTIC: 建议使用I方法替代_param
NOTIC: 建议使用I方法替代_param
NOTIC: 建议使用I方法替代_param
NOTIC: 建议使用I方法替代_param

[ 2015-12-17T14:50:00+08:00 ] 127.0.0.1 /new1130/search/index/brand_order/1/search_key/%E6%B0%B4/fid/1.html
NOTIC: 建议使用I方法替代_param
NOTIC: 建议使用I方法替代_param
NOTIC: 建议使用I方法替代_param
NOTIC: 建议使用I方法替代_param
NOTIC: 建议使用I方法替代_param
NOTIC: 建议使用I方法替代_param

[ 2015-12-17T14:50:07+08:00 ] 127.0.0.1 /new1130/search/index/price_order/1/search_key/%E6%B0%B4/fid/1.html
NOTIC: 建议使用I方法替代_param
NOTIC: 建议使用I方法替代_param
NOTIC: 建议使用I方法替代_param
NOTIC: 建议使用I方法替代_param
NOTIC: 建议使用I方法替代_param
NOTIC: 建议使用I方法替代_param

[ 2015-12-17T15:00:22+08:00 ] 127.0.0.1 /new1130/search/index/price_order/1/search_key/%E6%B0%B4/fid/1.html
NOTIC: 建议使用I方法替代_param
NOTIC: 建议使用I方法替代_param
NOTIC: 建议使用I方法替代_param
NOTIC: 建议使用I方法替代_param
NOTIC: 建议使用I方法替代_param
NOTIC: 建议使用I方法替代_param

[ 2015-12-17T15:10:33+08:00 ] 127.0.0.1 /new1130/search/index/price_order/1/search_key/%E6%B0%B4/fid/1.html
NOTIC: 建议使用I方法替代_param
NOTIC: 建议使用I方法替代_param
NOTIC: 建议使用I方法替代_param
NOTIC: 建议使用I方法替代_param
NOTIC: 建议使用I方法替代_param
NOTIC: 建议使用I方法替代_param

[ 2015-12-17T15:12:09+08:00 ] 127.0.0.1 /new1130/search/index/price_order/1/search_key/%E6%B0%B4/fid/1.html
NOTIC: 建议使用I方法替代_param
NOTIC: 建议使用I方法替代_param
NOTIC: 建议使用I方法替代_param
NOTIC: 建议使用I方法替代_param
NOTIC: 建议使用I方法替代_param
NOTIC: 建议使用I方法替代_param

[ 2015-12-17T15:12:15+08:00 ] 127.0.0.1 /new1130/search/index/brand_order/1/search_key/%E6%B0%B4/fid/1.html
NOTIC: 建议使用I方法替代_param
NOTIC: 建议使用I方法替代_param
NOTIC: 建议使用I方法替代_param
NOTIC: 建议使用I方法替代_param
NOTIC: 建议使用I方法替代_param
NOTIC: 建议使用I方法替代_param

[ 2015-12-17T15:13:33+08:00 ] 127.0.0.1 /new1130/search/index/brand_order/1/search_key/%E6%B0%B4/fid/1.html
NOTIC: 建议使用I方法替代_param
NOTIC: 建议使用I方法替代_param
NOTIC: 建议使用I方法替代_param
NOTIC: 建议使用I方法替代_param
NOTIC: 建议使用I方法替代_param
NOTIC: 建议使用I方法替代_param

[ 2015-12-17T15:16:04+08:00 ] 127.0.0.1 /new1130/search/index/brand_order/1/search_key/%E6%B0%B4/fid/1.html
NOTIC: 建议使用I方法替代_param
NOTIC: 建议使用I方法替代_param
NOTIC: 建议使用I方法替代_param
NOTIC: 建议使用I方法替代_param
NOTIC: 建议使用I方法替代_param
NOTIC: 建议使用I方法替代_param

[ 2015-12-17T15:16:16+08:00 ] 127.0.0.1 /new1130/search/index/brand_order/1/search_key/%E6%B0%B4/fid/1.html
NOTIC: 建议使用I方法替代_param
NOTIC: 建议使用I方法替代_param
NOTIC: 建议使用I方法替代_param
NOTIC: 建议使用I方法替代_param
NOTIC: 建议使用I方法替代_param
NOTIC: 建议使用I方法替代_param

[ 2015-12-17T15:17:01+08:00 ] 127.0.0.1 /new1130/search/index/brand_order/1/search_key/%E6%B0%B4/fid/1.html
NOTIC: 建议使用I方法替代_param
NOTIC: 建议使用I方法替代_param
NOTIC: 建议使用I方法替代_param
NOTIC: 建议使用I方法替代_param
NOTIC: 建议使用I方法替代_param
NOTIC: 建议使用I方法替代_param

[ 2015-12-17T15:17:07+08:00 ] 127.0.0.1 /new1130/search/index/price_order/0/search_key/%E6%B0%B4/fid/1.html
NOTIC: 建议使用I方法替代_param
NOTIC: 建议使用I方法替代_param
NOTIC: 建议使用I方法替代_param
NOTIC: 建议使用I方法替代_param
NOTIC: 建议使用I方法替代_param
NOTIC: 建议使用I方法替代_param

[ 2015-12-17T15:19:22+08:00 ] 127.0.0.1 /new1130/search/index/price_order/0/search_key/%E6%B0%B4/fid/1.html
NOTIC: 建议使用I方法替代_param
NOTIC: 建议使用I方法替代_param
NOTIC: 建议使用I方法替代_param
NOTIC: 建议使用I方法替代_param
NOTIC: 建议使用I方法替代_param
NOTIC: 建议使用I方法替代_param

[ 2015-12-17T15:31:41+08:00 ] 127.0.0.1 /new1130/search/index/price_order/0/search_key/%E6%B0%B4/fid/1.html
NOTIC: 建议使用I方法替代_param
NOTIC: 建议使用I方法替代_param
NOTIC: 建议使用I方法替代_param
NOTIC: 建议使用I方法替代_param
NOTIC: 建议使用I方法替代_param
NOTIC: 建议使用I方法替代_param

[ 2015-12-17T15:32:04+08:00 ] 127.0.0.1 /new1130/search/index/price_order/0/search_key/%E6%B0%B4/fid/1.html
NOTIC: 建议使用I方法替代_param
NOTIC: 建议使用I方法替代_param
NOTIC: 建议使用I方法替代_param
NOTIC: 建议使用I方法替代_param
NOTIC: 建议使用I方法替代_param
NOTIC: 建议使用I方法替代_param

[ 2015-12-17T15:32:29+08:00 ] 127.0.0.1 /new1130/search/index/price_order/0/search_key/%E6%B0%B4/fid/1.html
NOTIC: 建议使用I方法替代_param
NOTIC: 建议使用I方法替代_param
NOTIC: 建议使用I方法替代_param
NOTIC: 建议使用I方法替代_param
NOTIC: 建议使用I方法替代_param
NOTIC: 建议使用I方法替代_param

[ 2015-12-17T15:33:03+08:00 ] 127.0.0.1 /new1130/search/index/price_order/0/search_key/%E6%B0%B4/fid/1.html
NOTIC: 建议使用I方法替代_param
NOTIC: 建议使用I方法替代_param
NOTIC: 建议使用I方法替代_param
NOTIC: 建议使用I方法替代_param
NOTIC: 建议使用I方法替代_param
NOTIC: 建议使用I方法替代_param

[ 2015-12-17T15:33:13+08:00 ] 127.0.0.1 /new1130/search/index/price_order/0/search_key/%E6%B0%B4/fid/1.html
NOTIC: 建议使用I方法替代_param
NOTIC: 建议使用I方法替代_param
NOTIC: 建议使用I方法替代_param
NOTIC: 建议使用I方法替代_param
NOTIC: 建议使用I方法替代_param
NOTIC: 建议使用I方法替代_param

[ 2015-12-17T15:33:58+08:00 ] 127.0.0.1 /new1130/search/index/price_order/0/search_key/%E6%B0%B4/fid/1.html
NOTIC: 建议使用I方法替代_param
NOTIC: 建议使用I方法替代_param
NOTIC: 建议使用I方法替代_param
NOTIC: 建议使用I方法替代_param
NOTIC: 建议使用I方法替代_param
NOTIC: 建议使用I方法替代_param

[ 2015-12-17T15:37:15+08:00 ] 127.0.0.1 /new1130/search/index/price_order/0/search_key/%E6%B0%B4/fid/1.html
NOTIC: 建议使用I方法替代_param
NOTIC: 建议使用I方法替代_param
NOTIC: 建议使用I方法替代_param
NOTIC: 建议使用I方法替代_param
NOTIC: 建议使用I方法替代_param
NOTIC: 建议使用I方法替代_param

[ 2015-12-17T15:37:48+08:00 ] 127.0.0.1 /new1130/search/index/price_order/0/search_key/%E6%B0%B4/fid/1.html
NOTIC: 建议使用I方法替代_param
NOTIC: 建议使用I方法替代_param
NOTIC: 建议使用I方法替代_param
NOTIC: 建议使用I方法替代_param
NOTIC: 建议使用I方法替代_param
NOTIC: 建议使用I方法替代_param

[ 2015-12-17T15:50:36+08:00 ] 127.0.0.1 /new1130/search/index/price_order/0/search_key/%E6%B0%B4/fid/1.html
NOTIC: 建议使用I方法替代_param
NOTIC: 建议使用I方法替代_param
NOTIC: 建议使用I方法替代_param
NOTIC: 建议使用I方法替代_param
NOTIC: 建议使用I方法替代_param
NOTIC: 建议使用I方法替代_param

[ 2015-12-17T15:50:39+08:00 ] 127.0.0.1 /new1130/search/index/price_order/0/search_key/%E6%B0%B4/fid/__TMPL__statics/js/jquery-1.11.1.js?v=20150718
NOTIC: 建议使用I方法替代_param
NOTIC: 建议使用I方法替代_param
NOTIC: 建议使用I方法替代_param
NOTIC: 建议使用I方法替代_param
NOTIC: 建议使用I方法替代_param
NOTIC: 建议使用I方法替代_param

[ 2015-12-17T15:50:40+08:00 ] 127.0.0.1 /new1130/search/index/price_order/0/search_key/%E6%B0%B4/fid/__TMPL__statics/js/js.js?v=20150718
NOTIC: 建议使用I方法替代_param
NOTIC: 建议使用I方法替代_param
NOTIC: 建议使用I方法替代_param
NOTIC: 建议使用I方法替代_param
NOTIC: 建议使用I方法替代_param
NOTIC: 建议使用I方法替代_param

[ 2015-12-17T15:50:40+08:00 ] 127.0.0.1 /new1130/search/index/price_order/0/search_key/%E6%B0%B4/fid/__TMPL__statics/js/jquery.flexslider-min.js?v=20150718
NOTIC: 建议使用I方法替代_param
NOTIC: 建议使用I方法替代_param
NOTIC: 建议使用I方法替代_param
NOTIC: 建议使用I方法替代_param
NOTIC: 建议使用I方法替代_param
NOTIC: 建议使用I方法替代_param

[ 2015-12-17T15:50:40+08:00 ] 127.0.0.1 /new1130/search/index/price_order/0/search_key/%E6%B0%B4/fid/__TMPL__statics/css/style.css?v=20150718
NOTIC: 建议使用I方法替代_param
NOTIC: 建议使用I方法替代_param
NOTIC: 建议使用I方法替代_param
NOTIC: 建议使用I方法替代_param
NOTIC: 建议使用I方法替代_param
NOTIC: 建议使用I方法替代_param

[ 2015-12-17T15:50:40+08:00 ] 127.0.0.1 /new1130/search/index/price_order/0/search_key/%E6%B0%B4/fid/__PUBLIC__/js/layer/layer.js?v=20150718
NOTIC: 建议使用I方法替代_param
NOTIC: 建议使用I方法替代_param
NOTIC: 建议使用I方法替代_param
NOTIC: 建议使用I方法替代_param
NOTIC: 建议使用I方法替代_param
NOTIC: 建议使用I方法替代_param

[ 2015-12-17T15:50:40+08:00 ] 127.0.0.1 /new1130/search/index/price_order/0/search_key/%E6%B0%B4/fid/__PUBLIC__/js/web.js?v=20150718
NOTIC: 建议使用I方法替代_param
NOTIC: 建议使用I方法替代_param
NOTIC: 建议使用I方法替代_param
NOTIC: 建议使用I方法替代_param
NOTIC: 建议使用I方法替代_param
NOTIC: 建议使用I方法替代_param

[ 2015-12-17T15:50:41+08:00 ] 127.0.0.1 /new1130/search/index/price_order/0/search_key/%E6%B0%B4/fid/__TMPL__statics/js/baocms.js?v=20150718
NOTIC: 建议使用I方法替代_param
NOTIC: 建议使用I方法替代_param
NOTIC: 建议使用I方法替代_param
NOTIC: 建议使用I方法替代_param
NOTIC: 建议使用I方法替代_param
NOTIC: 建议使用I方法替代_param

[ 2015-12-17T15:51:55+08:00 ] 127.0.0.1 /new1130/search/index/price_order/0/search_key/%E6%B0%B4/fid/1.html
NOTIC: 建议使用I方法替代_param
NOTIC: 建议使用I方法替代_param
NOTIC: 建议使用I方法替代_param
NOTIC: 建议使用I方法替代_param
NOTIC: 建议使用I方法替代_param
NOTIC: 建议使用I方法替代_param
ERR: 模板不存在[C:\EasyPHP-DevServer-14.1VC9\data\localweb\new1130/themes/default/Pchome/C/\EasyPHP-DevServer-14.1VC9\data\localweb\new1130/themes/default/Pchome/
                    <li ><a href="<{/U('search/index',array('price_order'=>1-2,'search_key'=>$search_key,'fid'=>$fid))}>">价格<span class="icon_sort">↑</span></a></li>
                    <li ><a href="<{/U('search/index',array('brand_order'=>1,'search_key'=>$search_key,'fid'=>$fid))}>">品牌</a></li>
                    <li ><a href="<{/U('search/index',array('brand_order'=>1,'search_key'=>$search_key,'fid'=>$fid))}>">销量</a></li>
                 .html.html]

[ 2015-12-17T15:51:57+08:00 ] 127.0.0.1 /new1130/search/index/price_order/0/search_key/%E6%B0%B4/fid/__TMPL__statics/js/jquery.flexslider-min.js?v=20150718
NOTIC: 建议使用I方法替代_param
NOTIC: 建议使用I方法替代_param
NOTIC: 建议使用I方法替代_param
NOTIC: 建议使用I方法替代_param
NOTIC: 建议使用I方法替代_param
NOTIC: 建议使用I方法替代_param
ERR: 缓存文件写入失败！:C:\EasyPHP-DevServer-14.1VC9\data\localweb\new1130/pcw/Runtime/Cache/Pchome/94cf1038d6c64408c05de013a7c8c923.php

[ 2015-12-17T15:51:58+08:00 ] 127.0.0.1 /new1130/search/index/price_order/0/search_key/%E6%B0%B4/fid/__TMPL__statics/js/jquery-1.11.1.js?v=20150718
NOTIC: 建议使用I方法替代_param
NOTIC: 建议使用I方法替代_param
NOTIC: 建议使用I方法替代_param
NOTIC: 建议使用I方法替代_param
NOTIC: 建议使用I方法替代_param
NOTIC: 建议使用I方法替代_param

[ 2015-12-17T15:51:58+08:00 ] 127.0.0.1 /new1130/search/index/price_order/0/search_key/%E6%B0%B4/fid/__PUBLIC__/js/web.js?v=20150718
NOTIC: 建议使用I方法替代_param
NOTIC: 建议使用I方法替代_param
NOTIC: 建议使用I方法替代_param
NOTIC: 建议使用I方法替代_param
NOTIC: 建议使用I方法替代_param
NOTIC: 建议使用I方法替代_param

[ 2015-12-17T15:51:58+08:00 ] 127.0.0.1 /new1130/search/index/price_order/0/search_key/%E6%B0%B4/fid/__TMPL__statics/css/style.css?v=20150718
NOTIC: 建议使用I方法替代_param
NOTIC: 建议使用I方法替代_param
NOTIC: 建议使用I方法替代_param
NOTIC: 建议使用I方法替代_param
NOTIC: 建议使用I方法替代_param
NOTIC: 建议使用I方法替代_param

[ 2015-12-17T15:51:58+08:00 ] 127.0.0.1 /new1130/search/index/price_order/0/search_key/%E6%B0%B4/fid/__TMPL__statics/js/js.js?v=20150718
NOTIC: 建议使用I方法替代_param
NOTIC: 建议使用I方法替代_param
NOTIC: 建议使用I方法替代_param
NOTIC: 建议使用I方法替代_param
NOTIC: 建议使用I方法替代_param
NOTIC: 建议使用I方法替代_param

[ 2015-12-17T15:51:58+08:00 ] 127.0.0.1 /new1130/search/index/price_order/0/search_key/%E6%B0%B4/fid/__PUBLIC__/js/layer/layer.js?v=20150718
NOTIC: 建议使用I方法替代_param
NOTIC: 建议使用I方法替代_param
NOTIC: 建议使用I方法替代_param
NOTIC: 建议使用I方法替代_param
NOTIC: 建议使用I方法替代_param
NOTIC: 建议使用I方法替代_param

[ 2015-12-17T15:51:59+08:00 ] 127.0.0.1 /new1130/search/index/price_order/0/search_key/%E6%B0%B4/fid/__TMPL__statics/js/baocms.js?v=20150718
NOTIC: 建议使用I方法替代_param
NOTIC: 建议使用I方法替代_param
NOTIC: 建议使用I方法替代_param
NOTIC: 建议使用I方法替代_param
NOTIC: 建议使用I方法替代_param
NOTIC: 建议使用I方法替代_param

[ 2015-12-17T15:57:25+08:00 ] 127.0.0.1 /new1130/search/index/price_order/0/search_key/%E6%B0%B4/fid/1.html
NOTIC: 建议使用I方法替代_param
NOTIC: 建议使用I方法替代_param
NOTIC: 建议使用I方法替代_param
NOTIC: 建议使用I方法替代_param
NOTIC: 建议使用I方法替代_param
NOTIC: 建议使用I方法替代_param

[ 2015-12-17T16:01:11+08:00 ] 127.0.0.1 /new1130/search/index/price_order/0/search_key/%E6%B0%B4/fid/1.html
NOTIC: 建议使用I方法替代_param
NOTIC: 建议使用I方法替代_param
NOTIC: 建议使用I方法替代_param
NOTIC: 建议使用I方法替代_param
NOTIC: 建议使用I方法替代_param
NOTIC: 建议使用I方法替代_param

[ 2015-12-17T16:01:16+08:00 ] 127.0.0.1 /new1130/search/index/price_order/0/search_key/%E6%B0%B4/fid/%3C%7B:U('search/index',array('price_order'=%3E1-2,'search_key'=%3E$search_key,'fid'=%3E$fid))%7D%3E
NOTIC: 建议使用I方法替代_param
NOTIC: 建议使用I方法替代_param
NOTIC: 建议使用I方法替代_param
NOTIC: 建议使用I方法替代_param
NOTIC: 建议使用I方法替代_param
NOTIC: 建议使用I方法替代_param

[ 2015-12-17T16:01:56+08:00 ] 127.0.0.1 /new1130/search/index/price_order/1/search_key/%E6%B0%B4.html
NOTIC: 建议使用I方法替代_param
NOTIC: 建议使用I方法替代_param
NOTIC: 建议使用I方法替代_param
NOTIC: 建议使用I方法替代_param
NOTIC: 建议使用I方法替代_param
NOTIC: 建议使用I方法替代_param

[ 2015-12-17T16:02:00+08:00 ] 127.0.0.1 /new1130/search/index/price_order/1/search_key/%E6%B0%B4.html
NOTIC: 建议使用I方法替代_param
NOTIC: 建议使用I方法替代_param
NOTIC: 建议使用I方法替代_param
NOTIC: 建议使用I方法替代_param
NOTIC: 建议使用I方法替代_param
NOTIC: 建议使用I方法替代_param

[ 2015-12-17T16:02:43+08:00 ] 127.0.0.1 /new1130/search/index/price_order/1/search_key/%E6%B0%B4.html
NOTIC: 建议使用I方法替代_param
NOTIC: 建议使用I方法替代_param
NOTIC: 建议使用I方法替代_param
NOTIC: 建议使用I方法替代_param
NOTIC: 建议使用I方法替代_param
NOTIC: 建议使用I方法替代_param

[ 2015-12-17T16:02:47+08:00 ] 127.0.0.1 /new1130/search/index/price_order/1/search_key/%E6%B0%B4.html
NOTIC: 建议使用I方法替代_param
NOTIC: 建议使用I方法替代_param
NOTIC: 建议使用I方法替代_param
NOTIC: 建议使用I方法替代_param
NOTIC: 建议使用I方法替代_param
NOTIC: 建议使用I方法替代_param

[ 2015-12-17T16:02:51+08:00 ] 127.0.0.1 /new1130/search/index/price_order/1/search_key/%E6%B0%B4.html
NOTIC: 建议使用I方法替代_param
NOTIC: 建议使用I方法替代_param
NOTIC: 建议使用I方法替代_param
NOTIC: 建议使用I方法替代_param
NOTIC: 建议使用I方法替代_param
NOTIC: 建议使用I方法替代_param

[ 2015-12-17T16:03:56+08:00 ] 127.0.0.1 /new1130/search/index/search_key/%E6%B0%B4.html
NOTIC: 建议使用I方法替代_param
NOTIC: 建议使用I方法替代_param
NOTIC: 建议使用I方法替代_param
NOTIC: 建议使用I方法替代_param
NOTIC: 建议使用I方法替代_param
NOTIC: 建议使用I方法替代_param

[ 2015-12-17T16:04:05+08:00 ] 127.0.0.1 /new1130/search/index/price_order/1/search_key/%E6%B0%B4.html
NOTIC: 建议使用I方法替代_param
NOTIC: 建议使用I方法替代_param
NOTIC: 建议使用I方法替代_param
NOTIC: 建议使用I方法替代_param
NOTIC: 建议使用I方法替代_param
NOTIC: 建议使用I方法替代_param

[ 2015-12-17T16:07:06+08:00 ] 127.0.0.1 /new1130/search/index/price_order/1/search_key/%E6%B0%B4.html
NOTIC: 建议使用I方法替代_param
NOTIC: 建议使用I方法替代_param
NOTIC: 建议使用I方法替代_param
NOTIC: 建议使用I方法替代_param
NOTIC: 建议使用I方法替代_param
NOTIC: 建议使用I方法替代_param

[ 2015-12-17T16:07:11+08:00 ] 127.0.0.1 /new1130/search/index/price_order/1/search_key/%E6%B0%B4.html
NOTIC: 建议使用I方法替代_param
NOTIC: 建议使用I方法替代_param
NOTIC: 建议使用I方法替代_param
NOTIC: 建议使用I方法替代_param
NOTIC: 建议使用I方法替代_param
NOTIC: 建议使用I方法替代_param

[ 2015-12-17T16:07:29+08:00 ] 127.0.0.1 /new1130/search/index/price_order/1/search_key/%E6%B0%B4.html
NOTIC: 建议使用I方法替代_param
NOTIC: 建议使用I方法替代_param
NOTIC: 建议使用I方法替代_param
NOTIC: 建议使用I方法替代_param
NOTIC: 建议使用I方法替代_param
NOTIC: 建议使用I方法替代_param

[ 2015-12-17T16:07:36+08:00 ] 127.0.0.1 /new1130/search/index/price_order/1/search_key/%E6%B0%B4.html
NOTIC: 建议使用I方法替代_param
NOTIC: 建议使用I方法替代_param
NOTIC: 建议使用I方法替代_param
NOTIC: 建议使用I方法替代_param
NOTIC: 建议使用I方法替代_param
NOTIC: 建议使用I方法替代_param

[ 2015-12-17T16:07:38+08:00 ] 127.0.0.1 /new1130/search/index/price_order/1/search_key/%E6%B0%B4.html
NOTIC: 建议使用I方法替代_param
NOTIC: 建议使用I方法替代_param
NOTIC: 建议使用I方法替代_param
NOTIC: 建议使用I方法替代_param
NOTIC: 建议使用I方法替代_param
NOTIC: 建议使用I方法替代_param

[ 2015-12-17T16:10:01+08:00 ] 127.0.0.1 /new1130/search/index/price_order/1/search_key/%E6%B0%B4.html
NOTIC: 建议使用I方法替代_param
NOTIC: 建议使用I方法替代_param
NOTIC: 建议使用I方法替代_param
NOTIC: 建议使用I方法替代_param
NOTIC: 建议使用I方法替代_param
NOTIC: 建议使用I方法替代_param

[ 2015-12-17T16:10:06+08:00 ] 127.0.0.1 /new1130/search/index/price_order/1/search_key/%E6%B0%B4.html
NOTIC: 建议使用I方法替代_param
NOTIC: 建议使用I方法替代_param
NOTIC: 建议使用I方法替代_param
NOTIC: 建议使用I方法替代_param
NOTIC: 建议使用I方法替代_param
NOTIC: 建议使用I方法替代_param

[ 2015-12-17T16:16:30+08:00 ] 127.0.0.1 /new1130/search/index/price_order/1/search_key/%E6%B0%B4.html
NOTIC: 建议使用I方法替代_param
NOTIC: 建议使用I方法替代_param
NOTIC: 建议使用I方法替代_param
NOTIC: 建议使用I方法替代_param
NOTIC: 建议使用I方法替代_param
NOTIC: 建议使用I方法替代_param

[ 2015-12-17T16:16:34+08:00 ] 127.0.0.1 /new1130/search/index/price_order/1/search_key/%E6%B0%B4.html
NOTIC: 建议使用I方法替代_param
NOTIC: 建议使用I方法替代_param
NOTIC: 建议使用I方法替代_param
NOTIC: 建议使用I方法替代_param
NOTIC: 建议使用I方法替代_param
NOTIC: 建议使用I方法替代_param

[ 2015-12-17T16:20:14+08:00 ] 127.0.0.1 /new1130/search/index/price_order/1/search_key/%E6%B0%B4.html
NOTIC: 建议使用I方法替代_param
NOTIC: 建议使用I方法替代_param
NOTIC: 建议使用I方法替代_param
NOTIC: 建议使用I方法替代_param
NOTIC: 建议使用I方法替代_param
NOTIC: 建议使用I方法替代_param

[ 2015-12-17T16:20:22+08:00 ] 127.0.0.1 /new1130/search/index/price_order/1/search_key/%E6%B0%B4.html
NOTIC: 建议使用I方法替代_param
NOTIC: 建议使用I方法替代_param
NOTIC: 建议使用I方法替代_param
NOTIC: 建议使用I方法替代_param
NOTIC: 建议使用I方法替代_param
NOTIC: 建议使用I方法替代_param

[ 2015-12-17T16:21:41+08:00 ] 127.0.0.1 /new1130/search/index/price_order/1/search_key/%E6%B0%B4.html
NOTIC: 建议使用I方法替代_param
NOTIC: 建议使用I方法替代_param
NOTIC: 建议使用I方法替代_param
NOTIC: 建议使用I方法替代_param
NOTIC: 建议使用I方法替代_param
NOTIC: 建议使用I方法替代_param

[ 2015-12-17T16:21:45+08:00 ] 127.0.0.1 /new1130/search/index/price_order/1/search_key/%E6%B0%B4.html
NOTIC: 建议使用I方法替代_param
NOTIC: 建议使用I方法替代_param
NOTIC: 建议使用I方法替代_param
NOTIC: 建议使用I方法替代_param
NOTIC: 建议使用I方法替代_param
NOTIC: 建议使用I方法替代_param

[ 2015-12-17T16:22:13+08:00 ] 127.0.0.1 /new1130/search/index/price_order/1/search_key/%E6%B0%B4.html
NOTIC: 建议使用I方法替代_param
NOTIC: 建议使用I方法替代_param
NOTIC: 建议使用I方法替代_param
NOTIC: 建议使用I方法替代_param
NOTIC: 建议使用I方法替代_param
NOTIC: 建议使用I方法替代_param

[ 2015-12-17T16:22:16+08:00 ] 127.0.0.1 /new1130/search/index/price_order/1/search_key/%E6%B0%B4.html
NOTIC: 建议使用I方法替代_param
NOTIC: 建议使用I方法替代_param
NOTIC: 建议使用I方法替代_param
NOTIC: 建议使用I方法替代_param
NOTIC: 建议使用I方法替代_param
NOTIC: 建议使用I方法替代_param

[ 2015-12-17T16:25:31+08:00 ] 127.0.0.1 /new1130/search/index/price_order/1/search_key/%E6%B0%B4.html
NOTIC: 建议使用I方法替代_param
NOTIC: 建议使用I方法替代_param
NOTIC: 建议使用I方法替代_param
NOTIC: 建议使用I方法替代_param
NOTIC: 建议使用I方法替代_param
NOTIC: 建议使用I方法替代_param

[ 2015-12-17T16:25:35+08:00 ] 127.0.0.1 /new1130/search/index/price_order/1/search_key/%E6%B0%B4.html
NOTIC: 建议使用I方法替代_param
NOTIC: 建议使用I方法替代_param
NOTIC: 建议使用I方法替代_param
NOTIC: 建议使用I方法替代_param
NOTIC: 建议使用I方法替代_param
NOTIC: 建议使用I方法替代_param

[ 2015-12-17T16:32:28+08:00 ] 127.0.0.1 /new1130/search/index/price_order/1/search_key/%E6%B0%B4.html
NOTIC: 建议使用I方法替代_param
NOTIC: 建议使用I方法替代_param
NOTIC: 建议使用I方法替代_param
NOTIC: 建议使用I方法替代_param
NOTIC: 建议使用I方法替代_param
NOTIC: 建议使用I方法替代_param

[ 2015-12-17T16:32:32+08:00 ] 127.0.0.1 /new1130/search/index/price_order/1/search_key/%E6%B0%B4.html
NOTIC: 建议使用I方法替代_param
NOTIC: 建议使用I方法替代_param
NOTIC: 建议使用I方法替代_param
NOTIC: 建议使用I方法替代_param
NOTIC: 建议使用I方法替代_param
NOTIC: 建议使用I方法替代_param

[ 2015-12-17T16:33:30+08:00 ] 127.0.0.1 /new1130/search/index/price_order/1/search_key/%E6%B0%B4.html
NOTIC: 建议使用I方法替代_param
NOTIC: 建议使用I方法替代_param
NOTIC: 建议使用I方法替代_param
NOTIC: 建议使用I方法替代_param
NOTIC: 建议使用I方法替代_param
NOTIC: 建议使用I方法替代_param

[ 2015-12-17T16:33:41+08:00 ] 127.0.0.1 /new1130/search/index/search_key/%E6%B0%B4.html
NOTIC: 建议使用I方法替代_param
NOTIC: 建议使用I方法替代_param
NOTIC: 建议使用I方法替代_param
NOTIC: 建议使用I方法替代_param
NOTIC: 建议使用I方法替代_param
NOTIC: 建议使用I方法替代_param

[ 2015-12-17T16:33:46+08:00 ] 127.0.0.1 /new1130/search/index/price_order/1/search_key/%E6%B0%B4.html
NOTIC: 建议使用I方法替代_param
NOTIC: 建议使用I方法替代_param
NOTIC: 建议使用I方法替代_param
NOTIC: 建议使用I方法替代_param
NOTIC: 建议使用I方法替代_param
NOTIC: 建议使用I方法替代_param

[ 2015-12-17T16:33:51+08:00 ] 127.0.0.1 /new1130/search/index/price_order/1/search_key/%E6%B0%B4.html
NOTIC: 建议使用I方法替代_param
NOTIC: 建议使用I方法替代_param
NOTIC: 建议使用I方法替代_param
NOTIC: 建议使用I方法替代_param
NOTIC: 建议使用I方法替代_param
NOTIC: 建议使用I方法替代_param

[ 2015-12-17T16:34:43+08:00 ] 127.0.0.1 /new1130/search/index/price_order/1/search_key/%E6%B0%B4.html
NOTIC: 建议使用I方法替代_param
NOTIC: 建议使用I方法替代_param
NOTIC: 建议使用I方法替代_param
NOTIC: 建议使用I方法替代_param
NOTIC: 建议使用I方法替代_param
NOTIC: 建议使用I方法替代_param

[ 2015-12-17T16:34:46+08:00 ] 127.0.0.1 /new1130/search/index/price_order/1/search_key/%E6%B0%B4.html
NOTIC: 建议使用I方法替代_param
NOTIC: 建议使用I方法替代_param
NOTIC: 建议使用I方法替代_param
NOTIC: 建议使用I方法替代_param
NOTIC: 建议使用I方法替代_param
NOTIC: 建议使用I方法替代_param

[ 2015-12-17T16:34:49+08:00 ] 127.0.0.1 /new1130/search/index/price_order/1/search_key/%E6%B0%B4.html
NOTIC: 建议使用I方法替代_param
NOTIC: 建议使用I方法替代_param
NOTIC: 建议使用I方法替代_param
NOTIC: 建议使用I方法替代_param
NOTIC: 建议使用I方法替代_param
NOTIC: 建议使用I方法替代_param

[ 2015-12-17T16:34:52+08:00 ] 127.0.0.1 /new1130/search/index/price_order/1/search_key/%E6%B0%B4.html
NOTIC: 建议使用I方法替代_param
NOTIC: 建议使用I方法替代_param
NOTIC: 建议使用I方法替代_param
NOTIC: 建议使用I方法替代_param
NOTIC: 建议使用I方法替代_param
NOTIC: 建议使用I方法替代_param

[ 2015-12-17T16:34:54+08:00 ] 127.0.0.1 /new1130/search/index/price_order/1/search_key/%E6%B0%B4.html
NOTIC: 建议使用I方法替代_param
NOTIC: 建议使用I方法替代_param
NOTIC: 建议使用I方法替代_param
NOTIC: 建议使用I方法替代_param
NOTIC: 建议使用I方法替代_param
NOTIC: 建议使用I方法替代_param

[ 2015-12-17T16:40:45+08:00 ] 127.0.0.1 /new1130/search/index/price_order/1/search_key/%E6%B0%B4.html
NOTIC: 建议使用I方法替代_param
NOTIC: 建议使用I方法替代_param
NOTIC: 建议使用I方法替代_param
NOTIC: 建议使用I方法替代_param
NOTIC: 建议使用I方法替代_param
NOTIC: 建议使用I方法替代_param

[ 2015-12-17T16:40:49+08:00 ] 127.0.0.1 /new1130/search/index/price_order/1/search_key/%E6%B0%B4.html
NOTIC: 建议使用I方法替代_param
NOTIC: 建议使用I方法替代_param
NOTIC: 建议使用I方法替代_param
NOTIC: 建议使用I方法替代_param
NOTIC: 建议使用I方法替代_param
NOTIC: 建议使用I方法替代_param

[ 2015-12-17T16:43:20+08:00 ] 127.0.0.1 /new1130/search/index/price_order/1/search_key/%E6%B0%B4.html
NOTIC: 建议使用I方法替代_param
NOTIC: 建议使用I方法替代_param
NOTIC: 建议使用I方法替代_param
NOTIC: 建议使用I方法替代_param
NOTIC: 建议使用I方法替代_param
NOTIC: 建议使用I方法替代_param

[ 2015-12-17T16:43:31+08:00 ] 127.0.0.1 /new1130/search/index/search_key/%E6%B0%B4.html
NOTIC: 建议使用I方法替代_param
NOTIC: 建议使用I方法替代_param
NOTIC: 建议使用I方法替代_param
NOTIC: 建议使用I方法替代_param
NOTIC: 建议使用I方法替代_param
NOTIC: 建议使用I方法替代_param

[ 2015-12-17T16:43:35+08:00 ] 127.0.0.1 /new1130/search/index/price_order/1/search_key/%E6%B0%B4.html
NOTIC: 建议使用I方法替代_param
NOTIC: 建议使用I方法替代_param
NOTIC: 建议使用I方法替代_param
NOTIC: 建议使用I方法替代_param
NOTIC: 建议使用I方法替代_param
NOTIC: 建议使用I方法替代_param

[ 2015-12-17T16:44:17+08:00 ] 127.0.0.1 /new1130/search/index/price_order/1/search_key/%E6%B0%B4.html
NOTIC: 建议使用I方法替代_param
NOTIC: 建议使用I方法替代_param
NOTIC: 建议使用I方法替代_param
NOTIC: 建议使用I方法替代_param
NOTIC: 建议使用I方法替代_param
NOTIC: 建议使用I方法替代_param

[ 2015-12-17T16:44:19+08:00 ] 127.0.0.1 /new1130/search/index/price_order/1/search_key/%E6%B0%B4.html
NOTIC: 建议使用I方法替代_param
NOTIC: 建议使用I方法替代_param
NOTIC: 建议使用I方法替代_param
NOTIC: 建议使用I方法替代_param
NOTIC: 建议使用I方法替代_param
NOTIC: 建议使用I方法替代_param

[ 2015-12-17T16:45:50+08:00 ] 127.0.0.1 /new1130/search/index/price_order/1/search_key/%E6%B0%B4.html
NOTIC: 建议使用I方法替代_param
NOTIC: 建议使用I方法替代_param
NOTIC: 建议使用I方法替代_param
NOTIC: 建议使用I方法替代_param
NOTIC: 建议使用I方法替代_param
NOTIC: 建议使用I方法替代_param

[ 2015-12-17T16:46:54+08:00 ] 127.0.0.1 /new1130/search/index/price_order/1/search_key/%E6%B0%B4.html
NOTIC: 建议使用I方法替代_param
NOTIC: 建议使用I方法替代_param
NOTIC: 建议使用I方法替代_param
NOTIC: 建议使用I方法替代_param
NOTIC: 建议使用I方法替代_param
NOTIC: 建议使用I方法替代_param

[ 2015-12-17T16:47:21+08:00 ] 127.0.0.1 /new1130/search/index/price_order/1/search_key/%E6%B0%B4.html
NOTIC: 建议使用I方法替代_param
NOTIC: 建议使用I方法替代_param
NOTIC: 建议使用I方法替代_param
NOTIC: 建议使用I方法替代_param
NOTIC: 建议使用I方法替代_param
NOTIC: 建议使用I方法替代_param

[ 2015-12-17T16:47:29+08:00 ] 127.0.0.1 /new1130/search/index/price_order/1/search_key/%E6%B0%B4.html
NOTIC: 建议使用I方法替代_param
NOTIC: 建议使用I方法替代_param
NOTIC: 建议使用I方法替代_param
NOTIC: 建议使用I方法替代_param
NOTIC: 建议使用I方法替代_param
NOTIC: 建议使用I方法替代_param

[ 2015-12-17T16:47:50+08:00 ] 127.0.0.1 /new1130/search/index/price_order/1/search_key/%E6%B0%B4/fid/1.html
NOTIC: 建议使用I方法替代_param
NOTIC: 建议使用I方法替代_param
NOTIC: 建议使用I方法替代_param
NOTIC: 建议使用I方法替代_param
NOTIC: 建议使用I方法替代_param
NOTIC: 建议使用I方法替代_param

[ 2015-12-17T16:48:15+08:00 ] 127.0.0.1 /new1130/search/index/price_order/1/search_key/%E6%B0%B4/fid/1.html
NOTIC: 建议使用I方法替代_param
NOTIC: 建议使用I方法替代_param
NOTIC: 建议使用I方法替代_param
NOTIC: 建议使用I方法替代_param
NOTIC: 建议使用I方法替代_param
NOTIC: 建议使用I方法替代_param

[ 2015-12-17T16:48:34+08:00 ] 127.0.0.1 /new1130/search/index/price_order/1/search_key/%E6%B0%B4/fid/1.html
NOTIC: 建议使用I方法替代_param
NOTIC: 建议使用I方法替代_param
NOTIC: 建议使用I方法替代_param
NOTIC: 建议使用I方法替代_param
NOTIC: 建议使用I方法替代_param
NOTIC: 建议使用I方法替代_param

[ 2015-12-17T16:49:45+08:00 ] 127.0.0.1 /new1130/search/index/price_order/1/search_key/%E6%B0%B4/fid/1.html
NOTIC: 建议使用I方法替代_param
NOTIC: 建议使用I方法替代_param
NOTIC: 建议使用I方法替代_param
NOTIC: 建议使用I方法替代_param
NOTIC: 建议使用I方法替代_param
NOTIC: 建议使用I方法替代_param

[ 2015-12-17T16:49:50+08:00 ] 127.0.0.1 /new1130/search/index/price_order/1/search_key/%E6%B0%B4/fid/1.html
NOTIC: 建议使用I方法替代_param
NOTIC: 建议使用I方法替代_param
NOTIC: 建议使用I方法替代_param
NOTIC: 建议使用I方法替代_param
NOTIC: 建议使用I方法替代_param
NOTIC: 建议使用I方法替代_param

[ 2015-12-17T16:51:56+08:00 ] 127.0.0.1 /new1130/search/index/price_order/1/search_key/%E6%B0%B4/fid/1.html
NOTIC: 建议使用I方法替代_param
NOTIC: 建议使用I方法替代_param
NOTIC: 建议使用I方法替代_param
NOTIC: 建议使用I方法替代_param
NOTIC: 建议使用I方法替代_param
NOTIC: 建议使用I方法替代_param

[ 2015-12-17T16:52:59+08:00 ] 127.0.0.1 /new1130/search/index/price_order/1/search_key/%E6%B0%B4/fid/1.html
NOTIC: 建议使用I方法替代_param
NOTIC: 建议使用I方法替代_param
NOTIC: 建议使用I方法替代_param
NOTIC: 建议使用I方法替代_param
NOTIC: 建议使用I方法替代_param
NOTIC: 建议使用I方法替代_param

[ 2015-12-17T16:53:02+08:00 ] 127.0.0.1 /new1130/search/index/price_order/1/search_key/%E6%B0%B4/fid/%3C%7B:U('search/index',array('price_order'=%3E2,'search_key'=%3E$search_key,'fid'=%3E$fid))%7D%3E
NOTIC: 建议使用I方法替代_param
NOTIC: 建议使用I方法替代_param
NOTIC: 建议使用I方法替代_param
NOTIC: 建议使用I方法替代_param
NOTIC: 建议使用I方法替代_param
NOTIC: 建议使用I方法替代_param

[ 2015-12-17T16:53:08+08:00 ] 127.0.0.1 /new1130/search/index/price_order/1/search_key/%E6%B0%B4/fid/1.html
NOTIC: 建议使用I方法替代_param
NOTIC: 建议使用I方法替代_param
NOTIC: 建议使用I方法替代_param
NOTIC: 建议使用I方法替代_param
NOTIC: 建议使用I方法替代_param
NOTIC: 建议使用I方法替代_param

[ 2015-12-17T16:53:14+08:00 ] 127.0.0.1 /new1130/search/index/price_order/1/search_key/%E6%B0%B4/fid/%3C%7B:U('search/index',array('price_order'=%3E2,'search_key'=%3E$search_key,'fid'=%3E$fid))%7D%3E
NOTIC: 建议使用I方法替代_param
NOTIC: 建议使用I方法替代_param
NOTIC: 建议使用I方法替代_param
NOTIC: 建议使用I方法替代_param
NOTIC: 建议使用I方法替代_param
NOTIC: 建议使用I方法替代_param

[ 2015-12-17T16:54:12+08:00 ] 127.0.0.1 /new1130/search/index/price_order/1/search_key/%E6%B0%B4/fid/%3C%7B:U('search/index',array('price_order'=%3E2,'search_key'=%3E$search_key,'fid'=%3E$fid))%7D%3E
NOTIC: 建议使用I方法替代_param
NOTIC: 建议使用I方法替代_param
NOTIC: 建议使用I方法替代_param
NOTIC: 建议使用I方法替代_param
NOTIC: 建议使用I方法替代_param
NOTIC: 建议使用I方法替代_param

[ 2015-12-17T16:54:15+08:00 ] 127.0.0.1 /new1130/search/index/search_key/%E6%B0%B4.html
NOTIC: 建议使用I方法替代_param
NOTIC: 建议使用I方法替代_param
NOTIC: 建议使用I方法替代_param
NOTIC: 建议使用I方法替代_param
NOTIC: 建议使用I方法替代_param
NOTIC: 建议使用I方法替代_param

[ 2015-12-17T16:54:20+08:00 ] 127.0.0.1 /new1130/search/index/price_order/1/search_key/%E6%B0%B4.html
NOTIC: 建议使用I方法替代_param
NOTIC: 建议使用I方法替代_param
NOTIC: 建议使用I方法替代_param
NOTIC: 建议使用I方法替代_param
NOTIC: 建议使用I方法替代_param
NOTIC: 建议使用I方法替代_param

[ 2015-12-17T16:54:26+08:00 ] 127.0.0.1 /new1130/search/index/price_order/1/search_key/%E6%B0%B4.html
NOTIC: 建议使用I方法替代_param
NOTIC: 建议使用I方法替代_param
NOTIC: 建议使用I方法替代_param
NOTIC: 建议使用I方法替代_param
NOTIC: 建议使用I方法替代_param
NOTIC: 建议使用I方法替代_param

[ 2015-12-17T16:54:42+08:00 ] 127.0.0.1 /new1130/search/index/price_order/1/search_key/%E6%B0%B4.html
NOTIC: 建议使用I方法替代_param
NOTIC: 建议使用I方法替代_param
NOTIC: 建议使用I方法替代_param
NOTIC: 建议使用I方法替代_param
NOTIC: 建议使用I方法替代_param
NOTIC: 建议使用I方法替代_param

[ 2015-12-17T16:54:46+08:00 ] 127.0.0.1 /new1130/search/index/price_order/1/search_key/%E6%B0%B4.html
NOTIC: 建议使用I方法替代_param
NOTIC: 建议使用I方法替代_param
NOTIC: 建议使用I方法替代_param
NOTIC: 建议使用I方法替代_param
NOTIC: 建议使用I方法替代_param
NOTIC: 建议使用I方法替代_param

[ 2015-12-17T16:57:08+08:00 ] 127.0.0.1 /new1130/search/index/price_order/1/search_key/%E6%B0%B4.html
NOTIC: 建议使用I方法替代_param
NOTIC: 建议使用I方法替代_param
NOTIC: 建议使用I方法替代_param
NOTIC: 建议使用I方法替代_param
NOTIC: 建议使用I方法替代_param
NOTIC: 建议使用I方法替代_param

[ 2015-12-17T16:57:11+08:00 ] 127.0.0.1 /new1130/search/index/price_order/1/search_key/%E6%B0%B4.html
NOTIC: 建议使用I方法替代_param
NOTIC: 建议使用I方法替代_param
NOTIC: 建议使用I方法替代_param
NOTIC: 建议使用I方法替代_param
NOTIC: 建议使用I方法替代_param
NOTIC: 建议使用I方法替代_param

[ 2015-12-17T16:57:14+08:00 ] 127.0.0.1 /new1130/search/index/price_order/1/search_key/%E6%B0%B4.html
NOTIC: 建议使用I方法替代_param
NOTIC: 建议使用I方法替代_param
NOTIC: 建议使用I方法替代_param
NOTIC: 建议使用I方法替代_param
NOTIC: 建议使用I方法替代_param
NOTIC: 建议使用I方法替代_param

[ 2015-12-17T16:57:34+08:00 ] 127.0.0.1 /new1130/search/index/price_order/1/search_key/%E6%B0%B4/fid/%3C%7B:U('search/index',array('price_order'=%3E2,'search_key'=%3E$search_key,'fid'=%3E$fid))%7D%3E
NOTIC: 建议使用I方法替代_param
NOTIC: 建议使用I方法替代_param
NOTIC: 建议使用I方法替代_param
NOTIC: 建议使用I方法替代_param
NOTIC: 建议使用I方法替代_param
NOTIC: 建议使用I方法替代_param

[ 2015-12-17T16:57:44+08:00 ] 127.0.0.1 /new1130/search/index/search_key/%E6%B0%B4.html
NOTIC: 建议使用I方法替代_param
NOTIC: 建议使用I方法替代_param
NOTIC: 建议使用I方法替代_param
NOTIC: 建议使用I方法替代_param
NOTIC: 建议使用I方法替代_param
NOTIC: 建议使用I方法替代_param

[ 2015-12-17T16:57:48+08:00 ] 127.0.0.1 /new1130/search/index/search_key/%E6%B0%B4.html
NOTIC: 建议使用I方法替代_param
NOTIC: 建议使用I方法替代_param
NOTIC: 建议使用I方法替代_param
NOTIC: 建议使用I方法替代_param
NOTIC: 建议使用I方法替代_param
NOTIC: 建议使用I方法替代_param

[ 2015-12-17T16:57:57+08:00 ] 127.0.0.1 /new1130/search/index/search_key/%E6%B0%B4/fid/1.html
NOTIC: 建议使用I方法替代_param
NOTIC: 建议使用I方法替代_param
NOTIC: 建议使用I方法替代_param
NOTIC: 建议使用I方法替代_param
NOTIC: 建议使用I方法替代_param
NOTIC: 建议使用I方法替代_param

[ 2015-12-17T16:58:34+08:00 ] 127.0.0.1 /new1130/search/index/search_key/%E6%B0%B4/fid/1.html
NOTIC: 建议使用I方法替代_param
NOTIC: 建议使用I方法替代_param
NOTIC: 建议使用I方法替代_param
NOTIC: 建议使用I方法替代_param
NOTIC: 建议使用I方法替代_param
NOTIC: 建议使用I方法替代_param

[ 2015-12-17T16:58:39+08:00 ] 127.0.0.1 /new1130/search/index/search_key/%E6%B0%B4/fid/1.html
NOTIC: 建议使用I方法替代_param
NOTIC: 建议使用I方法替代_param
NOTIC: 建议使用I方法替代_param
NOTIC: 建议使用I方法替代_param
NOTIC: 建议使用I方法替代_param
NOTIC: 建议使用I方法替代_param

[ 2015-12-17T16:58:42+08:00 ] 127.0.0.1 /new1130/search/index/search_key/%E6%B0%B4.html
NOTIC: 建议使用I方法替代_param
NOTIC: 建议使用I方法替代_param
NOTIC: 建议使用I方法替代_param
NOTIC: 建议使用I方法替代_param
NOTIC: 建议使用I方法替代_param
NOTIC: 建议使用I方法替代_param

[ 2015-12-17T16:58:43+08:00 ] 127.0.0.1 /new1130/search/index/search_key/%E6%B0%B4.html
NOTIC: 建议使用I方法替代_param
NOTIC: 建议使用I方法替代_param
NOTIC: 建议使用I方法替代_param
NOTIC: 建议使用I方法替代_param
NOTIC: 建议使用I方法替代_param
NOTIC: 建议使用I方法替代_param

[ 2015-12-17T16:59:29+08:00 ] 127.0.0.1 /new1130/search/index/search_key/%E6%B0%B4.html
NOTIC: 建议使用I方法替代_param
NOTIC: 建议使用I方法替代_param
NOTIC: 建议使用I方法替代_param
NOTIC: 建议使用I方法替代_param
NOTIC: 建议使用I方法替代_param
NOTIC: 建议使用I方法替代_param

[ 2015-12-17T16:59:54+08:00 ] 127.0.0.1 /new1130/search/index/search_key/%E6%B0%B4.html
NOTIC: 建议使用I方法替代_param
NOTIC: 建议使用I方法替代_param
NOTIC: 建议使用I方法替代_param
NOTIC: 建议使用I方法替代_param
NOTIC: 建议使用I方法替代_param
NOTIC: 建议使用I方法替代_param

[ 2015-12-17T16:59:58+08:00 ] 127.0.0.1 /new1130/search/index/search_key/%E6%B0%B4/fid/1.html
NOTIC: 建议使用I方法替代_param
NOTIC: 建议使用I方法替代_param
NOTIC: 建议使用I方法替代_param
NOTIC: 建议使用I方法替代_param
NOTIC: 建议使用I方法替代_param
NOTIC: 建议使用I方法替代_param

[ 2015-12-17T17:02:15+08:00 ] 127.0.0.1 /new1130/search/index/search_key/%E6%B0%B4/fid/1.html
NOTIC: 建议使用I方法替代_param
NOTIC: 建议使用I方法替代_param
NOTIC: 建议使用I方法替代_param
NOTIC: 建议使用I方法替代_param
NOTIC: 建议使用I方法替代_param
NOTIC: 建议使用I方法替代_param

[ 2015-12-17T17:02:19+08:00 ] 127.0.0.1 /new1130/search/index/search_key/%E6%B0%B4/fid/2.html
NOTIC: 建议使用I方法替代_param
NOTIC: 建议使用I方法替代_param
NOTIC: 建议使用I方法替代_param
NOTIC: 建议使用I方法替代_param
NOTIC: 建议使用I方法替代_param
NOTIC: 建议使用I方法替代_param

[ 2015-12-17T17:02:24+08:00 ] 127.0.0.1 /new1130/search/index/search_key/%E6%B0%B4/fid/1.html
NOTIC: 建议使用I方法替代_param
NOTIC: 建议使用I方法替代_param
NOTIC: 建议使用I方法替代_param
NOTIC: 建议使用I方法替代_param
NOTIC: 建议使用I方法替代_param
NOTIC: 建议使用I方法替代_param

[ 2015-12-17T17:02:28+08:00 ] 127.0.0.1 /new1130/search/index/search_key/%E6%B0%B4/fid/2.html
NOTIC: 建议使用I方法替代_param
NOTIC: 建议使用I方法替代_param
NOTIC: 建议使用I方法替代_param
NOTIC: 建议使用I方法替代_param
NOTIC: 建议使用I方法替代_param
NOTIC: 建议使用I方法替代_param

[ 2015-12-17T17:02:35+08:00 ] 127.0.0.1 /new1130/search/index/price_order/1/search_key/%E6%B0%B4/fid/2.html
NOTIC: 建议使用I方法替代_param
NOTIC: 建议使用I方法替代_param
NOTIC: 建议使用I方法替代_param
NOTIC: 建议使用I方法替代_param
NOTIC: 建议使用I方法替代_param
NOTIC: 建议使用I方法替代_param

[ 2015-12-17T17:02:38+08:00 ] 127.0.0.1 /new1130/search/index/price_order/1/search_key/%E6%B0%B4/fid/1.html
NOTIC: 建议使用I方法替代_param
NOTIC: 建议使用I方法替代_param
NOTIC: 建议使用I方法替代_param
NOTIC: 建议使用I方法替代_param
NOTIC: 建议使用I方法替代_param
NOTIC: 建议使用I方法替代_param

[ 2015-12-17T17:04:21+08:00 ] 127.0.0.1 /new1130/search/index/price_order/1/search_key/%E6%B0%B4/fid/1.html
NOTIC: 建议使用I方法替代_param
NOTIC: 建议使用I方法替代_param
NOTIC: 建议使用I方法替代_param
NOTIC: 建议使用I方法替代_param
NOTIC: 建议使用I方法替代_param
NOTIC: 建议使用I方法替代_param

[ 2015-12-17T17:04:25+08:00 ] 127.0.0.1 /new1130/search/index/price_order/1/search_key/%E6%B0%B4/fid/1.html
NOTIC: 建议使用I方法替代_param
NOTIC: 建议使用I方法替代_param
NOTIC: 建议使用I方法替代_param
NOTIC: 建议使用I方法替代_param
NOTIC: 建议使用I方法替代_param
NOTIC: 建议使用I方法替代_param

[ 2015-12-17T17:05:30+08:00 ] 127.0.0.1 /new1130/search/index/price_order/1/search_key/%E6%B0%B4/fid/1.html
NOTIC: 建议使用I方法替代_param
NOTIC: 建议使用I方法替代_param
NOTIC: 建议使用I方法替代_param
NOTIC: 建议使用I方法替代_param
NOTIC: 建议使用I方法替代_param
NOTIC: 建议使用I方法替代_param

[ 2015-12-17T17:05:35+08:00 ] 127.0.0.1 /new1130/search/index/price_order/1/search_key/%E6%B0%B4/fid/1.html
NOTIC: 建议使用I方法替代_param
NOTIC: 建议使用I方法替代_param
NOTIC: 建议使用I方法替代_param
NOTIC: 建议使用I方法替代_param
NOTIC: 建议使用I方法替代_param
NOTIC: 建议使用I方法替代_param

[ 2015-12-17T17:05:38+08:00 ] 127.0.0.1 /new1130/search/index/price_order/1/search_key/%E6%B0%B4/fid/1.html
NOTIC: 建议使用I方法替代_param
NOTIC: 建议使用I方法替代_param
NOTIC: 建议使用I方法替代_param
NOTIC: 建议使用I方法替代_param
NOTIC: 建议使用I方法替代_param
NOTIC: 建议使用I方法替代_param

[ 2015-12-17T17:05:48+08:00 ] 127.0.0.1 /new1130/search/index/search_key/%E6%B0%B4.html
NOTIC: 建议使用I方法替代_param
NOTIC: 建议使用I方法替代_param
NOTIC: 建议使用I方法替代_param
NOTIC: 建议使用I方法替代_param
NOTIC: 建议使用I方法替代_param
NOTIC: 建议使用I方法替代_param

[ 2015-12-17T17:05:55+08:00 ] 127.0.0.1 /new1130/search/index/search_key/%E6%B0%B4.html
NOTIC: 建议使用I方法替代_param
NOTIC: 建议使用I方法替代_param
NOTIC: 建议使用I方法替代_param
NOTIC: 建议使用I方法替代_param
NOTIC: 建议使用I方法替代_param
NOTIC: 建议使用I方法替代_param

[ 2015-12-17T17:05:58+08:00 ] 127.0.0.1 /new1130/search/index/search_key/%E6%B0%B4/fid/1.html
NOTIC: 建议使用I方法替代_param
NOTIC: 建议使用I方法替代_param
NOTIC: 建议使用I方法替代_param
NOTIC: 建议使用I方法替代_param
NOTIC: 建议使用I方法替代_param
NOTIC: 建议使用I方法替代_param

[ 2015-12-17T17:06:03+08:00 ] 127.0.0.1 /new1130/search/index/search_key/%E6%B0%B4/fid/%3C%7B:U('search/index',array('price_order'=%3E2,'search_key'=%3E$search_key,'fid'=%3E$fid))%7D%3E
NOTIC: 建议使用I方法替代_param
NOTIC: 建议使用I方法替代_param
NOTIC: 建议使用I方法替代_param
NOTIC: 建议使用I方法替代_param
NOTIC: 建议使用I方法替代_param
NOTIC: 建议使用I方法替代_param

[ 2015-12-17T17:06:13+08:00 ] 127.0.0.1 /new1130/search/index/price_order/1/search_key/%E6%B0%B4.html
NOTIC: 建议使用I方法替代_param
NOTIC: 建议使用I方法替代_param
NOTIC: 建议使用I方法替代_param
NOTIC: 建议使用I方法替代_param
NOTIC: 建议使用I方法替代_param
NOTIC: 建议使用I方法替代_param

[ 2015-12-17T17:06:17+08:00 ] 127.0.0.1 /new1130/search/index/price_order/1/search_key/%E6%B0%B4.html
NOTIC: 建议使用I方法替代_param
NOTIC: 建议使用I方法替代_param
NOTIC: 建议使用I方法替代_param
NOTIC: 建议使用I方法替代_param
NOTIC: 建议使用I方法替代_param
NOTIC: 建议使用I方法替代_param

[ 2015-12-17T17:06:21+08:00 ] 127.0.0.1 /new1130/search/index/price_order/1/search_key/%E6%B0%B4.html
NOTIC: 建议使用I方法替代_param
NOTIC: 建议使用I方法替代_param
NOTIC: 建议使用I方法替代_param
NOTIC: 建议使用I方法替代_param
NOTIC: 建议使用I方法替代_param
NOTIC: 建议使用I方法替代_param

[ 2015-12-17T17:06:55+08:00 ] 127.0.0.1 /new1130/search/index/price_order/1/search_key/%E6%B0%B4.html
NOTIC: 建议使用I方法替代_param
NOTIC: 建议使用I方法替代_param
NOTIC: 建议使用I方法替代_param
NOTIC: 建议使用I方法替代_param
NOTIC: 建议使用I方法替代_param
NOTIC: 建议使用I方法替代_param

[ 2015-12-17T17:07:01+08:00 ] 127.0.0.1 /new1130/search/index/price_order/1/search_key/%E6%B0%B4.html
NOTIC: 建议使用I方法替代_param
NOTIC: 建议使用I方法替代_param
NOTIC: 建议使用I方法替代_param
NOTIC: 建议使用I方法替代_param
NOTIC: 建议使用I方法替代_param
NOTIC: 建议使用I方法替代_param

[ 2015-12-17T17:07:04+08:00 ] 127.0.0.1 /new1130/search/index/price_order/1/search_key/%E6%B0%B4.html
NOTIC: 建议使用I方法替代_param
NOTIC: 建议使用I方法替代_param
NOTIC: 建议使用I方法替代_param
NOTIC: 建议使用I方法替代_param
NOTIC: 建议使用I方法替代_param
NOTIC: 建议使用I方法替代_param

[ 2015-12-17T17:07:11+08:00 ] 127.0.0.1 /new1130/search/index/price_order/1/search_key/%E6%B0%B4/fid/1.html
NOTIC: 建议使用I方法替代_param
NOTIC: 建议使用I方法替代_param
NOTIC: 建议使用I方法替代_param
NOTIC: 建议使用I方法替代_param
NOTIC: 建议使用I方法替代_param
NOTIC: 建议使用I方法替代_param

[ 2015-12-17T17:08:30+08:00 ] 127.0.0.1 /new1130/search/index/price_order/1/search_key/%E6%B0%B4/fid/1.html
NOTIC: 建议使用I方法替代_param
NOTIC: 建议使用I方法替代_param
NOTIC: 建议使用I方法替代_param
NOTIC: 建议使用I方法替代_param
NOTIC: 建议使用I方法替代_param
NOTIC: 建议使用I方法替代_param

[ 2015-12-17T17:08:37+08:00 ] 127.0.0.1 /new1130/search/index/price_order/1/search_key/%E6%B0%B4/fid/1.html
NOTIC: 建议使用I方法替代_param
NOTIC: 建议使用I方法替代_param
NOTIC: 建议使用I方法替代_param
NOTIC: 建议使用I方法替代_param
NOTIC: 建议使用I方法替代_param
NOTIC: 建议使用I方法替代_param

[ 2015-12-17T17:08:40+08:00 ] 127.0.0.1 /new1130/search/index/price_order/1/search_key/%E6%B0%B4/fid/1.html
NOTIC: 建议使用I方法替代_param
NOTIC: 建议使用I方法替代_param
NOTIC: 建议使用I方法替代_param
NOTIC: 建议使用I方法替代_param
NOTIC: 建议使用I方法替代_param
NOTIC: 建议使用I方法替代_param

[ 2015-12-17T17:10:31+08:00 ] 127.0.0.1 /new1130/search/index/price_order/1/search_key/%E6%B0%B4/fid/1.html
NOTIC: 建议使用I方法替代_param
NOTIC: 建议使用I方法替代_param
NOTIC: 建议使用I方法替代_param
NOTIC: 建议使用I方法替代_param
NOTIC: 建议使用I方法替代_param
NOTIC: 建议使用I方法替代_param

[ 2015-12-17T17:10:35+08:00 ] 127.0.0.1 /new1130/search/index/price_order/1/search_key/%E6%B0%B4/fid/%3C%7B:U('search/index',array('price_order'=%3E2,'search_key'=%3E$search_key,'fid'=%3E$fid))%7D%3E
NOTIC: 建议使用I方法替代_param
NOTIC: 建议使用I方法替代_param
NOTIC: 建议使用I方法替代_param
NOTIC: 建议使用I方法替代_param
NOTIC: 建议使用I方法替代_param
NOTIC: 建议使用I方法替代_param

[ 2015-12-17T17:10:40+08:00 ] 127.0.0.1 /new1130/search/index/price_order/1/search_key/%E6%B0%B4/fid/1.html
NOTIC: 建议使用I方法替代_param
NOTIC: 建议使用I方法替代_param
NOTIC: 建议使用I方法替代_param
NOTIC: 建议使用I方法替代_param
NOTIC: 建议使用I方法替代_param
NOTIC: 建议使用I方法替代_param

[ 2015-12-17T17:10:44+08:00 ] 127.0.0.1 /new1130/search/index/price_order/1/search_key/%E6%B0%B4/fid/%3C%7B:U('search/index',array('price_order'=%3E2,'search_key'=%3E$search_key,'fid'=%3E$fid))%7D%3E
NOTIC: 建议使用I方法替代_param
NOTIC: 建议使用I方法替代_param
NOTIC: 建议使用I方法替代_param
NOTIC: 建议使用I方法替代_param
NOTIC: 建议使用I方法替代_param
NOTIC: 建议使用I方法替代_param

[ 2015-12-17T17:11:25+08:00 ] 127.0.0.1 /new1130/search/index/price_order/1/search_key/%E6%B0%B4/fid/%3C%7B:U('search/index',array('price_order'=%3E2,'search_key'=%3E$search_key,'fid'=%3E$fid))%7D%3E
NOTIC: 建议使用I方法替代_param
NOTIC: 建议使用I方法替代_param
NOTIC: 建议使用I方法替代_param
NOTIC: 建议使用I方法替代_param
NOTIC: 建议使用I方法替代_param
NOTIC: 建议使用I方法替代_param

[ 2015-12-17T17:11:28+08:00 ] 127.0.0.1 /new1130/search/index/search_key/%E6%B0%B4.html
NOTIC: 建议使用I方法替代_param
NOTIC: 建议使用I方法替代_param
NOTIC: 建议使用I方法替代_param
NOTIC: 建议使用I方法替代_param
NOTIC: 建议使用I方法替代_param
NOTIC: 建议使用I方法替代_param

[ 2015-12-17T17:11:31+08:00 ] 127.0.0.1 /new1130/search/index/search_key/%E6%B0%B4/fid/1.html
NOTIC: 建议使用I方法替代_param
NOTIC: 建议使用I方法替代_param
NOTIC: 建议使用I方法替代_param
NOTIC: 建议使用I方法替代_param
NOTIC: 建议使用I方法替代_param
NOTIC: 建议使用I方法替代_param

[ 2015-12-17T17:11:34+08:00 ] 127.0.0.1 /new1130/search/index/search_key/%E6%B0%B4/fid/%3C%7B:U('search/index',array('price_order'=%3E2,'search_key'=%3E$search_key))%7D%3E
NOTIC: 建议使用I方法替代_param
NOTIC: 建议使用I方法替代_param
NOTIC: 建议使用I方法替代_param
NOTIC: 建议使用I方法替代_param
NOTIC: 建议使用I方法替代_param
NOTIC: 建议使用I方法替代_param

[ 2015-12-17T17:12:05+08:00 ] 127.0.0.1 /new1130/search/index/search_key/%E6%B0%B4/fid/%3C%7B:U('search/index',array('price_order'=%3E2,'search_key'=%3E$search_key))%7D%3E
NOTIC: 建议使用I方法替代_param
NOTIC: 建议使用I方法替代_param
NOTIC: 建议使用I方法替代_param
NOTIC: 建议使用I方法替代_param
NOTIC: 建议使用I方法替代_param
NOTIC: 建议使用I方法替代_param

[ 2015-12-17T17:12:08+08:00 ] 127.0.0.1 /new1130/search/index/search_key/%E6%B0%B4/fid/1.html
NOTIC: 建议使用I方法替代_param
NOTIC: 建议使用I方法替代_param
NOTIC: 建议使用I方法替代_param
NOTIC: 建议使用I方法替代_param
NOTIC: 建议使用I方法替代_param
NOTIC: 建议使用I方法替代_param

[ 2015-12-17T17:12:13+08:00 ] 127.0.0.1 /new1130/search/index/search_key/%E6%B0%B4/fid/%3C%7B:U('search/index',array('price_order'=%3E2,'search_key'=%3E$search_key))%7D%3E
NOTIC: 建议使用I方法替代_param
NOTIC: 建议使用I方法替代_param
NOTIC: 建议使用I方法替代_param
NOTIC: 建议使用I方法替代_param
NOTIC: 建议使用I方法替代_param
NOTIC: 建议使用I方法替代_param

[ 2015-12-17T17:12:43+08:00 ] 127.0.0.1 /new1130/search/index/search_key/%E6%B0%B4.html
NOTIC: 建议使用I方法替代_param
NOTIC: 建议使用I方法替代_param
NOTIC: 建议使用I方法替代_param
NOTIC: 建议使用I方法替代_param
NOTIC: 建议使用I方法替代_param
NOTIC: 建议使用I方法替代_param

[ 2015-12-17T17:12:47+08:00 ] 127.0.0.1 /new1130/search/index/search_key/%E6%B0%B4/fid/1.html
NOTIC: 建议使用I方法替代_param
NOTIC: 建议使用I方法替代_param
NOTIC: 建议使用I方法替代_param
NOTIC: 建议使用I方法替代_param
NOTIC: 建议使用I方法替代_param
NOTIC: 建议使用I方法替代_param

[ 2015-12-17T17:12:50+08:00 ] 127.0.0.1 /new1130/search/index/search_key/%E6%B0%B4/fid/2.html
NOTIC: 建议使用I方法替代_param
NOTIC: 建议使用I方法替代_param
NOTIC: 建议使用I方法替代_param
NOTIC: 建议使用I方法替代_param
NOTIC: 建议使用I方法替代_param
NOTIC: 建议使用I方法替代_param

[ 2015-12-17T17:12:53+08:00 ] 127.0.0.1 /new1130/search/index/search_key/%E6%B0%B4/fid/1.html
NOTIC: 建议使用I方法替代_param
NOTIC: 建议使用I方法替代_param
NOTIC: 建议使用I方法替代_param
NOTIC: 建议使用I方法替代_param
NOTIC: 建议使用I方法替代_param
NOTIC: 建议使用I方法替代_param

[ 2015-12-17T17:16:56+08:00 ] 127.0.0.1 /new1130/search/index/search_key/%E6%B0%B4/fid/1.html
NOTIC: 建议使用I方法替代_param
NOTIC: 建议使用I方法替代_param
NOTIC: 建议使用I方法替代_param
NOTIC: 建议使用I方法替代_param
NOTIC: 建议使用I方法替代_param
NOTIC: 建议使用I方法替代_param

[ 2015-12-17T17:16:59+08:00 ] 127.0.0.1 /new1130/search/index/search_key/%E6%B0%B4/fid/%3C%7B:U('search/index',array('price_order'=%3E2,'search_key'=%3E$search_key))%7D%3E
NOTIC: 建议使用I方法替代_param
NOTIC: 建议使用I方法替代_param
NOTIC: 建议使用I方法替代_param
NOTIC: 建议使用I方法替代_param
NOTIC: 建议使用I方法替代_param
NOTIC: 建议使用I方法替代_param

[ 2015-12-17T17:17:11+08:00 ] 127.0.0.1 /new1130/search/index/search_key/%E6%B0%B4/fid/%3C%7B:U('search/index',array('price_order'=%3E2,'search_key'=%3E$search_key))%7D%3E
NOTIC: 建议使用I方法替代_param
NOTIC: 建议使用I方法替代_param
NOTIC: 建议使用I方法替代_param
NOTIC: 建议使用I方法替代_param
NOTIC: 建议使用I方法替代_param
NOTIC: 建议使用I方法替代_param

[ 2015-12-17T17:17:15+08:00 ] 127.0.0.1 /new1130/search/index/search_key/%E6%B0%B4/fid/%3C%7B:U('search/%3C%7B:U('search/index',array('price_order'=%3E2,'search_key'=%3E$search_key))%7D%3E
NOTIC: 建议使用I方法替代_param
NOTIC: 建议使用I方法替代_param
NOTIC: 建议使用I方法替代_param
NOTIC: 建议使用I方法替代_param
NOTIC: 建议使用I方法替代_param
NOTIC: 建议使用I方法替代_param

[ 2015-12-17T17:17:46+08:00 ] 127.0.0.1 /new1130/search/index/search_key/%E6%B0%B4/fid/%3C%7B:U('search/%3C%7B:U('search/index',array('price_order'=%3E2,'search_key'=%3E$search_key))%7D%3E
NOTIC: 建议使用I方法替代_param
NOTIC: 建议使用I方法替代_param
NOTIC: 建议使用I方法替代_param
NOTIC: 建议使用I方法替代_param
NOTIC: 建议使用I方法替代_param
NOTIC: 建议使用I方法替代_param

[ 2015-12-17T17:17:50+08:00 ] 127.0.0.1 /new1130/search/index/search_key/%E6%B0%B4/fid/%3C%7B:U('search/%3C%7B:U('search/%3C%7B:U('search/index',array('price_order'=%3E2,'search_key'=%3E$search_key))%7D%3E
NOTIC: 建议使用I方法替代_param
NOTIC: 建议使用I方法替代_param
NOTIC: 建议使用I方法替代_param
NOTIC: 建议使用I方法替代_param
NOTIC: 建议使用I方法替代_param
NOTIC: 建议使用I方法替代_param

[ 2015-12-17T17:17:53+08:00 ] 127.0.0.1 /new1130/search/index/search_key/%E6%B0%B4/fid/%3C%7B:U('search/%3C%7B:U('search/%3C%7B:U('search/%3C%7B:U('search/index',array('brand_order'=%3E1,'search_key'=%3E$search_key))%7D%3E
NOTIC: 建议使用I方法替代_param
NOTIC: 建议使用I方法替代_param
NOTIC: 建议使用I方法替代_param
NOTIC: 建议使用I方法替代_param
NOTIC: 建议使用I方法替代_param
NOTIC: 建议使用I方法替代_param

[ 2015-12-17T17:22:39+08:00 ] 127.0.0.1 /new1130/search/index/search_key/%E6%B0%B4/fid/%3C%7B:U('search/%3C%7B:U('search/%3C%7B:U('search/%3C%7B:U('search/index',array('brand_order'=%3E1,'search_key'=%3E$search_key))%7D%3E
NOTIC: 建议使用I方法替代_param
NOTIC: 建议使用I方法替代_param
NOTIC: 建议使用I方法替代_param
NOTIC: 建议使用I方法替代_param
NOTIC: 建议使用I方法替代_param
NOTIC: 建议使用I方法替代_param

[ 2015-12-17T17:22:44+08:00 ] 127.0.0.1 /new1130/search/index/search_key/%E6%B0%B4/fid/%3C%7B:U('search/%3C%7B:U('search/%3C%7B:U('search/%3C%7B:U('search/%3C%7B:U('search/index',array('brand_order'=%3E1,'search_key'=%3E$search_key))%7D%3E
NOTIC: 建议使用I方法替代_param
NOTIC: 建议使用I方法替代_param
NOTIC: 建议使用I方法替代_param
NOTIC: 建议使用I方法替代_param
NOTIC: 建议使用I方法替代_param
NOTIC: 建议使用I方法替代_param

[ 2015-12-17T17:22:48+08:00 ] 127.0.0.1 /new1130/search/index/search_key/%E6%B0%B4/fid/1.html
NOTIC: 建议使用I方法替代_param
NOTIC: 建议使用I方法替代_param
NOTIC: 建议使用I方法替代_param
NOTIC: 建议使用I方法替代_param
NOTIC: 建议使用I方法替代_param
NOTIC: 建议使用I方法替代_param

[ 2015-12-17T17:22:51+08:00 ] 127.0.0.1 /new1130/search/index/search_key/%E6%B0%B4/fid/%3C%7B:U('search/index',array('price_order'=%3E2,'search_key'=%3E$search_key))%7D%3E
NOTIC: 建议使用I方法替代_param
NOTIC: 建议使用I方法替代_param
NOTIC: 建议使用I方法替代_param
NOTIC: 建议使用I方法替代_param
NOTIC: 建议使用I方法替代_param
NOTIC: 建议使用I方法替代_param

[ 2015-12-17T17:23:00+08:00 ] 127.0.0.1 /new1130/search/index/search_key/%E6%B0%B4/fid/1.html
NOTIC: 建议使用I方法替代_param
NOTIC: 建议使用I方法替代_param
NOTIC: 建议使用I方法替代_param
NOTIC: 建议使用I方法替代_param
NOTIC: 建议使用I方法替代_param
NOTIC: 建议使用I方法替代_param

[ 2015-12-17T17:30:06+08:00 ] 127.0.0.1 /new1130/search/index/search_key/%E6%B0%B4/fid/1.html
NOTIC: 建议使用I方法替代_param
NOTIC: 建议使用I方法替代_param
NOTIC: 建议使用I方法替代_param
NOTIC: 建议使用I方法替代_param
NOTIC: 建议使用I方法替代_param
NOTIC: 建议使用I方法替代_param

[ 2015-12-17T17:30:11+08:00 ] 127.0.0.1 /new1130/search/index/search_key/%E6%B0%B4/fid/%3C%7B:U('search/index',array('price_order'=%3E2,'search_key'=%3E$search_key))%7D%3E
NOTIC: 建议使用I方法替代_param
NOTIC: 建议使用I方法替代_param
NOTIC: 建议使用I方法替代_param
NOTIC: 建议使用I方法替代_param
NOTIC: 建议使用I方法替代_param
NOTIC: 建议使用I方法替代_param

[ 2015-12-17T17:30:15+08:00 ] 127.0.0.1 /new1130/search/index/search_key/%E6%B0%B4/fid/1.html
NOTIC: 建议使用I方法替代_param
NOTIC: 建议使用I方法替代_param
NOTIC: 建议使用I方法替代_param
NOTIC: 建议使用I方法替代_param
NOTIC: 建议使用I方法替代_param
NOTIC: 建议使用I方法替代_param

[ 2015-12-17T17:30:41+08:00 ] 127.0.0.1 /new1130/search/index/search_key/%E6%B0%B4/fid/1.html
NOTIC: 建议使用I方法替代_param
NOTIC: 建议使用I方法替代_param
NOTIC: 建议使用I方法替代_param
NOTIC: 建议使用I方法替代_param
NOTIC: 建议使用I方法替代_param
NOTIC: 建议使用I方法替代_param

[ 2015-12-17T17:30:58+08:00 ] 127.0.0.1 /new1130/search/index/search_key/%E6%B0%B4/fid/1.html
NOTIC: 建议使用I方法替代_param
NOTIC: 建议使用I方法替代_param
NOTIC: 建议使用I方法替代_param
NOTIC: 建议使用I方法替代_param
NOTIC: 建议使用I方法替代_param
NOTIC: 建议使用I方法替代_param

[ 2015-12-17T17:31:01+08:00 ] 127.0.0.1 /new1130/search/index/price_order/1/search_key/%E6%B0%B4.html
NOTIC: 建议使用I方法替代_param
NOTIC: 建议使用I方法替代_param
NOTIC: 建议使用I方法替代_param
NOTIC: 建议使用I方法替代_param
NOTIC: 建议使用I方法替代_param
NOTIC: 建议使用I方法替代_param

[ 2015-12-17T17:31:54+08:00 ] 127.0.0.1 /new1130/search/index/price_order/1/search_key/%E6%B0%B4.html
NOTIC: 建议使用I方法替代_param
NOTIC: 建议使用I方法替代_param
NOTIC: 建议使用I方法替代_param
NOTIC: 建议使用I方法替代_param
NOTIC: 建议使用I方法替代_param
NOTIC: 建议使用I方法替代_param

[ 2015-12-17T17:31:57+08:00 ] 127.0.0.1 /new1130/search/index/price_order/1/search_key/%E6%B0%B4/fid/1.html
NOTIC: 建议使用I方法替代_param
NOTIC: 建议使用I方法替代_param
NOTIC: 建议使用I方法替代_param
NOTIC: 建议使用I方法替代_param
NOTIC: 建议使用I方法替代_param
NOTIC: 建议使用I方法替代_param

[ 2015-12-17T17:32:03+08:00 ] 127.0.0.1 /new1130/search/index/price_order/1/search_key/%E6%B0%B4/fid/1.html
NOTIC: 建议使用I方法替代_param
NOTIC: 建议使用I方法替代_param
NOTIC: 建议使用I方法替代_param
NOTIC: 建议使用I方法替代_param
NOTIC: 建议使用I方法替代_param
NOTIC: 建议使用I方法替代_param

[ 2015-12-17T17:32:06+08:00 ] 127.0.0.1 /new1130/search/index/price_order/1/search_key/%E6%B0%B4/fid/1.html
NOTIC: 建议使用I方法替代_param
NOTIC: 建议使用I方法替代_param
NOTIC: 建议使用I方法替代_param
NOTIC: 建议使用I方法替代_param
NOTIC: 建议使用I方法替代_param
NOTIC: 建议使用I方法替代_param

[ 2015-12-17T17:32:09+08:00 ] 127.0.0.1 /new1130/search/index/brand_order/1/search_key/%E6%B0%B4/fid/1.html
NOTIC: 建议使用I方法替代_param
NOTIC: 建议使用I方法替代_param
NOTIC: 建议使用I方法替代_param
NOTIC: 建议使用I方法替代_param
NOTIC: 建议使用I方法替代_param
NOTIC: 建议使用I方法替代_param

[ 2015-12-17T17:32:13+08:00 ] 127.0.0.1 /new1130/search/index/brand_order/1/search_key/%E6%B0%B4/fid/1.html
NOTIC: 建议使用I方法替代_param
NOTIC: 建议使用I方法替代_param
NOTIC: 建议使用I方法替代_param
NOTIC: 建议使用I方法替代_param
NOTIC: 建议使用I方法替代_param
NOTIC: 建议使用I方法替代_param

[ 2015-12-17T17:35:42+08:00 ] 127.0.0.1 /new1130/search/index/brand_order/1/search_key/%E6%B0%B4/fid/1.html
NOTIC: 建议使用I方法替代_param
NOTIC: 建议使用I方法替代_param
NOTIC: 建议使用I方法替代_param
NOTIC: 建议使用I方法替代_param
NOTIC: 建议使用I方法替代_param
NOTIC: 建议使用I方法替代_param

[ 2015-12-17T17:35:45+08:00 ] 127.0.0.1 /new1130/search/index/price_order/1/search_key/%E6%B0%B4/fid/1.html
NOTIC: 建议使用I方法替代_param
NOTIC: 建议使用I方法替代_param
NOTIC: 建议使用I方法替代_param
NOTIC: 建议使用I方法替代_param
NOTIC: 建议使用I方法替代_param
NOTIC: 建议使用I方法替代_param

[ 2015-12-17T17:35:49+08:00 ] 127.0.0.1 /new1130/search/index/brand_order/1/search_key/%E6%B0%B4/fid/1.html
NOTIC: 建议使用I方法替代_param
NOTIC: 建议使用I方法替代_param
NOTIC: 建议使用I方法替代_param
NOTIC: 建议使用I方法替代_param
NOTIC: 建议使用I方法替代_param
NOTIC: 建议使用I方法替代_param

[ 2015-12-17T17:36:18+08:00 ] 127.0.0.1 /new1130/search/index/brand_order/1/search_key/%E6%B0%B4/fid/1.html
NOTIC: 建议使用I方法替代_param
NOTIC: 建议使用I方法替代_param
NOTIC: 建议使用I方法替代_param
NOTIC: 建议使用I方法替代_param
NOTIC: 建议使用I方法替代_param
NOTIC: 建议使用I方法替代_param

[ 2015-12-17T17:36:23+08:00 ] 127.0.0.1 /new1130/search/index/price_order/1/search_key/%E6%B0%B4/fid/1.html
NOTIC: 建议使用I方法替代_param
NOTIC: 建议使用I方法替代_param
NOTIC: 建议使用I方法替代_param
NOTIC: 建议使用I方法替代_param
NOTIC: 建议使用I方法替代_param
NOTIC: 建议使用I方法替代_param

[ 2015-12-17T17:36:26+08:00 ] 127.0.0.1 /new1130/search/index/brand_order/1/search_key/%E6%B0%B4/fid/1.html
NOTIC: 建议使用I方法替代_param
NOTIC: 建议使用I方法替代_param
NOTIC: 建议使用I方法替代_param
NOTIC: 建议使用I方法替代_param
NOTIC: 建议使用I方法替代_param
NOTIC: 建议使用I方法替代_param

[ 2015-12-17T17:36:28+08:00 ] 127.0.0.1 /new1130/search/index/brand_order/1/search_key/%E6%B0%B4/fid/1.html
NOTIC: 建议使用I方法替代_param
NOTIC: 建议使用I方法替代_param
NOTIC: 建议使用I方法替代_param
NOTIC: 建议使用I方法替代_param
NOTIC: 建议使用I方法替代_param
NOTIC: 建议使用I方法替代_param

[ 2015-12-17T17:37:48+08:00 ] 127.0.0.1 /new1130/search/index/brand_order/1/search_key/%E6%B0%B4/fid/1.html
NOTIC: 建议使用I方法替代_param
NOTIC: 建议使用I方法替代_param
NOTIC: 建议使用I方法替代_param
NOTIC: 建议使用I方法替代_param
NOTIC: 建议使用I方法替代_param
NOTIC: 建议使用I方法替代_param

[ 2015-12-17T17:37:51+08:00 ] 127.0.0.1 /new1130/search/index/price_order/1/search_key/%E6%B0%B4/fid/1.html
NOTIC: 建议使用I方法替代_param
NOTIC: 建议使用I方法替代_param
NOTIC: 建议使用I方法替代_param
NOTIC: 建议使用I方法替代_param
NOTIC: 建议使用I方法替代_param
NOTIC: 建议使用I方法替代_param

[ 2015-12-17T17:37:54+08:00 ] 127.0.0.1 /new1130/search/index/price_order/1/search_key/%E6%B0%B4/fid/1.html
NOTIC: 建议使用I方法替代_param
NOTIC: 建议使用I方法替代_param
NOTIC: 建议使用I方法替代_param
NOTIC: 建议使用I方法替代_param
NOTIC: 建议使用I方法替代_param
NOTIC: 建议使用I方法替代_param

[ 2015-12-17T17:38:14+08:00 ] 127.0.0.1 /new1130/search/index/price_order/1/search_key/%E6%B0%B4/fid/1.html
NOTIC: 建议使用I方法替代_param
NOTIC: 建议使用I方法替代_param
NOTIC: 建议使用I方法替代_param
NOTIC: 建议使用I方法替代_param
NOTIC: 建议使用I方法替代_param
NOTIC: 建议使用I方法替代_param

[ 2015-12-17T17:38:19+08:00 ] 127.0.0.1 /new1130/search/index/brand_order/1/search_key/%E6%B0%B4/fid/1.html
NOTIC: 建议使用I方法替代_param
NOTIC: 建议使用I方法替代_param
NOTIC: 建议使用I方法替代_param
NOTIC: 建议使用I方法替代_param
NOTIC: 建议使用I方法替代_param
NOTIC: 建议使用I方法替代_param

[ 2015-12-17T17:39:48+08:00 ] 127.0.0.1 /new1130/search/index/price_order/1/search_key/%E6%B0%B4/fid/1.html
NOTIC: 建议使用I方法替代_param
NOTIC: 建议使用I方法替代_param
NOTIC: 建议使用I方法替代_param
NOTIC: 建议使用I方法替代_param
NOTIC: 建议使用I方法替代_param
NOTIC: 建议使用I方法替代_param

[ 2015-12-17T17:44:39+08:00 ] 127.0.0.1 /new1130/search/index/price_order/1/search_key/%E6%B0%B4/fid/1.html
NOTIC: 建议使用I方法替代_param
NOTIC: 建议使用I方法替代_param
NOTIC: 建议使用I方法替代_param
NOTIC: 建议使用I方法替代_param
NOTIC: 建议使用I方法替代_param
NOTIC: 建议使用I方法替代_param

[ 2015-12-17T17:44:42+08:00 ] 127.0.0.1 /new1130/search/index/price_order/1/search_key/%E6%B0%B4/fid/1.html
NOTIC: 建议使用I方法替代_param
NOTIC: 建议使用I方法替代_param
NOTIC: 建议使用I方法替代_param
NOTIC: 建议使用I方法替代_param
NOTIC: 建议使用I方法替代_param
NOTIC: 建议使用I方法替代_param

[ 2015-12-17T17:45:45+08:00 ] 127.0.0.1 /new1130/search/index/price_order/1/search_key/%E6%B0%B4/fid/1.html
NOTIC: 建议使用I方法替代_param
NOTIC: 建议使用I方法替代_param
NOTIC: 建议使用I方法替代_param
NOTIC: 建议使用I方法替代_param
NOTIC: 建议使用I方法替代_param
NOTIC: 建议使用I方法替代_param

[ 2015-12-17T17:45:48+08:00 ] 127.0.0.1 /new1130/search/index/price_order/1/search_key/%E6%B0%B4/fid/1.html
NOTIC: 建议使用I方法替代_param
NOTIC: 建议使用I方法替代_param
NOTIC: 建议使用I方法替代_param
NOTIC: 建议使用I方法替代_param
NOTIC: 建议使用I方法替代_param
NOTIC: 建议使用I方法替代_param

[ 2015-12-17T17:46:52+08:00 ] 127.0.0.1 /new1130/search/index/price_order/1/search_key/%E6%B0%B4/fid/1.html
NOTIC: 建议使用I方法替代_param
NOTIC: 建议使用I方法替代_param
NOTIC: 建议使用I方法替代_param
NOTIC: 建议使用I方法替代_param
NOTIC: 建议使用I方法替代_param
NOTIC: 建议使用I方法替代_param

[ 2015-12-17T17:46:58+08:00 ] 127.0.0.1 /new1130/search/index/price_order/1/search_key/%E6%B0%B4/fid/1.html
NOTIC: 建议使用I方法替代_param
NOTIC: 建议使用I方法替代_param
NOTIC: 建议使用I方法替代_param
NOTIC: 建议使用I方法替代_param
NOTIC: 建议使用I方法替代_param
NOTIC: 建议使用I方法替代_param

[ 2015-12-17T17:47:02+08:00 ] 127.0.0.1 /new1130/search/index/price_order/1/search_key/%E6%B0%B4/fid/1.html
NOTIC: 建议使用I方法替代_param
NOTIC: 建议使用I方法替代_param
NOTIC: 建议使用I方法替代_param
NOTIC: 建议使用I方法替代_param
NOTIC: 建议使用I方法替代_param
NOTIC: 建议使用I方法替代_param

[ 2015-12-17T17:47:53+08:00 ] 127.0.0.1 /new1130/search/index/price_order/1/search_key/%E6%B0%B4/fid/1.html
NOTIC: 建议使用I方法替代_param
NOTIC: 建议使用I方法替代_param
NOTIC: 建议使用I方法替代_param
NOTIC: 建议使用I方法替代_param
NOTIC: 建议使用I方法替代_param
NOTIC: 建议使用I方法替代_param

[ 2015-12-17T17:48:04+08:00 ] 127.0.0.1 /new1130/search/index/price_order/1/search_key/%E6%B0%B4/fid/1.html
NOTIC: 建议使用I方法替代_param
NOTIC: 建议使用I方法替代_param
NOTIC: 建议使用I方法替代_param
NOTIC: 建议使用I方法替代_param
NOTIC: 建议使用I方法替代_param
NOTIC: 建议使用I方法替代_param

[ 2015-12-17T17:49:16+08:00 ] 127.0.0.1 /new1130/search/index/price_order/1/search_key/%E6%B0%B4/fid/1.html
NOTIC: 建议使用I方法替代_param
NOTIC: 建议使用I方法替代_param
NOTIC: 建议使用I方法替代_param
NOTIC: 建议使用I方法替代_param
NOTIC: 建议使用I方法替代_param
NOTIC: 建议使用I方法替代_param

[ 2015-12-17T17:49:19+08:00 ] 127.0.0.1 /new1130/search/index/price_order/1/search_key/%E6%B0%B4/fid/2.html
NOTIC: 建议使用I方法替代_param
NOTIC: 建议使用I方法替代_param
NOTIC: 建议使用I方法替代_param
NOTIC: 建议使用I方法替代_param
NOTIC: 建议使用I方法替代_param
NOTIC: 建议使用I方法替代_param

[ 2015-12-17T17:49:24+08:00 ] 127.0.0.1 /new1130/search/index/price_order/1/search_key/%E6%B0%B4/fid/%3C%7B:U('search/index',array('price_order'=%3E2,'search_key'=%3E$search_key,'fid'=%3E$fid))%7D%3E
NOTIC: 建议使用I方法替代_param
NOTIC: 建议使用I方法替代_param
NOTIC: 建议使用I方法替代_param
NOTIC: 建议使用I方法替代_param
NOTIC: 建议使用I方法替代_param
NOTIC: 建议使用I方法替代_param

[ 2015-12-17T17:49:27+08:00 ] 127.0.0.1 /new1130/search/index/price_order/1/search_key/%E6%B0%B4/fid/%3C%7B:U('search/%3C%7B:U('search/index',array('brand_order'=%3E1,'search_key'=%3E$search_key,'fid'=%3E$fid))%7D%3E
NOTIC: 建议使用I方法替代_param
NOTIC: 建议使用I方法替代_param
NOTIC: 建议使用I方法替代_param
NOTIC: 建议使用I方法替代_param
NOTIC: 建议使用I方法替代_param
NOTIC: 建议使用I方法替代_param

[ 2015-12-17T17:49:31+08:00 ] 127.0.0.1 /new1130/search/index/price_order/1/search_key/%E6%B0%B4/fid/1/search/index%27%2Carray%28%27brand_order%27%3D%26gt%3B1%2C%27search_key%27%3D%26gt%3B%24search_key%2C%27fid%27%3D%26gt%3B%24fid%29%29%7D%26gt%3B.html
NOTIC: 建议使用I方法替代_param
NOTIC: 建议使用I方法替代_param
NOTIC: 建议使用I方法替代_param
NOTIC: 建议使用I方法替代_param
NOTIC: 建议使用I方法替代_param
NOTIC: 建议使用I方法替代_param

[ 2015-12-17T17:53:45+08:00 ] 127.0.0.1 /new1130/search/index/price_order/1/search_key/%E6%B0%B4/fid/1.html
NOTIC: 建议使用I方法替代_param
NOTIC: 建议使用I方法替代_param
NOTIC: 建议使用I方法替代_param
NOTIC: 建议使用I方法替代_param
NOTIC: 建议使用I方法替代_param
NOTIC: 建议使用I方法替代_param

[ 2015-12-17T17:55:15+08:00 ] 127.0.0.1 /new1130/search/index/price_order/1/search_key/%E6%B0%B4/fid/1.html
NOTIC: 建议使用I方法替代_param
NOTIC: 建议使用I方法替代_param
NOTIC: 建议使用I方法替代_param
NOTIC: 建议使用I方法替代_param
NOTIC: 建议使用I方法替代_param
NOTIC: 建议使用I方法替代_param

[ 2015-12-17T17:55:18+08:00 ] 127.0.0.1 /new1130/search/index/price_order/1/search_key/%E6%B0%B4/fid/%3C%7B:U('search/index',array('price_order'=%3E2,'search_key'=%3E$search_key,'fid'=%3E$fid))%7D%3E
NOTIC: 建议使用I方法替代_param
NOTIC: 建议使用I方法替代_param
NOTIC: 建议使用I方法替代_param
NOTIC: 建议使用I方法替代_param
NOTIC: 建议使用I方法替代_param
NOTIC: 建议使用I方法替代_param

[ 2015-12-17T17:55:23+08:00 ] 127.0.0.1 /new1130/search/index/price_order/1/search_key/%E6%B0%B4/fid/1.html
NOTIC: 建议使用I方法替代_param
NOTIC: 建议使用I方法替代_param
NOTIC: 建议使用I方法替代_param
NOTIC: 建议使用I方法替代_param
NOTIC: 建议使用I方法替代_param
NOTIC: 建议使用I方法替代_param

[ 2015-12-17T17:59:09+08:00 ] 127.0.0.1 /new1130/search/index/search_key/%E6%B0%B4.html
NOTIC: 建议使用I方法替代_param
NOTIC: 建议使用I方法替代_param
NOTIC: 建议使用I方法替代_param
NOTIC: 建议使用I方法替代_param
NOTIC: 建议使用I方法替代_param
NOTIC: 建议使用I方法替代_param

[ 2015-12-17T17:59:26+08:00 ] 127.0.0.1 /new1130/search/index/search_key/%E6%B0%B4/fid/1.html
NOTIC: 建议使用I方法替代_param
NOTIC: 建议使用I方法替代_param
NOTIC: 建议使用I方法替代_param
NOTIC: 建议使用I方法替代_param
NOTIC: 建议使用I方法替代_param
NOTIC: 建议使用I方法替代_param

[ 2015-12-17T18:00:51+08:00 ] 127.0.0.1 /new1130/search/index/search_key/%E6%B0%B4/fid/1.html
NOTIC: 建议使用I方法替代_param
NOTIC: 建议使用I方法替代_param
NOTIC: 建议使用I方法替代_param
NOTIC: 建议使用I方法替代_param
NOTIC: 建议使用I方法替代_param
NOTIC: 建议使用I方法替代_param

[ 2015-12-17T18:04:18+08:00 ] 127.0.0.1 /new1130/search/index/search_key/%E6%B0%B4/fid/1.html
NOTIC: 建议使用I方法替代_param
NOTIC: 建议使用I方法替代_param
NOTIC: 建议使用I方法替代_param
NOTIC: 建议使用I方法替代_param
NOTIC: 建议使用I方法替代_param
NOTIC: 建议使用I方法替代_param

[ 2015-12-17T18:04:23+08:00 ] 127.0.0.1 /new1130/search/index/search_key/%E6%B0%B4/fid/%3C%7B:U('search/index',array('price_order'=%3E2,'search_key'=%3E$search_key,'fid'=%3E$fid))%7D%3E
NOTIC: 建议使用I方法替代_param
NOTIC: 建议使用I方法替代_param
NOTIC: 建议使用I方法替代_param
NOTIC: 建议使用I方法替代_param
NOTIC: 建议使用I方法替代_param
NOTIC: 建议使用I方法替代_param

[ 2015-12-17T18:04:27+08:00 ] 127.0.0.1 /new1130/search/index/search_key/%E6%B0%B4/fid/%3C%7B:U('search/%3C%7B:U('search/index',array('price_order'=%3E2,'search_key'=%3E$search_key,'fid'=%3E$fid))%7D%3E
NOTIC: 建议使用I方法替代_param
NOTIC: 建议使用I方法替代_param
NOTIC: 建议使用I方法替代_param
NOTIC: 建议使用I方法替代_param
NOTIC: 建议使用I方法替代_param
NOTIC: 建议使用I方法替代_param

[ 2015-12-17T18:05:32+08:00 ] 127.0.0.1 /new1130/search/index/search_key/%E6%B0%B4.html
NOTIC: 建议使用I方法替代_param
NOTIC: 建议使用I方法替代_param
NOTIC: 建议使用I方法替代_param
NOTIC: 建议使用I方法替代_param
NOTIC: 建议使用I方法替代_param
NOTIC: 建议使用I方法替代_param

[ 2015-12-17T18:05:36+08:00 ] 127.0.0.1 /new1130/search/index/search_key/%E6%B0%B4/fid/1.html
NOTIC: 建议使用I方法替代_param
NOTIC: 建议使用I方法替代_param
NOTIC: 建议使用I方法替代_param
NOTIC: 建议使用I方法替代_param
NOTIC: 建议使用I方法替代_param
NOTIC: 建议使用I方法替代_param

[ 2015-12-17T18:05:40+08:00 ] 127.0.0.1 /new1130/search/index/search_key/%E6%B0%B4/fid/%3C%7B:U('search/index',array('price_order'=%3E2,'search_key'=%3E$search_key,'fid'=%3E$fid))%7D%3E
NOTIC: 建议使用I方法替代_param
NOTIC: 建议使用I方法替代_param
NOTIC: 建议使用I方法替代_param
NOTIC: 建议使用I方法替代_param
NOTIC: 建议使用I方法替代_param
NOTIC: 建议使用I方法替代_param

[ 2015-12-17T18:06:03+08:00 ] 127.0.0.1 /new1130/search/index/search_key/%E6%B0%B4/fid/%3C%7B:U('search/index',array('price_order'=%3E2,'search_key'=%3E$search_key,'fid'=%3E$fid))%7D%3E
NOTIC: 建议使用I方法替代_param
NOTIC: 建议使用I方法替代_param
NOTIC: 建议使用I方法替代_param
NOTIC: 建议使用I方法替代_param
NOTIC: 建议使用I方法替代_param
NOTIC: 建议使用I方法替代_param

[ 2015-12-17T18:06:06+08:00 ] 127.0.0.1 /new1130/search/index/search_key/%E6%B0%B4/fid/%3C%7B:U('search/%3C%7B:U('search/index',array('price_order'=%3E2,'search_key'=%3E$search_key,'fid'=%3E$fid))%7D%3E
NOTIC: 建议使用I方法替代_param
NOTIC: 建议使用I方法替代_param
NOTIC: 建议使用I方法替代_param
NOTIC: 建议使用I方法替代_param
NOTIC: 建议使用I方法替代_param
NOTIC: 建议使用I方法替代_param

[ 2015-12-17T18:06:10+08:00 ] 127.0.0.1 /new1130/search/index/search_key/%E6%B0%B4/fid/%3C%7B:U('search/%3C%7B:U('search/%3C%7B:U('search/index',array('price_order'=%3E2,'search_key'=%3E$search_key,'fid'=%3E$fid))%7D%3E
NOTIC: 建议使用I方法替代_param
NOTIC: 建议使用I方法替代_param
NOTIC: 建议使用I方法替代_param
NOTIC: 建议使用I方法替代_param
NOTIC: 建议使用I方法替代_param
NOTIC: 建议使用I方法替代_param

[ 2015-12-17T18:08:46+08:00 ] 127.0.0.1 /new1130/search/index/search_key/%E6%B0%B4/fid/%3C%7B:U('search/%3C%7B:U('search/%3C%7B:U('search/index',array('price_order'=%3E2,'search_key'=%3E$search_key,'fid'=%3E$fid))%7D%3E
NOTIC: 建议使用I方法替代_param
NOTIC: 建议使用I方法替代_param
NOTIC: 建议使用I方法替代_param
NOTIC: 建议使用I方法替代_param
NOTIC: 建议使用I方法替代_param
NOTIC: 建议使用I方法替代_param

[ 2015-12-17T18:08:51+08:00 ] 127.0.0.1 /new1130/search/index/search_key/%E6%B0%B4/fid/1.html
NOTIC: 建议使用I方法替代_param
NOTIC: 建议使用I方法替代_param
NOTIC: 建议使用I方法替代_param
NOTIC: 建议使用I方法替代_param
NOTIC: 建议使用I方法替代_param
NOTIC: 建议使用I方法替代_param

[ 2015-12-17T18:09:00+08:00 ] 127.0.0.1 /new1130/search/index/search_key/%E6%B0%B4/fid/%3C%7B:U('search/index',array('brand_order'=%3E1,'search_key'=%3E$search_key,'fid'=%3E$fid))%7D%3E
NOTIC: 建议使用I方法替代_param
NOTIC: 建议使用I方法替代_param
NOTIC: 建议使用I方法替代_param
NOTIC: 建议使用I方法替代_param
NOTIC: 建议使用I方法替代_param
NOTIC: 建议使用I方法替代_param

[ 2015-12-17T18:13:54+08:00 ] 127.0.0.1 /new1130/search/index/search_key/%E6%B0%B4/fid/%3C%7B:U('search/index',array('brand_order'=%3E1,'search_key'=%3E$search_key,'fid'=%3E$fid))%7D%3E
NOTIC: 建议使用I方法替代_param
NOTIC: 建议使用I方法替代_param
NOTIC: 建议使用I方法替代_param
NOTIC: 建议使用I方法替代_param
NOTIC: 建议使用I方法替代_param
NOTIC: 建议使用I方法替代_param

[ 2015-12-17T18:13:57+08:00 ] 127.0.0.1 /new1130/search/index/search_key/%E6%B0%B4/fid/1.html
NOTIC: 建议使用I方法替代_param
NOTIC: 建议使用I方法替代_param
NOTIC: 建议使用I方法替代_param
NOTIC: 建议使用I方法替代_param
NOTIC: 建议使用I方法替代_param
NOTIC: 建议使用I方法替代_param

[ 2015-12-17T18:14:01+08:00 ] 127.0.0.1 /new1130/search/index/search_key/%E6%B0%B4/fid/%3C%7B:U('search/index',array('price_order'=%3E2,'search_key'=%3E$search_key,'fid'=%3E$fid))%7D%3E
NOTIC: 建议使用I方法替代_param
NOTIC: 建议使用I方法替代_param
NOTIC: 建议使用I方法替代_param
NOTIC: 建议使用I方法替代_param
NOTIC: 建议使用I方法替代_param
NOTIC: 建议使用I方法替代_param

[ 2015-12-17T18:15:36+08:00 ] 127.0.0.1 /new1130/search/index/search_key/%E6%B0%B4/fid/1.html
NOTIC: 建议使用I方法替代_param
NOTIC: 建议使用I方法替代_param
NOTIC: 建议使用I方法替代_param
NOTIC: 建议使用I方法替代_param
NOTIC: 建议使用I方法替代_param
NOTIC: 建议使用I方法替代_param

[ 2015-12-17T18:18:57+08:00 ] 127.0.0.1 /new1130/search/index/search_key/%E6%B0%B4/fid/1.html
NOTIC: 建议使用I方法替代_param
NOTIC: 建议使用I方法替代_param
NOTIC: 建议使用I方法替代_param
NOTIC: 建议使用I方法替代_param
NOTIC: 建议使用I方法替代_param
NOTIC: 建议使用I方法替代_param

[ 2015-12-17T18:19:24+08:00 ] 127.0.0.1 /new1130/search/index/search_key/%E6%B0%B4/fid/1.html
NOTIC: 建议使用I方法替代_param
NOTIC: 建议使用I方法替代_param
NOTIC: 建议使用I方法替代_param
NOTIC: 建议使用I方法替代_param
NOTIC: 建议使用I方法替代_param
NOTIC: 建议使用I方法替代_param

[ 2015-12-17T18:19:27+08:00 ] 127.0.0.1 /new1130/search/index/price_order/2/search_key/%E6%B0%B4/fid/1.html
NOTIC: 建议使用I方法替代_param
NOTIC: 建议使用I方法替代_param
NOTIC: 建议使用I方法替代_param
NOTIC: 建议使用I方法替代_param
NOTIC: 建议使用I方法替代_param
NOTIC: 建议使用I方法替代_param

[ 2015-12-17T18:20:01+08:00 ] 127.0.0.1 /new1130/search/index/price_order/2/search_key/%E6%B0%B4/fid/1.html
NOTIC: 建议使用I方法替代_param
NOTIC: 建议使用I方法替代_param
NOTIC: 建议使用I方法替代_param
NOTIC: 建议使用I方法替代_param
NOTIC: 建议使用I方法替代_param
NOTIC: 建议使用I方法替代_param

[ 2015-12-17T18:20:04+08:00 ] 127.0.0.1 /new1130/search/index/search_key/%E6%B0%B4.html
NOTIC: 建议使用I方法替代_param
NOTIC: 建议使用I方法替代_param
NOTIC: 建议使用I方法替代_param
NOTIC: 建议使用I方法替代_param
NOTIC: 建议使用I方法替代_param
NOTIC: 建议使用I方法替代_param

[ 2015-12-17T18:20:08+08:00 ] 127.0.0.1 /new1130/search/index/search_key/%E6%B0%B4.html
NOTIC: 建议使用I方法替代_param
NOTIC: 建议使用I方法替代_param
NOTIC: 建议使用I方法替代_param
NOTIC: 建议使用I方法替代_param
NOTIC: 建议使用I方法替代_param
NOTIC: 建议使用I方法替代_param

[ 2015-12-17T18:20:11+08:00 ] 127.0.0.1 /new1130/search/index/search_key/%E6%B0%B4/fid/1.html
NOTIC: 建议使用I方法替代_param
NOTIC: 建议使用I方法替代_param
NOTIC: 建议使用I方法替代_param
NOTIC: 建议使用I方法替代_param
NOTIC: 建议使用I方法替代_param
NOTIC: 建议使用I方法替代_param

[ 2015-12-17T18:20:14+08:00 ] 127.0.0.1 /new1130/search/index/price_order/2/search_key/%E6%B0%B4/fid/1.html
NOTIC: 建议使用I方法替代_param
NOTIC: 建议使用I方法替代_param
NOTIC: 建议使用I方法替代_param
NOTIC: 建议使用I方法替代_param
NOTIC: 建议使用I方法替代_param
NOTIC: 建议使用I方法替代_param

[ 2015-12-17T18:20:17+08:00 ] 127.0.0.1 /new1130/search/index/price_order/2/search_key/%E6%B0%B4/fid/1.html
NOTIC: 建议使用I方法替代_param
NOTIC: 建议使用I方法替代_param
NOTIC: 建议使用I方法替代_param
NOTIC: 建议使用I方法替代_param
NOTIC: 建议使用I方法替代_param
NOTIC: 建议使用I方法替代_param

[ 2015-12-17T18:20:33+08:00 ] 127.0.0.1 /new1130/search/index/search_key/%E6%B0%B4.html
NOTIC: 建议使用I方法替代_param
NOTIC: 建议使用I方法替代_param
NOTIC: 建议使用I方法替代_param
NOTIC: 建议使用I方法替代_param
NOTIC: 建议使用I方法替代_param
NOTIC: 建议使用I方法替代_param

[ 2015-12-17T18:20:36+08:00 ] 127.0.0.1 /new1130/search/index/search_key/%E6%B0%B4.html
NOTIC: 建议使用I方法替代_param
NOTIC: 建议使用I方法替代_param
NOTIC: 建议使用I方法替代_param
NOTIC: 建议使用I方法替代_param
NOTIC: 建议使用I方法替代_param
NOTIC: 建议使用I方法替代_param

[ 2015-12-17T18:20:39+08:00 ] 127.0.0.1 /new1130/search/index/price_order/2/search_key/%E6%B0%B4.html
NOTIC: 建议使用I方法替代_param
NOTIC: 建议使用I方法替代_param
NOTIC: 建议使用I方法替代_param
NOTIC: 建议使用I方法替代_param
NOTIC: 建议使用I方法替代_param
NOTIC: 建议使用I方法替代_param

[ 2015-12-17T18:20:43+08:00 ] 127.0.0.1 /new1130/search/index/price_order/2/search_key/%E6%B0%B4.html
NOTIC: 建议使用I方法替代_param
NOTIC: 建议使用I方法替代_param
NOTIC: 建议使用I方法替代_param
NOTIC: 建议使用I方法替代_param
NOTIC: 建议使用I方法替代_param
NOTIC: 建议使用I方法替代_param

[ 2015-12-17T18:21:35+08:00 ] 127.0.0.1 /new1130/search/index/price_order/2/search_key/%E6%B0%B4.html
NOTIC: 建议使用I方法替代_param
NOTIC: 建议使用I方法替代_param
NOTIC: 建议使用I方法替代_param
NOTIC: 建议使用I方法替代_param
NOTIC: 建议使用I方法替代_param
NOTIC: 建议使用I方法替代_param

[ 2015-12-17T18:21:39+08:00 ] 127.0.0.1 /new1130/search/index/search_key/%E6%B0%B4.html
NOTIC: 建议使用I方法替代_param
NOTIC: 建议使用I方法替代_param
NOTIC: 建议使用I方法替代_param
NOTIC: 建议使用I方法替代_param
NOTIC: 建议使用I方法替代_param
NOTIC: 建议使用I方法替代_param

[ 2015-12-17T18:21:43+08:00 ] 127.0.0.1 /new1130/search/index/price_order/1/search_key/%E6%B0%B4.html
NOTIC: 建议使用I方法替代_param
NOTIC: 建议使用I方法替代_param
NOTIC: 建议使用I方法替代_param
NOTIC: 建议使用I方法替代_param
NOTIC: 建议使用I方法替代_param
NOTIC: 建议使用I方法替代_param

[ 2015-12-17T18:22:20+08:00 ] 127.0.0.1 /new1130/search/index/price_order/1/search_key/%E6%B0%B4.html
NOTIC: 建议使用I方法替代_param
NOTIC: 建议使用I方法替代_param
NOTIC: 建议使用I方法替代_param
NOTIC: 建议使用I方法替代_param
NOTIC: 建议使用I方法替代_param
NOTIC: 建议使用I方法替代_param

[ 2015-12-17T18:22:34+08:00 ] 127.0.0.1 /new1130/search/index/price_order/1/search_key/%E6%B0%B4.html
NOTIC: 建议使用I方法替代_param
NOTIC: 建议使用I方法替代_param
NOTIC: 建议使用I方法替代_param
NOTIC: 建议使用I方法替代_param
NOTIC: 建议使用I方法替代_param
NOTIC: 建议使用I方法替代_param

[ 2015-12-17T18:22:38+08:00 ] 127.0.0.1 /new1130/search/index/price_order/2/search_key/%E6%B0%B4.html
NOTIC: 建议使用I方法替代_param
NOTIC: 建议使用I方法替代_param
NOTIC: 建议使用I方法替代_param
NOTIC: 建议使用I方法替代_param
NOTIC: 建议使用I方法替代_param
NOTIC: 建议使用I方法替代_param

[ 2015-12-17T18:22:42+08:00 ] 127.0.0.1 /new1130/search/index/price_order/1/search_key/%E6%B0%B4.html
NOTIC: 建议使用I方法替代_param
NOTIC: 建议使用I方法替代_param
NOTIC: 建议使用I方法替代_param
NOTIC: 建议使用I方法替代_param
NOTIC: 建议使用I方法替代_param
NOTIC: 建议使用I方法替代_param

[ 2015-12-17T18:22:45+08:00 ] 127.0.0.1 /new1130/search/index/price_order/2/search_key/%E6%B0%B4.html
NOTIC: 建议使用I方法替代_param
NOTIC: 建议使用I方法替代_param
NOTIC: 建议使用I方法替代_param
NOTIC: 建议使用I方法替代_param
NOTIC: 建议使用I方法替代_param
NOTIC: 建议使用I方法替代_param

[ 2015-12-17T18:22:48+08:00 ] 127.0.0.1 /new1130/search/index/price_order/1/search_key/%E6%B0%B4.html
NOTIC: 建议使用I方法替代_param
NOTIC: 建议使用I方法替代_param
NOTIC: 建议使用I方法替代_param
NOTIC: 建议使用I方法替代_param
NOTIC: 建议使用I方法替代_param
NOTIC: 建议使用I方法替代_param

[ 2015-12-17T18:22:56+08:00 ] 127.0.0.1 /new1130/search/index/price_order/2/search_key/%E6%B0%B4.html
NOTIC: 建议使用I方法替代_param
NOTIC: 建议使用I方法替代_param
NOTIC: 建议使用I方法替代_param
NOTIC: 建议使用I方法替代_param
NOTIC: 建议使用I方法替代_param
NOTIC: 建议使用I方法替代_param

[ 2015-12-17T18:23:20+08:00 ] 127.0.0.1 /new1130/search/index/price_order/1/search_key/%E6%B0%B4.html
NOTIC: 建议使用I方法替代_param
NOTIC: 建议使用I方法替代_param
NOTIC: 建议使用I方法替代_param
NOTIC: 建议使用I方法替代_param
NOTIC: 建议使用I方法替代_param
NOTIC: 建议使用I方法替代_param

[ 2015-12-17T18:23:26+08:00 ] 127.0.0.1 /new1130/search/index/price_order/1/search_key/%E6%B0%B4/p/5.html
NOTIC: 建议使用I方法替代_param
NOTIC: 建议使用I方法替代_param
NOTIC: 建议使用I方法替代_param
NOTIC: 建议使用I方法替代_param
NOTIC: 建议使用I方法替代_param
NOTIC: 建议使用I方法替代_param

[ 2015-12-17T18:23:32+08:00 ] 127.0.0.1 /new1130/search/index/price_order/1/search_key/%E6%B0%B4/p/10.html
NOTIC: 建议使用I方法替代_param
NOTIC: 建议使用I方法替代_param
NOTIC: 建议使用I方法替代_param
NOTIC: 建议使用I方法替代_param
NOTIC: 建议使用I方法替代_param
NOTIC: 建议使用I方法替代_param

[ 2015-12-17T18:23:38+08:00 ] 127.0.0.1 /new1130/search/index/price_order/1/search_key/%E6%B0%B4/p/10/fid/1.html
NOTIC: 建议使用I方法替代_param
NOTIC: 建议使用I方法替代_param
NOTIC: 建议使用I方法替代_param
NOTIC: 建议使用I方法替代_param
NOTIC: 建议使用I方法替代_param
NOTIC: 建议使用I方法替代_param

[ 2015-12-17T18:23:48+08:00 ] 127.0.0.1 /new1130/search/index/price_order/1/search_key/%E6%B0%B4/p/6/fid/1.html
NOTIC: 建议使用I方法替代_param
NOTIC: 建议使用I方法替代_param
NOTIC: 建议使用I方法替代_param
NOTIC: 建议使用I方法替代_param
NOTIC: 建议使用I方法替代_param
NOTIC: 建议使用I方法替代_param

[ 2015-12-17T18:23:53+08:00 ] 127.0.0.1 /new1130/search/index/price_order/1/search_key/%E6%B0%B4/p/1/fid/1.html
NOTIC: 建议使用I方法替代_param
NOTIC: 建议使用I方法替代_param
NOTIC: 建议使用I方法替代_param
NOTIC: 建议使用I方法替代_param
NOTIC: 建议使用I方法替代_param
NOTIC: 建议使用I方法替代_param

[ 2015-12-17T18:24:42+08:00 ] 127.0.0.1 /new1130/search/index/price_order/1/search_key/%E6%B0%B4/p/1/fid/1.html
NOTIC: 建议使用I方法替代_param
NOTIC: 建议使用I方法替代_param
NOTIC: 建议使用I方法替代_param
NOTIC: 建议使用I方法替代_param
NOTIC: 建议使用I方法替代_param
NOTIC: 建议使用I方法替代_param

[ 2015-12-17T18:24:49+08:00 ] 127.0.0.1 /new1130/search/index/price_order/2/search_key/%E6%B0%B4/fid/1.html
NOTIC: 建议使用I方法替代_param
NOTIC: 建议使用I方法替代_param
NOTIC: 建议使用I方法替代_param
NOTIC: 建议使用I方法替代_param
NOTIC: 建议使用I方法替代_param
NOTIC: 建议使用I方法替代_param

[ 2015-12-17T18:24:59+08:00 ] 127.0.0.1 /new1130/search/index/price_order/1/search_key/%E6%B0%B4/fid/1.html
NOTIC: 建议使用I方法替代_param
NOTIC: 建议使用I方法替代_param
NOTIC: 建议使用I方法替代_param
NOTIC: 建议使用I方法替代_param
NOTIC: 建议使用I方法替代_param
NOTIC: 建议使用I方法替代_param

[ 2015-12-17T18:25:08+08:00 ] 127.0.0.1 /new1130/search/index/price_order/1/search_key/%E6%B0%B4/fid/2.html
NOTIC: 建议使用I方法替代_param
NOTIC: 建议使用I方法替代_param
NOTIC: 建议使用I方法替代_param
NOTIC: 建议使用I方法替代_param
NOTIC: 建议使用I方法替代_param
NOTIC: 建议使用I方法替代_param

[ 2015-12-17T18:25:13+08:00 ] 127.0.0.1 /new1130/search/index/price_order/2/search_key/%E6%B0%B4/fid/2.html
NOTIC: 建议使用I方法替代_param
NOTIC: 建议使用I方法替代_param
NOTIC: 建议使用I方法替代_param
NOTIC: 建议使用I方法替代_param
NOTIC: 建议使用I方法替代_param
NOTIC: 建议使用I方法替代_param

[ 2015-12-17T18:25:19+08:00 ] 127.0.0.1 /new1130/search/index/price_order/2/search_key/%E6%B0%B4/fid/2/p/2.html
NOTIC: 建议使用I方法替代_param
NOTIC: 建议使用I方法替代_param
NOTIC: 建议使用I方法替代_param
NOTIC: 建议使用I方法替代_param
NOTIC: 建议使用I方法替代_param
NOTIC: 建议使用I方法替代_param

[ 2015-12-17T18:25:29+08:00 ] 127.0.0.1 /new1130/search/index/cat/84/search_key/%E6%B0%B4/fid/2.html
NOTIC: 建议使用I方法替代_param
NOTIC: 建议使用I方法替代_param
NOTIC: 建议使用I方法替代_param
NOTIC: 建议使用I方法替代_param
NOTIC: 建议使用I方法替代_param
NOTIC: 建议使用I方法替代_param

[ 2015-12-17T18:25:33+08:00 ] 127.0.0.1 /new1130/search/index/cat/84/cate_id/114/search_key/%E6%B0%B4/fid/2.html
NOTIC: 建议使用I方法替代_param
NOTIC: 建议使用I方法替代_param
NOTIC: 建议使用I方法替代_param
NOTIC: 建议使用I方法替代_param
NOTIC: 建议使用I方法替代_param
NOTIC: 建议使用I方法替代_param

[ 2015-12-17T18:25:37+08:00 ] 127.0.0.1 /new1130/search/index/cat/84/search_key/%E6%B0%B4/fid/2.html
NOTIC: 建议使用I方法替代_param
NOTIC: 建议使用I方法替代_param
NOTIC: 建议使用I方法替代_param
NOTIC: 建议使用I方法替代_param
NOTIC: 建议使用I方法替代_param
NOTIC: 建议使用I方法替代_param

[ 2015-12-17T18:26:13+08:00 ] 127.0.0.1 /new1130/search/index/price_order/1/search_key/%E6%B0%B4/fid/2.html
NOTIC: 建议使用I方法替代_param
NOTIC: 建议使用I方法替代_param
NOTIC: 建议使用I方法替代_param
NOTIC: 建议使用I方法替代_param
NOTIC: 建议使用I方法替代_param
NOTIC: 建议使用I方法替代_param

[ 2015-12-17T18:27:52+08:00 ] 127.0.0.1 /new1130/search/index/price_order/2/search_key/%E6%B0%B4/fid/2.html
NOTIC: 建议使用I方法替代_param
NOTIC: 建议使用I方法替代_param
NOTIC: 建议使用I方法替代_param
NOTIC: 建议使用I方法替代_param
NOTIC: 建议使用I方法替代_param
NOTIC: 建议使用I方法替代_param

[ 2015-12-17T18:27:58+08:00 ] 127.0.0.1 /new1130/search/index/brand_order/1/search_key/%E6%B0%B4/fid/2.html
NOTIC: 建议使用I方法替代_param
NOTIC: 建议使用I方法替代_param
NOTIC: 建议使用I方法替代_param
NOTIC: 建议使用I方法替代_param
NOTIC: 建议使用I方法替代_param
NOTIC: 建议使用I方法替代_param

[ 2015-12-17T18:40:28+08:00 ] 127.0.0.1 /new1130/search/index/brand_order/1/search_key/%E6%B0%B4/fid/2.html
NOTIC: 建议使用I方法替代_param
NOTIC: 建议使用I方法替代_param
NOTIC: 建议使用I方法替代_param
NOTIC: 建议使用I方法替代_param
NOTIC: 建议使用I方法替代_param
NOTIC: 建议使用I方法替代_param

[ 2015-12-17T18:40:33+08:00 ] 127.0.0.1 /new1130/search/index/brand_order/1/search_key/%E6%B0%B4/fid/1.html
NOTIC: 建议使用I方法替代_param
NOTIC: 建议使用I方法替代_param
NOTIC: 建议使用I方法替代_param
NOTIC: 建议使用I方法替代_param
NOTIC: 建议使用I方法替代_param
NOTIC: 建议使用I方法替代_param

[ 2015-12-17T18:40:37+08:00 ] 127.0.0.1 /new1130/search/index/brand_order/1/search_key/%E6%B0%B4/fid/1.html
NOTIC: 建议使用I方法替代_param
NOTIC: 建议使用I方法替代_param
NOTIC: 建议使用I方法替代_param
NOTIC: 建议使用I方法替代_param
NOTIC: 建议使用I方法替代_param
NOTIC: 建议使用I方法替代_param

[ 2015-12-17T18:41:06+08:00 ] 127.0.0.1 /new1130/search/index/brand_order/1/search_key/%E6%B0%B4/fid/1/p/10.html
NOTIC: 建议使用I方法替代_param
NOTIC: 建议使用I方法替代_param
NOTIC: 建议使用I方法替代_param
NOTIC: 建议使用I方法替代_param
NOTIC: 建议使用I方法替代_param
NOTIC: 建议使用I方法替代_param

