[ 2015-12-24T09:45:11+08:00 ] 127.0.0.1 /new1130/pchome/mall/main.html
ERR: 非法操作:main

[ 2015-12-24T09:45:48+08:00 ] 127.0.0.1 /new1130/app
ERR: 无法加载模块:Index

[ 2015-12-24T09:46:19+08:00 ] 127.0.0.1 /new1130/mobile
NOTIC: 建议使用I方法替代_get
NOTIC: 建议使用I方法替代_get

[ 2015-12-24T09:46:19+08:00 ] 127.0.0.1 /new1130/themes/default/Mobile/statics/css/wl_style.css?v=1450921579
ERR: 非法操作:default

[ 2015-12-24T09:46:21+08:00 ] 127.0.0.1 /new1130/mobile/tuan/push/t/1450921578.html?_=1450921580168
INFO: [ app_begin ] --START--
INFO: ReadHtmlCache Behavior ::run [ RunTime:0.002436s ]
INFO: [ app_begin ] --END-- [ RunTime:0.003014s ]
NOTIC: [2048] Declaration of SettingModel::fetchAll() should be compatible with CommonModel::fetchAll($field = '*', $where = Array, $limit = Array) C:\EasyPHP-DevServer-14.1VC9\data\localweb\new1130\pcw\Lib\Model\SettingModel.class.php 第 2 行.
NOTIC: [2048] Declaration of SettingModel::save() should be compatible with Model::save($data = '', $options = Array) C:\EasyPHP-DevServer-14.1VC9\data\localweb\new1130\pcw\Lib\Model\SettingModel.class.php 第 2 行.
SQL: SHOW COLUMNS FROM `pc_setting` [ RunTime:0.013957s ]
SQL: SHOW COLUMNS FROM `pc_city` [ RunTime:0.016352s ]
NOTIC: [8] Undefined variable: str C:\EasyPHP-DevServer-14.1VC9\data\localweb\new1130\ThinkPHP\Extend\Library\ORG\Crypt\Base64.class.php 第 69 行.
NOTIC: 建议使用I方法替代_get
NOTIC: 建议使用I方法替代_get
SQL: SHOW COLUMNS FROM `pc_shop_cate` [ RunTime:0.019700s ]
SQL: SHOW COLUMNS FROM `pc_tuan_cate` [ RunTime:0.012782s ]
SQL: SHOW COLUMNS FROM `pc_goods_cate` [ RunTime:0.015454s ]
SQL: SHOW COLUMNS FROM `pc_area` [ RunTime:0.014470s ]
SQL: SELECT * FROM `pc_area` ORDER BY `orderby` asc  [ RunTime:0.001078s ]
NOTIC: [2] Invalid argument supplied for foreach() C:\EasyPHP-DevServer-14.1VC9\data\localweb\new1130\pcw\Lib\Model\CommonModel.class.php 第 39 行.
SQL: SHOW COLUMNS FROM `pc_business` [ RunTime:0.017200s ]
SQL: SHOW COLUMNS FROM `pc_msg` [ RunTime:0.015753s ]
SQL: SELECT * FROM `pc_msg` WHERE ( `user_id` IN (0,0) ) LIMIT 0,20   [ RunTime:0.001915s ]
SQL: SHOW COLUMNS FROM `pc_tuan` [ RunTime:0.254628s ]
SQL: SELECT * FROM `pc_tuan` WHERE ( `closed` = 0 ) AND ( `city_id` = 1 ) AND ( `audit` = 1 ) AND ( `bg_date` <= '2015-12-24' ) AND ( `end_date` >= '2015-12-24' ) ORDER BY  (ABS(lng - '121.48') +  ABS(lat - '31.22') ) asc  LIMIT 0,10   [ RunTime:0.045448s ]
NOTIC: [2048] Declaration of SeoModel::fetchAll() should be compatible with CommonModel::fetchAll($field = '*', $where = Array, $limit = Array) C:\EasyPHP-DevServer-14.1VC9\data\localweb\new1130\ThinkPHP\Common\common.php 第 232 行.
SQL: SHOW COLUMNS FROM `pc_seo` [ RunTime:0.012436s ]
NOTIC: [2048] Declaration of TemplateModel::fetchAll() should be compatible with CommonModel::fetchAll($field = '*', $where = Array, $limit = Array) C:\EasyPHP-DevServer-14.1VC9\data\localweb\new1130\ThinkPHP\Common\common.php 第 232 行.
SQL: SHOW COLUMNS FROM `pc_template` [ RunTime:0.011511s ]
NOTIC: [8] Constant THEME_PATH already defined C:\EasyPHP-DevServer-14.1VC9\data\localweb\new1130\ThinkPHP\Lib\Core\View.class.php 第 154 行.
NOTIC: [8] Constant APP_TMPL_PATH already defined C:\EasyPHP-DevServer-14.1VC9\data\localweb\new1130\ThinkPHP\Lib\Core\View.class.php 第 155 行.
INFO: [ view_parse ] --START--
INFO: ParseTemplate Behavior ::run [ RunTime:0.071757s ]
INFO: [ view_parse ] --END-- [ RunTime:0.072357s ]
INFO: [ view_filter ] --START--
INFO: ContentReplace Behavior ::run [ RunTime:0.002328s ]
INFO: TokenBuild Behavior ::run [ RunTime:0.002393s ]
INFO: WriteHtmlCache Behavior ::run [ RunTime:0.001778s ]
INFO: ShowRuntime Behavior ::run [ RunTime:0.002750s ]
INFO: [ view_filter ] --END-- [ RunTime:0.010768s ]
INFO: [ view_end ] --START--
INFO: ShowPageTrace Behavior ::run [ RunTime:0.002179s ]
INFO: [ view_end ] --END-- [ RunTime:0.002717s ]

[ 2015-12-24T09:46:22+08:00 ] 127.0.0.1 /new1130/mobile/index/dingwei/t/1450921578/lat/31.172295305920773/lng/121.40745530455855.html?_=1450921581774
INFO: [ app_begin ] --START--
INFO: ReadHtmlCache Behavior ::run [ RunTime:0.002382s ]
INFO: [ app_begin ] --END-- [ RunTime:0.003011s ]
NOTIC: [2048] Declaration of SettingModel::fetchAll() should be compatible with CommonModel::fetchAll($field = '*', $where = Array, $limit = Array) C:\EasyPHP-DevServer-14.1VC9\data\localweb\new1130\pcw\Lib\Model\SettingModel.class.php 第 2 行.
NOTIC: [2048] Declaration of SettingModel::save() should be compatible with Model::save($data = '', $options = Array) C:\EasyPHP-DevServer-14.1VC9\data\localweb\new1130\pcw\Lib\Model\SettingModel.class.php 第 2 行.
SQL: SHOW COLUMNS FROM `pc_setting` [ RunTime:0.009820s ]
SQL: SHOW COLUMNS FROM `pc_city` [ RunTime:0.010471s ]
NOTIC: [8] Undefined variable: str C:\EasyPHP-DevServer-14.1VC9\data\localweb\new1130\ThinkPHP\Extend\Library\ORG\Crypt\Base64.class.php 第 69 行.
NOTIC: 建议使用I方法替代_get
NOTIC: 建议使用I方法替代_get
SQL: SHOW COLUMNS FROM `pc_shop_cate` [ RunTime:0.010123s ]
SQL: SHOW COLUMNS FROM `pc_tuan_cate` [ RunTime:0.010200s ]
SQL: SHOW COLUMNS FROM `pc_goods_cate` [ RunTime:0.010597s ]
SQL: SHOW COLUMNS FROM `pc_area` [ RunTime:0.009900s ]
SQL: SELECT * FROM `pc_area` ORDER BY `orderby` asc  [ RunTime:0.000677s ]
NOTIC: [2] Invalid argument supplied for foreach() C:\EasyPHP-DevServer-14.1VC9\data\localweb\new1130\pcw\Lib\Model\CommonModel.class.php 第 39 行.
SQL: SHOW COLUMNS FROM `pc_business` [ RunTime:0.009718s ]
SQL: SHOW COLUMNS FROM `pc_msg` [ RunTime:0.010209s ]
SQL: SELECT * FROM `pc_msg` WHERE ( `user_id` IN (0,0) ) LIMIT 0,20   [ RunTime:0.000877s ]
NOTIC: 建议使用I方法替代_get
NOTIC: 建议使用I方法替代_get

[ 2015-12-24T09:47:23+08:00 ] 127.0.0.1 /new1130/themes/default/Wuye/statics/LIB/css/style.css
ERR: 非法操作:default

[ 2015-12-24T09:48:15+08:00 ] 127.0.0.1 /new1130/weixin/2345
ERR: 非法操作:2345

[ 2015-12-24T09:48:44+08:00 ] 127.0.0.1 /new1130/weixin/common
ERR: 非法操作:common

