[ 2015-12-03T09:20:52+08:00 ] 127.0.0.1 /new1130/mall
NOTIC: 建议使用I方法替代_param
NOTIC: 建议使用I方法替代_param
NOTIC: 建议使用I方法替代_param
NOTIC: 建议使用I方法替代_param
NOTIC: 建议使用I方法替代_param

[ 2015-12-03T09:20:52+08:00 ] 127.0.0.1 /new1130/mall
NOTIC: 建议使用I方法替代_param
NOTIC: 建议使用I方法替代_param
NOTIC: 建议使用I方法替代_param
NOTIC: 建议使用I方法替代_param
NOTIC: 建议使用I方法替代_param

[ 2015-12-03T09:49:23+08:00 ] 127.0.0.1 /new1130/mall
NOTIC: 建议使用I方法替代_param
NOTIC: 建议使用I方法替代_param
NOTIC: 建议使用I方法替代_param
NOTIC: 建议使用I方法替代_param
NOTIC: 建议使用I方法替代_param

[ 2015-12-03T09:49:36+08:00 ] 127.0.0.1 /new1130/mall/index/cat/84.html
NOTIC: 建议使用I方法替代_param
NOTIC: 建议使用I方法替代_param
NOTIC: 建议使用I方法替代_param
NOTIC: 建议使用I方法替代_param
NOTIC: 建议使用I方法替代_param

[ 2015-12-03T09:50:06+08:00 ] 127.0.0.1 /new1130/mall/index/cat/84/cate_id/114.html
NOTIC: 建议使用I方法替代_param
NOTIC: 建议使用I方法替代_param
NOTIC: 建议使用I方法替代_param
NOTIC: 建议使用I方法替代_param
NOTIC: 建议使用I方法替代_param

[ 2015-12-03T09:51:22+08:00 ] 127.0.0.1 /new1130/mall/index/cat/84.html
NOTIC: 建议使用I方法替代_param
NOTIC: 建议使用I方法替代_param
NOTIC: 建议使用I方法替代_param
NOTIC: 建议使用I方法替代_param
NOTIC: 建议使用I方法替代_param

[ 2015-12-03T09:52:05+08:00 ] 127.0.0.1 /new1130/mall/index/cat/84/cate_id/114.html
NOTIC: 建议使用I方法替代_param
NOTIC: 建议使用I方法替代_param
NOTIC: 建议使用I方法替代_param
NOTIC: 建议使用I方法替代_param
NOTIC: 建议使用I方法替代_param

[ 2015-12-03T09:52:37+08:00 ] 127.0.0.1 /new1130/mall/index/cat/84.html
NOTIC: 建议使用I方法替代_param
NOTIC: 建议使用I方法替代_param
NOTIC: 建议使用I方法替代_param
NOTIC: 建议使用I方法替代_param
NOTIC: 建议使用I方法替代_param

[ 2015-12-03T09:54:20+08:00 ] 127.0.0.1 /new1130/mall
NOTIC: 建议使用I方法替代_param
NOTIC: 建议使用I方法替代_param
NOTIC: 建议使用I方法替代_param
NOTIC: 建议使用I方法替代_param
NOTIC: 建议使用I方法替代_param

[ 2015-12-03T09:54:20+08:00 ] 127.0.0.1 /new1130/mall
NOTIC: 建议使用I方法替代_param
NOTIC: 建议使用I方法替代_param
NOTIC: 建议使用I方法替代_param
NOTIC: 建议使用I方法替代_param
NOTIC: 建议使用I方法替代_param

[ 2015-12-03T09:54:28+08:00 ] 127.0.0.1 /new1130/mall/index/cat/84.html
NOTIC: 建议使用I方法替代_param
NOTIC: 建议使用I方法替代_param
NOTIC: 建议使用I方法替代_param
NOTIC: 建议使用I方法替代_param
NOTIC: 建议使用I方法替代_param

[ 2015-12-03T09:57:05+08:00 ] 127.0.0.1 /new1130/mall
NOTIC: 建议使用I方法替代_param
NOTIC: 建议使用I方法替代_param
NOTIC: 建议使用I方法替代_param
NOTIC: 建议使用I方法替代_param
NOTIC: 建议使用I方法替代_param

[ 2015-12-03T09:57:05+08:00 ] 127.0.0.1 /new1130/mall
NOTIC: 建议使用I方法替代_param
NOTIC: 建议使用I方法替代_param
NOTIC: 建议使用I方法替代_param
NOTIC: 建议使用I方法替代_param
NOTIC: 建议使用I方法替代_param

[ 2015-12-03T09:59:18+08:00 ] 127.0.0.1 /new1130/mall
NOTIC: 建议使用I方法替代_param
NOTIC: 建议使用I方法替代_param
NOTIC: 建议使用I方法替代_param
NOTIC: 建议使用I方法替代_param
NOTIC: 建议使用I方法替代_param

[ 2015-12-03T09:59:29+08:00 ] 127.0.0.1 /new1130/mall/index/cat/84.html
NOTIC: 建议使用I方法替代_param
NOTIC: 建议使用I方法替代_param
NOTIC: 建议使用I方法替代_param
NOTIC: 建议使用I方法替代_param
NOTIC: 建议使用I方法替代_param

[ 2015-12-03T10:03:33+08:00 ] 127.0.0.1 /new1130/mall/index/cat/84.html
NOTIC: 建议使用I方法替代_param
NOTIC: 建议使用I方法替代_param
NOTIC: 建议使用I方法替代_param
NOTIC: 建议使用I方法替代_param
NOTIC: 建议使用I方法替代_param

[ 2015-12-03T10:04:03+08:00 ] 127.0.0.1 /new1130/search
NOTIC: 建议使用I方法替代_param
NOTIC: 建议使用I方法替代_param
NOTIC: 建议使用I方法替代_param
NOTIC: 建议使用I方法替代_param
NOTIC: 建议使用I方法替代_param
NOTIC: 建议使用I方法替代_param
NOTIC: 建议使用I方法替代_param

[ 2015-12-03T10:04:03+08:00 ] 127.0.0.1 /new1130/search
NOTIC: 建议使用I方法替代_param
NOTIC: 建议使用I方法替代_param
NOTIC: 建议使用I方法替代_param
NOTIC: 建议使用I方法替代_param
NOTIC: 建议使用I方法替代_param
NOTIC: 建议使用I方法替代_param
NOTIC: 建议使用I方法替代_param

[ 2015-12-03T10:05:45+08:00 ] 127.0.0.1 /new1130/search
NOTIC: 建议使用I方法替代_param
NOTIC: 建议使用I方法替代_param
NOTIC: 建议使用I方法替代_param
NOTIC: 建议使用I方法替代_param
NOTIC: 建议使用I方法替代_param
NOTIC: 建议使用I方法替代_param
NOTIC: 建议使用I方法替代_param

[ 2015-12-03T10:05:56+08:00 ] 127.0.0.1 /new1130/mall
NOTIC: 建议使用I方法替代_param
NOTIC: 建议使用I方法替代_param
NOTIC: 建议使用I方法替代_param
NOTIC: 建议使用I方法替代_param
NOTIC: 建议使用I方法替代_param

[ 2015-12-03T10:09:21+08:00 ] 127.0.0.1 /new1130/mall
NOTIC: 建议使用I方法替代_param
NOTIC: 建议使用I方法替代_param
NOTIC: 建议使用I方法替代_param
NOTIC: 建议使用I方法替代_param
NOTIC: 建议使用I方法替代_param

[ 2015-12-03T10:10:12+08:00 ] 127.0.0.1 /new1130/mall
NOTIC: 建议使用I方法替代_param
NOTIC: 建议使用I方法替代_param
NOTIC: 建议使用I方法替代_param
NOTIC: 建议使用I方法替代_param
NOTIC: 建议使用I方法替代_param

[ 2015-12-03T10:10:16+08:00 ] 127.0.0.1 /new1130/mall/index/cat/84.html
NOTIC: 建议使用I方法替代_param
NOTIC: 建议使用I方法替代_param
NOTIC: 建议使用I方法替代_param
NOTIC: 建议使用I方法替代_param
NOTIC: 建议使用I方法替代_param

[ 2015-12-03T10:10:20+08:00 ] 127.0.0.1 /new1130/mall/index/cat/84/cate_id/134.html
NOTIC: 建议使用I方法替代_param
NOTIC: 建议使用I方法替代_param
NOTIC: 建议使用I方法替代_param
NOTIC: 建议使用I方法替代_param
NOTIC: 建议使用I方法替代_param

[ 2015-12-03T10:12:51+08:00 ] 127.0.0.1 /new1130/mall/index/cat/84/cate_id/134.html
NOTIC: 建议使用I方法替代_param
NOTIC: 建议使用I方法替代_param
NOTIC: 建议使用I方法替代_param
NOTIC: 建议使用I方法替代_param
NOTIC: 建议使用I方法替代_param

[ 2015-12-03T10:16:06+08:00 ] 127.0.0.1 /new1130/mall/index/cat/84/cate_id/134.html
NOTIC: 建议使用I方法替代_param
NOTIC: 建议使用I方法替代_param
NOTIC: 建议使用I方法替代_param
NOTIC: 建议使用I方法替代_param
NOTIC: 建议使用I方法替代_param

[ 2015-12-03T10:16:26+08:00 ] 127.0.0.1 /new1130/mall/index/cat/84/cate_id/134.html
NOTIC: 建议使用I方法替代_param
NOTIC: 建议使用I方法替代_param
NOTIC: 建议使用I方法替代_param
NOTIC: 建议使用I方法替代_param
NOTIC: 建议使用I方法替代_param

[ 2015-12-03T10:17:38+08:00 ] 127.0.0.1 /new1130/mall/index/cat/84/cate_id/134.html
NOTIC: 建议使用I方法替代_param
NOTIC: 建议使用I方法替代_param
NOTIC: 建议使用I方法替代_param
NOTIC: 建议使用I方法替代_param
NOTIC: 建议使用I方法替代_param

[ 2015-12-03T10:19:15+08:00 ] 127.0.0.1 /new1130/mall/index/cat/84/cate_id/134.html
NOTIC: 建议使用I方法替代_param
NOTIC: 建议使用I方法替代_param
NOTIC: 建议使用I方法替代_param
NOTIC: 建议使用I方法替代_param
NOTIC: 建议使用I方法替代_param

[ 2015-12-03T10:19:51+08:00 ] 127.0.0.1 /new1130/mall/index/cat/84/cate_id/134.html
NOTIC: 建议使用I方法替代_param
NOTIC: 建议使用I方法替代_param
NOTIC: 建议使用I方法替代_param
NOTIC: 建议使用I方法替代_param
NOTIC: 建议使用I方法替代_param

[ 2015-12-03T10:20:04+08:00 ] 127.0.0.1 /new1130/mall/index/cat/84/cate_id/134.html
NOTIC: 建议使用I方法替代_param
NOTIC: 建议使用I方法替代_param
NOTIC: 建议使用I方法替代_param
NOTIC: 建议使用I方法替代_param
NOTIC: 建议使用I方法替代_param

[ 2015-12-03T10:20:15+08:00 ] 127.0.0.1 /new1130/mall/index/cat/84/cate_id/134.html
NOTIC: 建议使用I方法替代_param
NOTIC: 建议使用I方法替代_param
NOTIC: 建议使用I方法替代_param
NOTIC: 建议使用I方法替代_param
NOTIC: 建议使用I方法替代_param

[ 2015-12-03T10:22:49+08:00 ] 127.0.0.1 /new1130/mall/index/cat/84/cate_id/134.html
NOTIC: 建议使用I方法替代_param
NOTIC: 建议使用I方法替代_param
NOTIC: 建议使用I方法替代_param
NOTIC: 建议使用I方法替代_param
NOTIC: 建议使用I方法替代_param

[ 2015-12-03T10:23:06+08:00 ] 127.0.0.1 /new1130/mall/index/cat/84/cate_id/134.html
NOTIC: 建议使用I方法替代_param
NOTIC: 建议使用I方法替代_param
NOTIC: 建议使用I方法替代_param
NOTIC: 建议使用I方法替代_param
NOTIC: 建议使用I方法替代_param

[ 2015-12-03T10:23:27+08:00 ] 127.0.0.1 /new1130/mall/index/cat/84/cate_id/134/p/2.html
NOTIC: 建议使用I方法替代_param
NOTIC: 建议使用I方法替代_param
NOTIC: 建议使用I方法替代_param
NOTIC: 建议使用I方法替代_param
NOTIC: 建议使用I方法替代_param

[ 2015-12-03T10:23:44+08:00 ] 127.0.0.1 /new1130/mall/index/cat/84/cate_id/134/p/2.html
NOTIC: 建议使用I方法替代_param
NOTIC: 建议使用I方法替代_param
NOTIC: 建议使用I方法替代_param
NOTIC: 建议使用I方法替代_param
NOTIC: 建议使用I方法替代_param

[ 2015-12-03T10:23:44+08:00 ] 127.0.0.1 /new1130/mall/index/cat/84/cate_id/134/p/2.html
NOTIC: 建议使用I方法替代_param
NOTIC: 建议使用I方法替代_param
NOTIC: 建议使用I方法替代_param
NOTIC: 建议使用I方法替代_param
NOTIC: 建议使用I方法替代_param

[ 2015-12-03T10:24:20+08:00 ] 127.0.0.1 /new1130/mall/index/cat/84/cate_id/134/p/2.html
NOTIC: 建议使用I方法替代_param
NOTIC: 建议使用I方法替代_param
NOTIC: 建议使用I方法替代_param
NOTIC: 建议使用I方法替代_param
NOTIC: 建议使用I方法替代_param

[ 2015-12-03T10:24:26+08:00 ] 127.0.0.1 /new1130/mall/index/cat/84/cate_id/134/p/1.html
NOTIC: 建议使用I方法替代_param
NOTIC: 建议使用I方法替代_param
NOTIC: 建议使用I方法替代_param
NOTIC: 建议使用I方法替代_param
NOTIC: 建议使用I方法替代_param

[ 2015-12-03T10:24:31+08:00 ] 127.0.0.1 /new1130/mall/index/cat/84/cate_id/134/p/3.html
NOTIC: 建议使用I方法替代_param
NOTIC: 建议使用I方法替代_param
NOTIC: 建议使用I方法替代_param
NOTIC: 建议使用I方法替代_param
NOTIC: 建议使用I方法替代_param

[ 2015-12-03T10:25:19+08:00 ] 127.0.0.1 /new1130/mall/index/cat/84/cate_id/134/p/1.html
NOTIC: 建议使用I方法替代_param
NOTIC: 建议使用I方法替代_param
NOTIC: 建议使用I方法替代_param
NOTIC: 建议使用I方法替代_param
NOTIC: 建议使用I方法替代_param

[ 2015-12-03T10:25:29+08:00 ] 127.0.0.1 /new1130/mall/index/cat/84/cate_id/134/p/2.html
NOTIC: 建议使用I方法替代_param
NOTIC: 建议使用I方法替代_param
NOTIC: 建议使用I方法替代_param
NOTIC: 建议使用I方法替代_param
NOTIC: 建议使用I方法替代_param

[ 2015-12-03T10:26:45+08:00 ] 127.0.0.1 /new1130/mall/index/cat/84/cate_id/134/p/2.html
NOTIC: 建议使用I方法替代_param
NOTIC: 建议使用I方法替代_param
NOTIC: 建议使用I方法替代_param
NOTIC: 建议使用I方法替代_param
NOTIC: 建议使用I方法替代_param

[ 2015-12-03T10:26:52+08:00 ] 127.0.0.1 /new1130/mall/index/cat/84/cate_id/134/p/2.html
NOTIC: 建议使用I方法替代_param
NOTIC: 建议使用I方法替代_param
NOTIC: 建议使用I方法替代_param
NOTIC: 建议使用I方法替代_param
NOTIC: 建议使用I方法替代_param

[ 2015-12-03T10:27:08+08:00 ] 127.0.0.1 /new1130/mall/index/cat/84/cate_id/134/p/3.html
NOTIC: 建议使用I方法替代_param
NOTIC: 建议使用I方法替代_param
NOTIC: 建议使用I方法替代_param
NOTIC: 建议使用I方法替代_param
NOTIC: 建议使用I方法替代_param

[ 2015-12-03T10:27:55+08:00 ] 127.0.0.1 /new1130/mall/index/cat/84/cate_id/134/p/3.html
NOTIC: 建议使用I方法替代_param
NOTIC: 建议使用I方法替代_param
NOTIC: 建议使用I方法替代_param
NOTIC: 建议使用I方法替代_param
NOTIC: 建议使用I方法替代_param

[ 2015-12-03T10:28:19+08:00 ] 127.0.0.1 /new1130/mall/index/cat/84/cate_id/134/p/3.html
NOTIC: 建议使用I方法替代_param
NOTIC: 建议使用I方法替代_param
NOTIC: 建议使用I方法替代_param
NOTIC: 建议使用I方法替代_param
NOTIC: 建议使用I方法替代_param

[ 2015-12-03T10:29:26+08:00 ] 127.0.0.1 /new1130/mall/index/cat/84/cate_id/134/p/3.html
NOTIC: 建议使用I方法替代_param
NOTIC: 建议使用I方法替代_param
NOTIC: 建议使用I方法替代_param
NOTIC: 建议使用I方法替代_param
NOTIC: 建议使用I方法替代_param

[ 2015-12-03T10:29:55+08:00 ] 127.0.0.1 /new1130/mall/index.html
NOTIC: 建议使用I方法替代_param
NOTIC: 建议使用I方法替代_param
NOTIC: 建议使用I方法替代_param
NOTIC: 建议使用I方法替代_param
NOTIC: 建议使用I方法替代_param

[ 2015-12-03T10:30:07+08:00 ] 127.0.0.1 /new1130/mall/index.html
NOTIC: 建议使用I方法替代_param
NOTIC: 建议使用I方法替代_param
NOTIC: 建议使用I方法替代_param
NOTIC: 建议使用I方法替代_param
NOTIC: 建议使用I方法替代_param

[ 2015-12-03T10:30:26+08:00 ] 127.0.0.1 /new1130/mall/index.html
NOTIC: 建议使用I方法替代_param
NOTIC: 建议使用I方法替代_param
NOTIC: 建议使用I方法替代_param
NOTIC: 建议使用I方法替代_param
NOTIC: 建议使用I方法替代_param

[ 2015-12-03T10:35:29+08:00 ] 127.0.0.1 /new1130/mall/index.html
NOTIC: 建议使用I方法替代_param
NOTIC: 建议使用I方法替代_param
NOTIC: 建议使用I方法替代_param
NOTIC: 建议使用I方法替代_param
NOTIC: 建议使用I方法替代_param

[ 2015-12-03T10:38:39+08:00 ] 127.0.0.1 /new1130/mall/index.html
NOTIC: 建议使用I方法替代_param
NOTIC: 建议使用I方法替代_param
NOTIC: 建议使用I方法替代_param
NOTIC: 建议使用I方法替代_param
NOTIC: 建议使用I方法替代_param

[ 2015-12-03T10:39:27+08:00 ] 127.0.0.1 /new1130/mall/index.html
NOTIC: 建议使用I方法替代_param
NOTIC: 建议使用I方法替代_param
NOTIC: 建议使用I方法替代_param
NOTIC: 建议使用I方法替代_param
NOTIC: 建议使用I方法替代_param

[ 2015-12-03T10:39:35+08:00 ] 127.0.0.1 /new1130/mall/index/p/4.html
NOTIC: 建议使用I方法替代_param
NOTIC: 建议使用I方法替代_param
NOTIC: 建议使用I方法替代_param
NOTIC: 建议使用I方法替代_param
NOTIC: 建议使用I方法替代_param

[ 2015-12-03T10:40:38+08:00 ] 127.0.0.1 /new1130/mall/index/p/5.html
NOTIC: 建议使用I方法替代_param
NOTIC: 建议使用I方法替代_param
NOTIC: 建议使用I方法替代_param
NOTIC: 建议使用I方法替代_param
NOTIC: 建议使用I方法替代_param

[ 2015-12-03T10:41:09+08:00 ] 127.0.0.1 /new1130/mall/index/p/133.html
NOTIC: 建议使用I方法替代_param
NOTIC: 建议使用I方法替代_param
NOTIC: 建议使用I方法替代_param
NOTIC: 建议使用I方法替代_param
NOTIC: 建议使用I方法替代_param

[ 2015-12-03T10:41:43+08:00 ] 127.0.0.1 /new1130/mall/index/p/133.html
NOTIC: 建议使用I方法替代_param
NOTIC: 建议使用I方法替代_param
NOTIC: 建议使用I方法替代_param
NOTIC: 建议使用I方法替代_param
NOTIC: 建议使用I方法替代_param

[ 2015-12-03T10:47:50+08:00 ] 127.0.0.1 /new1130/mall/index/p/133.html
NOTIC: 建议使用I方法替代_param
NOTIC: 建议使用I方法替代_param
NOTIC: 建议使用I方法替代_param
NOTIC: 建议使用I方法替代_param
NOTIC: 建议使用I方法替代_param

[ 2015-12-03T10:50:43+08:00 ] 127.0.0.1 /new1130/mall/index/p/133.html
NOTIC: 建议使用I方法替代_param
NOTIC: 建议使用I方法替代_param
NOTIC: 建议使用I方法替代_param
NOTIC: 建议使用I方法替代_param
NOTIC: 建议使用I方法替代_param

[ 2015-12-03T10:50:58+08:00 ] 127.0.0.1 /new1130/mall/index/p/133.html
NOTIC: 建议使用I方法替代_param
NOTIC: 建议使用I方法替代_param
NOTIC: 建议使用I方法替代_param
NOTIC: 建议使用I方法替代_param
NOTIC: 建议使用I方法替代_param

[ 2015-12-03T10:51:34+08:00 ] 127.0.0.1 /new1130/mall/index/p/133.html
NOTIC: 建议使用I方法替代_param
NOTIC: 建议使用I方法替代_param
NOTIC: 建议使用I方法替代_param
NOTIC: 建议使用I方法替代_param
NOTIC: 建议使用I方法替代_param

[ 2015-12-03T10:52:37+08:00 ] 127.0.0.1 /new1130/mall/index/p/133.html
NOTIC: 建议使用I方法替代_param
NOTIC: 建议使用I方法替代_param
NOTIC: 建议使用I方法替代_param
NOTIC: 建议使用I方法替代_param
NOTIC: 建议使用I方法替代_param

[ 2015-12-03T10:54:19+08:00 ] 127.0.0.1 /new1130/mall/index/p/133.html
NOTIC: 建议使用I方法替代_param
NOTIC: 建议使用I方法替代_param
NOTIC: 建议使用I方法替代_param
NOTIC: 建议使用I方法替代_param
NOTIC: 建议使用I方法替代_param

[ 2015-12-03T10:55:02+08:00 ] 127.0.0.1 /new1130/mall/index/p/133.html
NOTIC: 建议使用I方法替代_param
NOTIC: 建议使用I方法替代_param
NOTIC: 建议使用I方法替代_param
NOTIC: 建议使用I方法替代_param
NOTIC: 建议使用I方法替代_param

[ 2015-12-03T10:55:38+08:00 ] 127.0.0.1 /new1130/mall/index/p/1.html
NOTIC: 建议使用I方法替代_param
NOTIC: 建议使用I方法替代_param
NOTIC: 建议使用I方法替代_param
NOTIC: 建议使用I方法替代_param
NOTIC: 建议使用I方法替代_param

[ 2015-12-03T10:57:20+08:00 ] 127.0.0.1 /new1130/mall/index/p/1.html
NOTIC: 建议使用I方法替代_param
NOTIC: 建议使用I方法替代_param
NOTIC: 建议使用I方法替代_param
NOTIC: 建议使用I方法替代_param
NOTIC: 建议使用I方法替代_param

[ 2015-12-03T10:59:58+08:00 ] 127.0.0.1 /new1130/mall/index/p/1.html
NOTIC: 建议使用I方法替代_param
NOTIC: 建议使用I方法替代_param
NOTIC: 建议使用I方法替代_param
NOTIC: 建议使用I方法替代_param
NOTIC: 建议使用I方法替代_param

[ 2015-12-03T11:05:18+08:00 ] 127.0.0.1 /new1130/mall/index/p/1.html
NOTIC: 建议使用I方法替代_param
NOTIC: 建议使用I方法替代_param
NOTIC: 建议使用I方法替代_param
NOTIC: 建议使用I方法替代_param
NOTIC: 建议使用I方法替代_param

[ 2015-12-03T11:07:57+08:00 ] 127.0.0.1 /new1130/mall/index/p/1.html
NOTIC: 建议使用I方法替代_param
NOTIC: 建议使用I方法替代_param
NOTIC: 建议使用I方法替代_param
NOTIC: 建议使用I方法替代_param
NOTIC: 建议使用I方法替代_param

[ 2015-12-03T11:08:36+08:00 ] 127.0.0.1 /new1130/mall/index/p/1.html
NOTIC: 建议使用I方法替代_param
NOTIC: 建议使用I方法替代_param
NOTIC: 建议使用I方法替代_param
NOTIC: 建议使用I方法替代_param
NOTIC: 建议使用I方法替代_param

[ 2015-12-03T11:08:45+08:00 ] 127.0.0.1 /new1130/mall/index/p/1.html
NOTIC: 建议使用I方法替代_param
NOTIC: 建议使用I方法替代_param
NOTIC: 建议使用I方法替代_param
NOTIC: 建议使用I方法替代_param
NOTIC: 建议使用I方法替代_param

[ 2015-12-03T11:09:31+08:00 ] 127.0.0.1 /new1130/mall/index/p/1.html
NOTIC: 建议使用I方法替代_param
NOTIC: 建议使用I方法替代_param
NOTIC: 建议使用I方法替代_param
NOTIC: 建议使用I方法替代_param
NOTIC: 建议使用I方法替代_param

[ 2015-12-03T11:09:39+08:00 ] 127.0.0.1 /new1130/mall/index/p/1.html
NOTIC: 建议使用I方法替代_param
NOTIC: 建议使用I方法替代_param
NOTIC: 建议使用I方法替代_param
NOTIC: 建议使用I方法替代_param
NOTIC: 建议使用I方法替代_param

[ 2015-12-03T11:11:26+08:00 ] 127.0.0.1 /new1130/mall/index/p/1.html
NOTIC: 建议使用I方法替代_param
NOTIC: 建议使用I方法替代_param
NOTIC: 建议使用I方法替代_param
NOTIC: 建议使用I方法替代_param
NOTIC: 建议使用I方法替代_param

[ 2015-12-03T11:11:54+08:00 ] 127.0.0.1 /new1130/mall/index/p/1.html
NOTIC: 建议使用I方法替代_param
NOTIC: 建议使用I方法替代_param
NOTIC: 建议使用I方法替代_param
NOTIC: 建议使用I方法替代_param
NOTIC: 建议使用I方法替代_param

[ 2015-12-03T11:11:57+08:00 ] 127.0.0.1 /new1130/mall/index/p/1.html
NOTIC: 建议使用I方法替代_param
NOTIC: 建议使用I方法替代_param
NOTIC: 建议使用I方法替代_param
NOTIC: 建议使用I方法替代_param
NOTIC: 建议使用I方法替代_param

[ 2015-12-03T11:12:19+08:00 ] 127.0.0.1 /new1130/mall/index/p/1.html
NOTIC: 建议使用I方法替代_param
NOTIC: 建议使用I方法替代_param
NOTIC: 建议使用I方法替代_param
NOTIC: 建议使用I方法替代_param
NOTIC: 建议使用I方法替代_param

[ 2015-12-03T11:12:35+08:00 ] 127.0.0.1 /new1130/mall/index/p/1.html
NOTIC: 建议使用I方法替代_param
NOTIC: 建议使用I方法替代_param
NOTIC: 建议使用I方法替代_param
NOTIC: 建议使用I方法替代_param
NOTIC: 建议使用I方法替代_param

[ 2015-12-03T11:12:59+08:00 ] 127.0.0.1 /new1130/mall/index/p/1.html
NOTIC: 建议使用I方法替代_param
NOTIC: 建议使用I方法替代_param
NOTIC: 建议使用I方法替代_param
NOTIC: 建议使用I方法替代_param
NOTIC: 建议使用I方法替代_param

[ 2015-12-03T11:13:14+08:00 ] 127.0.0.1 /new1130/mall/index/p/1.html
NOTIC: 建议使用I方法替代_param
NOTIC: 建议使用I方法替代_param
NOTIC: 建议使用I方法替代_param
NOTIC: 建议使用I方法替代_param
NOTIC: 建议使用I方法替代_param

[ 2015-12-03T11:13:40+08:00 ] 127.0.0.1 /new1130/mall/index/p/1.html
NOTIC: 建议使用I方法替代_param
NOTIC: 建议使用I方法替代_param
NOTIC: 建议使用I方法替代_param
NOTIC: 建议使用I方法替代_param
NOTIC: 建议使用I方法替代_param

[ 2015-12-03T11:14:14+08:00 ] 127.0.0.1 /new1130/mall/index/p/1.html
NOTIC: 建议使用I方法替代_param
NOTIC: 建议使用I方法替代_param
NOTIC: 建议使用I方法替代_param
NOTIC: 建议使用I方法替代_param
NOTIC: 建议使用I方法替代_param

[ 2015-12-03T11:16:25+08:00 ] 127.0.0.1 /new1130/mall/index/p/1.html
NOTIC: 建议使用I方法替代_param
NOTIC: 建议使用I方法替代_param
NOTIC: 建议使用I方法替代_param
NOTIC: 建议使用I方法替代_param
NOTIC: 建议使用I方法替代_param

[ 2015-12-03T11:16:35+08:00 ] 127.0.0.1 /new1130/mall/index/p/1.html
NOTIC: 建议使用I方法替代_param
NOTIC: 建议使用I方法替代_param
NOTIC: 建议使用I方法替代_param
NOTIC: 建议使用I方法替代_param
NOTIC: 建议使用I方法替代_param

[ 2015-12-03T11:17:18+08:00 ] 127.0.0.1 /new1130/mall/index/p/1.html
NOTIC: 建议使用I方法替代_param
NOTIC: 建议使用I方法替代_param
NOTIC: 建议使用I方法替代_param
NOTIC: 建议使用I方法替代_param
NOTIC: 建议使用I方法替代_param

[ 2015-12-03T11:18:20+08:00 ] 127.0.0.1 /new1130/mall/index/p/1.html
NOTIC: 建议使用I方法替代_param
NOTIC: 建议使用I方法替代_param
NOTIC: 建议使用I方法替代_param
NOTIC: 建议使用I方法替代_param
NOTIC: 建议使用I方法替代_param

[ 2015-12-03T11:18:58+08:00 ] 127.0.0.1 /new1130/mall/index/p/1.html
NOTIC: 建议使用I方法替代_param
NOTIC: 建议使用I方法替代_param
NOTIC: 建议使用I方法替代_param
NOTIC: 建议使用I方法替代_param
NOTIC: 建议使用I方法替代_param

[ 2015-12-03T11:19:26+08:00 ] 127.0.0.1 /new1130/mall/index/p/1.html
NOTIC: 建议使用I方法替代_param
NOTIC: 建议使用I方法替代_param
NOTIC: 建议使用I方法替代_param
NOTIC: 建议使用I方法替代_param
NOTIC: 建议使用I方法替代_param

[ 2015-12-03T11:23:02+08:00 ] 127.0.0.1 /new1130/mall/index/p/1.html
NOTIC: 建议使用I方法替代_param
NOTIC: 建议使用I方法替代_param
NOTIC: 建议使用I方法替代_param
NOTIC: 建议使用I方法替代_param
NOTIC: 建议使用I方法替代_param

[ 2015-12-03T11:30:53+08:00 ] 127.0.0.1 /new1130/mall/index/p/1.html
NOTIC: 建议使用I方法替代_param
NOTIC: 建议使用I方法替代_param
NOTIC: 建议使用I方法替代_param
NOTIC: 建议使用I方法替代_param
NOTIC: 建议使用I方法替代_param

[ 2015-12-03T11:31:17+08:00 ] 127.0.0.1 /new1130/mall/index/p/1.html
NOTIC: 建议使用I方法替代_param
NOTIC: 建议使用I方法替代_param
NOTIC: 建议使用I方法替代_param
NOTIC: 建议使用I方法替代_param
NOTIC: 建议使用I方法替代_param

[ 2015-12-03T11:39:26+08:00 ] 127.0.0.1 /new1130/mall/index/p/1.html
NOTIC: 建议使用I方法替代_param
NOTIC: 建议使用I方法替代_param
NOTIC: 建议使用I方法替代_param
NOTIC: 建议使用I方法替代_param
NOTIC: 建议使用I方法替代_param

[ 2015-12-03T11:39:46+08:00 ] 127.0.0.1 /new1130/mall/index/p/1.html
NOTIC: 建议使用I方法替代_param
NOTIC: 建议使用I方法替代_param
NOTIC: 建议使用I方法替代_param
NOTIC: 建议使用I方法替代_param
NOTIC: 建议使用I方法替代_param

[ 2015-12-03T11:40:50+08:00 ] 127.0.0.1 /new1130/mall/index/p/1.html
NOTIC: 建议使用I方法替代_param
NOTIC: 建议使用I方法替代_param
NOTIC: 建议使用I方法替代_param
NOTIC: 建议使用I方法替代_param
NOTIC: 建议使用I方法替代_param

[ 2015-12-03T11:41:16+08:00 ] 127.0.0.1 /new1130/mall/index/p/1.html
NOTIC: 建议使用I方法替代_param
NOTIC: 建议使用I方法替代_param
NOTIC: 建议使用I方法替代_param
NOTIC: 建议使用I方法替代_param
NOTIC: 建议使用I方法替代_param

[ 2015-12-03T11:41:40+08:00 ] 127.0.0.1 /new1130/mall/index/p/1.html
NOTIC: 建议使用I方法替代_param
NOTIC: 建议使用I方法替代_param
NOTIC: 建议使用I方法替代_param
NOTIC: 建议使用I方法替代_param
NOTIC: 建议使用I方法替代_param

[ 2015-12-03T12:06:12+08:00 ] 127.0.0.1 /new1130/mall
NOTIC: 建议使用I方法替代_param
NOTIC: 建议使用I方法替代_param
NOTIC: 建议使用I方法替代_param
NOTIC: 建议使用I方法替代_param
NOTIC: 建议使用I方法替代_param

[ 2015-12-03T12:06:12+08:00 ] 127.0.0.1 /new1130/mall
NOTIC: 建议使用I方法替代_param
NOTIC: 建议使用I方法替代_param
NOTIC: 建议使用I方法替代_param
NOTIC: 建议使用I方法替代_param
NOTIC: 建议使用I方法替代_param

[ 2015-12-03T12:08:43+08:00 ] 127.0.0.1 /new1130/mall
NOTIC: 建议使用I方法替代_param
NOTIC: 建议使用I方法替代_param
NOTIC: 建议使用I方法替代_param
NOTIC: 建议使用I方法替代_param
NOTIC: 建议使用I方法替代_param

[ 2015-12-03T12:13:58+08:00 ] 127.0.0.1 /new1130/mall
NOTIC: 建议使用I方法替代_param
NOTIC: 建议使用I方法替代_param
NOTIC: 建议使用I方法替代_param
NOTIC: 建议使用I方法替代_param
NOTIC: 建议使用I方法替代_param

[ 2015-12-03T12:16:00+08:00 ] 127.0.0.1 /new1130/mall
NOTIC: 建议使用I方法替代_param
NOTIC: 建议使用I方法替代_param
NOTIC: 建议使用I方法替代_param
NOTIC: 建议使用I方法替代_param
NOTIC: 建议使用I方法替代_param

[ 2015-12-03T12:16:54+08:00 ] 127.0.0.1 /new1130/mall
NOTIC: 建议使用I方法替代_param
NOTIC: 建议使用I方法替代_param
NOTIC: 建议使用I方法替代_param
NOTIC: 建议使用I方法替代_param
NOTIC: 建议使用I方法替代_param

[ 2015-12-03T12:17:21+08:00 ] 127.0.0.1 /new1130/mall
NOTIC: 建议使用I方法替代_param
NOTIC: 建议使用I方法替代_param
NOTIC: 建议使用I方法替代_param
NOTIC: 建议使用I方法替代_param
NOTIC: 建议使用I方法替代_param

[ 2015-12-03T12:42:27+08:00 ] 127.0.0.1 /new1130/mall
NOTIC: 建议使用I方法替代_param
NOTIC: 建议使用I方法替代_param
NOTIC: 建议使用I方法替代_param
NOTIC: 建议使用I方法替代_param
NOTIC: 建议使用I方法替代_param

[ 2015-12-03T12:57:43+08:00 ] 127.0.0.1 /new1130/mall
NOTIC: 建议使用I方法替代_param
NOTIC: 建议使用I方法替代_param
NOTIC: 建议使用I方法替代_param
NOTIC: 建议使用I方法替代_param
NOTIC: 建议使用I方法替代_param

[ 2015-12-03T13:04:57+08:00 ] 127.0.0.1 /new1130/mall
NOTIC: 建议使用I方法替代_param
NOTIC: 建议使用I方法替代_param
NOTIC: 建议使用I方法替代_param
NOTIC: 建议使用I方法替代_param
NOTIC: 建议使用I方法替代_param

[ 2015-12-03T13:05:45+08:00 ] 127.0.0.1 /new1130/mall
NOTIC: 建议使用I方法替代_param
NOTIC: 建议使用I方法替代_param
NOTIC: 建议使用I方法替代_param
NOTIC: 建议使用I方法替代_param
NOTIC: 建议使用I方法替代_param

[ 2015-12-03T13:05:50+08:00 ] 127.0.0.1 /new1130/mall/index/cat/84.html
NOTIC: 建议使用I方法替代_param
NOTIC: 建议使用I方法替代_param
NOTIC: 建议使用I方法替代_param
NOTIC: 建议使用I方法替代_param
NOTIC: 建议使用I方法替代_param

[ 2015-12-03T13:07:04+08:00 ] 127.0.0.1 /new1130/mall/index.html
NOTIC: 建议使用I方法替代_param
NOTIC: 建议使用I方法替代_param
NOTIC: 建议使用I方法替代_param
NOTIC: 建议使用I方法替代_param
NOTIC: 建议使用I方法替代_param

[ 2015-12-03T14:02:05+08:00 ] 127.0.0.1 /new1130/mall/index.html
NOTIC: 建议使用I方法替代_param
NOTIC: 建议使用I方法替代_param
NOTIC: 建议使用I方法替代_param
NOTIC: 建议使用I方法替代_param
NOTIC: 建议使用I方法替代_param
NOTIC: 建议使用I方法替代_param
NOTIC: 建议使用I方法替代_param

[ 2015-12-03T14:04:31+08:00 ] 127.0.0.1 /new1130/mall/index.html
NOTIC: 建议使用I方法替代_param
NOTIC: 建议使用I方法替代_param
NOTIC: 建议使用I方法替代_param
NOTIC: 建议使用I方法替代_param
NOTIC: 建议使用I方法替代_param
NOTIC: 建议使用I方法替代_param
NOTIC: 建议使用I方法替代_param

[ 2015-12-03T14:04:53+08:00 ] 127.0.0.1 /new1130/mall/index.html
NOTIC: 建议使用I方法替代_param
NOTIC: 建议使用I方法替代_param
NOTIC: 建议使用I方法替代_param
NOTIC: 建议使用I方法替代_param
NOTIC: 建议使用I方法替代_param
NOTIC: 建议使用I方法替代_param
NOTIC: 建议使用I方法替代_param

[ 2015-12-03T14:05:46+08:00 ] 127.0.0.1 /new1130/mall/index.html
NOTIC: 建议使用I方法替代_param
NOTIC: 建议使用I方法替代_param
NOTIC: 建议使用I方法替代_param
NOTIC: 建议使用I方法替代_param
NOTIC: 建议使用I方法替代_param
NOTIC: 建议使用I方法替代_param
NOTIC: 建议使用I方法替代_param

[ 2015-12-03T14:09:22+08:00 ] 127.0.0.1 /new1130/mall/index.html
NOTIC: 建议使用I方法替代_param
NOTIC: 建议使用I方法替代_param
NOTIC: 建议使用I方法替代_param
NOTIC: 建议使用I方法替代_param
NOTIC: 建议使用I方法替代_param
NOTIC: 建议使用I方法替代_param
NOTIC: 建议使用I方法替代_param

[ 2015-12-03T14:10:39+08:00 ] 127.0.0.1 /new1130/mall/index.html
NOTIC: 建议使用I方法替代_param
NOTIC: 建议使用I方法替代_param
NOTIC: 建议使用I方法替代_param
NOTIC: 建议使用I方法替代_param
NOTIC: 建议使用I方法替代_param
NOTIC: 建议使用I方法替代_param
NOTIC: 建议使用I方法替代_param

[ 2015-12-03T14:11:14+08:00 ] 127.0.0.1 /new1130/mall/index.html
NOTIC: 建议使用I方法替代_param
NOTIC: 建议使用I方法替代_param
NOTIC: 建议使用I方法替代_param
NOTIC: 建议使用I方法替代_param
NOTIC: 建议使用I方法替代_param
NOTIC: 建议使用I方法替代_param
NOTIC: 建议使用I方法替代_param

[ 2015-12-03T14:11:30+08:00 ] 127.0.0.1 /new1130/mall/index.html
NOTIC: 建议使用I方法替代_param
NOTIC: 建议使用I方法替代_param
NOTIC: 建议使用I方法替代_param
NOTIC: 建议使用I方法替代_param
NOTIC: 建议使用I方法替代_param
NOTIC: 建议使用I方法替代_param
NOTIC: 建议使用I方法替代_param

[ 2015-12-03T14:12:06+08:00 ] 127.0.0.1 /new1130/mall/index.html
NOTIC: 建议使用I方法替代_param
NOTIC: 建议使用I方法替代_param
NOTIC: 建议使用I方法替代_param
NOTIC: 建议使用I方法替代_param
NOTIC: 建议使用I方法替代_param
NOTIC: 建议使用I方法替代_param
NOTIC: 建议使用I方法替代_param

[ 2015-12-03T14:12:57+08:00 ] 127.0.0.1 /new1130/mall/index.html
NOTIC: 建议使用I方法替代_param
NOTIC: 建议使用I方法替代_param
NOTIC: 建议使用I方法替代_param
NOTIC: 建议使用I方法替代_param
NOTIC: 建议使用I方法替代_param
NOTIC: 建议使用I方法替代_param
NOTIC: 建议使用I方法替代_param

[ 2015-12-03T14:13:17+08:00 ] 127.0.0.1 /new1130/mall/index.html
NOTIC: 建议使用I方法替代_param
NOTIC: 建议使用I方法替代_param
NOTIC: 建议使用I方法替代_param
NOTIC: 建议使用I方法替代_param
NOTIC: 建议使用I方法替代_param
NOTIC: 建议使用I方法替代_param
NOTIC: 建议使用I方法替代_param

[ 2015-12-03T14:13:55+08:00 ] 127.0.0.1 /new1130/mall/index.html
NOTIC: 建议使用I方法替代_param
NOTIC: 建议使用I方法替代_param
NOTIC: 建议使用I方法替代_param
NOTIC: 建议使用I方法替代_param
NOTIC: 建议使用I方法替代_param
NOTIC: 建议使用I方法替代_param
NOTIC: 建议使用I方法替代_param
ERR: Model:_format您所请求的方法不存在！

[ 2015-12-03T14:14:30+08:00 ] 127.0.0.1 /new1130/mall/index.html
NOTIC: 建议使用I方法替代_param
NOTIC: 建议使用I方法替代_param
NOTIC: 建议使用I方法替代_param
NOTIC: 建议使用I方法替代_param
NOTIC: 建议使用I方法替代_param
NOTIC: 建议使用I方法替代_param
NOTIC: 建议使用I方法替代_param
ERR: Model:_format您所请求的方法不存在！

[ 2015-12-03T14:16:20+08:00 ] 127.0.0.1 /new1130/mall/index.html
NOTIC: 建议使用I方法替代_param
NOTIC: 建议使用I方法替代_param
NOTIC: 建议使用I方法替代_param
NOTIC: 建议使用I方法替代_param
NOTIC: 建议使用I方法替代_param
NOTIC: 建议使用I方法替代_param
NOTIC: 建议使用I方法替代_param

[ 2015-12-03T14:16:55+08:00 ] 127.0.0.1 /new1130/mall/index.html
NOTIC: 建议使用I方法替代_param
NOTIC: 建议使用I方法替代_param
NOTIC: 建议使用I方法替代_param
NOTIC: 建议使用I方法替代_param
NOTIC: 建议使用I方法替代_param
NOTIC: 建议使用I方法替代_param
NOTIC: 建议使用I方法替代_param

[ 2015-12-03T14:17:13+08:00 ] 127.0.0.1 /new1130/mall/index.html
NOTIC: 建议使用I方法替代_param
NOTIC: 建议使用I方法替代_param
NOTIC: 建议使用I方法替代_param
NOTIC: 建议使用I方法替代_param
NOTIC: 建议使用I方法替代_param
NOTIC: 建议使用I方法替代_param
NOTIC: 建议使用I方法替代_param

[ 2015-12-03T14:18:00+08:00 ] 127.0.0.1 /new1130/mall/index.html
NOTIC: 建议使用I方法替代_param
NOTIC: 建议使用I方法替代_param
NOTIC: 建议使用I方法替代_param
NOTIC: 建议使用I方法替代_param
NOTIC: 建议使用I方法替代_param
NOTIC: 建议使用I方法替代_param
NOTIC: 建议使用I方法替代_param

[ 2015-12-03T14:18:24+08:00 ] 127.0.0.1 /new1130/mall/index.html
NOTIC: 建议使用I方法替代_param
NOTIC: 建议使用I方法替代_param
NOTIC: 建议使用I方法替代_param
NOTIC: 建议使用I方法替代_param
NOTIC: 建议使用I方法替代_param
NOTIC: 建议使用I方法替代_param
NOTIC: 建议使用I方法替代_param

[ 2015-12-03T14:20:10+08:00 ] 127.0.0.1 /new1130/mall/index.html
NOTIC: 建议使用I方法替代_param
NOTIC: 建议使用I方法替代_param
NOTIC: 建议使用I方法替代_param
NOTIC: 建议使用I方法替代_param
NOTIC: 建议使用I方法替代_param
NOTIC: 建议使用I方法替代_param
NOTIC: 建议使用I方法替代_param

[ 2015-12-03T14:20:42+08:00 ] 127.0.0.1 /new1130/mall/index.html
NOTIC: 建议使用I方法替代_param
NOTIC: 建议使用I方法替代_param
NOTIC: 建议使用I方法替代_param
NOTIC: 建议使用I方法替代_param
NOTIC: 建议使用I方法替代_param
NOTIC: 建议使用I方法替代_param
NOTIC: 建议使用I方法替代_param
ERR: Model:_format您所请求的方法不存在！

[ 2015-12-03T14:24:01+08:00 ] 127.0.0.1 /new1130/mall/index.html
NOTIC: 建议使用I方法替代_param
NOTIC: 建议使用I方法替代_param
NOTIC: 建议使用I方法替代_param
NOTIC: 建议使用I方法替代_param
NOTIC: 建议使用I方法替代_param
NOTIC: 建议使用I方法替代_param
NOTIC: 建议使用I方法替代_param

[ 2015-12-03T14:24:50+08:00 ] 127.0.0.1 /new1130/mall/index.html
NOTIC: 建议使用I方法替代_param
NOTIC: 建议使用I方法替代_param
NOTIC: 建议使用I方法替代_param
NOTIC: 建议使用I方法替代_param
NOTIC: 建议使用I方法替代_param
NOTIC: 建议使用I方法替代_param
NOTIC: 建议使用I方法替代_param

[ 2015-12-03T14:25:21+08:00 ] 127.0.0.1 /new1130/mall/index.html
NOTIC: 建议使用I方法替代_param
NOTIC: 建议使用I方法替代_param
NOTIC: 建议使用I方法替代_param
NOTIC: 建议使用I方法替代_param
NOTIC: 建议使用I方法替代_param
NOTIC: 建议使用I方法替代_param
NOTIC: 建议使用I方法替代_param

[ 2015-12-03T14:26:26+08:00 ] 127.0.0.1 /new1130/mall/index.html
NOTIC: 建议使用I方法替代_param
NOTIC: 建议使用I方法替代_param
NOTIC: 建议使用I方法替代_param
NOTIC: 建议使用I方法替代_param
NOTIC: 建议使用I方法替代_param
NOTIC: 建议使用I方法替代_param
NOTIC: 建议使用I方法替代_param

[ 2015-12-03T14:26:36+08:00 ] 127.0.0.1 /new1130/mall/index.html
NOTIC: 建议使用I方法替代_param
NOTIC: 建议使用I方法替代_param
NOTIC: 建议使用I方法替代_param
NOTIC: 建议使用I方法替代_param
NOTIC: 建议使用I方法替代_param
NOTIC: 建议使用I方法替代_param
NOTIC: 建议使用I方法替代_param

[ 2015-12-03T14:26:53+08:00 ] 127.0.0.1 /new1130/mall/index.html
NOTIC: 建议使用I方法替代_param
NOTIC: 建议使用I方法替代_param
NOTIC: 建议使用I方法替代_param
NOTIC: 建议使用I方法替代_param
NOTIC: 建议使用I方法替代_param
NOTIC: 建议使用I方法替代_param
NOTIC: 建议使用I方法替代_param

[ 2015-12-03T14:27:32+08:00 ] 127.0.0.1 /new1130/mall/index.html
NOTIC: 建议使用I方法替代_param
NOTIC: 建议使用I方法替代_param
NOTIC: 建议使用I方法替代_param
NOTIC: 建议使用I方法替代_param
NOTIC: 建议使用I方法替代_param
NOTIC: 建议使用I方法替代_param
NOTIC: 建议使用I方法替代_param

[ 2015-12-03T14:30:21+08:00 ] 127.0.0.1 /new1130/mall/index.html
NOTIC: 建议使用I方法替代_param
NOTIC: 建议使用I方法替代_param
NOTIC: 建议使用I方法替代_param
NOTIC: 建议使用I方法替代_param
NOTIC: 建议使用I方法替代_param
NOTIC: 建议使用I方法替代_param
NOTIC: 建议使用I方法替代_param

[ 2015-12-03T14:30:43+08:00 ] 127.0.0.1 /new1130/mall/index.html
NOTIC: 建议使用I方法替代_param
NOTIC: 建议使用I方法替代_param
NOTIC: 建议使用I方法替代_param
NOTIC: 建议使用I方法替代_param
NOTIC: 建议使用I方法替代_param
NOTIC: 建议使用I方法替代_param
NOTIC: 建议使用I方法替代_param

[ 2015-12-03T14:31:08+08:00 ] 127.0.0.1 /new1130/mall/index.html
NOTIC: 建议使用I方法替代_param
NOTIC: 建议使用I方法替代_param
NOTIC: 建议使用I方法替代_param
NOTIC: 建议使用I方法替代_param
NOTIC: 建议使用I方法替代_param
NOTIC: 建议使用I方法替代_param
NOTIC: 建议使用I方法替代_param

[ 2015-12-03T14:31:45+08:00 ] 127.0.0.1 /new1130/mall/index.html
NOTIC: 建议使用I方法替代_param
NOTIC: 建议使用I方法替代_param
NOTIC: 建议使用I方法替代_param
NOTIC: 建议使用I方法替代_param
NOTIC: 建议使用I方法替代_param
NOTIC: 建议使用I方法替代_param
NOTIC: 建议使用I方法替代_param

[ 2015-12-03T14:32:05+08:00 ] 127.0.0.1 /new1130/mall/index.html
NOTIC: 建议使用I方法替代_param
NOTIC: 建议使用I方法替代_param
NOTIC: 建议使用I方法替代_param
NOTIC: 建议使用I方法替代_param
NOTIC: 建议使用I方法替代_param
NOTIC: 建议使用I方法替代_param
NOTIC: 建议使用I方法替代_param

[ 2015-12-03T14:32:23+08:00 ] 127.0.0.1 /new1130/mall/index.html
NOTIC: 建议使用I方法替代_param
NOTIC: 建议使用I方法替代_param
NOTIC: 建议使用I方法替代_param
NOTIC: 建议使用I方法替代_param
NOTIC: 建议使用I方法替代_param
NOTIC: 建议使用I方法替代_param
NOTIC: 建议使用I方法替代_param

[ 2015-12-03T14:32:55+08:00 ] 127.0.0.1 /new1130/mall/index.html
NOTIC: 建议使用I方法替代_param
NOTIC: 建议使用I方法替代_param
NOTIC: 建议使用I方法替代_param
NOTIC: 建议使用I方法替代_param
NOTIC: 建议使用I方法替代_param
NOTIC: 建议使用I方法替代_param
NOTIC: 建议使用I方法替代_param

[ 2015-12-03T14:33:16+08:00 ] 127.0.0.1 /new1130/mall/index.html
NOTIC: 建议使用I方法替代_param
NOTIC: 建议使用I方法替代_param
NOTIC: 建议使用I方法替代_param
NOTIC: 建议使用I方法替代_param
NOTIC: 建议使用I方法替代_param
NOTIC: 建议使用I方法替代_param
NOTIC: 建议使用I方法替代_param

[ 2015-12-03T14:33:33+08:00 ] 127.0.0.1 /new1130/mall/index.html
NOTIC: 建议使用I方法替代_param
NOTIC: 建议使用I方法替代_param
NOTIC: 建议使用I方法替代_param
NOTIC: 建议使用I方法替代_param
NOTIC: 建议使用I方法替代_param
NOTIC: 建议使用I方法替代_param
NOTIC: 建议使用I方法替代_param

[ 2015-12-03T14:33:49+08:00 ] 127.0.0.1 /new1130/mall/index.html
NOTIC: 建议使用I方法替代_param
NOTIC: 建议使用I方法替代_param
NOTIC: 建议使用I方法替代_param
NOTIC: 建议使用I方法替代_param
NOTIC: 建议使用I方法替代_param
NOTIC: 建议使用I方法替代_param
NOTIC: 建议使用I方法替代_param

[ 2015-12-03T14:35:47+08:00 ] 127.0.0.1 /new1130/mall/index.html
NOTIC: 建议使用I方法替代_param
NOTIC: 建议使用I方法替代_param
NOTIC: 建议使用I方法替代_param
NOTIC: 建议使用I方法替代_param
NOTIC: 建议使用I方法替代_param
NOTIC: 建议使用I方法替代_param
NOTIC: 建议使用I方法替代_param

[ 2015-12-03T14:36:11+08:00 ] 127.0.0.1 /new1130/mall/index.html
NOTIC: 建议使用I方法替代_param
NOTIC: 建议使用I方法替代_param
NOTIC: 建议使用I方法替代_param
NOTIC: 建议使用I方法替代_param
NOTIC: 建议使用I方法替代_param
NOTIC: 建议使用I方法替代_param
NOTIC: 建议使用I方法替代_param

[ 2015-12-03T14:37:01+08:00 ] 127.0.0.1 /new1130/mall/index.html
NOTIC: 建议使用I方法替代_param
NOTIC: 建议使用I方法替代_param
NOTIC: 建议使用I方法替代_param
NOTIC: 建议使用I方法替代_param
NOTIC: 建议使用I方法替代_param
NOTIC: 建议使用I方法替代_param
NOTIC: 建议使用I方法替代_param

[ 2015-12-03T14:39:31+08:00 ] 127.0.0.1 /new1130/mall/index.html
NOTIC: 建议使用I方法替代_param
NOTIC: 建议使用I方法替代_param
NOTIC: 建议使用I方法替代_param
NOTIC: 建议使用I方法替代_param
NOTIC: 建议使用I方法替代_param
NOTIC: 建议使用I方法替代_param
NOTIC: 建议使用I方法替代_param

[ 2015-12-03T14:41:33+08:00 ] 127.0.0.1 /new1130/mall/index/cat/84.html
NOTIC: 建议使用I方法替代_param
NOTIC: 建议使用I方法替代_param
NOTIC: 建议使用I方法替代_param
NOTIC: 建议使用I方法替代_param
NOTIC: 建议使用I方法替代_param

[ 2015-12-03T14:42:11+08:00 ] 127.0.0.1 /new1130/mall/index/cat/84/cate_id/108.html
NOTIC: 建议使用I方法替代_param
NOTIC: 建议使用I方法替代_param
NOTIC: 建议使用I方法替代_param
NOTIC: 建议使用I方法替代_param
NOTIC: 建议使用I方法替代_param

[ 2015-12-03T14:42:41+08:00 ] 127.0.0.1 /new1130/mall/index/cat/84.html
NOTIC: 建议使用I方法替代_param
NOTIC: 建议使用I方法替代_param
NOTIC: 建议使用I方法替代_param
NOTIC: 建议使用I方法替代_param
NOTIC: 建议使用I方法替代_param

[ 2015-12-03T14:46:08+08:00 ] 127.0.0.1 /new1130/mall/index/cat/84.html
NOTIC: 建议使用I方法替代_param
NOTIC: 建议使用I方法替代_param
NOTIC: 建议使用I方法替代_param
NOTIC: 建议使用I方法替代_param
NOTIC: 建议使用I方法替代_param

[ 2015-12-03T14:52:11+08:00 ] 127.0.0.1 /new1130/mall/index/cat/84.html
NOTIC: 建议使用I方法替代_param
NOTIC: 建议使用I方法替代_param
NOTIC: 建议使用I方法替代_param
NOTIC: 建议使用I方法替代_param
NOTIC: 建议使用I方法替代_param

[ 2015-12-03T14:52:56+08:00 ] 127.0.0.1 /new1130/mall/index/cat/84.html
NOTIC: 建议使用I方法替代_param
NOTIC: 建议使用I方法替代_param
NOTIC: 建议使用I方法替代_param
NOTIC: 建议使用I方法替代_param
NOTIC: 建议使用I方法替代_param

[ 2015-12-03T14:53:30+08:00 ] 127.0.0.1 /new1130/mall/index/cat/84.html
NOTIC: 建议使用I方法替代_param
NOTIC: 建议使用I方法替代_param
NOTIC: 建议使用I方法替代_param
NOTIC: 建议使用I方法替代_param
NOTIC: 建议使用I方法替代_param

[ 2015-12-03T14:53:52+08:00 ] 127.0.0.1 /new1130/mall/index/cat/84.html
NOTIC: 建议使用I方法替代_param
NOTIC: 建议使用I方法替代_param
NOTIC: 建议使用I方法替代_param
NOTIC: 建议使用I方法替代_param
NOTIC: 建议使用I方法替代_param

[ 2015-12-03T14:55:50+08:00 ] 127.0.0.1 /new1130/mall/index/cat/84.html
NOTIC: 建议使用I方法替代_param
NOTIC: 建议使用I方法替代_param
NOTIC: 建议使用I方法替代_param
NOTIC: 建议使用I方法替代_param
NOTIC: 建议使用I方法替代_param

[ 2015-12-03T14:56:34+08:00 ] 127.0.0.1 /new1130/mall/index/cat/84.html
NOTIC: 建议使用I方法替代_param
NOTIC: 建议使用I方法替代_param
NOTIC: 建议使用I方法替代_param
NOTIC: 建议使用I方法替代_param
NOTIC: 建议使用I方法替代_param

[ 2015-12-03T14:57:14+08:00 ] 127.0.0.1 /new1130/mall/index/cat/84.html
NOTIC: 建议使用I方法替代_param
NOTIC: 建议使用I方法替代_param
NOTIC: 建议使用I方法替代_param
NOTIC: 建议使用I方法替代_param
NOTIC: 建议使用I方法替代_param

[ 2015-12-03T15:05:07+08:00 ] 127.0.0.1 /new1130/mall/index/cat/84.html
NOTIC: 建议使用I方法替代_param
NOTIC: 建议使用I方法替代_param
NOTIC: 建议使用I方法替代_param
NOTIC: 建议使用I方法替代_param
NOTIC: 建议使用I方法替代_param

[ 2015-12-03T15:06:13+08:00 ] 127.0.0.1 /new1130/mall/index/cat/84.html
NOTIC: 建议使用I方法替代_param
NOTIC: 建议使用I方法替代_param
NOTIC: 建议使用I方法替代_param
NOTIC: 建议使用I方法替代_param
NOTIC: 建议使用I方法替代_param

[ 2015-12-03T15:06:23+08:00 ] 127.0.0.1 /new1130/mall/index.html
NOTIC: 建议使用I方法替代_param
NOTIC: 建议使用I方法替代_param
NOTIC: 建议使用I方法替代_param
NOTIC: 建议使用I方法替代_param
NOTIC: 建议使用I方法替代_param

[ 2015-12-03T15:06:42+08:00 ] 127.0.0.1 /new1130/mall/index.html
NOTIC: 建议使用I方法替代_param
NOTIC: 建议使用I方法替代_param
NOTIC: 建议使用I方法替代_param
NOTIC: 建议使用I方法替代_param
NOTIC: 建议使用I方法替代_param

[ 2015-12-03T15:09:37+08:00 ] 127.0.0.1 /new1130/mall/index.html
NOTIC: 建议使用I方法替代_param
NOTIC: 建议使用I方法替代_param
NOTIC: 建议使用I方法替代_param
NOTIC: 建议使用I方法替代_param
NOTIC: 建议使用I方法替代_param

[ 2015-12-03T15:09:46+08:00 ] 127.0.0.1 /new1130/mall/index/cat/81.html
NOTIC: 建议使用I方法替代_param
NOTIC: 建议使用I方法替代_param
NOTIC: 建议使用I方法替代_param
NOTIC: 建议使用I方法替代_param
NOTIC: 建议使用I方法替代_param

[ 2015-12-03T15:10:04+08:00 ] 127.0.0.1 /new1130/mall/index/cat/81.html
NOTIC: 建议使用I方法替代_param
NOTIC: 建议使用I方法替代_param
NOTIC: 建议使用I方法替代_param
NOTIC: 建议使用I方法替代_param
NOTIC: 建议使用I方法替代_param

[ 2015-12-03T15:10:13+08:00 ] 127.0.0.1 /new1130/mall/index/cat/81.html
NOTIC: 建议使用I方法替代_param
NOTIC: 建议使用I方法替代_param
NOTIC: 建议使用I方法替代_param
NOTIC: 建议使用I方法替代_param
NOTIC: 建议使用I方法替代_param

[ 2015-12-03T15:10:23+08:00 ] 127.0.0.1 /new1130/mall/index/cat/81.html
NOTIC: 建议使用I方法替代_param
NOTIC: 建议使用I方法替代_param
NOTIC: 建议使用I方法替代_param
NOTIC: 建议使用I方法替代_param
NOTIC: 建议使用I方法替代_param

[ 2015-12-03T15:59:11+08:00 ] 127.0.0.1 /new1130/mall/index.html
NOTIC: 建议使用I方法替代_param
NOTIC: 建议使用I方法替代_param
NOTIC: 建议使用I方法替代_param
NOTIC: 建议使用I方法替代_param
NOTIC: 建议使用I方法替代_param
ERR: Model:_format您所请求的方法不存在！

[ 2015-12-03T15:59:15+08:00 ] 127.0.0.1 /new1130/mall/index.html
NOTIC: 建议使用I方法替代_param
NOTIC: 建议使用I方法替代_param
NOTIC: 建议使用I方法替代_param
NOTIC: 建议使用I方法替代_param
NOTIC: 建议使用I方法替代_param
ERR: Model:_format您所请求的方法不存在！

[ 2015-12-03T16:00:06+08:00 ] 127.0.0.1 /new1130/mall/index.html
NOTIC: 建议使用I方法替代_param
NOTIC: 建议使用I方法替代_param
NOTIC: 建议使用I方法替代_param
NOTIC: 建议使用I方法替代_param
NOTIC: 建议使用I方法替代_param

[ 2015-12-03T16:00:15+08:00 ] 127.0.0.1 /new1130/mall/index/cat/84.html
NOTIC: 建议使用I方法替代_param
NOTIC: 建议使用I方法替代_param
NOTIC: 建议使用I方法替代_param
NOTIC: 建议使用I方法替代_param
NOTIC: 建议使用I方法替代_param

[ 2015-12-03T16:00:38+08:00 ] 127.0.0.1 /new1130/mall/index/cat/84.html
NOTIC: 建议使用I方法替代_param
NOTIC: 建议使用I方法替代_param
NOTIC: 建议使用I方法替代_param
NOTIC: 建议使用I方法替代_param
NOTIC: 建议使用I方法替代_param

[ 2015-12-03T16:00:49+08:00 ] 127.0.0.1 /new1130/mall/index.html
NOTIC: 建议使用I方法替代_param
NOTIC: 建议使用I方法替代_param
NOTIC: 建议使用I方法替代_param
NOTIC: 建议使用I方法替代_param
NOTIC: 建议使用I方法替代_param

[ 2015-12-03T16:01:26+08:00 ] 127.0.0.1 /new1130/mall/index.html
NOTIC: 建议使用I方法替代_param
NOTIC: 建议使用I方法替代_param
NOTIC: 建议使用I方法替代_param
NOTIC: 建议使用I方法替代_param
NOTIC: 建议使用I方法替代_param

[ 2015-12-03T16:02:08+08:00 ] 127.0.0.1 /new1130/mall/index.html
NOTIC: 建议使用I方法替代_param
NOTIC: 建议使用I方法替代_param
NOTIC: 建议使用I方法替代_param
NOTIC: 建议使用I方法替代_param
NOTIC: 建议使用I方法替代_param

[ 2015-12-03T16:02:23+08:00 ] 127.0.0.1 /new1130/mall/index.html
NOTIC: 建议使用I方法替代_param
NOTIC: 建议使用I方法替代_param
NOTIC: 建议使用I方法替代_param
NOTIC: 建议使用I方法替代_param
NOTIC: 建议使用I方法替代_param

[ 2015-12-03T16:03:18+08:00 ] 127.0.0.1 /new1130/mall/index.html
NOTIC: 建议使用I方法替代_param
NOTIC: 建议使用I方法替代_param
NOTIC: 建议使用I方法替代_param
NOTIC: 建议使用I方法替代_param
NOTIC: 建议使用I方法替代_param

[ 2015-12-03T16:04:15+08:00 ] 127.0.0.1 /new1130/mall/index.html
NOTIC: 建议使用I方法替代_param
NOTIC: 建议使用I方法替代_param
NOTIC: 建议使用I方法替代_param
NOTIC: 建议使用I方法替代_param
NOTIC: 建议使用I方法替代_param

[ 2015-12-03T16:04:43+08:00 ] 127.0.0.1 /new1130/mall/index.html
NOTIC: 建议使用I方法替代_param
NOTIC: 建议使用I方法替代_param
NOTIC: 建议使用I方法替代_param
NOTIC: 建议使用I方法替代_param
NOTIC: 建议使用I方法替代_param

[ 2015-12-03T16:04:58+08:00 ] 127.0.0.1 /new1130/mall/index.html
NOTIC: 建议使用I方法替代_param
NOTIC: 建议使用I方法替代_param
NOTIC: 建议使用I方法替代_param
NOTIC: 建议使用I方法替代_param
NOTIC: 建议使用I方法替代_param

[ 2015-12-03T16:05:25+08:00 ] 127.0.0.1 /new1130/mall/index.html
NOTIC: 建议使用I方法替代_param
NOTIC: 建议使用I方法替代_param
NOTIC: 建议使用I方法替代_param
NOTIC: 建议使用I方法替代_param
NOTIC: 建议使用I方法替代_param

[ 2015-12-03T16:05:42+08:00 ] 127.0.0.1 /new1130/mall/index.html
NOTIC: 建议使用I方法替代_param
NOTIC: 建议使用I方法替代_param
NOTIC: 建议使用I方法替代_param
NOTIC: 建议使用I方法替代_param
NOTIC: 建议使用I方法替代_param

[ 2015-12-03T16:06:58+08:00 ] 127.0.0.1 /new1130/mall/index.html
NOTIC: 建议使用I方法替代_param
NOTIC: 建议使用I方法替代_param
NOTIC: 建议使用I方法替代_param
NOTIC: 建议使用I方法替代_param
NOTIC: 建议使用I方法替代_param

[ 2015-12-03T16:07:12+08:00 ] 127.0.0.1 /new1130/mall/index.html
NOTIC: 建议使用I方法替代_param
NOTIC: 建议使用I方法替代_param
NOTIC: 建议使用I方法替代_param
NOTIC: 建议使用I方法替代_param
NOTIC: 建议使用I方法替代_param

[ 2015-12-03T16:08:37+08:00 ] 127.0.0.1 /new1130/mall/index.html
NOTIC: 建议使用I方法替代_param
NOTIC: 建议使用I方法替代_param
NOTIC: 建议使用I方法替代_param
NOTIC: 建议使用I方法替代_param
NOTIC: 建议使用I方法替代_param

[ 2015-12-03T16:08:50+08:00 ] 127.0.0.1 /new1130/mall/index.html
NOTIC: 建议使用I方法替代_param
NOTIC: 建议使用I方法替代_param
NOTIC: 建议使用I方法替代_param
NOTIC: 建议使用I方法替代_param
NOTIC: 建议使用I方法替代_param

[ 2015-12-03T16:09:04+08:00 ] 127.0.0.1 /new1130/mall/index.html
NOTIC: 建议使用I方法替代_param
NOTIC: 建议使用I方法替代_param
NOTIC: 建议使用I方法替代_param
NOTIC: 建议使用I方法替代_param
NOTIC: 建议使用I方法替代_param

[ 2015-12-03T16:09:31+08:00 ] 127.0.0.1 /new1130/mall/index.html
NOTIC: 建议使用I方法替代_param
NOTIC: 建议使用I方法替代_param
NOTIC: 建议使用I方法替代_param
NOTIC: 建议使用I方法替代_param
NOTIC: 建议使用I方法替代_param

[ 2015-12-03T16:11:26+08:00 ] 127.0.0.1 /new1130/mall/index.html
NOTIC: 建议使用I方法替代_param
NOTIC: 建议使用I方法替代_param
NOTIC: 建议使用I方法替代_param
NOTIC: 建议使用I方法替代_param
NOTIC: 建议使用I方法替代_param

[ 2015-12-03T16:15:04+08:00 ] 127.0.0.1 /new1130/mall/index.html
NOTIC: 建议使用I方法替代_param
NOTIC: 建议使用I方法替代_param
NOTIC: 建议使用I方法替代_param
NOTIC: 建议使用I方法替代_param
NOTIC: 建议使用I方法替代_param

[ 2015-12-03T16:15:32+08:00 ] 127.0.0.1 /new1130/mall/index.html
NOTIC: 建议使用I方法替代_param
NOTIC: 建议使用I方法替代_param
NOTIC: 建议使用I方法替代_param
NOTIC: 建议使用I方法替代_param
NOTIC: 建议使用I方法替代_param

[ 2015-12-03T16:16:11+08:00 ] 127.0.0.1 /new1130/mall/index.html
NOTIC: 建议使用I方法替代_param
NOTIC: 建议使用I方法替代_param
NOTIC: 建议使用I方法替代_param
NOTIC: 建议使用I方法替代_param
NOTIC: 建议使用I方法替代_param

[ 2015-12-03T16:16:57+08:00 ] 127.0.0.1 /new1130/mall/index.html
NOTIC: 建议使用I方法替代_param
NOTIC: 建议使用I方法替代_param
NOTIC: 建议使用I方法替代_param
NOTIC: 建议使用I方法替代_param
NOTIC: 建议使用I方法替代_param

[ 2015-12-03T16:17:11+08:00 ] 127.0.0.1 /new1130/mall/index.html
NOTIC: 建议使用I方法替代_param
NOTIC: 建议使用I方法替代_param
NOTIC: 建议使用I方法替代_param
NOTIC: 建议使用I方法替代_param
NOTIC: 建议使用I方法替代_param

[ 2015-12-03T16:18:59+08:00 ] 127.0.0.1 /new1130/mall/index.html
NOTIC: 建议使用I方法替代_param
NOTIC: 建议使用I方法替代_param
NOTIC: 建议使用I方法替代_param
NOTIC: 建议使用I方法替代_param
NOTIC: 建议使用I方法替代_param

[ 2015-12-03T16:20:08+08:00 ] 127.0.0.1 /new1130/mall/index.html
NOTIC: 建议使用I方法替代_param
NOTIC: 建议使用I方法替代_param
NOTIC: 建议使用I方法替代_param
NOTIC: 建议使用I方法替代_param
NOTIC: 建议使用I方法替代_param

[ 2015-12-03T16:20:32+08:00 ] 127.0.0.1 /new1130/mall/index.html
NOTIC: 建议使用I方法替代_param
NOTIC: 建议使用I方法替代_param
NOTIC: 建议使用I方法替代_param
NOTIC: 建议使用I方法替代_param
NOTIC: 建议使用I方法替代_param

[ 2015-12-03T16:21:49+08:00 ] 127.0.0.1 /new1130/mall/index.html
NOTIC: 建议使用I方法替代_param
NOTIC: 建议使用I方法替代_param
NOTIC: 建议使用I方法替代_param
NOTIC: 建议使用I方法替代_param
NOTIC: 建议使用I方法替代_param

[ 2015-12-03T16:22:12+08:00 ] 127.0.0.1 /new1130/mall/index.html
NOTIC: 建议使用I方法替代_param
NOTIC: 建议使用I方法替代_param
NOTIC: 建议使用I方法替代_param
NOTIC: 建议使用I方法替代_param
NOTIC: 建议使用I方法替代_param

[ 2015-12-03T16:23:42+08:00 ] 127.0.0.1 /new1130/mall/index.html
NOTIC: 建议使用I方法替代_param
NOTIC: 建议使用I方法替代_param
NOTIC: 建议使用I方法替代_param
NOTIC: 建议使用I方法替代_param
NOTIC: 建议使用I方法替代_param

[ 2015-12-03T16:23:58+08:00 ] 127.0.0.1 /new1130/mall/index.html
NOTIC: 建议使用I方法替代_param
NOTIC: 建议使用I方法替代_param
NOTIC: 建议使用I方法替代_param
NOTIC: 建议使用I方法替代_param
NOTIC: 建议使用I方法替代_param

[ 2015-12-03T16:24:16+08:00 ] 127.0.0.1 /new1130/mall/index.html
NOTIC: 建议使用I方法替代_param
NOTIC: 建议使用I方法替代_param
NOTIC: 建议使用I方法替代_param
NOTIC: 建议使用I方法替代_param
NOTIC: 建议使用I方法替代_param

[ 2015-12-03T16:25:05+08:00 ] 127.0.0.1 /new1130/mall/index.html
NOTIC: 建议使用I方法替代_param
NOTIC: 建议使用I方法替代_param
NOTIC: 建议使用I方法替代_param
NOTIC: 建议使用I方法替代_param
NOTIC: 建议使用I方法替代_param

[ 2015-12-03T16:26:39+08:00 ] 127.0.0.1 /new1130/mall/index
NOTIC: 建议使用I方法替代_param
NOTIC: 建议使用I方法替代_param
NOTIC: 建议使用I方法替代_param
NOTIC: 建议使用I方法替代_param
NOTIC: 建议使用I方法替代_param

[ 2015-12-03T16:26:42+08:00 ] 127.0.0.1 /new1130/mall/search
ERR: 非法操作:search

[ 2015-12-03T16:26:52+08:00 ] 127.0.0.1 /new1130/search
NOTIC: 建议使用I方法替代_param
NOTIC: 建议使用I方法替代_param
NOTIC: 建议使用I方法替代_param
NOTIC: 建议使用I方法替代_param
NOTIC: 建议使用I方法替代_param
NOTIC: 建议使用I方法替代_param
NOTIC: 建议使用I方法替代_param

[ 2015-12-03T16:26:53+08:00 ] 127.0.0.1 /new1130/search
NOTIC: 建议使用I方法替代_param
NOTIC: 建议使用I方法替代_param
NOTIC: 建议使用I方法替代_param
NOTIC: 建议使用I方法替代_param
NOTIC: 建议使用I方法替代_param
NOTIC: 建议使用I方法替代_param
NOTIC: 建议使用I方法替代_param

[ 2015-12-03T16:29:26+08:00 ] 127.0.0.1 /new1130/search
NOTIC: 建议使用I方法替代_param
NOTIC: 建议使用I方法替代_param
NOTIC: 建议使用I方法替代_param
NOTIC: 建议使用I方法替代_param
NOTIC: 建议使用I方法替代_param
NOTIC: 建议使用I方法替代_param
NOTIC: 建议使用I方法替代_param

[ 2015-12-03T16:30:57+08:00 ] 127.0.0.1 /new1130/search
NOTIC: 建议使用I方法替代_param
NOTIC: 建议使用I方法替代_param
NOTIC: 建议使用I方法替代_param
NOTIC: 建议使用I方法替代_param
NOTIC: 建议使用I方法替代_param
NOTIC: 建议使用I方法替代_param
NOTIC: 建议使用I方法替代_param

[ 2015-12-03T16:31:08+08:00 ] 127.0.0.1 /new1130/search/index/cat/84.html
NOTIC: 建议使用I方法替代_param
NOTIC: 建议使用I方法替代_param
NOTIC: 建议使用I方法替代_param
NOTIC: 建议使用I方法替代_param
NOTIC: 建议使用I方法替代_param
NOTIC: 建议使用I方法替代_param
NOTIC: 建议使用I方法替代_param

[ 2015-12-03T16:51:58+08:00 ] 127.0.0.1 /new1130/search/index/cat/84.html
NOTIC: 建议使用I方法替代_param
NOTIC: 建议使用I方法替代_param
NOTIC: 建议使用I方法替代_param
NOTIC: 建议使用I方法替代_param
NOTIC: 建议使用I方法替代_param
NOTIC: 建议使用I方法替代_param
NOTIC: 建议使用I方法替代_param

[ 2015-12-03T16:53:19+08:00 ] 127.0.0.1 /new1130/search/index/cat/84.html
NOTIC: 建议使用I方法替代_param
NOTIC: 建议使用I方法替代_param
NOTIC: 建议使用I方法替代_param
NOTIC: 建议使用I方法替代_param
NOTIC: 建议使用I方法替代_param
NOTIC: 建议使用I方法替代_param
NOTIC: 建议使用I方法替代_param

[ 2015-12-03T16:56:12+08:00 ] 127.0.0.1 /new1130/search/index/cat/84.html
NOTIC: 建议使用I方法替代_param
NOTIC: 建议使用I方法替代_param
NOTIC: 建议使用I方法替代_param
NOTIC: 建议使用I方法替代_param
NOTIC: 建议使用I方法替代_param
NOTIC: 建议使用I方法替代_param
NOTIC: 建议使用I方法替代_param

[ 2015-12-03T16:56:38+08:00 ] 127.0.0.1 /new1130/search/index.html
NOTIC: 建议使用I方法替代_param
NOTIC: 建议使用I方法替代_param
NOTIC: 建议使用I方法替代_param
NOTIC: 建议使用I方法替代_param
NOTIC: 建议使用I方法替代_param
NOTIC: 建议使用I方法替代_param
NOTIC: 建议使用I方法替代_param

[ 2015-12-03T16:58:24+08:00 ] 127.0.0.1 /new1130/search/index.html
NOTIC: 建议使用I方法替代_param
NOTIC: 建议使用I方法替代_param
NOTIC: 建议使用I方法替代_param
NOTIC: 建议使用I方法替代_param
NOTIC: 建议使用I方法替代_param
NOTIC: 建议使用I方法替代_param
NOTIC: 建议使用I方法替代_param

[ 2015-12-03T16:58:46+08:00 ] 127.0.0.1 /new1130/search/index.html
NOTIC: 建议使用I方法替代_param
NOTIC: 建议使用I方法替代_param
NOTIC: 建议使用I方法替代_param
NOTIC: 建议使用I方法替代_param
NOTIC: 建议使用I方法替代_param
NOTIC: 建议使用I方法替代_param
NOTIC: 建议使用I方法替代_param

[ 2015-12-03T16:59:30+08:00 ] 127.0.0.1 /new1130/search/index.html
NOTIC: 建议使用I方法替代_param
NOTIC: 建议使用I方法替代_param
NOTIC: 建议使用I方法替代_param
NOTIC: 建议使用I方法替代_param
NOTIC: 建议使用I方法替代_param
NOTIC: 建议使用I方法替代_param
NOTIC: 建议使用I方法替代_param

[ 2015-12-03T17:00:43+08:00 ] 127.0.0.1 /new1130/search/index/cat/84.html
NOTIC: 建议使用I方法替代_param
NOTIC: 建议使用I方法替代_param
NOTIC: 建议使用I方法替代_param
NOTIC: 建议使用I方法替代_param
NOTIC: 建议使用I方法替代_param
NOTIC: 建议使用I方法替代_param
NOTIC: 建议使用I方法替代_param

[ 2015-12-03T17:01:10+08:00 ] 127.0.0.1 /new1130/search/index/cat/84/p/6.html
NOTIC: 建议使用I方法替代_param
NOTIC: 建议使用I方法替代_param
NOTIC: 建议使用I方法替代_param
NOTIC: 建议使用I方法替代_param
NOTIC: 建议使用I方法替代_param
NOTIC: 建议使用I方法替代_param
NOTIC: 建议使用I方法替代_param

[ 2015-12-03T17:01:17+08:00 ] 127.0.0.1 /new1130/search/detail/goods_id/8190.html
ERR: 非法操作:detail

[ 2015-12-03T17:01:32+08:00 ] 127.0.0.1 /new1130/search/index/cat/84/p/5.html
NOTIC: 建议使用I方法替代_param
NOTIC: 建议使用I方法替代_param
NOTIC: 建议使用I方法替代_param
NOTIC: 建议使用I方法替代_param
NOTIC: 建议使用I方法替代_param
NOTIC: 建议使用I方法替代_param
NOTIC: 建议使用I方法替代_param

[ 2015-12-03T17:02:43+08:00 ] 127.0.0.1 /new1130/search/index/cat/84/p/5.html
NOTIC: 建议使用I方法替代_param
NOTIC: 建议使用I方法替代_param
NOTIC: 建议使用I方法替代_param
NOTIC: 建议使用I方法替代_param
NOTIC: 建议使用I方法替代_param
NOTIC: 建议使用I方法替代_param
NOTIC: 建议使用I方法替代_param

[ 2015-12-03T17:04:06+08:00 ] 127.0.0.1 /new1130/search/index/cat/84/p/5.html
NOTIC: 建议使用I方法替代_param
NOTIC: 建议使用I方法替代_param
NOTIC: 建议使用I方法替代_param
NOTIC: 建议使用I方法替代_param
NOTIC: 建议使用I方法替代_param
NOTIC: 建议使用I方法替代_param
NOTIC: 建议使用I方法替代_param

[ 2015-12-03T17:04:11+08:00 ] 127.0.0.1 /new1130/search/index/cat/84/p/1.html
NOTIC: 建议使用I方法替代_param
NOTIC: 建议使用I方法替代_param
NOTIC: 建议使用I方法替代_param
NOTIC: 建议使用I方法替代_param
NOTIC: 建议使用I方法替代_param
NOTIC: 建议使用I方法替代_param
NOTIC: 建议使用I方法替代_param

[ 2015-12-03T17:04:17+08:00 ] 127.0.0.1 /new1130/search/index/cat/84/p/2.html
NOTIC: 建议使用I方法替代_param
NOTIC: 建议使用I方法替代_param
NOTIC: 建议使用I方法替代_param
NOTIC: 建议使用I方法替代_param
NOTIC: 建议使用I方法替代_param
NOTIC: 建议使用I方法替代_param
NOTIC: 建议使用I方法替代_param

[ 2015-12-03T17:06:08+08:00 ] 127.0.0.1 /new1130/search/index/cat/84/p/2.html
NOTIC: 建议使用I方法替代_param
NOTIC: 建议使用I方法替代_param
NOTIC: 建议使用I方法替代_param
NOTIC: 建议使用I方法替代_param
NOTIC: 建议使用I方法替代_param
NOTIC: 建议使用I方法替代_param
NOTIC: 建议使用I方法替代_param

[ 2015-12-03T17:06:13+08:00 ] 127.0.0.1 /new1130/search/index.html
NOTIC: 建议使用I方法替代_param
NOTIC: 建议使用I方法替代_param
NOTIC: 建议使用I方法替代_param
NOTIC: 建议使用I方法替代_param
NOTIC: 建议使用I方法替代_param
NOTIC: 建议使用I方法替代_param
NOTIC: 建议使用I方法替代_param

[ 2015-12-03T17:08:16+08:00 ] 127.0.0.1 /new1130/search/index.html
NOTIC: 建议使用I方法替代_param
NOTIC: 建议使用I方法替代_param
NOTIC: 建议使用I方法替代_param
NOTIC: 建议使用I方法替代_param
NOTIC: 建议使用I方法替代_param
NOTIC: 建议使用I方法替代_param
NOTIC: 建议使用I方法替代_param

[ 2015-12-03T17:14:28+08:00 ] 127.0.0.1 /new1130/search
NOTIC: 建议使用I方法替代_param
NOTIC: 建议使用I方法替代_param
NOTIC: 建议使用I方法替代_param
NOTIC: 建议使用I方法替代_param
NOTIC: 建议使用I方法替代_param
NOTIC: 建议使用I方法替代_param
NOTIC: 建议使用I方法替代_param

[ 2015-12-03T17:14:29+08:00 ] 127.0.0.1 /new1130/search
NOTIC: 建议使用I方法替代_param
NOTIC: 建议使用I方法替代_param
NOTIC: 建议使用I方法替代_param
NOTIC: 建议使用I方法替代_param
NOTIC: 建议使用I方法替代_param
NOTIC: 建议使用I方法替代_param
NOTIC: 建议使用I方法替代_param

[ 2015-12-03T17:15:13+08:00 ] 127.0.0.1 /new1130/search
NOTIC: 建议使用I方法替代_param
NOTIC: 建议使用I方法替代_param
NOTIC: 建议使用I方法替代_param
NOTIC: 建议使用I方法替代_param
NOTIC: 建议使用I方法替代_param
NOTIC: 建议使用I方法替代_param
NOTIC: 建议使用I方法替代_param

[ 2015-12-03T17:17:29+08:00 ] 127.0.0.1 /new1130/search
NOTIC: 建议使用I方法替代_param
NOTIC: 建议使用I方法替代_param
NOTIC: 建议使用I方法替代_param
NOTIC: 建议使用I方法替代_param
NOTIC: 建议使用I方法替代_param
NOTIC: 建议使用I方法替代_param
NOTIC: 建议使用I方法替代_param

[ 2015-12-03T17:18:06+08:00 ] 127.0.0.1 /new1130/search
NOTIC: 建议使用I方法替代_param
NOTIC: 建议使用I方法替代_param
NOTIC: 建议使用I方法替代_param
NOTIC: 建议使用I方法替代_param
NOTIC: 建议使用I方法替代_param
NOTIC: 建议使用I方法替代_param
NOTIC: 建议使用I方法替代_param

[ 2015-12-03T17:19:52+08:00 ] 127.0.0.1 /new1130/search
NOTIC: 建议使用I方法替代_param
NOTIC: 建议使用I方法替代_param
NOTIC: 建议使用I方法替代_param
NOTIC: 建议使用I方法替代_param
NOTIC: 建议使用I方法替代_param
NOTIC: 建议使用I方法替代_param
NOTIC: 建议使用I方法替代_param

[ 2015-12-03T17:20:10+08:00 ] 127.0.0.1 /new1130/search
NOTIC: 建议使用I方法替代_param
NOTIC: 建议使用I方法替代_param
NOTIC: 建议使用I方法替代_param
NOTIC: 建议使用I方法替代_param
NOTIC: 建议使用I方法替代_param
NOTIC: 建议使用I方法替代_param
NOTIC: 建议使用I方法替代_param

[ 2015-12-03T17:20:33+08:00 ] 127.0.0.1 /new1130/search
NOTIC: 建议使用I方法替代_param
NOTIC: 建议使用I方法替代_param
NOTIC: 建议使用I方法替代_param
NOTIC: 建议使用I方法替代_param
NOTIC: 建议使用I方法替代_param
NOTIC: 建议使用I方法替代_param
NOTIC: 建议使用I方法替代_param

[ 2015-12-03T17:20:46+08:00 ] 127.0.0.1 /new1130/search
NOTIC: 建议使用I方法替代_param
NOTIC: 建议使用I方法替代_param
NOTIC: 建议使用I方法替代_param
NOTIC: 建议使用I方法替代_param
NOTIC: 建议使用I方法替代_param
NOTIC: 建议使用I方法替代_param
NOTIC: 建议使用I方法替代_param

[ 2015-12-03T17:21:07+08:00 ] 127.0.0.1 /new1130/search
NOTIC: 建议使用I方法替代_param
NOTIC: 建议使用I方法替代_param
NOTIC: 建议使用I方法替代_param
NOTIC: 建议使用I方法替代_param
NOTIC: 建议使用I方法替代_param
NOTIC: 建议使用I方法替代_param
NOTIC: 建议使用I方法替代_param

[ 2015-12-03T17:21:56+08:00 ] 127.0.0.1 /new1130/search
NOTIC: 建议使用I方法替代_param
NOTIC: 建议使用I方法替代_param
NOTIC: 建议使用I方法替代_param
NOTIC: 建议使用I方法替代_param
NOTIC: 建议使用I方法替代_param
NOTIC: 建议使用I方法替代_param
NOTIC: 建议使用I方法替代_param

[ 2015-12-03T17:22:20+08:00 ] 127.0.0.1 /new1130/search
NOTIC: 建议使用I方法替代_param
NOTIC: 建议使用I方法替代_param
NOTIC: 建议使用I方法替代_param
NOTIC: 建议使用I方法替代_param
NOTIC: 建议使用I方法替代_param
NOTIC: 建议使用I方法替代_param
NOTIC: 建议使用I方法替代_param

[ 2015-12-03T17:28:21+08:00 ] 127.0.0.1 /new1130/search
NOTIC: 建议使用I方法替代_param
NOTIC: 建议使用I方法替代_param
NOTIC: 建议使用I方法替代_param
NOTIC: 建议使用I方法替代_param
NOTIC: 建议使用I方法替代_param
NOTIC: 建议使用I方法替代_param
NOTIC: 建议使用I方法替代_param

[ 2015-12-03T17:29:41+08:00 ] 127.0.0.1 /new1130/search
NOTIC: 建议使用I方法替代_param
NOTIC: 建议使用I方法替代_param
NOTIC: 建议使用I方法替代_param
NOTIC: 建议使用I方法替代_param
NOTIC: 建议使用I方法替代_param
NOTIC: 建议使用I方法替代_param
NOTIC: 建议使用I方法替代_param

[ 2015-12-03T17:32:18+08:00 ] 127.0.0.1 /new1130/search
NOTIC: 建议使用I方法替代_param
NOTIC: 建议使用I方法替代_param
NOTIC: 建议使用I方法替代_param
NOTIC: 建议使用I方法替代_param
NOTIC: 建议使用I方法替代_param
NOTIC: 建议使用I方法替代_param
NOTIC: 建议使用I方法替代_param

[ 2015-12-03T17:32:34+08:00 ] 127.0.0.1 /new1130/search
NOTIC: 建议使用I方法替代_param
NOTIC: 建议使用I方法替代_param
NOTIC: 建议使用I方法替代_param
NOTIC: 建议使用I方法替代_param
NOTIC: 建议使用I方法替代_param
NOTIC: 建议使用I方法替代_param
NOTIC: 建议使用I方法替代_param

[ 2015-12-03T17:38:16+08:00 ] 127.0.0.1 /new1130/search
NOTIC: 建议使用I方法替代_param
NOTIC: 建议使用I方法替代_param
NOTIC: 建议使用I方法替代_param
NOTIC: 建议使用I方法替代_param
NOTIC: 建议使用I方法替代_param
NOTIC: 建议使用I方法替代_param
NOTIC: 建议使用I方法替代_param

[ 2015-12-03T17:39:24+08:00 ] 127.0.0.1 /new1130/search/index.html
NOTIC: 建议使用I方法替代_param
NOTIC: 建议使用I方法替代_param
NOTIC: 建议使用I方法替代_param
NOTIC: 建议使用I方法替代_param
NOTIC: 建议使用I方法替代_param
NOTIC: 建议使用I方法替代_param
NOTIC: 建议使用I方法替代_param

[ 2015-12-03T17:39:44+08:00 ] 127.0.0.1 /new1130/search/index/search_key/%E7%BA%A2/p/2.html
NOTIC: 建议使用I方法替代_param
NOTIC: 建议使用I方法替代_param
NOTIC: 建议使用I方法替代_param
NOTIC: 建议使用I方法替代_param
NOTIC: 建议使用I方法替代_param
NOTIC: 建议使用I方法替代_param
NOTIC: 建议使用I方法替代_param

[ 2015-12-03T17:39:49+08:00 ] 127.0.0.1 /new1130/search/index/search_key/%E7%BA%A2/p/3.html
NOTIC: 建议使用I方法替代_param
NOTIC: 建议使用I方法替代_param
NOTIC: 建议使用I方法替代_param
NOTIC: 建议使用I方法替代_param
NOTIC: 建议使用I方法替代_param
NOTIC: 建议使用I方法替代_param
NOTIC: 建议使用I方法替代_param

[ 2015-12-03T17:39:54+08:00 ] 127.0.0.1 /new1130/search/index/search_key/%E7%BA%A2/p/1.html
NOTIC: 建议使用I方法替代_param
NOTIC: 建议使用I方法替代_param
NOTIC: 建议使用I方法替代_param
NOTIC: 建议使用I方法替代_param
NOTIC: 建议使用I方法替代_param
NOTIC: 建议使用I方法替代_param
NOTIC: 建议使用I方法替代_param

[ 2015-12-03T17:40:51+08:00 ] 127.0.0.1 /new1130/search/index/cat/84.html
NOTIC: 建议使用I方法替代_param
NOTIC: 建议使用I方法替代_param
NOTIC: 建议使用I方法替代_param
NOTIC: 建议使用I方法替代_param
NOTIC: 建议使用I方法替代_param
NOTIC: 建议使用I方法替代_param
NOTIC: 建议使用I方法替代_param

[ 2015-12-03T17:41:02+08:00 ] 127.0.0.1 /new1130/search/index.html
NOTIC: 建议使用I方法替代_param
NOTIC: 建议使用I方法替代_param
NOTIC: 建议使用I方法替代_param
NOTIC: 建议使用I方法替代_param
NOTIC: 建议使用I方法替代_param
NOTIC: 建议使用I方法替代_param
NOTIC: 建议使用I方法替代_param

[ 2015-12-03T17:41:25+08:00 ] 127.0.0.1 /new1130/search/index.html
NOTIC: 建议使用I方法替代_param
NOTIC: 建议使用I方法替代_param
NOTIC: 建议使用I方法替代_param
NOTIC: 建议使用I方法替代_param
NOTIC: 建议使用I方法替代_param
NOTIC: 建议使用I方法替代_param
NOTIC: 建议使用I方法替代_param

[ 2015-12-03T17:41:40+08:00 ] 127.0.0.1 /new1130/search/index/search_key/%E7%BA%A2/p/3.html
NOTIC: 建议使用I方法替代_param
NOTIC: 建议使用I方法替代_param
NOTIC: 建议使用I方法替代_param
NOTIC: 建议使用I方法替代_param
NOTIC: 建议使用I方法替代_param
NOTIC: 建议使用I方法替代_param
NOTIC: 建议使用I方法替代_param

[ 2015-12-03T17:41:46+08:00 ] 127.0.0.1 /new1130/search/index/search_key/%E7%BA%A2/p/1.html
NOTIC: 建议使用I方法替代_param
NOTIC: 建议使用I方法替代_param
NOTIC: 建议使用I方法替代_param
NOTIC: 建议使用I方法替代_param
NOTIC: 建议使用I方法替代_param
NOTIC: 建议使用I方法替代_param
NOTIC: 建议使用I方法替代_param

[ 2015-12-03T17:43:01+08:00 ] 127.0.0.1 /new1130/search/index.html
NOTIC: 建议使用I方法替代_param
NOTIC: 建议使用I方法替代_param
NOTIC: 建议使用I方法替代_param
NOTIC: 建议使用I方法替代_param
NOTIC: 建议使用I方法替代_param
NOTIC: 建议使用I方法替代_param
NOTIC: 建议使用I方法替代_param

[ 2015-12-03T17:43:12+08:00 ] 127.0.0.1 /new1130/search/index.html
NOTIC: 建议使用I方法替代_param
NOTIC: 建议使用I方法替代_param
NOTIC: 建议使用I方法替代_param
NOTIC: 建议使用I方法替代_param
NOTIC: 建议使用I方法替代_param
NOTIC: 建议使用I方法替代_param
NOTIC: 建议使用I方法替代_param

[ 2015-12-03T17:43:17+08:00 ] 127.0.0.1 /new1130/search/index/search_key/%E9%BB%84/p/2.html
NOTIC: 建议使用I方法替代_param
NOTIC: 建议使用I方法替代_param
NOTIC: 建议使用I方法替代_param
NOTIC: 建议使用I方法替代_param
NOTIC: 建议使用I方法替代_param
NOTIC: 建议使用I方法替代_param
NOTIC: 建议使用I方法替代_param

[ 2015-12-03T17:43:30+08:00 ] 127.0.0.1 /new1130/search/index.html
NOTIC: 建议使用I方法替代_param
NOTIC: 建议使用I方法替代_param
NOTIC: 建议使用I方法替代_param
NOTIC: 建议使用I方法替代_param
NOTIC: 建议使用I方法替代_param
NOTIC: 建议使用I方法替代_param
NOTIC: 建议使用I方法替代_param

[ 2015-12-03T17:46:39+08:00 ] 127.0.0.1 /new1130/search/index/search_key/%E7%BA%A2/p/2.html
NOTIC: 建议使用I方法替代_param
NOTIC: 建议使用I方法替代_param
NOTIC: 建议使用I方法替代_param
NOTIC: 建议使用I方法替代_param
NOTIC: 建议使用I方法替代_param
NOTIC: 建议使用I方法替代_param
NOTIC: 建议使用I方法替代_param

[ 2015-12-03T17:46:46+08:00 ] 127.0.0.1 /new1130/search/index/search_key/%E7%BA%A2/p/1.html
NOTIC: 建议使用I方法替代_param
NOTIC: 建议使用I方法替代_param
NOTIC: 建议使用I方法替代_param
NOTIC: 建议使用I方法替代_param
NOTIC: 建议使用I方法替代_param
NOTIC: 建议使用I方法替代_param
NOTIC: 建议使用I方法替代_param

[ 2015-12-03T17:50:34+08:00 ] 127.0.0.1 /new1130/search/index/search_key/%E7%BA%A2/p/1.html
NOTIC: 建议使用I方法替代_param
NOTIC: 建议使用I方法替代_param
NOTIC: 建议使用I方法替代_param
NOTIC: 建议使用I方法替代_param
NOTIC: 建议使用I方法替代_param
NOTIC: 建议使用I方法替代_param
NOTIC: 建议使用I方法替代_param

[ 2015-12-03T17:50:43+08:00 ] 127.0.0.1 /new1130/search/index/search_key/%E7%BA%A2/p/2.html
NOTIC: 建议使用I方法替代_param
NOTIC: 建议使用I方法替代_param
NOTIC: 建议使用I方法替代_param
NOTIC: 建议使用I方法替代_param
NOTIC: 建议使用I方法替代_param
NOTIC: 建议使用I方法替代_param
NOTIC: 建议使用I方法替代_param

[ 2015-12-03T17:50:49+08:00 ] 127.0.0.1 /new1130/search/index/search_key/%E7%BA%A2/p/1.html
NOTIC: 建议使用I方法替代_param
NOTIC: 建议使用I方法替代_param
NOTIC: 建议使用I方法替代_param
NOTIC: 建议使用I方法替代_param
NOTIC: 建议使用I方法替代_param
NOTIC: 建议使用I方法替代_param
NOTIC: 建议使用I方法替代_param

[ 2015-12-03T17:50:54+08:00 ] 127.0.0.1 /new1130/search/detail/goods_id/8576.html
ERR: 非法操作:detail

[ 2015-12-03T18:00:20+08:00 ] 127.0.0.1 /new1130/search/index/search_key/%E7%BA%A2/p/1.html
NOTIC: 建议使用I方法替代_param
NOTIC: 建议使用I方法替代_param
NOTIC: 建议使用I方法替代_param
NOTIC: 建议使用I方法替代_param
NOTIC: 建议使用I方法替代_param
NOTIC: 建议使用I方法替代_param
NOTIC: 建议使用I方法替代_param

[ 2015-12-03T18:03:22+08:00 ] 127.0.0.1 /new1130/search/index/search_key/%E7%BA%A2/p/1.html
NOTIC: 建议使用I方法替代_param
NOTIC: 建议使用I方法替代_param
NOTIC: 建议使用I方法替代_param
NOTIC: 建议使用I方法替代_param
NOTIC: 建议使用I方法替代_param
NOTIC: 建议使用I方法替代_param
NOTIC: 建议使用I方法替代_param

[ 2015-12-03T18:03:34+08:00 ] 127.0.0.1 /new1130/search/index/search_key/%E7%BA%A2/p/1.html
NOTIC: 建议使用I方法替代_param
NOTIC: 建议使用I方法替代_param
NOTIC: 建议使用I方法替代_param
NOTIC: 建议使用I方法替代_param
NOTIC: 建议使用I方法替代_param
NOTIC: 建议使用I方法替代_param
NOTIC: 建议使用I方法替代_param

[ 2015-12-03T18:04:01+08:00 ] 127.0.0.1 /new1130/search/index/search_key/%E7%BA%A2/p/1.html
NOTIC: 建议使用I方法替代_param
NOTIC: 建议使用I方法替代_param
NOTIC: 建议使用I方法替代_param
NOTIC: 建议使用I方法替代_param
NOTIC: 建议使用I方法替代_param
NOTIC: 建议使用I方法替代_param
NOTIC: 建议使用I方法替代_param

[ 2015-12-03T18:04:11+08:00 ] 127.0.0.1 /new1130/search/index/search_key/%E7%BA%A2/p/1.html
NOTIC: 建议使用I方法替代_param
NOTIC: 建议使用I方法替代_param
NOTIC: 建议使用I方法替代_param
NOTIC: 建议使用I方法替代_param
NOTIC: 建议使用I方法替代_param
NOTIC: 建议使用I方法替代_param
NOTIC: 建议使用I方法替代_param

[ 2015-12-03T18:04:28+08:00 ] 127.0.0.1 /new1130/search/index/search_key/%E7%BA%A2/p/1.html
NOTIC: 建议使用I方法替代_param
NOTIC: 建议使用I方法替代_param
NOTIC: 建议使用I方法替代_param
NOTIC: 建议使用I方法替代_param
NOTIC: 建议使用I方法替代_param
NOTIC: 建议使用I方法替代_param
NOTIC: 建议使用I方法替代_param

[ 2015-12-03T18:04:33+08:00 ] 127.0.0.1 /new1130/search/index/search_key/%E7%BA%A2/p/1.html
NOTIC: 建议使用I方法替代_param
NOTIC: 建议使用I方法替代_param
NOTIC: 建议使用I方法替代_param
NOTIC: 建议使用I方法替代_param
NOTIC: 建议使用I方法替代_param
NOTIC: 建议使用I方法替代_param
NOTIC: 建议使用I方法替代_param

[ 2015-12-03T18:04:43+08:00 ] 127.0.0.1 /new1130/search/index/search_key/%E7%BA%A2/p/1.html
NOTIC: 建议使用I方法替代_param
NOTIC: 建议使用I方法替代_param

[ 2015-12-03T18:05:23+08:00 ] 127.0.0.1 /new1130/search/index/search_key/%E7%BA%A2/p/1.html
NOTIC: 建议使用I方法替代_param
NOTIC: 建议使用I方法替代_param

[ 2015-12-03T18:06:03+08:00 ] 127.0.0.1 /new1130/search/index/search_key/%E7%BA%A2/p/1.html
NOTIC: 建议使用I方法替代_param
NOTIC: 建议使用I方法替代_param
NOTIC: 建议使用I方法替代_param
NOTIC: 建议使用I方法替代_param
NOTIC: 建议使用I方法替代_param
NOTIC: 建议使用I方法替代_param
NOTIC: 建议使用I方法替代_param

[ 2015-12-03T18:06:19+08:00 ] 127.0.0.1 /new1130/search/index/search_key/%E7%BA%A2/p/1.html
NOTIC: 建议使用I方法替代_param
NOTIC: 建议使用I方法替代_param
NOTIC: 建议使用I方法替代_param
NOTIC: 建议使用I方法替代_param
NOTIC: 建议使用I方法替代_param
NOTIC: 建议使用I方法替代_param
NOTIC: 建议使用I方法替代_param

[ 2015-12-03T18:08:47+08:00 ] 127.0.0.1 /new1130/search/index/search_key/%E7%BA%A2/p/1.html
NOTIC: 建议使用I方法替代_param
NOTIC: 建议使用I方法替代_param
NOTIC: 建议使用I方法替代_param
NOTIC: 建议使用I方法替代_param
NOTIC: 建议使用I方法替代_param
NOTIC: 建议使用I方法替代_param

[ 2015-12-03T18:09:08+08:00 ] 127.0.0.1 /new1130/search/index/search_key/%E7%BA%A2/p/1.html
NOTIC: 建议使用I方法替代_param
NOTIC: 建议使用I方法替代_param
NOTIC: 建议使用I方法替代_param
NOTIC: 建议使用I方法替代_param
NOTIC: 建议使用I方法替代_param
NOTIC: 建议使用I方法替代_param

[ 2015-12-03T18:09:29+08:00 ] 127.0.0.1 /new1130/search/index
NOTIC: 建议使用I方法替代_param
NOTIC: 建议使用I方法替代_param
NOTIC: 建议使用I方法替代_param
NOTIC: 建议使用I方法替代_param
NOTIC: 建议使用I方法替代_param
NOTIC: 建议使用I方法替代_param

[ 2015-12-03T18:10:15+08:00 ] 127.0.0.1 /new1130/search/index
NOTIC: 建议使用I方法替代_param
NOTIC: 建议使用I方法替代_param
NOTIC: 建议使用I方法替代_param
NOTIC: 建议使用I方法替代_param
NOTIC: 建议使用I方法替代_param
NOTIC: 建议使用I方法替代_param

[ 2015-12-03T18:10:43+08:00 ] 127.0.0.1 /new1130/index/search
ERR: 非法操作:search

[ 2015-12-03T18:10:52+08:00 ] 127.0.0.1 /new1130/search
NOTIC: 建议使用I方法替代_param
NOTIC: 建议使用I方法替代_param
NOTIC: 建议使用I方法替代_param
NOTIC: 建议使用I方法替代_param
NOTIC: 建议使用I方法替代_param
NOTIC: 建议使用I方法替代_param

[ 2015-12-03T18:10:52+08:00 ] 127.0.0.1 /new1130/search
NOTIC: 建议使用I方法替代_param
NOTIC: 建议使用I方法替代_param
NOTIC: 建议使用I方法替代_param
NOTIC: 建议使用I方法替代_param
NOTIC: 建议使用I方法替代_param
NOTIC: 建议使用I方法替代_param

[ 2015-12-03T18:11:33+08:00 ] 127.0.0.1 /new1130/search/index.html
NOTIC: 建议使用I方法替代_param
NOTIC: 建议使用I方法替代_param
NOTIC: 建议使用I方法替代_param
NOTIC: 建议使用I方法替代_param
NOTIC: 建议使用I方法替代_param
NOTIC: 建议使用I方法替代_param

[ 2015-12-03T18:11:42+08:00 ] 127.0.0.1 /new1130/search/index/cat/81.html
NOTIC: 建议使用I方法替代_param
NOTIC: 建议使用I方法替代_param
NOTIC: 建议使用I方法替代_param
NOTIC: 建议使用I方法替代_param
NOTIC: 建议使用I方法替代_param
NOTIC: 建议使用I方法替代_param

[ 2015-12-03T18:11:56+08:00 ] 127.0.0.1 /new1130/search/index.html
NOTIC: 建议使用I方法替代_param
NOTIC: 建议使用I方法替代_param
NOTIC: 建议使用I方法替代_param
NOTIC: 建议使用I方法替代_param
NOTIC: 建议使用I方法替代_param
NOTIC: 建议使用I方法替代_param

[ 2015-12-03T18:12:23+08:00 ] 127.0.0.1 /new1130/search/index/cat/82.html
NOTIC: 建议使用I方法替代_param
NOTIC: 建议使用I方法替代_param
NOTIC: 建议使用I方法替代_param
NOTIC: 建议使用I方法替代_param
NOTIC: 建议使用I方法替代_param
NOTIC: 建议使用I方法替代_param

[ 2015-12-03T18:13:12+08:00 ] 127.0.0.1 /new1130/search/index/cat/82.html
NOTIC: 建议使用I方法替代_param
NOTIC: 建议使用I方法替代_param
NOTIC: 建议使用I方法替代_param
NOTIC: 建议使用I方法替代_param
NOTIC: 建议使用I方法替代_param
NOTIC: 建议使用I方法替代_param

[ 2015-12-03T18:21:23+08:00 ] 127.0.0.1 /new1130/search/index/cat/82.html
NOTIC: 建议使用I方法替代_param
NOTIC: 建议使用I方法替代_param
NOTIC: 建议使用I方法替代_param
NOTIC: 建议使用I方法替代_param
NOTIC: 建议使用I方法替代_param
NOTIC: 建议使用I方法替代_param

[ 2015-12-03T18:21:41+08:00 ] 127.0.0.1 /new1130/search/index.html
NOTIC: 建议使用I方法替代_param
NOTIC: 建议使用I方法替代_param
NOTIC: 建议使用I方法替代_param
NOTIC: 建议使用I方法替代_param
NOTIC: 建议使用I方法替代_param
NOTIC: 建议使用I方法替代_param

[ 2015-12-03T18:21:45+08:00 ] 127.0.0.1 /new1130/search/index/cat/83.html
NOTIC: 建议使用I方法替代_param
NOTIC: 建议使用I方法替代_param
NOTIC: 建议使用I方法替代_param
NOTIC: 建议使用I方法替代_param
NOTIC: 建议使用I方法替代_param
NOTIC: 建议使用I方法替代_param

[ 2015-12-03T18:22:03+08:00 ] 127.0.0.1 /new1130/search/index.html
NOTIC: 建议使用I方法替代_param
NOTIC: 建议使用I方法替代_param
NOTIC: 建议使用I方法替代_param
NOTIC: 建议使用I方法替代_param
NOTIC: 建议使用I方法替代_param
NOTIC: 建议使用I方法替代_param

[ 2015-12-03T18:24:01+08:00 ] 127.0.0.1 /new1130/search/index.html
NOTIC: 建议使用I方法替代_param
NOTIC: 建议使用I方法替代_param
NOTIC: 建议使用I方法替代_param
NOTIC: 建议使用I方法替代_param
NOTIC: 建议使用I方法替代_param
NOTIC: 建议使用I方法替代_param

[ 2015-12-03T18:24:48+08:00 ] 127.0.0.1 /new1130/search/index.html
NOTIC: 建议使用I方法替代_param
NOTIC: 建议使用I方法替代_param
NOTIC: 建议使用I方法替代_param
NOTIC: 建议使用I方法替代_param
NOTIC: 建议使用I方法替代_param
NOTIC: 建议使用I方法替代_param

[ 2015-12-03T18:25:01+08:00 ] 127.0.0.1 /new1130/search/index.html
NOTIC: 建议使用I方法替代_param
NOTIC: 建议使用I方法替代_param
NOTIC: 建议使用I方法替代_param
NOTIC: 建议使用I方法替代_param
NOTIC: 建议使用I方法替代_param
NOTIC: 建议使用I方法替代_param

[ 2015-12-03T18:27:15+08:00 ] 127.0.0.1 /new1130/search/index.html
NOTIC: 建议使用I方法替代_param
NOTIC: 建议使用I方法替代_param
NOTIC: 建议使用I方法替代_param
NOTIC: 建议使用I方法替代_param
NOTIC: 建议使用I方法替代_param
NOTIC: 建议使用I方法替代_param

[ 2015-12-03T18:27:18+08:00 ] 127.0.0.1 /new1130/search/index.html
NOTIC: 建议使用I方法替代_param
NOTIC: 建议使用I方法替代_param
NOTIC: 建议使用I方法替代_param
NOTIC: 建议使用I方法替代_param
NOTIC: 建议使用I方法替代_param
NOTIC: 建议使用I方法替代_param

[ 2015-12-03T18:28:07+08:00 ] 127.0.0.1 /new1130/search/index/cat/84.html
NOTIC: 建议使用I方法替代_param
NOTIC: 建议使用I方法替代_param
NOTIC: 建议使用I方法替代_param
NOTIC: 建议使用I方法替代_param
NOTIC: 建议使用I方法替代_param
NOTIC: 建议使用I方法替代_param

[ 2015-12-03T18:30:24+08:00 ] 127.0.0.1 /new1130/search/index/cat/84.html
NOTIC: 建议使用I方法替代_param
NOTIC: 建议使用I方法替代_param
NOTIC: 建议使用I方法替代_param
NOTIC: 建议使用I方法替代_param
NOTIC: 建议使用I方法替代_param
NOTIC: 建议使用I方法替代_param

[ 2015-12-03T18:30:29+08:00 ] 127.0.0.1 /new1130/search/index.html?search_key=%E5%95%86%E5%93%81%2F%E5%93%81%E7%89%8C%2F%E9%A2%9C%E8%89%B2%2F%E5%9E%8B%E5%8F%B7&search_area_id=1
NOTIC: 建议使用I方法替代_param
NOTIC: 建议使用I方法替代_param
NOTIC: 建议使用I方法替代_param
NOTIC: 建议使用I方法替代_param
NOTIC: 建议使用I方法替代_param
NOTIC: 建议使用I方法替代_param

[ 2015-12-03T18:30:45+08:00 ] 127.0.0.1 /new1130/search/index.html?search_key=%E7%BA%A2&search_area_id=1
NOTIC: 建议使用I方法替代_param
NOTIC: 建议使用I方法替代_param
NOTIC: 建议使用I方法替代_param
NOTIC: 建议使用I方法替代_param
NOTIC: 建议使用I方法替代_param
NOTIC: 建议使用I方法替代_param

[ 2015-12-03T18:30:49+08:00 ] 127.0.0.1 /new1130/search/index/cat/84.html
NOTIC: 建议使用I方法替代_param
NOTIC: 建议使用I方法替代_param
NOTIC: 建议使用I方法替代_param
NOTIC: 建议使用I方法替代_param
NOTIC: 建议使用I方法替代_param
NOTIC: 建议使用I方法替代_param

[ 2015-12-03T18:31:53+08:00 ] 127.0.0.1 /new1130/search/index/cat/84.html
NOTIC: 建议使用I方法替代_param
NOTIC: 建议使用I方法替代_param
NOTIC: 建议使用I方法替代_param
NOTIC: 建议使用I方法替代_param
NOTIC: 建议使用I方法替代_param
NOTIC: 建议使用I方法替代_param

[ 2015-12-03T18:32:12+08:00 ] 127.0.0.1 /new1130/search/index.html?search_key=%E7%BA%A2&search_area_id=1
NOTIC: 建议使用I方法替代_param
NOTIC: 建议使用I方法替代_param
NOTIC: 建议使用I方法替代_param
NOTIC: 建议使用I方法替代_param
NOTIC: 建议使用I方法替代_param
NOTIC: 建议使用I方法替代_param

[ 2015-12-03T18:32:17+08:00 ] 127.0.0.1 /new1130/search/index/cat/84.html
NOTIC: 建议使用I方法替代_param
NOTIC: 建议使用I方法替代_param
NOTIC: 建议使用I方法替代_param
NOTIC: 建议使用I方法替代_param
NOTIC: 建议使用I方法替代_param
NOTIC: 建议使用I方法替代_param

[ 2015-12-03T18:37:20+08:00 ] 127.0.0.1 /new1130/search/index/cat/84.html
NOTIC: 建议使用I方法替代_param
NOTIC: 建议使用I方法替代_param
NOTIC: 建议使用I方法替代_param
NOTIC: 建议使用I方法替代_param
NOTIC: 建议使用I方法替代_param
NOTIC: 建议使用I方法替代_param

[ 2015-12-03T18:39:29+08:00 ] 127.0.0.1 /new1130/search/index/cat/84.html
NOTIC: 建议使用I方法替代_param
NOTIC: 建议使用I方法替代_param
NOTIC: 建议使用I方法替代_param
NOTIC: 建议使用I方法替代_param
NOTIC: 建议使用I方法替代_param
NOTIC: 建议使用I方法替代_param

[ 2015-12-03T18:39:35+08:00 ] 127.0.0.1 /new1130/search/index.html
NOTIC: 建议使用I方法替代_param
NOTIC: 建议使用I方法替代_param
NOTIC: 建议使用I方法替代_param
NOTIC: 建议使用I方法替代_param
NOTIC: 建议使用I方法替代_param
NOTIC: 建议使用I方法替代_param

[ 2015-12-03T18:39:41+08:00 ] 127.0.0.1 /new1130/search/index.html?search_key=%E7%BA%A2&search_area_id=1
NOTIC: 建议使用I方法替代_param
NOTIC: 建议使用I方法替代_param
NOTIC: 建议使用I方法替代_param
NOTIC: 建议使用I方法替代_param
NOTIC: 建议使用I方法替代_param
NOTIC: 建议使用I方法替代_param

[ 2015-12-03T18:39:48+08:00 ] 127.0.0.1 /new1130/search/index/cat/84.html
NOTIC: 建议使用I方法替代_param
NOTIC: 建议使用I方法替代_param
NOTIC: 建议使用I方法替代_param
NOTIC: 建议使用I方法替代_param
NOTIC: 建议使用I方法替代_param
NOTIC: 建议使用I方法替代_param

[ 2015-12-03T18:39:54+08:00 ] 127.0.0.1 /new1130/search/index/cat/83.html
NOTIC: 建议使用I方法替代_param
NOTIC: 建议使用I方法替代_param
NOTIC: 建议使用I方法替代_param
NOTIC: 建议使用I方法替代_param
NOTIC: 建议使用I方法替代_param
NOTIC: 建议使用I方法替代_param

[ 2015-12-03T18:39:59+08:00 ] 127.0.0.1 /new1130/search/index/cat/83/cate_id/158.html
NOTIC: 建议使用I方法替代_param
NOTIC: 建议使用I方法替代_param
NOTIC: 建议使用I方法替代_param
NOTIC: 建议使用I方法替代_param
NOTIC: 建议使用I方法替代_param
NOTIC: 建议使用I方法替代_param

[ 2015-12-03T18:41:00+08:00 ] 127.0.0.1 /new1130/search/index/cat/83/cate_id/158.html
NOTIC: 建议使用I方法替代_param
NOTIC: 建议使用I方法替代_param
NOTIC: 建议使用I方法替代_param
NOTIC: 建议使用I方法替代_param
NOTIC: 建议使用I方法替代_param
NOTIC: 建议使用I方法替代_param

[ 2015-12-03T18:41:07+08:00 ] 127.0.0.1 /new1130/search/index.html?search_key=%E7%BA%A2&search_area_id=1
NOTIC: 建议使用I方法替代_param
NOTIC: 建议使用I方法替代_param
NOTIC: 建议使用I方法替代_param
NOTIC: 建议使用I方法替代_param
NOTIC: 建议使用I方法替代_param
NOTIC: 建议使用I方法替代_param

[ 2015-12-03T18:42:23+08:00 ] 127.0.0.1 /new1130/search/index.html?search_key=%E7%BA%A2&search_area_id=1
NOTIC: 建议使用I方法替代_param
NOTIC: 建议使用I方法替代_param
NOTIC: 建议使用I方法替代_param
NOTIC: 建议使用I方法替代_param
NOTIC: 建议使用I方法替代_param
NOTIC: 建议使用I方法替代_param

[ 2015-12-03T18:42:31+08:00 ] 127.0.0.1 /new1130/search/index.html?search_key=%E9%BB%84&search_area_id=1
NOTIC: 建议使用I方法替代_param
NOTIC: 建议使用I方法替代_param
NOTIC: 建议使用I方法替代_param
NOTIC: 建议使用I方法替代_param
NOTIC: 建议使用I方法替代_param
NOTIC: 建议使用I方法替代_param

[ 2015-12-03T18:42:37+08:00 ] 127.0.0.1 /new1130/search/index/cat/84.html
NOTIC: 建议使用I方法替代_param
NOTIC: 建议使用I方法替代_param
NOTIC: 建议使用I方法替代_param
NOTIC: 建议使用I方法替代_param
NOTIC: 建议使用I方法替代_param
NOTIC: 建议使用I方法替代_param

[ 2015-12-03T18:43:04+08:00 ] 127.0.0.1 /new1130/search/index.html?search_key=%E5%95%86%E5%93%81%2F%E5%93%81%E7%89%8C%2F%E9%A2%9C%E8%89%B2%2F%E5%9E%8B%E5%8F%B7&search_area_id=1
NOTIC: 建议使用I方法替代_param
NOTIC: 建议使用I方法替代_param
NOTIC: 建议使用I方法替代_param
NOTIC: 建议使用I方法替代_param
NOTIC: 建议使用I方法替代_param
NOTIC: 建议使用I方法替代_param

[ 2015-12-03T18:44:01+08:00 ] 127.0.0.1 /new1130/search/index.html?search_key=%E5%95%86%E5%93%81%2F%E5%93%81%E7%89%8C%2F%E9%A2%9C%E8%89%B2%2F%E5%9E%8B%E5%8F%B7&search_area_id=1
NOTIC: 建议使用I方法替代_param
NOTIC: 建议使用I方法替代_param
NOTIC: 建议使用I方法替代_param
NOTIC: 建议使用I方法替代_param
NOTIC: 建议使用I方法替代_param
NOTIC: 建议使用I方法替代_param

[ 2015-12-03T18:44:07+08:00 ] 127.0.0.1 /new1130/search/index.html?search_key=%E5%95%86%E5%93%81%2F%E5%93%81%E7%89%8C%2F%E9%A2%9C%E8%89%B2%2F%E5%9E%8B%E5%8F%B7&search_area_id=1
NOTIC: 建议使用I方法替代_param
NOTIC: 建议使用I方法替代_param
NOTIC: 建议使用I方法替代_param
NOTIC: 建议使用I方法替代_param
NOTIC: 建议使用I方法替代_param
NOTIC: 建议使用I方法替代_param

[ 2015-12-03T18:45:17+08:00 ] 127.0.0.1 /new1130/search/index.html?search_key=%E5%95%86%E5%93%81%2F%E5%93%81%E7%89%8C%2F%E9%A2%9C%E8%89%B2%2F%E5%9E%8B%E5%8F%B7&search_area_id=1
NOTIC: 建议使用I方法替代_param
NOTIC: 建议使用I方法替代_param
NOTIC: 建议使用I方法替代_param
NOTIC: 建议使用I方法替代_param
NOTIC: 建议使用I方法替代_param
NOTIC: 建议使用I方法替代_param

[ 2015-12-03T18:46:39+08:00 ] 127.0.0.1 /new1130/search/index.html?search_key=%E5%95%86%E5%93%81%2F%E5%93%81%E7%89%8C%2F%E9%A2%9C%E8%89%B2%2F%E5%9E%8B%E5%8F%B7&search_area_id=1
NOTIC: 建议使用I方法替代_param
NOTIC: 建议使用I方法替代_param
NOTIC: 建议使用I方法替代_param
NOTIC: 建议使用I方法替代_param
NOTIC: 建议使用I方法替代_param
NOTIC: 建议使用I方法替代_param

[ 2015-12-03T18:46:44+08:00 ] 127.0.0.1 /new1130/search/index.html?search_key=%E5%95%86%E5%93%81%2F%E5%93%81%E7%89%8C%2F%E9%A2%9C%E8%89%B2%2F%E5%9E%8B%E5%8F%B7&search_area_id=1
NOTIC: 建议使用I方法替代_param
NOTIC: 建议使用I方法替代_param
NOTIC: 建议使用I方法替代_param
NOTIC: 建议使用I方法替代_param
NOTIC: 建议使用I方法替代_param
NOTIC: 建议使用I方法替代_param

[ 2015-12-03T18:46:54+08:00 ] 127.0.0.1 /new1130/search/index.html?search_key=%E7%BA%A2&search_area_id=1
NOTIC: 建议使用I方法替代_param
NOTIC: 建议使用I方法替代_param
NOTIC: 建议使用I方法替代_param
NOTIC: 建议使用I方法替代_param
NOTIC: 建议使用I方法替代_param
NOTIC: 建议使用I方法替代_param

[ 2015-12-03T18:47:01+08:00 ] 127.0.0.1 /new1130/search/index/cat/84/search/%E7%BA%A2.html
NOTIC: 建议使用I方法替代_param
NOTIC: 建议使用I方法替代_param
NOTIC: 建议使用I方法替代_param
NOTIC: 建议使用I方法替代_param
NOTIC: 建议使用I方法替代_param
NOTIC: 建议使用I方法替代_param

[ 2015-12-03T18:47:29+08:00 ] 127.0.0.1 /new1130/search/index/cat/84.html
NOTIC: 建议使用I方法替代_param
NOTIC: 建议使用I方法替代_param
NOTIC: 建议使用I方法替代_param
NOTIC: 建议使用I方法替代_param
NOTIC: 建议使用I方法替代_param
NOTIC: 建议使用I方法替代_param

[ 2015-12-03T18:47:40+08:00 ] 127.0.0.1 /new1130/search/index.html?search_key=%E7%BA%A2&search_area_id=1
NOTIC: 建议使用I方法替代_param
NOTIC: 建议使用I方法替代_param
NOTIC: 建议使用I方法替代_param
NOTIC: 建议使用I方法替代_param
NOTIC: 建议使用I方法替代_param
NOTIC: 建议使用I方法替代_param

[ 2015-12-03T18:48:46+08:00 ] 127.0.0.1 /new1130/search/index.html?search_key=%E9%BB%84&search_area_id=1
NOTIC: 建议使用I方法替代_param
NOTIC: 建议使用I方法替代_param
NOTIC: 建议使用I方法替代_param
NOTIC: 建议使用I方法替代_param
NOTIC: 建议使用I方法替代_param
NOTIC: 建议使用I方法替代_param

