[ 2015-12-08T09:25:17+08:00 ] 127.0.0.1 /new1130/search
NOTIC: 建议使用I方法替代_param

[ 2015-12-08T09:25:19+08:00 ] 127.0.0.1 /new1130/search
NOTIC: 建议使用I方法替代_param

[ 2015-12-08T09:25:29+08:00 ] 127.0.0.1 /new1130/search/index.html
NOTIC: 建议使用I方法替代_param
NOTIC: 建议使用I方法替代_param
NOTIC: 建议使用I方法替代_param
NOTIC: 建议使用I方法替代_param
NOTIC: 建议使用I方法替代_param
NOTIC: 建议使用I方法替代_param

[ 2015-12-08T09:25:37+08:00 ] 127.0.0.1 /new1130/search/index.html
NOTIC: 建议使用I方法替代_param
NOTIC: 建议使用I方法替代_param
NOTIC: 建议使用I方法替代_param
NOTIC: 建议使用I方法替代_param
NOTIC: 建议使用I方法替代_param
NOTIC: 建议使用I方法替代_param

[ 2015-12-08T10:47:05+08:00 ] 127.0.0.1 /new1130/search
NOTIC: 建议使用I方法替代_param

[ 2015-12-08T10:47:05+08:00 ] 127.0.0.1 /new1130/search
NOTIC: 建议使用I方法替代_param

[ 2015-12-08T10:47:22+08:00 ] 127.0.0.1 /new1130/search/index.html
NOTIC: 建议使用I方法替代_param
NOTIC: 建议使用I方法替代_param
NOTIC: 建议使用I方法替代_param
NOTIC: 建议使用I方法替代_param
NOTIC: 建议使用I方法替代_param
NOTIC: 建议使用I方法替代_param

[ 2015-12-08T10:47:24+08:00 ] 127.0.0.1 /new1130/search/index.html
NOTIC: 建议使用I方法替代_param

[ 2015-12-08T10:47:34+08:00 ] 127.0.0.1 /new1130/search/index.html
NOTIC: 建议使用I方法替代_param
NOTIC: 建议使用I方法替代_param
NOTIC: 建议使用I方法替代_param
NOTIC: 建议使用I方法替代_param
NOTIC: 建议使用I方法替代_param
NOTIC: 建议使用I方法替代_param

[ 2015-12-08T11:35:55+08:00 ] 127.0.0.1 /new1130/search
NOTIC: 建议使用I方法替代_param

[ 2015-12-08T11:36:00+08:00 ] 127.0.0.1 /new1130/mall
NOTIC: 建议使用I方法替代_param
NOTIC: 建议使用I方法替代_param
NOTIC: 建议使用I方法替代_param
NOTIC: 建议使用I方法替代_param
NOTIC: 建议使用I方法替代_param

[ 2015-12-08T11:36:00+08:00 ] 127.0.0.1 /new1130/mall
NOTIC: 建议使用I方法替代_param
NOTIC: 建议使用I方法替代_param
NOTIC: 建议使用I方法替代_param
NOTIC: 建议使用I方法替代_param
NOTIC: 建议使用I方法替代_param

[ 2015-12-08T11:36:06+08:00 ] 127.0.0.1 /new1130/mall/detail/goods_name/%E5%8F%AF%E8%80%90%E7%A6%8F%E5%8D%A1%E5%BC%8F%E4%B8%BB%E9%BE%99/brand_name/%E5%8F%AF%E8%80%90%E7%A6%8F/goods_version/0.8.html
ERR: 参数错误或者未定义:goods_id

[ 2015-12-08T11:36:31+08:00 ] 127.0.0.1 /new1130/mall/index/cat/84.html
NOTIC: 建议使用I方法替代_param
NOTIC: 建议使用I方法替代_param
NOTIC: 建议使用I方法替代_param
NOTIC: 建议使用I方法替代_param
NOTIC: 建议使用I方法替代_param

[ 2015-12-08T11:36:35+08:00 ] 127.0.0.1 /new1130/mall/index/cat/84/cate_id/164.html
NOTIC: 建议使用I方法替代_param
NOTIC: 建议使用I方法替代_param
NOTIC: 建议使用I方法替代_param
NOTIC: 建议使用I方法替代_param
NOTIC: 建议使用I方法替代_param

[ 2015-12-08T16:38:23+08:00 ] 127.0.0.1 /new1130/search/index.html
NOTIC: 建议使用I方法替代_param
NOTIC: 建议使用I方法替代_param
NOTIC: 建议使用I方法替代_param
NOTIC: 建议使用I方法替代_param
NOTIC: 建议使用I方法替代_param
NOTIC: 建议使用I方法替代_param

[ 2015-12-08T16:38:32+08:00 ] 127.0.0.1 /new1130/search/index/cat/84/search_key/%E7%BA%A2.html
NOTIC: 建议使用I方法替代_param
NOTIC: 建议使用I方法替代_param
NOTIC: 建议使用I方法替代_param
NOTIC: 建议使用I方法替代_param
NOTIC: 建议使用I方法替代_param
NOTIC: 建议使用I方法替代_param

[ 2015-12-08T16:38:36+08:00 ] 127.0.0.1 /new1130/search/index/cat/84/cate_id/166/search_key/%E7%BA%A2.html
NOTIC: 建议使用I方法替代_param
NOTIC: 建议使用I方法替代_param
NOTIC: 建议使用I方法替代_param
NOTIC: 建议使用I方法替代_param
NOTIC: 建议使用I方法替代_param
NOTIC: 建议使用I方法替代_param

[ 2015-12-08T16:38:42+08:00 ] 127.0.0.1 /new1130/search/index/cat/84/search_key/%E7%BA%A2.html
NOTIC: 建议使用I方法替代_param
NOTIC: 建议使用I方法替代_param
NOTIC: 建议使用I方法替代_param
NOTIC: 建议使用I方法替代_param
NOTIC: 建议使用I方法替代_param
NOTIC: 建议使用I方法替代_param

[ 2015-12-08T16:39:43+08:00 ] 127.0.0.1 /new1130/search/index/cat/84/cate_id/165/search_key/%E7%BA%A2.html
NOTIC: 建议使用I方法替代_param
NOTIC: 建议使用I方法替代_param
NOTIC: 建议使用I方法替代_param
NOTIC: 建议使用I方法替代_param
NOTIC: 建议使用I方法替代_param
NOTIC: 建议使用I方法替代_param

[ 2015-12-08T16:41:54+08:00 ] 127.0.0.1 /new1130/search/index/search_key/%E7%BA%A2.html
NOTIC: 建议使用I方法替代_param
NOTIC: 建议使用I方法替代_param
NOTIC: 建议使用I方法替代_param
NOTIC: 建议使用I方法替代_param
NOTIC: 建议使用I方法替代_param
NOTIC: 建议使用I方法替代_param

[ 2015-12-08T16:42:04+08:00 ] 127.0.0.1 /new1130/search/index/cat/84/search_key/%E7%BA%A2.html
NOTIC: 建议使用I方法替代_param
NOTIC: 建议使用I方法替代_param
NOTIC: 建议使用I方法替代_param
NOTIC: 建议使用I方法替代_param
NOTIC: 建议使用I方法替代_param
NOTIC: 建议使用I方法替代_param

[ 2015-12-08T16:42:07+08:00 ] 127.0.0.1 /new1130/search/index/search_key/%E7%BA%A2.html
NOTIC: 建议使用I方法替代_param
NOTIC: 建议使用I方法替代_param
NOTIC: 建议使用I方法替代_param
NOTIC: 建议使用I方法替代_param
NOTIC: 建议使用I方法替代_param
NOTIC: 建议使用I方法替代_param

[ 2015-12-08T16:42:26+08:00 ] 127.0.0.1 /new1130/search/index/cat/84/search_key/%E7%BA%A2.html
NOTIC: 建议使用I方法替代_param
NOTIC: 建议使用I方法替代_param
NOTIC: 建议使用I方法替代_param
NOTIC: 建议使用I方法替代_param
NOTIC: 建议使用I方法替代_param
NOTIC: 建议使用I方法替代_param

[ 2015-12-08T16:42:33+08:00 ] 127.0.0.1 /new1130/search/index/search_key/%E7%BA%A2.html
NOTIC: 建议使用I方法替代_param
NOTIC: 建议使用I方法替代_param
NOTIC: 建议使用I方法替代_param
NOTIC: 建议使用I方法替代_param
NOTIC: 建议使用I方法替代_param
NOTIC: 建议使用I方法替代_param

[ 2015-12-08T16:43:29+08:00 ] 127.0.0.1 /new1130/search/index/cat/84/search_key/%E7%BA%A2.html
NOTIC: 建议使用I方法替代_param
NOTIC: 建议使用I方法替代_param
NOTIC: 建议使用I方法替代_param
NOTIC: 建议使用I方法替代_param
NOTIC: 建议使用I方法替代_param
NOTIC: 建议使用I方法替代_param

[ 2015-12-08T16:44:02+08:00 ] 127.0.0.1 /new1130/search/index/search_key/%E7%BA%A2.html
NOTIC: 建议使用I方法替代_param
NOTIC: 建议使用I方法替代_param
NOTIC: 建议使用I方法替代_param
NOTIC: 建议使用I方法替代_param
NOTIC: 建议使用I方法替代_param
NOTIC: 建议使用I方法替代_param

[ 2015-12-08T16:44:08+08:00 ] 127.0.0.1 /new1130/search/index/cat/84/search_key/%E7%BA%A2.html
NOTIC: 建议使用I方法替代_param
NOTIC: 建议使用I方法替代_param
NOTIC: 建议使用I方法替代_param
NOTIC: 建议使用I方法替代_param
NOTIC: 建议使用I方法替代_param
NOTIC: 建议使用I方法替代_param

[ 2015-12-08T16:45:28+08:00 ] 127.0.0.1 /new1130/search/index.html
NOTIC: 建议使用I方法替代_param
NOTIC: 建议使用I方法替代_param
NOTIC: 建议使用I方法替代_param
NOTIC: 建议使用I方法替代_param
NOTIC: 建议使用I方法替代_param
NOTIC: 建议使用I方法替代_param

[ 2015-12-08T16:45:35+08:00 ] 127.0.0.1 /new1130/search/index/cat/84/search_key/%E9%BB%84.html
NOTIC: 建议使用I方法替代_param
NOTIC: 建议使用I方法替代_param
NOTIC: 建议使用I方法替代_param
NOTIC: 建议使用I方法替代_param
NOTIC: 建议使用I方法替代_param
NOTIC: 建议使用I方法替代_param

[ 2015-12-08T16:46:41+08:00 ] 127.0.0.1 /new1130/search/index.html
NOTIC: 建议使用I方法替代_param
NOTIC: 建议使用I方法替代_param
NOTIC: 建议使用I方法替代_param
NOTIC: 建议使用I方法替代_param
NOTIC: 建议使用I方法替代_param
NOTIC: 建议使用I方法替代_param

[ 2015-12-08T16:46:44+08:00 ] 127.0.0.1 /new1130/search/index/cat/84/search_key/%E7%9A%84%E8%AF%9D%E6%92%92%E5%A8%87%E7%9A%84hash%E7%9A%84%E6%97%B6%E4%BB%A3%E5%93%88%E5%93%88%E6%98%AF.html
NOTIC: 建议使用I方法替代_param
NOTIC: 建议使用I方法替代_param
NOTIC: 建议使用I方法替代_param
NOTIC: 建议使用I方法替代_param
NOTIC: 建议使用I方法替代_param
NOTIC: 建议使用I方法替代_param

[ 2015-12-08T16:47:09+08:00 ] 127.0.0.1 /new1130/search/index/search_key/%E7%9A%84%E8%AF%9D%E6%92%92%E5%A8%87%E7%9A%84hash%E7%9A%84%E6%97%B6%E4%BB%A3%E5%93%88%E5%93%88%E6%98%AF.html
NOTIC: 建议使用I方法替代_param
NOTIC: 建议使用I方法替代_param
NOTIC: 建议使用I方法替代_param
NOTIC: 建议使用I方法替代_param
NOTIC: 建议使用I方法替代_param
NOTIC: 建议使用I方法替代_param

[ 2015-12-08T16:47:38+08:00 ] 127.0.0.1 /new1130/search/index/cat/84/search_key/%E7%9A%84%E8%AF%9D%E6%92%92%E5%A8%87%E7%9A%84hash%E7%9A%84%E6%97%B6%E4%BB%A3%E5%93%88%E5%93%88%E6%98%AF.html
NOTIC: 建议使用I方法替代_param
NOTIC: 建议使用I方法替代_param
NOTIC: 建议使用I方法替代_param
NOTIC: 建议使用I方法替代_param
NOTIC: 建议使用I方法替代_param
NOTIC: 建议使用I方法替代_param

[ 2015-12-08T16:49:38+08:00 ] 127.0.0.1 /new1130/search/index
NOTIC: 建议使用I方法替代_param

[ 2015-12-08T16:49:52+08:00 ] 127.0.0.1 /new1130/search/index.html
NOTIC: 建议使用I方法替代_param
NOTIC: 建议使用I方法替代_param
NOTIC: 建议使用I方法替代_param
NOTIC: 建议使用I方法替代_param
NOTIC: 建议使用I方法替代_param
NOTIC: 建议使用I方法替代_param

[ 2015-12-08T16:50:55+08:00 ] 127.0.0.1 /new1130/search/index.html
NOTIC: 建议使用I方法替代_param
NOTIC: 建议使用I方法替代_param
NOTIC: 建议使用I方法替代_param
NOTIC: 建议使用I方法替代_param
NOTIC: 建议使用I方法替代_param
NOTIC: 建议使用I方法替代_param

[ 2015-12-08T16:50:59+08:00 ] 127.0.0.1 /new1130/search/index/cat/84/search_key/%E7%8B%AC%E5%AE%B6%E8%AF%95%E7%88%B1%E4%B8%8D%E5%A4%A7%E5%96%9C%E6%AC%A2%E6%92%92%E6%AF%94%E8%BE%83%E5%A5%BD%E7%9A%84%E8%B7%8B%E6%B6%89%E5%A4%A7%E6%8A%8A%E6%97%B6%E9%97%B4%E7%9A%84%E6%92%92%E5%8F%AF%E8%A7%81%E5%BA%A6%E5%8F%91%E6%92%92%E6%AF%94%E7%9A%84%E6%92%92%E6%97%A6%E4%B8%8D%E5%8D%95%E7%BA%AF%E7%9A%84nsa%E7%A9%BA%E9%97%B4%E5%88%86%E5%B8%83%E4%B8%89%E5%88%86vbendbsajdfbasnbe%E4%BD%A0%E5%8F%91%E7%9A%84%E6%98%AF%E5%90%A7%E7%BB%93%E5%A9%9A%E5%90%A7.html
NOTIC: 建议使用I方法替代_param
NOTIC: 建议使用I方法替代_param
NOTIC: 建议使用I方法替代_param
NOTIC: 建议使用I方法替代_param
NOTIC: 建议使用I方法替代_param
NOTIC: 建议使用I方法替代_param

[ 2015-12-08T16:51:06+08:00 ] 127.0.0.1 /new1130/search/index/cat/84/cate_id/163/search_key/%E7%8B%AC%E5%AE%B6%E8%AF%95%E7%88%B1%E4%B8%8D%E5%A4%A7%E5%96%9C%E6%AC%A2%E6%92%92%E6%AF%94%E8%BE%83%E5%A5%BD%E7%9A%84%E8%B7%8B%E6%B6%89%E5%A4%A7%E6%8A%8A%E6%97%B6%E9%97%B4%E7%9A%84%E6%92%92%E5%8F%AF%E8%A7%81%E5%BA%A6%E5%8F%91%E6%92%92%E6%AF%94%E7%9A%84%E6%92%92%E6%97%A6%E4%B8%8D%E5%8D%95%E7%BA%AF%E7%9A%84nsa%E7%A9%BA%E9%97%B4%E5%88%86%E5%B8%83%E4%B8%89%E5%88%86vbendbsajdfbasnbe%E4%BD%A0%E5%8F%91%E7%9A%84%E6%98%AF%E5%90%A7%E7%BB%93%E5%A9%9A%E5%90%A7.html
NOTIC: 建议使用I方法替代_param
NOTIC: 建议使用I方法替代_param
NOTIC: 建议使用I方法替代_param
NOTIC: 建议使用I方法替代_param
NOTIC: 建议使用I方法替代_param
NOTIC: 建议使用I方法替代_param

[ 2015-12-08T16:54:14+08:00 ] 127.0.0.1 /new1130/search/index/cat/84/search_key/%E7%8B%AC%E5%AE%B6%E8%AF%95%E7%88%B1%E4%B8%8D%E5%A4%A7%E5%96%9C%E6%AC%A2%E6%92%92%E6%AF%94%E8%BE%83%E5%A5%BD%E7%9A%84%E8%B7%8B%E6%B6%89%E5%A4%A7%E6%8A%8A%E6%97%B6%E9%97%B4%E7%9A%84%E6%92%92%E5%8F%AF%E8%A7%81%E5%BA%A6%E5%8F%91%E6%92%92%E6%AF%94%E7%9A%84%E6%92%92%E6%97%A6%E4%B8%8D%E5%8D%95%E7%BA%AF%E7%9A%84nsa%E7%A9%BA%E9%97%B4%E5%88%86%E5%B8%83%E4%B8%89%E5%88%86vbendbsajdfbasnbe%E4%BD%A0%E5%8F%91%E7%9A%84%E6%98%AF%E5%90%A7%E7%BB%93%E5%A9%9A%E5%90%A7.html
NOTIC: 建议使用I方法替代_param
NOTIC: 建议使用I方法替代_param
NOTIC: 建议使用I方法替代_param
NOTIC: 建议使用I方法替代_param
NOTIC: 建议使用I方法替代_param
NOTIC: 建议使用I方法替代_param

[ 2015-12-08T16:54:17+08:00 ] 127.0.0.1 /new1130/search/index/search_key/%E7%8B%AC%E5%AE%B6%E8%AF%95%E7%88%B1%E4%B8%8D%E5%A4%A7%E5%96%9C%E6%AC%A2%E6%92%92%E6%AF%94%E8%BE%83%E5%A5%BD%E7%9A%84%E8%B7%8B%E6%B6%89%E5%A4%A7%E6%8A%8A%E6%97%B6%E9%97%B4%E7%9A%84%E6%92%92%E5%8F%AF%E8%A7%81%E5%BA%A6%E5%8F%91%E6%92%92%E6%AF%94%E7%9A%84%E6%92%92%E6%97%A6%E4%B8%8D%E5%8D%95%E7%BA%AF%E7%9A%84nsa%E7%A9%BA%E9%97%B4%E5%88%86%E5%B8%83%E4%B8%89%E5%88%86vbendbsajdfbasnbe%E4%BD%A0%E5%8F%91%E7%9A%84%E6%98%AF%E5%90%A7%E7%BB%93%E5%A9%9A%E5%90%A7.html
NOTIC: 建议使用I方法替代_param
NOTIC: 建议使用I方法替代_param
NOTIC: 建议使用I方法替代_param
NOTIC: 建议使用I方法替代_param
NOTIC: 建议使用I方法替代_param
NOTIC: 建议使用I方法替代_param

[ 2015-12-08T16:54:35+08:00 ] 127.0.0.1 /new1130/search/index.html
NOTIC: 建议使用I方法替代_param
NOTIC: 建议使用I方法替代_param
NOTIC: 建议使用I方法替代_param
NOTIC: 建议使用I方法替代_param
NOTIC: 建议使用I方法替代_param
NOTIC: 建议使用I方法替代_param

[ 2015-12-08T16:55:49+08:00 ] 127.0.0.1 /new1130/search/index/cat/83/search_key/%E7%BA%A2.html
NOTIC: 建议使用I方法替代_param
NOTIC: 建议使用I方法替代_param
NOTIC: 建议使用I方法替代_param
NOTIC: 建议使用I方法替代_param
NOTIC: 建议使用I方法替代_param
NOTIC: 建议使用I方法替代_param

[ 2015-12-08T16:58:18+08:00 ] 127.0.0.1 /new1130/search
NOTIC: 建议使用I方法替代_param

[ 2015-12-08T16:58:26+08:00 ] 127.0.0.1 /new1130/search/index.html
NOTIC: 建议使用I方法替代_param
NOTIC: 建议使用I方法替代_param
NOTIC: 建议使用I方法替代_param
NOTIC: 建议使用I方法替代_param
NOTIC: 建议使用I方法替代_param
NOTIC: 建议使用I方法替代_param

[ 2015-12-08T16:59:11+08:00 ] 127.0.0.1 /new1130/search/index.html
NOTIC: 建议使用I方法替代_param
NOTIC: 建议使用I方法替代_param
NOTIC: 建议使用I方法替代_param
NOTIC: 建议使用I方法替代_param
NOTIC: 建议使用I方法替代_param
NOTIC: 建议使用I方法替代_param
NOTIC: 建议使用I方法替代_param

[ 2015-12-08T16:59:37+08:00 ] 127.0.0.1 /new1130/search/index.html
NOTIC: 建议使用I方法替代_param
NOTIC: 建议使用I方法替代_param
NOTIC: 建议使用I方法替代_param
NOTIC: 建议使用I方法替代_param
NOTIC: 建议使用I方法替代_param
NOTIC: 建议使用I方法替代_param
NOTIC: 建议使用I方法替代_param

[ 2015-12-08T16:59:49+08:00 ] 127.0.0.1 /new1130/search/index.html
NOTIC: 建议使用I方法替代_param
NOTIC: 建议使用I方法替代_param
NOTIC: 建议使用I方法替代_param
NOTIC: 建议使用I方法替代_param
NOTIC: 建议使用I方法替代_param
NOTIC: 建议使用I方法替代_param
NOTIC: 建议使用I方法替代_param

[ 2015-12-08T17:00:13+08:00 ] 127.0.0.1 /new1130/search/index.html
NOTIC: 建议使用I方法替代_param
NOTIC: 建议使用I方法替代_param
NOTIC: 建议使用I方法替代_param
NOTIC: 建议使用I方法替代_param
NOTIC: 建议使用I方法替代_param
NOTIC: 建议使用I方法替代_param
NOTIC: 建议使用I方法替代_param

[ 2015-12-08T17:00:52+08:00 ] 127.0.0.1 /new1130/search/index.html
NOTIC: 建议使用I方法替代_param
NOTIC: 建议使用I方法替代_param
NOTIC: 建议使用I方法替代_param
NOTIC: 建议使用I方法替代_param
NOTIC: 建议使用I方法替代_param
NOTIC: 建议使用I方法替代_param

[ 2015-12-08T17:02:17+08:00 ] 127.0.0.1 /new1130/search/index.html
NOTIC: 建议使用I方法替代_param
NOTIC: 建议使用I方法替代_param
NOTIC: 建议使用I方法替代_param
NOTIC: 建议使用I方法替代_param
NOTIC: 建议使用I方法替代_param
NOTIC: 建议使用I方法替代_param

[ 2015-12-08T17:02:39+08:00 ] 127.0.0.1 /new1130/search/index/cat/84/search_key/%E7%BA%A2.html
NOTIC: 建议使用I方法替代_param
NOTIC: 建议使用I方法替代_param
NOTIC: 建议使用I方法替代_param
NOTIC: 建议使用I方法替代_param
NOTIC: 建议使用I方法替代_param
NOTIC: 建议使用I方法替代_param

[ 2015-12-08T17:02:43+08:00 ] 127.0.0.1 /new1130/search/index/cat/84/cate_id/165/search_key/%E7%BA%A2.html
NOTIC: 建议使用I方法替代_param
NOTIC: 建议使用I方法替代_param
NOTIC: 建议使用I方法替代_param
NOTIC: 建议使用I方法替代_param
NOTIC: 建议使用I方法替代_param
NOTIC: 建议使用I方法替代_param

[ 2015-12-08T17:03:31+08:00 ] 127.0.0.1 /new1130/search/index.html
NOTIC: 建议使用I方法替代_param
NOTIC: 建议使用I方法替代_param
NOTIC: 建议使用I方法替代_param
NOTIC: 建议使用I方法替代_param
NOTIC: 建议使用I方法替代_param
NOTIC: 建议使用I方法替代_param

[ 2015-12-08T17:03:36+08:00 ] 127.0.0.1 /new1130/search/index/cat/84/search_key/%E9%97%A8%E5%90%B8.html
NOTIC: 建议使用I方法替代_param
NOTIC: 建议使用I方法替代_param
NOTIC: 建议使用I方法替代_param
NOTIC: 建议使用I方法替代_param
NOTIC: 建议使用I方法替代_param
NOTIC: 建议使用I方法替代_param

[ 2015-12-08T17:03:40+08:00 ] 127.0.0.1 /new1130/search/index/cat/84/cate_id/165/search_key/%E9%97%A8%E5%90%B8.html
NOTIC: 建议使用I方法替代_param
NOTIC: 建议使用I方法替代_param
NOTIC: 建议使用I方法替代_param
NOTIC: 建议使用I方法替代_param
NOTIC: 建议使用I方法替代_param
NOTIC: 建议使用I方法替代_param

[ 2015-12-08T17:05:53+08:00 ] 127.0.0.1 /new1130/search/index.html
NOTIC: 建议使用I方法替代_param

[ 2015-12-08T17:06:07+08:00 ] 127.0.0.1 /new1130/search/index.html
NOTIC: 建议使用I方法替代_param

[ 2015-12-08T17:08:08+08:00 ] 127.0.0.1 /new1130/search/index.html
NOTIC: 建议使用I方法替代_param
NOTIC: 建议使用I方法替代_param
NOTIC: 建议使用I方法替代_param
NOTIC: 建议使用I方法替代_param
NOTIC: 建议使用I方法替代_param
NOTIC: 建议使用I方法替代_param

[ 2015-12-08T17:08:11+08:00 ] 127.0.0.1 /new1130/search/index/cat/84/search_key/%E7%BA%A2.html
NOTIC: 建议使用I方法替代_param
NOTIC: 建议使用I方法替代_param
NOTIC: 建议使用I方法替代_param
NOTIC: 建议使用I方法替代_param
NOTIC: 建议使用I方法替代_param
NOTIC: 建议使用I方法替代_param

[ 2015-12-08T17:08:14+08:00 ] 127.0.0.1 /new1130/search/index/cat/84/cate_id/164/search_key/%E7%BA%A2.html
NOTIC: 建议使用I方法替代_param
NOTIC: 建议使用I方法替代_param
NOTIC: 建议使用I方法替代_param
NOTIC: 建议使用I方法替代_param
NOTIC: 建议使用I方法替代_param
NOTIC: 建议使用I方法替代_param

[ 2015-12-08T17:17:49+08:00 ] 127.0.0.1 /new1130/search/index/cat/84/cate_id/164/search_key/%E7%BA%A2.html
NOTIC: 建议使用I方法替代_param
NOTIC: 建议使用I方法替代_param
NOTIC: 建议使用I方法替代_param
NOTIC: 建议使用I方法替代_param
NOTIC: 建议使用I方法替代_param
NOTIC: 建议使用I方法替代_param

[ 2015-12-08T17:18:15+08:00 ] 127.0.0.1 /new1130/search/index/cat/84/cate_id/164/search_key/%E7%BA%A2.html
NOTIC: 建议使用I方法替代_param
NOTIC: 建议使用I方法替代_param
NOTIC: 建议使用I方法替代_param
NOTIC: 建议使用I方法替代_param
NOTIC: 建议使用I方法替代_param
NOTIC: 建议使用I方法替代_param

[ 2015-12-08T17:18:33+08:00 ] 127.0.0.1 /new1130/search/index/cat/84/cate_id/164/search_key/%E7%BA%A2.html
NOTIC: 建议使用I方法替代_param
NOTIC: 建议使用I方法替代_param
NOTIC: 建议使用I方法替代_param
NOTIC: 建议使用I方法替代_param
NOTIC: 建议使用I方法替代_param
NOTIC: 建议使用I方法替代_param

[ 2015-12-08T17:19:48+08:00 ] 127.0.0.1 /new1130/search/index/cat/84/cate_id/164/search_key/%E7%BA%A2.html
NOTIC: 建议使用I方法替代_param
NOTIC: 建议使用I方法替代_param
NOTIC: 建议使用I方法替代_param
NOTIC: 建议使用I方法替代_param
NOTIC: 建议使用I方法替代_param
NOTIC: 建议使用I方法替代_param

[ 2015-12-08T17:21:24+08:00 ] 127.0.0.1 /new1130/search/index/cat/84/cate_id/164/search_key/%E7%BA%A2.html
NOTIC: 建议使用I方法替代_param
NOTIC: 建议使用I方法替代_param
NOTIC: 建议使用I方法替代_param
NOTIC: 建议使用I方法替代_param
NOTIC: 建议使用I方法替代_param
NOTIC: 建议使用I方法替代_param

[ 2015-12-08T17:21:40+08:00 ] 127.0.0.1 /new1130/search/index/cat/84/cate_id/164/search_key/%E7%BA%A2.html
NOTIC: 建议使用I方法替代_param
NOTIC: 建议使用I方法替代_param
NOTIC: 建议使用I方法替代_param
NOTIC: 建议使用I方法替代_param
NOTIC: 建议使用I方法替代_param
NOTIC: 建议使用I方法替代_param

[ 2015-12-08T17:22:20+08:00 ] 127.0.0.1 /new1130/search/index/cat/84/cate_id/164/search_key/%E7%BA%A2.html
NOTIC: 建议使用I方法替代_param
NOTIC: 建议使用I方法替代_param
NOTIC: 建议使用I方法替代_param
NOTIC: 建议使用I方法替代_param
NOTIC: 建议使用I方法替代_param
NOTIC: 建议使用I方法替代_param

[ 2015-12-08T17:24:04+08:00 ] 127.0.0.1 /new1130/search/index/cat/84/cate_id/164/search_key/%E7%BA%A2.html
NOTIC: 建议使用I方法替代_param
NOTIC: 建议使用I方法替代_param
NOTIC: 建议使用I方法替代_param
NOTIC: 建议使用I方法替代_param
NOTIC: 建议使用I方法替代_param
NOTIC: 建议使用I方法替代_param

[ 2015-12-08T17:24:32+08:00 ] 127.0.0.1 /new1130/search/index/cat/84/cate_id/164/search_key/%E7%BA%A2.html
NOTIC: 建议使用I方法替代_param
NOTIC: 建议使用I方法替代_param
NOTIC: 建议使用I方法替代_param
NOTIC: 建议使用I方法替代_param
NOTIC: 建议使用I方法替代_param
NOTIC: 建议使用I方法替代_param

[ 2015-12-08T17:25:58+08:00 ] 127.0.0.1 /new1130/search/index/cat/84/cate_id/164/search_key/%E7%BA%A2.html
NOTIC: 建议使用I方法替代_param
NOTIC: 建议使用I方法替代_param
NOTIC: 建议使用I方法替代_param
NOTIC: 建议使用I方法替代_param
NOTIC: 建议使用I方法替代_param
NOTIC: 建议使用I方法替代_param

[ 2015-12-08T17:28:19+08:00 ] 127.0.0.1 /new1130/search/index/cat/84/cate_id/164/search_key/%E7%BA%A2.html
NOTIC: 建议使用I方法替代_param
NOTIC: 建议使用I方法替代_param
NOTIC: 建议使用I方法替代_param
NOTIC: 建议使用I方法替代_param
NOTIC: 建议使用I方法替代_param
NOTIC: 建议使用I方法替代_param

[ 2015-12-08T17:29:22+08:00 ] 127.0.0.1 /new1130/search/index/search_key/%E7%BA%A2.html
NOTIC: 建议使用I方法替代_param
NOTIC: 建议使用I方法替代_param
NOTIC: 建议使用I方法替代_param
NOTIC: 建议使用I方法替代_param
NOTIC: 建议使用I方法替代_param
NOTIC: 建议使用I方法替代_param

[ 2015-12-08T17:30:46+08:00 ] 127.0.0.1 /new1130/search/index/search_key/%E7%BA%A2.html
NOTIC: 建议使用I方法替代_param
NOTIC: 建议使用I方法替代_param
NOTIC: 建议使用I方法替代_param
NOTIC: 建议使用I方法替代_param
NOTIC: 建议使用I方法替代_param
NOTIC: 建议使用I方法替代_param

[ 2015-12-08T17:30:50+08:00 ] 127.0.0.1 /new1130/search/index/search_key/%E7%BA%A2.html
NOTIC: 建议使用I方法替代_param
NOTIC: 建议使用I方法替代_param
NOTIC: 建议使用I方法替代_param
NOTIC: 建议使用I方法替代_param
NOTIC: 建议使用I方法替代_param
NOTIC: 建议使用I方法替代_param

[ 2015-12-08T17:31:06+08:00 ] 127.0.0.1 /new1130/search/index/cat/84/search_key/%E7%BA%A2.html
NOTIC: 建议使用I方法替代_param
NOTIC: 建议使用I方法替代_param
NOTIC: 建议使用I方法替代_param
NOTIC: 建议使用I方法替代_param
NOTIC: 建议使用I方法替代_param
NOTIC: 建议使用I方法替代_param

[ 2015-12-08T17:31:31+08:00 ] 127.0.0.1 /new1130/search/index/cat/84/search_key/%E7%BA%A2.html
NOTIC: 建议使用I方法替代_param
NOTIC: 建议使用I方法替代_param
NOTIC: 建议使用I方法替代_param
NOTIC: 建议使用I方法替代_param
NOTIC: 建议使用I方法替代_param
NOTIC: 建议使用I方法替代_param

[ 2015-12-08T17:31:56+08:00 ] 127.0.0.1 /new1130/search/index/cat/84/search_key/%E7%BA%A2.html
NOTIC: 建议使用I方法替代_param
NOTIC: 建议使用I方法替代_param
NOTIC: 建议使用I方法替代_param
NOTIC: 建议使用I方法替代_param
NOTIC: 建议使用I方法替代_param
NOTIC: 建议使用I方法替代_param

[ 2015-12-08T17:32:07+08:00 ] 127.0.0.1 /new1130/search/index.html
NOTIC: 建议使用I方法替代_param
NOTIC: 建议使用I方法替代_param
NOTIC: 建议使用I方法替代_param
NOTIC: 建议使用I方法替代_param
NOTIC: 建议使用I方法替代_param
NOTIC: 建议使用I方法替代_param

[ 2015-12-08T17:33:26+08:00 ] 127.0.0.1 /new1130/search/index.html
NOTIC: 建议使用I方法替代_param
NOTIC: 建议使用I方法替代_param
NOTIC: 建议使用I方法替代_param
NOTIC: 建议使用I方法替代_param
NOTIC: 建议使用I方法替代_param
NOTIC: 建议使用I方法替代_param

[ 2015-12-08T17:34:46+08:00 ] 127.0.0.1 /new1130/search/index.html
NOTIC: 建议使用I方法替代_param
NOTIC: 建议使用I方法替代_param
NOTIC: 建议使用I方法替代_param
NOTIC: 建议使用I方法替代_param
NOTIC: 建议使用I方法替代_param
NOTIC: 建议使用I方法替代_param

[ 2015-12-08T17:36:59+08:00 ] 127.0.0.1 /new1130/search/index.html
NOTIC: 建议使用I方法替代_param
NOTIC: 建议使用I方法替代_param
NOTIC: 建议使用I方法替代_param
NOTIC: 建议使用I方法替代_param
NOTIC: 建议使用I方法替代_param
NOTIC: 建议使用I方法替代_param

[ 2015-12-08T17:37:18+08:00 ] 127.0.0.1 /new1130/search/index.html
NOTIC: 建议使用I方法替代_param
NOTIC: 建议使用I方法替代_param
NOTIC: 建议使用I方法替代_param
NOTIC: 建议使用I方法替代_param
NOTIC: 建议使用I方法替代_param
NOTIC: 建议使用I方法替代_param

[ 2015-12-08T17:39:00+08:00 ] 127.0.0.1 /new1130/search/index/cat/84/search_key/%E7%BA%A2.html
NOTIC: 建议使用I方法替代_param
NOTIC: 建议使用I方法替代_param
NOTIC: 建议使用I方法替代_param
NOTIC: 建议使用I方法替代_param
NOTIC: 建议使用I方法替代_param
NOTIC: 建议使用I方法替代_param

[ 2015-12-08T17:39:07+08:00 ] 127.0.0.1 /new1130/search/index/cat/84/cate_id/164/search_key/%E7%BA%A2.html
NOTIC: 建议使用I方法替代_param
NOTIC: 建议使用I方法替代_param
NOTIC: 建议使用I方法替代_param
NOTIC: 建议使用I方法替代_param
NOTIC: 建议使用I方法替代_param
NOTIC: 建议使用I方法替代_param

[ 2015-12-08T17:40:45+08:00 ] 127.0.0.1 /new1130/search/index/cat/84/cate_id/164/search_key/%E7%BA%A2.html
NOTIC: 建议使用I方法替代_param
NOTIC: 建议使用I方法替代_param
NOTIC: 建议使用I方法替代_param
NOTIC: 建议使用I方法替代_param
NOTIC: 建议使用I方法替代_param
NOTIC: 建议使用I方法替代_param

[ 2015-12-08T17:40:52+08:00 ] 127.0.0.1 /new1130/search/index/cat/84/cate_id/164/search_key/%E7%BA%A2.html
NOTIC: 建议使用I方法替代_param
NOTIC: 建议使用I方法替代_param
NOTIC: 建议使用I方法替代_param
NOTIC: 建议使用I方法替代_param
NOTIC: 建议使用I方法替代_param
NOTIC: 建议使用I方法替代_param

[ 2015-12-08T17:40:59+08:00 ] 127.0.0.1 /new1130/search/index.html
NOTIC: 建议使用I方法替代_param

[ 2015-12-08T17:41:09+08:00 ] 127.0.0.1 /new1130/search/index.html
NOTIC: 建议使用I方法替代_param
NOTIC: 建议使用I方法替代_param
NOTIC: 建议使用I方法替代_param
NOTIC: 建议使用I方法替代_param
NOTIC: 建议使用I方法替代_param
NOTIC: 建议使用I方法替代_param

[ 2015-12-08T17:41:18+08:00 ] 127.0.0.1 /new1130/search/index/cat/84/search_key/%E7%BA%A2.html
NOTIC: 建议使用I方法替代_param
NOTIC: 建议使用I方法替代_param
NOTIC: 建议使用I方法替代_param
NOTIC: 建议使用I方法替代_param
NOTIC: 建议使用I方法替代_param
NOTIC: 建议使用I方法替代_param

[ 2015-12-08T17:41:21+08:00 ] 127.0.0.1 /new1130/search/index/cat/84/cate_id/163/search_key/%E7%BA%A2.html
NOTIC: 建议使用I方法替代_param
NOTIC: 建议使用I方法替代_param
NOTIC: 建议使用I方法替代_param
NOTIC: 建议使用I方法替代_param
NOTIC: 建议使用I方法替代_param
NOTIC: 建议使用I方法替代_param

[ 2015-12-08T17:41:37+08:00 ] 127.0.0.1 /new1130/search/index/cat/84/cate_id/163/search_key/%E7%BA%A2.html
NOTIC: 建议使用I方法替代_param
NOTIC: 建议使用I方法替代_param
NOTIC: 建议使用I方法替代_param
NOTIC: 建议使用I方法替代_param
NOTIC: 建议使用I方法替代_param
NOTIC: 建议使用I方法替代_param

[ 2015-12-08T17:42:33+08:00 ] 127.0.0.1 /new1130/search/index/cat/84/cate_id/163/search_key/%E7%BA%A2.html
NOTIC: 建议使用I方法替代_param
NOTIC: 建议使用I方法替代_param
NOTIC: 建议使用I方法替代_param
NOTIC: 建议使用I方法替代_param
NOTIC: 建议使用I方法替代_param
NOTIC: 建议使用I方法替代_param

[ 2015-12-08T17:42:39+08:00 ] 127.0.0.1 /new1130/search/index/search_key/%E7%BA%A2.html
NOTIC: 建议使用I方法替代_param
NOTIC: 建议使用I方法替代_param
NOTIC: 建议使用I方法替代_param
NOTIC: 建议使用I方法替代_param
NOTIC: 建议使用I方法替代_param
NOTIC: 建议使用I方法替代_param

[ 2015-12-08T17:42:46+08:00 ] 127.0.0.1 /new1130/search/index/cat/84/search_key/%E7%BA%A2.html
NOTIC: 建议使用I方法替代_param
NOTIC: 建议使用I方法替代_param
NOTIC: 建议使用I方法替代_param
NOTIC: 建议使用I方法替代_param
NOTIC: 建议使用I方法替代_param
NOTIC: 建议使用I方法替代_param

[ 2015-12-08T17:42:51+08:00 ] 127.0.0.1 /new1130/search/index/search_key/%E7%BA%A2.html
NOTIC: 建议使用I方法替代_param
NOTIC: 建议使用I方法替代_param
NOTIC: 建议使用I方法替代_param
NOTIC: 建议使用I方法替代_param
NOTIC: 建议使用I方法替代_param
NOTIC: 建议使用I方法替代_param

[ 2015-12-08T17:42:57+08:00 ] 127.0.0.1 /new1130/search/index/cat/0/cate_id/0.html?version=&brand=&color=%E7%BA%A2&tb=%E6%90%9C%E7%B4%A2
NOTIC: 建议使用I方法替代_param

[ 2015-12-08T17:43:20+08:00 ] 127.0.0.1 /new1130/search/index.html
NOTIC: 建议使用I方法替代_param
NOTIC: 建议使用I方法替代_param
NOTIC: 建议使用I方法替代_param
NOTIC: 建议使用I方法替代_param
NOTIC: 建议使用I方法替代_param
NOTIC: 建议使用I方法替代_param

[ 2015-12-08T17:43:35+08:00 ] 127.0.0.1 /new1130/search/index/cat/0/cate_id/0.html?version=&brand=&color=%E7%BA%A2&tb=%E6%90%9C%E7%B4%A2
NOTIC: 建议使用I方法替代_param

[ 2015-12-08T17:43:53+08:00 ] 127.0.0.1 /new1130/search/index.html
NOTIC: 建议使用I方法替代_param
NOTIC: 建议使用I方法替代_param
NOTIC: 建议使用I方法替代_param
NOTIC: 建议使用I方法替代_param
NOTIC: 建议使用I方法替代_param
NOTIC: 建议使用I方法替代_param

[ 2015-12-08T17:45:02+08:00 ] 127.0.0.1 /new1130/search/index.html
NOTIC: 建议使用I方法替代_param
NOTIC: 建议使用I方法替代_param
NOTIC: 建议使用I方法替代_param
NOTIC: 建议使用I方法替代_param
NOTIC: 建议使用I方法替代_param
NOTIC: 建议使用I方法替代_param

[ 2015-12-08T17:45:10+08:00 ] 127.0.0.1 /new1130/search/index/cat/0/cate_id/0.html?version=&brand=&color=%E7%BA%A2&tb=%E6%90%9C%E7%B4%A2
NOTIC: 建议使用I方法替代_param

[ 2015-12-08T17:45:22+08:00 ] 127.0.0.1 /new1130/search/index.html
NOTIC: 建议使用I方法替代_param
NOTIC: 建议使用I方法替代_param
NOTIC: 建议使用I方法替代_param
NOTIC: 建议使用I方法替代_param
NOTIC: 建议使用I方法替代_param
NOTIC: 建议使用I方法替代_param

[ 2015-12-08T17:45:27+08:00 ] 127.0.0.1 /new1130/search/index/cat/0/cate_id/0.html?version=&brand=&color=%E7%BA%A2&tb=%E6%90%9C%E7%B4%A2
NOTIC: 建议使用I方法替代_param

[ 2015-12-08T17:45:39+08:00 ] 127.0.0.1 /new1130/search/index.html
NOTIC: 建议使用I方法替代_param
NOTIC: 建议使用I方法替代_param
NOTIC: 建议使用I方法替代_param
NOTIC: 建议使用I方法替代_param
NOTIC: 建议使用I方法替代_param
NOTIC: 建议使用I方法替代_param

[ 2015-12-08T17:46:41+08:00 ] 127.0.0.1 /new1130/search/index.html
NOTIC: 建议使用I方法替代_param
NOTIC: 建议使用I方法替代_param
NOTIC: 建议使用I方法替代_param
NOTIC: 建议使用I方法替代_param
NOTIC: 建议使用I方法替代_param
NOTIC: 建议使用I方法替代_param

[ 2015-12-08T17:46:47+08:00 ] 127.0.0.1 /new1130/search/index/cat/0/cate_id/0/search_key/%E7%BA%A2.html?version=&brand=&color=%E9%BB%84&tb=%E6%90%9C%E7%B4%A2
NOTIC: 建议使用I方法替代_param
NOTIC: 建议使用I方法替代_param
NOTIC: 建议使用I方法替代_param
NOTIC: 建议使用I方法替代_param
NOTIC: 建议使用I方法替代_param
NOTIC: 建议使用I方法替代_param

[ 2015-12-08T17:47:09+08:00 ] 127.0.0.1 /new1130/search/index/cat/0/cate_id/0/search_key/%E7%BA%A2.html?version=&brand=&color=%E7%BA%A2&tb=%E6%90%9C%E7%B4%A2
NOTIC: 建议使用I方法替代_param
NOTIC: 建议使用I方法替代_param
NOTIC: 建议使用I方法替代_param
NOTIC: 建议使用I方法替代_param
NOTIC: 建议使用I方法替代_param
NOTIC: 建议使用I方法替代_param

[ 2015-12-08T17:48:18+08:00 ] 127.0.0.1 /new1130/search/index/cat/84/search_key/%E7%BA%A2.html
NOTIC: 建议使用I方法替代_param
NOTIC: 建议使用I方法替代_param
NOTIC: 建议使用I方法替代_param
NOTIC: 建议使用I方法替代_param
NOTIC: 建议使用I方法替代_param
NOTIC: 建议使用I方法替代_param

[ 2015-12-08T17:55:49+08:00 ] 127.0.0.1 /new1130/search/index/cat/84/search_key/%E7%BA%A2.html
NOTIC: 建议使用I方法替代_param
NOTIC: 建议使用I方法替代_param
NOTIC: 建议使用I方法替代_param
NOTIC: 建议使用I方法替代_param
NOTIC: 建议使用I方法替代_param
NOTIC: 建议使用I方法替代_param

[ 2015-12-08T17:55:53+08:00 ] 127.0.0.1 /new1130/search/index/search_key/%E7%BA%A2.html
NOTIC: 建议使用I方法替代_param
NOTIC: 建议使用I方法替代_param
NOTIC: 建议使用I方法替代_param
NOTIC: 建议使用I方法替代_param
NOTIC: 建议使用I方法替代_param
NOTIC: 建议使用I方法替代_param

[ 2015-12-08T17:56:03+08:00 ] 127.0.0.1 /new1130/search/index/cat/84/search_key/%E7%BA%A2.html
NOTIC: 建议使用I方法替代_param
NOTIC: 建议使用I方法替代_param
NOTIC: 建议使用I方法替代_param
NOTIC: 建议使用I方法替代_param
NOTIC: 建议使用I方法替代_param
NOTIC: 建议使用I方法替代_param

[ 2015-12-08T17:56:05+08:00 ] 127.0.0.1 /new1130/search/index/search_key/%E7%BA%A2.html
NOTIC: 建议使用I方法替代_param
NOTIC: 建议使用I方法替代_param
NOTIC: 建议使用I方法替代_param
NOTIC: 建议使用I方法替代_param
NOTIC: 建议使用I方法替代_param
NOTIC: 建议使用I方法替代_param

[ 2015-12-08T17:56:19+08:00 ] 127.0.0.1 /new1130/search/index/search_key/%E7%BA%A2.html
NOTIC: 建议使用I方法替代_param
NOTIC: 建议使用I方法替代_param
NOTIC: 建议使用I方法替代_param
NOTIC: 建议使用I方法替代_param
NOTIC: 建议使用I方法替代_param
NOTIC: 建议使用I方法替代_param

[ 2015-12-08T17:56:23+08:00 ] 127.0.0.1 /new1130/search/index/cat/84/search_key/%E7%BA%A2.html
NOTIC: 建议使用I方法替代_param
NOTIC: 建议使用I方法替代_param
NOTIC: 建议使用I方法替代_param
NOTIC: 建议使用I方法替代_param
NOTIC: 建议使用I方法替代_param
NOTIC: 建议使用I方法替代_param

[ 2015-12-08T17:56:27+08:00 ] 127.0.0.1 /new1130/search/index/cat/84/cate_id/163/search_key/%E7%BA%A2.html
NOTIC: 建议使用I方法替代_param
NOTIC: 建议使用I方法替代_param
NOTIC: 建议使用I方法替代_param
NOTIC: 建议使用I方法替代_param
NOTIC: 建议使用I方法替代_param
NOTIC: 建议使用I方法替代_param

