[ 2015-12-18T09:32:38+08:00 ] 127.0.0.1 /new1130/search/index/search_key/%E6%B0%B4.html
NOTIC: 建议使用I方法替代_param
NOTIC: 建议使用I方法替代_param
NOTIC: 建议使用I方法替代_param
NOTIC: 建议使用I方法替代_param
NOTIC: 建议使用I方法替代_param
NOTIC: 建议使用I方法替代_param

[ 2015-12-18T09:32:44+08:00 ] 127.0.0.1 /new1130/search/index/search_key/%E6%B0%B4/fid/1.html
NOTIC: 建议使用I方法替代_param
NOTIC: 建议使用I方法替代_param
NOTIC: 建议使用I方法替代_param
NOTIC: 建议使用I方法替代_param
NOTIC: 建议使用I方法替代_param
NOTIC: 建议使用I方法替代_param

[ 2015-12-18T09:35:03+08:00 ] 127.0.0.1 /new1130/search/index/brand_order/1/search_key/%E6%B0%B4/fid/1.html
NOTIC: 建议使用I方法替代_param
NOTIC: 建议使用I方法替代_param
NOTIC: 建议使用I方法替代_param
NOTIC: 建议使用I方法替代_param
NOTIC: 建议使用I方法替代_param
NOTIC: 建议使用I方法替代_param

[ 2015-12-18T09:38:04+08:00 ] 127.0.0.1 /new1130/search/index/brand_order/1/search_key/%E6%B0%B4/fid/1.html
NOTIC: 建议使用I方法替代_param
NOTIC: 建议使用I方法替代_param
NOTIC: 建议使用I方法替代_param
NOTIC: 建议使用I方法替代_param
NOTIC: 建议使用I方法替代_param
NOTIC: 建议使用I方法替代_param

[ 2015-12-18T09:38:12+08:00 ] 127.0.0.1 /new1130/search/index/brand_order/1/search_key/%E6%B0%B4/fid/%3C%7B:U('search/index',array('price_order'=%3E1,'search_key'=%3E$search_key,'fid'=%3E$fid))%7D%3E
NOTIC: 建议使用I方法替代_param
NOTIC: 建议使用I方法替代_param
NOTIC: 建议使用I方法替代_param
NOTIC: 建议使用I方法替代_param
NOTIC: 建议使用I方法替代_param
NOTIC: 建议使用I方法替代_param

[ 2015-12-18T09:38:15+08:00 ] 127.0.0.1 /new1130/search/index/brand_order/1/search_key/%E6%B0%B4/fid/%3C%7B:U('search/%3C%7B:U('search/index',array('price_order'=%3E1,'search_key'=%3E$search_key,'fid'=%3E$fid))%7D%3E
NOTIC: 建议使用I方法替代_param
NOTIC: 建议使用I方法替代_param
NOTIC: 建议使用I方法替代_param
NOTIC: 建议使用I方法替代_param
NOTIC: 建议使用I方法替代_param
NOTIC: 建议使用I方法替代_param

[ 2015-12-18T09:38:19+08:00 ] 127.0.0.1 /new1130/search/index/brand_order/1/search_key/%E6%B0%B4/fid/%3C%7B:U('search/%3C%7B:U('search/%3C%7B:U('search/index',array('price_order'=%3E1,'search_key'=%3E$search_key,'fid'=%3E$fid))%7D%3E
NOTIC: 建议使用I方法替代_param
NOTIC: 建议使用I方法替代_param
NOTIC: 建议使用I方法替代_param
NOTIC: 建议使用I方法替代_param
NOTIC: 建议使用I方法替代_param
NOTIC: 建议使用I方法替代_param

[ 2015-12-18T09:43:38+08:00 ] 127.0.0.1 /new1130/search/index/brand_order/1/search_key/%E6%B0%B4/fid/1.html
NOTIC: 建议使用I方法替代_param
NOTIC: 建议使用I方法替代_param
NOTIC: 建议使用I方法替代_param
NOTIC: 建议使用I方法替代_param
NOTIC: 建议使用I方法替代_param
NOTIC: 建议使用I方法替代_param

[ 2015-12-18T09:46:22+08:00 ] 127.0.0.1 /new1130/search/index/brand_order/1/search_key/%E6%B0%B4/fid/%3C%7B:U('search/index',array('price_order'=%3E1,'search_key'=%3E$search_key,'fid'=%3E$fid))%7D%3E
NOTIC: 建议使用I方法替代_param
NOTIC: 建议使用I方法替代_param
NOTIC: 建议使用I方法替代_param
NOTIC: 建议使用I方法替代_param
NOTIC: 建议使用I方法替代_param
NOTIC: 建议使用I方法替代_param

[ 2015-12-18T09:54:10+08:00 ] 127.0.0.1 /new1130/search/index/search_key/%E6%B0%B4.html
NOTIC: 建议使用I方法替代_param
NOTIC: 建议使用I方法替代_param
NOTIC: 建议使用I方法替代_param
NOTIC: 建议使用I方法替代_param
NOTIC: 建议使用I方法替代_param
NOTIC: 建议使用I方法替代_param

[ 2015-12-18T09:55:57+08:00 ] 127.0.0.1 /new1130/search/index/search_key/%E6%B0%B4.html
NOTIC: 建议使用I方法替代_param
NOTIC: 建议使用I方法替代_param
NOTIC: 建议使用I方法替代_param
NOTIC: 建议使用I方法替代_param
NOTIC: 建议使用I方法替代_param
NOTIC: 建议使用I方法替代_param

[ 2015-12-18T09:56:19+08:00 ] 127.0.0.1 /new1130/search/index/search_key/%E6%B0%B4.html
NOTIC: 建议使用I方法替代_param
NOTIC: 建议使用I方法替代_param
NOTIC: 建议使用I方法替代_param
NOTIC: 建议使用I方法替代_param
NOTIC: 建议使用I方法替代_param
NOTIC: 建议使用I方法替代_param

[ 2015-12-18T09:58:36+08:00 ] 127.0.0.1 /new1130/search/index/search_key/%E6%B0%B4.html
NOTIC: 建议使用I方法替代_param
NOTIC: 建议使用I方法替代_param
NOTIC: 建议使用I方法替代_param
NOTIC: 建议使用I方法替代_param
NOTIC: 建议使用I方法替代_param
NOTIC: 建议使用I方法替代_param

[ 2015-12-18T09:58:40+08:00 ] 127.0.0.1 /new1130/search/index/search_key/%E6%B0%B4.html
NOTIC: 建议使用I方法替代_param
NOTIC: 建议使用I方法替代_param
NOTIC: 建议使用I方法替代_param
NOTIC: 建议使用I方法替代_param
NOTIC: 建议使用I方法替代_param
NOTIC: 建议使用I方法替代_param

[ 2015-12-18T09:58:44+08:00 ] 127.0.0.1 /new1130/search/index/price_order/2/search_key/%E6%B0%B4.html
NOTIC: 建议使用I方法替代_param
NOTIC: 建议使用I方法替代_param
NOTIC: 建议使用I方法替代_param
NOTIC: 建议使用I方法替代_param
NOTIC: 建议使用I方法替代_param
NOTIC: 建议使用I方法替代_param

[ 2015-12-18T09:58:49+08:00 ] 127.0.0.1 /new1130/search/index/price_order/2/search_key/%E6%B0%B4.html
NOTIC: 建议使用I方法替代_param
NOTIC: 建议使用I方法替代_param
NOTIC: 建议使用I方法替代_param
NOTIC: 建议使用I方法替代_param
NOTIC: 建议使用I方法替代_param
NOTIC: 建议使用I方法替代_param

[ 2015-12-18T09:58:51+08:00 ] 127.0.0.1 /new1130/search/index/price_order/2/search_key/%E6%B0%B4.html
NOTIC: 建议使用I方法替代_param
NOTIC: 建议使用I方法替代_param
NOTIC: 建议使用I方法替代_param
NOTIC: 建议使用I方法替代_param
NOTIC: 建议使用I方法替代_param
NOTIC: 建议使用I方法替代_param

[ 2015-12-18T09:58:57+08:00 ] 127.0.0.1 /new1130/search/index/price_order/2/search_key/%E6%B0%B4/fid/1.html
NOTIC: 建议使用I方法替代_param
NOTIC: 建议使用I方法替代_param
NOTIC: 建议使用I方法替代_param
NOTIC: 建议使用I方法替代_param
NOTIC: 建议使用I方法替代_param
NOTIC: 建议使用I方法替代_param

[ 2015-12-18T09:59:00+08:00 ] 127.0.0.1 /new1130/search/index/price_order/2/search_key/%E6%B0%B4/fid/1.html
NOTIC: 建议使用I方法替代_param
NOTIC: 建议使用I方法替代_param
NOTIC: 建议使用I方法替代_param
NOTIC: 建议使用I方法替代_param
NOTIC: 建议使用I方法替代_param
NOTIC: 建议使用I方法替代_param

[ 2015-12-18T09:59:07+08:00 ] 127.0.0.1 /new1130/search/index/search_key/%E6%B0%B4.html
NOTIC: 建议使用I方法替代_param
NOTIC: 建议使用I方法替代_param
NOTIC: 建议使用I方法替代_param
NOTIC: 建议使用I方法替代_param
NOTIC: 建议使用I方法替代_param
NOTIC: 建议使用I方法替代_param

[ 2015-12-18T09:59:15+08:00 ] 127.0.0.1 /new1130/search/index/search_key/%E6%B0%B4/fid/1.html
NOTIC: 建议使用I方法替代_param
NOTIC: 建议使用I方法替代_param
NOTIC: 建议使用I方法替代_param
NOTIC: 建议使用I方法替代_param
NOTIC: 建议使用I方法替代_param
NOTIC: 建议使用I方法替代_param

[ 2015-12-18T09:59:25+08:00 ] 127.0.0.1 /new1130/search/index/price_order/2/search_key/%E6%B0%B4/fid/1.html
NOTIC: 建议使用I方法替代_param
NOTIC: 建议使用I方法替代_param
NOTIC: 建议使用I方法替代_param
NOTIC: 建议使用I方法替代_param
NOTIC: 建议使用I方法替代_param
NOTIC: 建议使用I方法替代_param

[ 2015-12-18T10:00:25+08:00 ] 127.0.0.1 /new1130/search/index/price_order/2/search_key/%E6%B0%B4/fid/1.html
NOTIC: 建议使用I方法替代_param
NOTIC: 建议使用I方法替代_param
NOTIC: 建议使用I方法替代_param
NOTIC: 建议使用I方法替代_param
NOTIC: 建议使用I方法替代_param
NOTIC: 建议使用I方法替代_param

[ 2015-12-18T10:00:29+08:00 ] 127.0.0.1 /new1130/search/index/search_key/%E6%B0%B4.html
NOTIC: 建议使用I方法替代_param
NOTIC: 建议使用I方法替代_param
NOTIC: 建议使用I方法替代_param
NOTIC: 建议使用I方法替代_param
NOTIC: 建议使用I方法替代_param
NOTIC: 建议使用I方法替代_param

[ 2015-12-18T10:00:32+08:00 ] 127.0.0.1 /new1130/search/index/price_order/1/search_key/%E6%B0%B4.html
NOTIC: 建议使用I方法替代_param
NOTIC: 建议使用I方法替代_param
NOTIC: 建议使用I方法替代_param
NOTIC: 建议使用I方法替代_param
NOTIC: 建议使用I方法替代_param
NOTIC: 建议使用I方法替代_param

[ 2015-12-18T10:00:35+08:00 ] 127.0.0.1 /new1130/search/index/price_order/1/search_key/%E6%B0%B4.html
NOTIC: 建议使用I方法替代_param
NOTIC: 建议使用I方法替代_param
NOTIC: 建议使用I方法替代_param
NOTIC: 建议使用I方法替代_param
NOTIC: 建议使用I方法替代_param
NOTIC: 建议使用I方法替代_param

[ 2015-12-18T10:00:48+08:00 ] 127.0.0.1 /new1130/search/index/search_key/%E6%B0%B4.html
NOTIC: 建议使用I方法替代_param
NOTIC: 建议使用I方法替代_param
NOTIC: 建议使用I方法替代_param
NOTIC: 建议使用I方法替代_param
NOTIC: 建议使用I方法替代_param
NOTIC: 建议使用I方法替代_param

[ 2015-12-18T10:01:04+08:00 ] 127.0.0.1 /new1130/search/index/search_key/%E6%B0%B4.html
NOTIC: 建议使用I方法替代_param
NOTIC: 建议使用I方法替代_param
NOTIC: 建议使用I方法替代_param
NOTIC: 建议使用I方法替代_param
NOTIC: 建议使用I方法替代_param
NOTIC: 建议使用I方法替代_param

[ 2015-12-18T10:01:07+08:00 ] 127.0.0.1 /new1130/search/index/price_order/1/search_key/%E6%B0%B4.html
NOTIC: 建议使用I方法替代_param
NOTIC: 建议使用I方法替代_param
NOTIC: 建议使用I方法替代_param
NOTIC: 建议使用I方法替代_param
NOTIC: 建议使用I方法替代_param
NOTIC: 建议使用I方法替代_param

[ 2015-12-18T10:01:09+08:00 ] 127.0.0.1 /new1130/search/index/price_order/1/search_key/%E6%B0%B4.html
NOTIC: 建议使用I方法替代_param
NOTIC: 建议使用I方法替代_param
NOTIC: 建议使用I方法替代_param
NOTIC: 建议使用I方法替代_param
NOTIC: 建议使用I方法替代_param
NOTIC: 建议使用I方法替代_param

[ 2015-12-18T10:01:16+08:00 ] 127.0.0.1 /new1130/search/index/price_order/1/search_key/%E6%B0%B4.html
NOTIC: 建议使用I方法替代_param
NOTIC: 建议使用I方法替代_param
NOTIC: 建议使用I方法替代_param
NOTIC: 建议使用I方法替代_param
NOTIC: 建议使用I方法替代_param
NOTIC: 建议使用I方法替代_param

[ 2015-12-18T10:01:34+08:00 ] 127.0.0.1 /new1130/search/index/price_order/1/search_key/%E6%B0%B4.html
NOTIC: 建议使用I方法替代_param
NOTIC: 建议使用I方法替代_param
NOTIC: 建议使用I方法替代_param
NOTIC: 建议使用I方法替代_param
NOTIC: 建议使用I方法替代_param
NOTIC: 建议使用I方法替代_param

[ 2015-12-18T10:01:37+08:00 ] 127.0.0.1 /new1130/search/index/price_order/1/search_key/%E6%B0%B4.html
NOTIC: 建议使用I方法替代_param
NOTIC: 建议使用I方法替代_param
NOTIC: 建议使用I方法替代_param
NOTIC: 建议使用I方法替代_param
NOTIC: 建议使用I方法替代_param
NOTIC: 建议使用I方法替代_param

[ 2015-12-18T10:01:40+08:00 ] 127.0.0.1 /new1130/search/index/price_order/1/search_key/%E6%B0%B4.html
NOTIC: 建议使用I方法替代_param
NOTIC: 建议使用I方法替代_param
NOTIC: 建议使用I方法替代_param
NOTIC: 建议使用I方法替代_param
NOTIC: 建议使用I方法替代_param
NOTIC: 建议使用I方法替代_param

[ 2015-12-18T10:04:37+08:00 ] 127.0.0.1 /new1130/search/index/price_order/1/search_key/%E6%B0%B4.html
NOTIC: 建议使用I方法替代_param
NOTIC: 建议使用I方法替代_param
NOTIC: 建议使用I方法替代_param
NOTIC: 建议使用I方法替代_param
NOTIC: 建议使用I方法替代_param
NOTIC: 建议使用I方法替代_param

[ 2015-12-18T10:04:40+08:00 ] 127.0.0.1 /new1130/search/index/search_key/%E6%B0%B4.html
NOTIC: 建议使用I方法替代_param
NOTIC: 建议使用I方法替代_param
NOTIC: 建议使用I方法替代_param
NOTIC: 建议使用I方法替代_param
NOTIC: 建议使用I方法替代_param
NOTIC: 建议使用I方法替代_param

[ 2015-12-18T10:04:44+08:00 ] 127.0.0.1 /new1130/search/index/search_key/%E6%B0%B4.html
NOTIC: 建议使用I方法替代_param
NOTIC: 建议使用I方法替代_param
NOTIC: 建议使用I方法替代_param
NOTIC: 建议使用I方法替代_param
NOTIC: 建议使用I方法替代_param
NOTIC: 建议使用I方法替代_param

[ 2015-12-18T10:05:23+08:00 ] 127.0.0.1 /new1130/search/index/search_key/%E6%B0%B4.html
NOTIC: 建议使用I方法替代_param
NOTIC: 建议使用I方法替代_param
NOTIC: 建议使用I方法替代_param
NOTIC: 建议使用I方法替代_param
NOTIC: 建议使用I方法替代_param
NOTIC: 建议使用I方法替代_param

[ 2015-12-18T10:05:30+08:00 ] 127.0.0.1 /new1130/search/index/price_order/1/search_key/%E6%B0%B4.html
NOTIC: 建议使用I方法替代_param
NOTIC: 建议使用I方法替代_param
NOTIC: 建议使用I方法替代_param
NOTIC: 建议使用I方法替代_param
NOTIC: 建议使用I方法替代_param
NOTIC: 建议使用I方法替代_param

[ 2015-12-18T10:05:33+08:00 ] 127.0.0.1 /new1130/search/index/price_order/1/search_key/%E6%B0%B4.html
NOTIC: 建议使用I方法替代_param
NOTIC: 建议使用I方法替代_param
NOTIC: 建议使用I方法替代_param
NOTIC: 建议使用I方法替代_param
NOTIC: 建议使用I方法替代_param
NOTIC: 建议使用I方法替代_param

[ 2015-12-18T10:09:36+08:00 ] 127.0.0.1 /new1130/search/index/price_order/1/search_key/%E6%B0%B4.html
NOTIC: 建议使用I方法替代_param
NOTIC: 建议使用I方法替代_param
NOTIC: 建议使用I方法替代_param
NOTIC: 建议使用I方法替代_param
NOTIC: 建议使用I方法替代_param
NOTIC: 建议使用I方法替代_param

[ 2015-12-18T10:09:40+08:00 ] 127.0.0.1 /new1130/search/index/price_order/1/search_key/%E6%B0%B4/fid/1.html
NOTIC: 建议使用I方法替代_param
NOTIC: 建议使用I方法替代_param
NOTIC: 建议使用I方法替代_param
NOTIC: 建议使用I方法替代_param
NOTIC: 建议使用I方法替代_param
NOTIC: 建议使用I方法替代_param

[ 2015-12-18T10:10:14+08:00 ] 127.0.0.1 /new1130/search/index/price_order/1/search_key/%E6%B0%B4/fid/2.html
NOTIC: 建议使用I方法替代_param
NOTIC: 建议使用I方法替代_param
NOTIC: 建议使用I方法替代_param
NOTIC: 建议使用I方法替代_param
NOTIC: 建议使用I方法替代_param
NOTIC: 建议使用I方法替代_param

[ 2015-12-18T10:10:18+08:00 ] 127.0.0.1 /new1130/search/index/price_order/1/search_key/%E6%B0%B4/fid/1.html
NOTIC: 建议使用I方法替代_param
NOTIC: 建议使用I方法替代_param
NOTIC: 建议使用I方法替代_param
NOTIC: 建议使用I方法替代_param
NOTIC: 建议使用I方法替代_param
NOTIC: 建议使用I方法替代_param

[ 2015-12-18T10:28:33+08:00 ] 127.0.0.1 /new1130/search/index/price_order/1/search_key/%E6%B0%B4/fid/1.html
NOTIC: 建议使用I方法替代_param
NOTIC: 建议使用I方法替代_param
NOTIC: 建议使用I方法替代_param
NOTIC: 建议使用I方法替代_param
NOTIC: 建议使用I方法替代_param
NOTIC: 建议使用I方法替代_param

[ 2015-12-18T10:31:03+08:00 ] 127.0.0.1 /new1130/search/index/price_order/1/search_key/%E6%B0%B4/fid/1.html
NOTIC: 建议使用I方法替代_param
NOTIC: 建议使用I方法替代_param
NOTIC: 建议使用I方法替代_param
NOTIC: 建议使用I方法替代_param
NOTIC: 建议使用I方法替代_param
NOTIC: 建议使用I方法替代_param

[ 2015-12-18T10:31:24+08:00 ] 127.0.0.1 /new1130/search/index/price_order/1/search_key/%E6%B0%B4/fid/1.html
NOTIC: 建议使用I方法替代_param
NOTIC: 建议使用I方法替代_param
NOTIC: 建议使用I方法替代_param
NOTIC: 建议使用I方法替代_param
NOTIC: 建议使用I方法替代_param
NOTIC: 建议使用I方法替代_param

[ 2015-12-18T10:31:27+08:00 ] 127.0.0.1 /new1130/search/index/price_order/2/search_key/%E6%B0%B4/fid/1.html
NOTIC: 建议使用I方法替代_param
NOTIC: 建议使用I方法替代_param
NOTIC: 建议使用I方法替代_param
NOTIC: 建议使用I方法替代_param
NOTIC: 建议使用I方法替代_param
NOTIC: 建议使用I方法替代_param

[ 2015-12-18T10:32:12+08:00 ] 127.0.0.1 /new1130/search/index/price_order/2/search_key/%E6%B0%B4/fid/1.html
NOTIC: 建议使用I方法替代_param
NOTIC: 建议使用I方法替代_param
NOTIC: 建议使用I方法替代_param
NOTIC: 建议使用I方法替代_param
NOTIC: 建议使用I方法替代_param
NOTIC: 建议使用I方法替代_param

[ 2015-12-18T10:32:20+08:00 ] 127.0.0.1 /new1130/search/index/price_order/1/search_key/%E6%B0%B4/fid/1.html
NOTIC: 建议使用I方法替代_param
NOTIC: 建议使用I方法替代_param
NOTIC: 建议使用I方法替代_param
NOTIC: 建议使用I方法替代_param
NOTIC: 建议使用I方法替代_param
NOTIC: 建议使用I方法替代_param

[ 2015-12-18T10:32:25+08:00 ] 127.0.0.1 /new1130/search/index/price_order/1/search_key/%E6%B0%B4/fid/2.html
NOTIC: 建议使用I方法替代_param
NOTIC: 建议使用I方法替代_param
NOTIC: 建议使用I方法替代_param
NOTIC: 建议使用I方法替代_param
NOTIC: 建议使用I方法替代_param
NOTIC: 建议使用I方法替代_param

[ 2015-12-18T10:32:28+08:00 ] 127.0.0.1 /new1130/search/index/price_order/1/search_key/%E6%B0%B4/fid/2.html
NOTIC: 建议使用I方法替代_param
NOTIC: 建议使用I方法替代_param
NOTIC: 建议使用I方法替代_param
NOTIC: 建议使用I方法替代_param
NOTIC: 建议使用I方法替代_param
NOTIC: 建议使用I方法替代_param

[ 2015-12-18T10:33:12+08:00 ] 127.0.0.1 /new1130/search/index/price_order/1/search_key/%E6%B0%B4/fid/2.html
NOTIC: 建议使用I方法替代_param
NOTIC: 建议使用I方法替代_param
NOTIC: 建议使用I方法替代_param
NOTIC: 建议使用I方法替代_param
NOTIC: 建议使用I方法替代_param
NOTIC: 建议使用I方法替代_param

[ 2015-12-18T10:33:15+08:00 ] 127.0.0.1 /new1130/search/index/price_order/2/search_key/%E6%B0%B4/fid/2.html
NOTIC: 建议使用I方法替代_param
NOTIC: 建议使用I方法替代_param
NOTIC: 建议使用I方法替代_param
NOTIC: 建议使用I方法替代_param
NOTIC: 建议使用I方法替代_param
NOTIC: 建议使用I方法替代_param

[ 2015-12-18T10:33:18+08:00 ] 127.0.0.1 /new1130/search/index/price_order/2/search_key/%E6%B0%B4/fid/2.html
NOTIC: 建议使用I方法替代_param
NOTIC: 建议使用I方法替代_param
NOTIC: 建议使用I方法替代_param
NOTIC: 建议使用I方法替代_param
NOTIC: 建议使用I方法替代_param
NOTIC: 建议使用I方法替代_param

[ 2015-12-18T10:34:15+08:00 ] 127.0.0.1 /new1130/search/index/price_order/2/search_key/%E6%B0%B4/fid/2.html
NOTIC: 建议使用I方法替代_param
NOTIC: 建议使用I方法替代_param
NOTIC: 建议使用I方法替代_param
NOTIC: 建议使用I方法替代_param
NOTIC: 建议使用I方法替代_param
NOTIC: 建议使用I方法替代_param

[ 2015-12-18T10:34:19+08:00 ] 127.0.0.1 /new1130/search/index/price_order/1/search_key/%E6%B0%B4/fid/2.html
NOTIC: 建议使用I方法替代_param
NOTIC: 建议使用I方法替代_param
NOTIC: 建议使用I方法替代_param
NOTIC: 建议使用I方法替代_param
NOTIC: 建议使用I方法替代_param
NOTIC: 建议使用I方法替代_param

[ 2015-12-18T10:34:52+08:00 ] 127.0.0.1 /new1130/search/index/price_order/1/search_key/%E6%B0%B4/fid/2.html
NOTIC: 建议使用I方法替代_param
NOTIC: 建议使用I方法替代_param
NOTIC: 建议使用I方法替代_param
NOTIC: 建议使用I方法替代_param
NOTIC: 建议使用I方法替代_param
NOTIC: 建议使用I方法替代_param

[ 2015-12-18T10:34:57+08:00 ] 127.0.0.1 /new1130/search/index/price_order/1/search_key/%E6%B0%B4/fid/1.html
NOTIC: 建议使用I方法替代_param
NOTIC: 建议使用I方法替代_param
NOTIC: 建议使用I方法替代_param
NOTIC: 建议使用I方法替代_param
NOTIC: 建议使用I方法替代_param
NOTIC: 建议使用I方法替代_param

[ 2015-12-18T10:34:59+08:00 ] 127.0.0.1 /new1130/search/index/price_order/2/search_key/%E6%B0%B4/fid/1.html
NOTIC: 建议使用I方法替代_param
NOTIC: 建议使用I方法替代_param
NOTIC: 建议使用I方法替代_param
NOTIC: 建议使用I方法替代_param
NOTIC: 建议使用I方法替代_param
NOTIC: 建议使用I方法替代_param

[ 2015-12-18T10:35:02+08:00 ] 127.0.0.1 /new1130/search/index/price_order/1/search_key/%E6%B0%B4/fid/1.html
NOTIC: 建议使用I方法替代_param
NOTIC: 建议使用I方法替代_param
NOTIC: 建议使用I方法替代_param
NOTIC: 建议使用I方法替代_param
NOTIC: 建议使用I方法替代_param
NOTIC: 建议使用I方法替代_param

[ 2015-12-18T10:35:05+08:00 ] 127.0.0.1 /new1130/search/index/price_order/1/search_key/%E6%B0%B4/fid/2.html
NOTIC: 建议使用I方法替代_param
NOTIC: 建议使用I方法替代_param
NOTIC: 建议使用I方法替代_param
NOTIC: 建议使用I方法替代_param
NOTIC: 建议使用I方法替代_param
NOTIC: 建议使用I方法替代_param

[ 2015-12-18T10:35:07+08:00 ] 127.0.0.1 /new1130/search/index/price_order/2/search_key/%E6%B0%B4/fid/2.html
NOTIC: 建议使用I方法替代_param
NOTIC: 建议使用I方法替代_param
NOTIC: 建议使用I方法替代_param
NOTIC: 建议使用I方法替代_param
NOTIC: 建议使用I方法替代_param
NOTIC: 建议使用I方法替代_param

[ 2015-12-18T10:36:51+08:00 ] 127.0.0.1 /new1130/search/index/price_order/2/search_key/%E6%B0%B4/fid/2.html
NOTIC: 建议使用I方法替代_param
NOTIC: 建议使用I方法替代_param
NOTIC: 建议使用I方法替代_param
NOTIC: 建议使用I方法替代_param
NOTIC: 建议使用I方法替代_param
NOTIC: 建议使用I方法替代_param

[ 2015-12-18T10:36:58+08:00 ] 127.0.0.1 /new1130/search/index/price_order/2/search_key/%E6%B0%B4/fid/1.html
NOTIC: 建议使用I方法替代_param
NOTIC: 建议使用I方法替代_param
NOTIC: 建议使用I方法替代_param
NOTIC: 建议使用I方法替代_param
NOTIC: 建议使用I方法替代_param
NOTIC: 建议使用I方法替代_param

[ 2015-12-18T10:37:32+08:00 ] 127.0.0.1 /new1130/search/index/price_order/2/search_key/%E6%B0%B4/fid/1.html
NOTIC: 建议使用I方法替代_param
NOTIC: 建议使用I方法替代_param
NOTIC: 建议使用I方法替代_param
NOTIC: 建议使用I方法替代_param
NOTIC: 建议使用I方法替代_param
NOTIC: 建议使用I方法替代_param

[ 2015-12-18T10:37:37+08:00 ] 127.0.0.1 /new1130/search/index/price_order/1/search_key/%E6%B0%B4/fid/1.html
NOTIC: 建议使用I方法替代_param
NOTIC: 建议使用I方法替代_param
NOTIC: 建议使用I方法替代_param
NOTIC: 建议使用I方法替代_param
NOTIC: 建议使用I方法替代_param
NOTIC: 建议使用I方法替代_param

[ 2015-12-18T10:37:40+08:00 ] 127.0.0.1 /new1130/search/index/price_order/2/search_key/%E6%B0%B4/fid/1.html
NOTIC: 建议使用I方法替代_param
NOTIC: 建议使用I方法替代_param
NOTIC: 建议使用I方法替代_param
NOTIC: 建议使用I方法替代_param
NOTIC: 建议使用I方法替代_param
NOTIC: 建议使用I方法替代_param

[ 2015-12-18T10:37:47+08:00 ] 127.0.0.1 /new1130/search/index/price_order/2/search_key/%E6%B0%B4/fid/2.html
NOTIC: 建议使用I方法替代_param
NOTIC: 建议使用I方法替代_param
NOTIC: 建议使用I方法替代_param
NOTIC: 建议使用I方法替代_param
NOTIC: 建议使用I方法替代_param
NOTIC: 建议使用I方法替代_param

[ 2015-12-18T10:55:31+08:00 ] 127.0.0.1 /new1130/search/index/price_order/2/search_key/%E6%B0%B4/fid/2.html
NOTIC: 建议使用I方法替代_param
NOTIC: 建议使用I方法替代_param
NOTIC: 建议使用I方法替代_param
NOTIC: 建议使用I方法替代_param
NOTIC: 建议使用I方法替代_param
NOTIC: 建议使用I方法替代_param

[ 2015-12-18T10:55:36+08:00 ] 127.0.0.1 /new1130/search/index/price_order/2/search_key/%E6%B0%B4/fid/1.html
NOTIC: 建议使用I方法替代_param
NOTIC: 建议使用I方法替代_param
NOTIC: 建议使用I方法替代_param
NOTIC: 建议使用I方法替代_param
NOTIC: 建议使用I方法替代_param
NOTIC: 建议使用I方法替代_param

[ 2015-12-18T10:55:40+08:00 ] 127.0.0.1 /new1130/search/index/price_order/1/search_key/%E6%B0%B4/fid/1.html
NOTIC: 建议使用I方法替代_param
NOTIC: 建议使用I方法替代_param
NOTIC: 建议使用I方法替代_param
NOTIC: 建议使用I方法替代_param
NOTIC: 建议使用I方法替代_param
NOTIC: 建议使用I方法替代_param

[ 2015-12-18T10:55:43+08:00 ] 127.0.0.1 /new1130/search/index/price_order/2/search_key/%E6%B0%B4/fid/1.html
NOTIC: 建议使用I方法替代_param
NOTIC: 建议使用I方法替代_param
NOTIC: 建议使用I方法替代_param
NOTIC: 建议使用I方法替代_param
NOTIC: 建议使用I方法替代_param
NOTIC: 建议使用I方法替代_param

[ 2015-12-18T10:55:48+08:00 ] 127.0.0.1 /new1130/search/index/price_order/2/search_key/%E6%B0%B4/fid/2.html
NOTIC: 建议使用I方法替代_param
NOTIC: 建议使用I方法替代_param
NOTIC: 建议使用I方法替代_param
NOTIC: 建议使用I方法替代_param
NOTIC: 建议使用I方法替代_param
NOTIC: 建议使用I方法替代_param

[ 2015-12-18T10:56:12+08:00 ] 127.0.0.1 /new1130/search/index/price_order/2/search_key/%E6%B0%B4/fid/2.html
NOTIC: 建议使用I方法替代_param
NOTIC: 建议使用I方法替代_param
NOTIC: 建议使用I方法替代_param
NOTIC: 建议使用I方法替代_param
NOTIC: 建议使用I方法替代_param
NOTIC: 建议使用I方法替代_param

[ 2015-12-18T10:56:16+08:00 ] 127.0.0.1 /new1130/search/index/price_order/1/search_key/%E6%B0%B4/fid/2.html
NOTIC: 建议使用I方法替代_param
NOTIC: 建议使用I方法替代_param
NOTIC: 建议使用I方法替代_param
NOTIC: 建议使用I方法替代_param
NOTIC: 建议使用I方法替代_param
NOTIC: 建议使用I方法替代_param

[ 2015-12-18T10:56:19+08:00 ] 127.0.0.1 /new1130/search/index/price_order/1/search_key/%E6%B0%B4/fid/1.html
NOTIC: 建议使用I方法替代_param
NOTIC: 建议使用I方法替代_param
NOTIC: 建议使用I方法替代_param
NOTIC: 建议使用I方法替代_param
NOTIC: 建议使用I方法替代_param
NOTIC: 建议使用I方法替代_param

[ 2015-12-18T10:58:27+08:00 ] 127.0.0.1 /new1130/search/index/price_order/1/search_key/%E6%B0%B4/fid/1.html
NOTIC: 建议使用I方法替代_param
NOTIC: 建议使用I方法替代_param
NOTIC: 建议使用I方法替代_param
NOTIC: 建议使用I方法替代_param
NOTIC: 建议使用I方法替代_param
NOTIC: 建议使用I方法替代_param

[ 2015-12-18T10:58:59+08:00 ] 127.0.0.1 /new1130/search/index/price_order/1/search_key/%E6%B0%B4/fid/1.html
NOTIC: 建议使用I方法替代_param
NOTIC: 建议使用I方法替代_param
NOTIC: 建议使用I方法替代_param
NOTIC: 建议使用I方法替代_param
NOTIC: 建议使用I方法替代_param
NOTIC: 建议使用I方法替代_param

[ 2015-12-18T11:02:13+08:00 ] 127.0.0.1 /new1130/search/index/price_order/1/search_key/%E6%B0%B4/fid/1.html
NOTIC: 建议使用I方法替代_param
NOTIC: 建议使用I方法替代_param
NOTIC: 建议使用I方法替代_param
NOTIC: 建议使用I方法替代_param
NOTIC: 建议使用I方法替代_param
NOTIC: 建议使用I方法替代_param

[ 2015-12-18T11:03:14+08:00 ] 127.0.0.1 /new1130/search/index/price_order/1/search_key/%E6%B0%B4/fid/1.html
NOTIC: 建议使用I方法替代_param
NOTIC: 建议使用I方法替代_param
NOTIC: 建议使用I方法替代_param
NOTIC: 建议使用I方法替代_param
NOTIC: 建议使用I方法替代_param
NOTIC: 建议使用I方法替代_param

[ 2015-12-18T11:04:22+08:00 ] 127.0.0.1 /new1130/search/index/price_order/1/search_key/%E6%B0%B4/fid/1.html
NOTIC: 建议使用I方法替代_param
NOTIC: 建议使用I方法替代_param
NOTIC: 建议使用I方法替代_param
NOTIC: 建议使用I方法替代_param
NOTIC: 建议使用I方法替代_param
NOTIC: 建议使用I方法替代_param

[ 2015-12-18T11:08:39+08:00 ] 127.0.0.1 /new1130/search/index/price_order/1/search_key/%E6%B0%B4/fid/1.html
NOTIC: 建议使用I方法替代_param
NOTIC: 建议使用I方法替代_param
NOTIC: 建议使用I方法替代_param
NOTIC: 建议使用I方法替代_param
NOTIC: 建议使用I方法替代_param
NOTIC: 建议使用I方法替代_param

[ 2015-12-18T11:08:46+08:00 ] 127.0.0.1 /new1130/search/index/price_order/1/search_key/%E6%B0%B4/fid/2.html
NOTIC: 建议使用I方法替代_param
NOTIC: 建议使用I方法替代_param
NOTIC: 建议使用I方法替代_param
NOTIC: 建议使用I方法替代_param
NOTIC: 建议使用I方法替代_param
NOTIC: 建议使用I方法替代_param

[ 2015-12-18T11:08:49+08:00 ] 127.0.0.1 /new1130/search/index/price_order/1/search_key/%E6%B0%B4/fid/1.html
NOTIC: 建议使用I方法替代_param
NOTIC: 建议使用I方法替代_param
NOTIC: 建议使用I方法替代_param
NOTIC: 建议使用I方法替代_param
NOTIC: 建议使用I方法替代_param
NOTIC: 建议使用I方法替代_param

[ 2015-12-18T11:09:10+08:00 ] 127.0.0.1 /new1130/search/index/price_order/1/search_key/%E6%B0%B4/fid/1.html
NOTIC: 建议使用I方法替代_param
NOTIC: 建议使用I方法替代_param
NOTIC: 建议使用I方法替代_param
NOTIC: 建议使用I方法替代_param
NOTIC: 建议使用I方法替代_param
NOTIC: 建议使用I方法替代_param

[ 2015-12-18T11:10:31+08:00 ] 127.0.0.1 /new1130/search/index/price_order/1/search_key/%E6%B0%B4/fid/1.html
NOTIC: 建议使用I方法替代_param
NOTIC: 建议使用I方法替代_param
NOTIC: 建议使用I方法替代_param
NOTIC: 建议使用I方法替代_param
NOTIC: 建议使用I方法替代_param
NOTIC: 建议使用I方法替代_param

[ 2015-12-18T11:10:39+08:00 ] 127.0.0.1 /new1130/search/index/price_order/1/search_key/%E6%B0%B4/fid/__PUBLIC__/js/layer/layer.js?v=20150718
NOTIC: 建议使用I方法替代_param
NOTIC: 建议使用I方法替代_param
NOTIC: 建议使用I方法替代_param
NOTIC: 建议使用I方法替代_param
NOTIC: 建议使用I方法替代_param
NOTIC: 建议使用I方法替代_param

[ 2015-12-18T11:10:39+08:00 ] 127.0.0.1 /new1130/search/index/price_order/1/search_key/%E6%B0%B4/fid/__TMPL__statics/js/jquery-1.11.1.js?v=20150718
NOTIC: 建议使用I方法替代_param
NOTIC: 建议使用I方法替代_param
NOTIC: 建议使用I方法替代_param
NOTIC: 建议使用I方法替代_param
NOTIC: 建议使用I方法替代_param
NOTIC: 建议使用I方法替代_param

[ 2015-12-18T11:10:39+08:00 ] 127.0.0.1 /new1130/search/index/price_order/1/search_key/%E6%B0%B4/fid/__TMPL__statics/css/style.css?v=20150718
NOTIC: 建议使用I方法替代_param
NOTIC: 建议使用I方法替代_param
NOTIC: 建议使用I方法替代_param
NOTIC: 建议使用I方法替代_param
NOTIC: 建议使用I方法替代_param
NOTIC: 建议使用I方法替代_param

[ 2015-12-18T11:10:39+08:00 ] 127.0.0.1 /new1130/search/index/price_order/1/search_key/%E6%B0%B4/fid/__TMPL__statics/js/jquery.flexslider-min.js?v=20150718
NOTIC: 建议使用I方法替代_param
NOTIC: 建议使用I方法替代_param
NOTIC: 建议使用I方法替代_param
NOTIC: 建议使用I方法替代_param
NOTIC: 建议使用I方法替代_param
NOTIC: 建议使用I方法替代_param

[ 2015-12-18T11:10:39+08:00 ] 127.0.0.1 /new1130/search/index/price_order/1/search_key/%E6%B0%B4/fid/__PUBLIC__/js/web.js?v=20150718
NOTIC: 建议使用I方法替代_param
NOTIC: 建议使用I方法替代_param
NOTIC: 建议使用I方法替代_param
NOTIC: 建议使用I方法替代_param
NOTIC: 建议使用I方法替代_param
NOTIC: 建议使用I方法替代_param

[ 2015-12-18T11:10:39+08:00 ] 127.0.0.1 /new1130/search/index/price_order/1/search_key/%E6%B0%B4/fid/__TMPL__statics/js/js.js?v=20150718
NOTIC: 建议使用I方法替代_param
NOTIC: 建议使用I方法替代_param
NOTIC: 建议使用I方法替代_param
NOTIC: 建议使用I方法替代_param
NOTIC: 建议使用I方法替代_param
NOTIC: 建议使用I方法替代_param

[ 2015-12-18T11:10:45+08:00 ] 127.0.0.1 /new1130/search/index/price_order/1/search_key/%E6%B0%B4/fid/__TMPL__statics/js/baocms.js?v=20150718
NOTIC: 建议使用I方法替代_param
NOTIC: 建议使用I方法替代_param
NOTIC: 建议使用I方法替代_param
NOTIC: 建议使用I方法替代_param
NOTIC: 建议使用I方法替代_param
NOTIC: 建议使用I方法替代_param

[ 2015-12-18T11:11:27+08:00 ] 127.0.0.1 /new1130/search/index/price_order/1/search_key/%E6%B0%B4/fid/1.html
NOTIC: 建议使用I方法替代_param
NOTIC: 建议使用I方法替代_param
NOTIC: 建议使用I方法替代_param
NOTIC: 建议使用I方法替代_param
NOTIC: 建议使用I方法替代_param
NOTIC: 建议使用I方法替代_param

[ 2015-12-18T11:12:37+08:00 ] 127.0.0.1 /new1130/search/index/price_order/1/search_key/%E6%B0%B4/fid/1.html
NOTIC: 建议使用I方法替代_param
NOTIC: 建议使用I方法替代_param
NOTIC: 建议使用I方法替代_param
NOTIC: 建议使用I方法替代_param
NOTIC: 建议使用I方法替代_param
NOTIC: 建议使用I方法替代_param

[ 2015-12-18T11:12:43+08:00 ] 127.0.0.1 /new1130/search/index/price_order/1/search_key/%E6%B0%B4/fid/1.html
NOTIC: 建议使用I方法替代_param
NOTIC: 建议使用I方法替代_param
NOTIC: 建议使用I方法替代_param
NOTIC: 建议使用I方法替代_param
NOTIC: 建议使用I方法替代_param
NOTIC: 建议使用I方法替代_param

[ 2015-12-18T11:12:46+08:00 ] 127.0.0.1 /new1130/search/index/search_key/%E6%B0%B4.html
NOTIC: 建议使用I方法替代_param
NOTIC: 建议使用I方法替代_param
NOTIC: 建议使用I方法替代_param
NOTIC: 建议使用I方法替代_param
NOTIC: 建议使用I方法替代_param
NOTIC: 建议使用I方法替代_param

[ 2015-12-18T11:12:52+08:00 ] 127.0.0.1 /new1130/search/index/search_key/%E6%B0%B4.html
NOTIC: 建议使用I方法替代_param
NOTIC: 建议使用I方法替代_param
NOTIC: 建议使用I方法替代_param
NOTIC: 建议使用I方法替代_param
NOTIC: 建议使用I方法替代_param
NOTIC: 建议使用I方法替代_param

[ 2015-12-18T11:12:55+08:00 ] 127.0.0.1 /new1130/search/index/price_order/1/search_key/%E6%B0%B4.html
NOTIC: 建议使用I方法替代_param
NOTIC: 建议使用I方法替代_param
NOTIC: 建议使用I方法替代_param
NOTIC: 建议使用I方法替代_param
NOTIC: 建议使用I方法替代_param
NOTIC: 建议使用I方法替代_param

[ 2015-12-18T11:12:59+08:00 ] 127.0.0.1 /new1130/search/index/price_order/1/search_key/%E6%B0%B4/fid/1.html
NOTIC: 建议使用I方法替代_param
NOTIC: 建议使用I方法替代_param
NOTIC: 建议使用I方法替代_param
NOTIC: 建议使用I方法替代_param
NOTIC: 建议使用I方法替代_param
NOTIC: 建议使用I方法替代_param

[ 2015-12-18T11:13:02+08:00 ] 127.0.0.1 /new1130/search/index/price_order/2/search_key/%E6%B0%B4/fid/1.html
NOTIC: 建议使用I方法替代_param
NOTIC: 建议使用I方法替代_param
NOTIC: 建议使用I方法替代_param
NOTIC: 建议使用I方法替代_param
NOTIC: 建议使用I方法替代_param
NOTIC: 建议使用I方法替代_param

[ 2015-12-18T11:15:15+08:00 ] 127.0.0.1 /new1130/search/index/price_order/2/search_key/%E6%B0%B4/fid/1.html
NOTIC: 建议使用I方法替代_param
NOTIC: 建议使用I方法替代_param
NOTIC: 建议使用I方法替代_param
NOTIC: 建议使用I方法替代_param
NOTIC: 建议使用I方法替代_param
NOTIC: 建议使用I方法替代_param

[ 2015-12-18T11:21:04+08:00 ] 127.0.0.1 /new1130/search/index/price_order/2/search_key/%E6%B0%B4/fid/1.html
NOTIC: 建议使用I方法替代_param
NOTIC: 建议使用I方法替代_param
NOTIC: 建议使用I方法替代_param
NOTIC: 建议使用I方法替代_param
NOTIC: 建议使用I方法替代_param
NOTIC: 建议使用I方法替代_param

[ 2015-12-18T11:21:44+08:00 ] 127.0.0.1 /new1130/search/index/search_key/%E6%B0%B4.html
NOTIC: 建议使用I方法替代_param
NOTIC: 建议使用I方法替代_param
NOTIC: 建议使用I方法替代_param
NOTIC: 建议使用I方法替代_param
NOTIC: 建议使用I方法替代_param
NOTIC: 建议使用I方法替代_param

[ 2015-12-18T11:21:49+08:00 ] 127.0.0.1 /new1130/search/index/search_key/%E6%B0%B4/fid/1.html
NOTIC: 建议使用I方法替代_param
NOTIC: 建议使用I方法替代_param
NOTIC: 建议使用I方法替代_param
NOTIC: 建议使用I方法替代_param
NOTIC: 建议使用I方法替代_param
NOTIC: 建议使用I方法替代_param

[ 2015-12-18T11:23:29+08:00 ] 127.0.0.1 /new1130/search/index/search_key/%E6%B0%B4/fid/1.html
NOTIC: 建议使用I方法替代_param
NOTIC: 建议使用I方法替代_param
NOTIC: 建议使用I方法替代_param
NOTIC: 建议使用I方法替代_param
NOTIC: 建议使用I方法替代_param
NOTIC: 建议使用I方法替代_param

[ 2015-12-18T11:23:32+08:00 ] 127.0.0.1 /new1130/search/index/price_order/1/search_key/%E6%B0%B4/fid/1.html
NOTIC: 建议使用I方法替代_param
NOTIC: 建议使用I方法替代_param
NOTIC: 建议使用I方法替代_param
NOTIC: 建议使用I方法替代_param
NOTIC: 建议使用I方法替代_param
NOTIC: 建议使用I方法替代_param

[ 2015-12-18T11:23:35+08:00 ] 127.0.0.1 /new1130/search/index/price_order/2/search_key/%E6%B0%B4/fid/1.html
NOTIC: 建议使用I方法替代_param
NOTIC: 建议使用I方法替代_param
NOTIC: 建议使用I方法替代_param
NOTIC: 建议使用I方法替代_param
NOTIC: 建议使用I方法替代_param
NOTIC: 建议使用I方法替代_param

[ 2015-12-18T11:23:38+08:00 ] 127.0.0.1 /new1130/search/index/price_order/2/search_key/%E6%B0%B4/fid/2.html
NOTIC: 建议使用I方法替代_param
NOTIC: 建议使用I方法替代_param
NOTIC: 建议使用I方法替代_param
NOTIC: 建议使用I方法替代_param
NOTIC: 建议使用I方法替代_param
NOTIC: 建议使用I方法替代_param

[ 2015-12-18T11:23:40+08:00 ] 127.0.0.1 /new1130/search/index/price_order/1/search_key/%E6%B0%B4/fid/2.html
NOTIC: 建议使用I方法替代_param
NOTIC: 建议使用I方法替代_param
NOTIC: 建议使用I方法替代_param
NOTIC: 建议使用I方法替代_param
NOTIC: 建议使用I方法替代_param
NOTIC: 建议使用I方法替代_param

[ 2015-12-18T11:25:57+08:00 ] 127.0.0.1 /new1130/search/index/price_order/1/search_key/%E6%B0%B4/fid/2.html
NOTIC: 建议使用I方法替代_param
NOTIC: 建议使用I方法替代_param
NOTIC: 建议使用I方法替代_param
NOTIC: 建议使用I方法替代_param
NOTIC: 建议使用I方法替代_param
NOTIC: 建议使用I方法替代_param

[ 2015-12-18T11:26:01+08:00 ] 127.0.0.1 /new1130/search/index/price_order/1/search_key/%E6%B0%B4/fid/1.html
NOTIC: 建议使用I方法替代_param
NOTIC: 建议使用I方法替代_param
NOTIC: 建议使用I方法替代_param
NOTIC: 建议使用I方法替代_param
NOTIC: 建议使用I方法替代_param
NOTIC: 建议使用I方法替代_param

[ 2015-12-18T11:26:06+08:00 ] 127.0.0.1 /new1130/search/index/price_order/1/search_key/%E6%B0%B4/fid/%3C%7B:U('search/index',array('price_order'=%3E2,'search_key'=%3E$search_key,'fid'=%3E$fid))%7D%3E
NOTIC: 建议使用I方法替代_param
NOTIC: 建议使用I方法替代_param
NOTIC: 建议使用I方法替代_param
NOTIC: 建议使用I方法替代_param
NOTIC: 建议使用I方法替代_param
NOTIC: 建议使用I方法替代_param

[ 2015-12-18T11:27:02+08:00 ] 127.0.0.1 /new1130/search/index/price_order/1/search_key/%E6%B0%B4/fid/%3C%7B:U('search/index',array('price_order'=%3E2,'search_key'=%3E$search_key,'fid'=%3E$fid))%7D%3E
NOTIC: 建议使用I方法替代_param
NOTIC: 建议使用I方法替代_param
NOTIC: 建议使用I方法替代_param
NOTIC: 建议使用I方法替代_param
NOTIC: 建议使用I方法替代_param
NOTIC: 建议使用I方法替代_param

[ 2015-12-18T11:27:05+08:00 ] 127.0.0.1 /new1130/search/index/search_key/%E6%B0%B4.html
NOTIC: 建议使用I方法替代_param
NOTIC: 建议使用I方法替代_param
NOTIC: 建议使用I方法替代_param
NOTIC: 建议使用I方法替代_param
NOTIC: 建议使用I方法替代_param
NOTIC: 建议使用I方法替代_param

[ 2015-12-18T11:27:09+08:00 ] 127.0.0.1 /new1130/search/index/search_key/%E6%B0%B4/fid/1.html
NOTIC: 建议使用I方法替代_param
NOTIC: 建议使用I方法替代_param
NOTIC: 建议使用I方法替代_param
NOTIC: 建议使用I方法替代_param
NOTIC: 建议使用I方法替代_param
NOTIC: 建议使用I方法替代_param

[ 2015-12-18T11:27:12+08:00 ] 127.0.0.1 /new1130/search/index/search_key/%E6%B0%B4/fid/%3C%7B:U('search/index',array('price_order'=%3E2,'search_key'=%3E$search_key,'fid'=%3E$fid))%7D%3E
NOTIC: 建议使用I方法替代_param
NOTIC: 建议使用I方法替代_param
NOTIC: 建议使用I方法替代_param
NOTIC: 建议使用I方法替代_param
NOTIC: 建议使用I方法替代_param
NOTIC: 建议使用I方法替代_param

[ 2015-12-18T11:31:10+08:00 ] 127.0.0.1 /new1130/search/index/search_key/%E6%B0%B4/fid/%3C%7B:U('search/index',array('price_order'=%3E2,'search_key'=%3E$search_key,'fid'=%3E$fid))%7D%3E
NOTIC: 建议使用I方法替代_param
NOTIC: 建议使用I方法替代_param
NOTIC: 建议使用I方法替代_param
NOTIC: 建议使用I方法替代_param
NOTIC: 建议使用I方法替代_param
NOTIC: 建议使用I方法替代_param

[ 2015-12-18T11:31:13+08:00 ] 127.0.0.1 /new1130/search/index/search_key/%E6%B0%B4/fid/1.html
NOTIC: 建议使用I方法替代_param
NOTIC: 建议使用I方法替代_param
NOTIC: 建议使用I方法替代_param
NOTIC: 建议使用I方法替代_param
NOTIC: 建议使用I方法替代_param
NOTIC: 建议使用I方法替代_param

[ 2015-12-18T11:31:16+08:00 ] 127.0.0.1 /new1130/search/index/search_key/%E6%B0%B4/fid/%3C%7B:U('search/index',array('price_order'=%3E1,'search_key'=%3E$search_key,'fid'=%3E$fid))%7D%3E
NOTIC: 建议使用I方法替代_param
NOTIC: 建议使用I方法替代_param
NOTIC: 建议使用I方法替代_param
NOTIC: 建议使用I方法替代_param
NOTIC: 建议使用I方法替代_param
NOTIC: 建议使用I方法替代_param

[ 2015-12-18T11:32:43+08:00 ] 127.0.0.1 /new1130/search/index/search_key/%E6%B0%B4/fid/1.html
NOTIC: 建议使用I方法替代_param
NOTIC: 建议使用I方法替代_param
NOTIC: 建议使用I方法替代_param
NOTIC: 建议使用I方法替代_param
NOTIC: 建议使用I方法替代_param
NOTIC: 建议使用I方法替代_param

[ 2015-12-18T11:33:37+08:00 ] 127.0.0.1 /new1130/search/index/search_key/%E6%B0%B4/fid/1.html
NOTIC: 建议使用I方法替代_param
NOTIC: 建议使用I方法替代_param
NOTIC: 建议使用I方法替代_param
NOTIC: 建议使用I方法替代_param
NOTIC: 建议使用I方法替代_param
NOTIC: 建议使用I方法替代_param

[ 2015-12-18T11:33:41+08:00 ] 127.0.0.1 /new1130/search/index/search_key/%E6%B0%B4/fid/%3C%7B:U('search/index',array('price_order'=%3E2,'search_key'=%3E$search_key,'fid'=%3E$fid))%7D%3E
NOTIC: 建议使用I方法替代_param
NOTIC: 建议使用I方法替代_param
NOTIC: 建议使用I方法替代_param
NOTIC: 建议使用I方法替代_param
NOTIC: 建议使用I方法替代_param
NOTIC: 建议使用I方法替代_param

[ 2015-12-18T11:35:49+08:00 ] 127.0.0.1 /new1130/search/index/search_key/%E6%B0%B4/fid/%3C%7B:U('search/index',array('price_order'=%3E2,'search_key'=%3E$search_key,'fid'=%3E$fid))%7D%3E
NOTIC: 建议使用I方法替代_param
NOTIC: 建议使用I方法替代_param
NOTIC: 建议使用I方法替代_param
NOTIC: 建议使用I方法替代_param
NOTIC: 建议使用I方法替代_param
NOTIC: 建议使用I方法替代_param

[ 2015-12-18T11:35:54+08:00 ] 127.0.0.1 /new1130/search/index/search_key/%E6%B0%B4/fid/1.html
NOTIC: 建议使用I方法替代_param
NOTIC: 建议使用I方法替代_param
NOTIC: 建议使用I方法替代_param
NOTIC: 建议使用I方法替代_param
NOTIC: 建议使用I方法替代_param
NOTIC: 建议使用I方法替代_param

[ 2015-12-18T11:35:57+08:00 ] 127.0.0.1 /new1130/search/index/price_order/1/search_key/%E6%B0%B4/fid/1.html
NOTIC: 建议使用I方法替代_param
NOTIC: 建议使用I方法替代_param
NOTIC: 建议使用I方法替代_param
NOTIC: 建议使用I方法替代_param
NOTIC: 建议使用I方法替代_param
NOTIC: 建议使用I方法替代_param

[ 2015-12-18T11:36:02+08:00 ] 127.0.0.1 /new1130/search/index/brand_order/1/search_key/%E6%B0%B4/fid/1.html
NOTIC: 建议使用I方法替代_param
NOTIC: 建议使用I方法替代_param
NOTIC: 建议使用I方法替代_param
NOTIC: 建议使用I方法替代_param
NOTIC: 建议使用I方法替代_param
NOTIC: 建议使用I方法替代_param

[ 2015-12-18T11:42:03+08:00 ] 127.0.0.1 /new1130/search/index/brand_order/1/search_key/%E6%B0%B4/fid/1.html
NOTIC: 建议使用I方法替代_param
NOTIC: 建议使用I方法替代_param
NOTIC: 建议使用I方法替代_param
NOTIC: 建议使用I方法替代_param
NOTIC: 建议使用I方法替代_param
NOTIC: 建议使用I方法替代_param

[ 2015-12-18T11:46:53+08:00 ] 127.0.0.1 /new1130/search/index/brand_order/1/search_key/%E6%B0%B4/fid/1.html
NOTIC: 建议使用I方法替代_param
NOTIC: 建议使用I方法替代_param
NOTIC: 建议使用I方法替代_param
NOTIC: 建议使用I方法替代_param
NOTIC: 建议使用I方法替代_param
NOTIC: 建议使用I方法替代_param

[ 2015-12-18T11:46:58+08:00 ] 127.0.0.1 /new1130/search/index/brand_order/1/search_key/%E6%B0%B4/fid/1.html
NOTIC: 建议使用I方法替代_param
NOTIC: 建议使用I方法替代_param
NOTIC: 建议使用I方法替代_param
NOTIC: 建议使用I方法替代_param
NOTIC: 建议使用I方法替代_param
NOTIC: 建议使用I方法替代_param

[ 2015-12-18T11:47:49+08:00 ] 127.0.0.1 /new1130/search/index/brand_order/1/search_key/%E6%B0%B4/fid/1.html
NOTIC: 建议使用I方法替代_param
NOTIC: 建议使用I方法替代_param
NOTIC: 建议使用I方法替代_param
NOTIC: 建议使用I方法替代_param
NOTIC: 建议使用I方法替代_param
NOTIC: 建议使用I方法替代_param

[ 2015-12-18T11:50:15+08:00 ] 127.0.0.1 /new1130/search/index/brand_order/1/search_key/%E6%B0%B4/fid/1.html
NOTIC: 建议使用I方法替代_param
NOTIC: 建议使用I方法替代_param
NOTIC: 建议使用I方法替代_param
NOTIC: 建议使用I方法替代_param
NOTIC: 建议使用I方法替代_param
NOTIC: 建议使用I方法替代_param

[ 2015-12-18T11:51:33+08:00 ] 127.0.0.1 /new1130/search/index/brand_order/1/search_key/%E6%B0%B4/fid/1.html
NOTIC: 建议使用I方法替代_param
NOTIC: 建议使用I方法替代_param
NOTIC: 建议使用I方法替代_param
NOTIC: 建议使用I方法替代_param
NOTIC: 建议使用I方法替代_param
NOTIC: 建议使用I方法替代_param

[ 2015-12-18T11:55:01+08:00 ] 127.0.0.1 /new1130/search/index/brand_order/1/search_key/%E6%B0%B4/fid/1.html
NOTIC: 建议使用I方法替代_param
NOTIC: 建议使用I方法替代_param
NOTIC: 建议使用I方法替代_param
NOTIC: 建议使用I方法替代_param
NOTIC: 建议使用I方法替代_param
NOTIC: 建议使用I方法替代_param

[ 2015-12-18T11:55:07+08:00 ] 127.0.0.1 /new1130/search/index/brand_order/1/search_key/%E6%B0%B4/fid/2.html
NOTIC: 建议使用I方法替代_param
NOTIC: 建议使用I方法替代_param
NOTIC: 建议使用I方法替代_param
NOTIC: 建议使用I方法替代_param
NOTIC: 建议使用I方法替代_param
NOTIC: 建议使用I方法替代_param

[ 2015-12-18T11:55:12+08:00 ] 127.0.0.1 /new1130/search/index/brand_order/1/search_key/%E6%B0%B4/fid/1.html
NOTIC: 建议使用I方法替代_param
NOTIC: 建议使用I方法替代_param
NOTIC: 建议使用I方法替代_param
NOTIC: 建议使用I方法替代_param
NOTIC: 建议使用I方法替代_param
NOTIC: 建议使用I方法替代_param

[ 2015-12-18T11:55:14+08:00 ] 127.0.0.1 /new1130/search/index/price_order/1/search_key/%E6%B0%B4/fid/1.html
NOTIC: 建议使用I方法替代_param
NOTIC: 建议使用I方法替代_param
NOTIC: 建议使用I方法替代_param
NOTIC: 建议使用I方法替代_param
NOTIC: 建议使用I方法替代_param
NOTIC: 建议使用I方法替代_param

[ 2015-12-18T11:55:18+08:00 ] 127.0.0.1 /new1130/search/index/price_order/2/search_key/%E6%B0%B4/fid/1.html
NOTIC: 建议使用I方法替代_param
NOTIC: 建议使用I方法替代_param
NOTIC: 建议使用I方法替代_param
NOTIC: 建议使用I方法替代_param
NOTIC: 建议使用I方法替代_param
NOTIC: 建议使用I方法替代_param

[ 2015-12-18T11:56:33+08:00 ] 127.0.0.1 /new1130/search/index/price_order/2/search_key/%E6%B0%B4/fid/1.html
NOTIC: 建议使用I方法替代_param
NOTIC: 建议使用I方法替代_param
NOTIC: 建议使用I方法替代_param
NOTIC: 建议使用I方法替代_param
NOTIC: 建议使用I方法替代_param
NOTIC: 建议使用I方法替代_param

[ 2015-12-18T11:59:22+08:00 ] 127.0.0.1 /new1130/search/index/price_order/2/search_key/%E6%B0%B4/fid/1.html
NOTIC: 建议使用I方法替代_param
NOTIC: 建议使用I方法替代_param
NOTIC: 建议使用I方法替代_param
NOTIC: 建议使用I方法替代_param
NOTIC: 建议使用I方法替代_param
NOTIC: 建议使用I方法替代_param

[ 2015-12-18T11:59:47+08:00 ] 127.0.0.1 /new1130/search/index/price_order/2/search_key/%E6%B0%B4/fid/1.html
NOTIC: 建议使用I方法替代_param
NOTIC: 建议使用I方法替代_param
NOTIC: 建议使用I方法替代_param
NOTIC: 建议使用I方法替代_param
NOTIC: 建议使用I方法替代_param
NOTIC: 建议使用I方法替代_param

[ 2015-12-18T12:00:00+08:00 ] 127.0.0.1 /new1130/search/index/price_order/2/search_key/%E6%B0%B4/fid/1.html
NOTIC: 建议使用I方法替代_param
NOTIC: 建议使用I方法替代_param
NOTIC: 建议使用I方法替代_param
NOTIC: 建议使用I方法替代_param
NOTIC: 建议使用I方法替代_param
NOTIC: 建议使用I方法替代_param

[ 2015-12-18T12:23:12+08:00 ] 127.0.0.1 /new1130/search/index/price_order/2/search_key/%E6%B0%B4/fid/1.html
NOTIC: 建议使用I方法替代_param
NOTIC: 建议使用I方法替代_param
NOTIC: 建议使用I方法替代_param
NOTIC: 建议使用I方法替代_param
NOTIC: 建议使用I方法替代_param
NOTIC: 建议使用I方法替代_param

