[ 2015-12-30T09:34:42+08:00 ] 127.0.0.1 /Payadmin1015/index.php?m=public&a=dologin
INFO: [ app_begin ] --START--
INFO: ReadHtmlCache Behavior ::run [ RunTime:0.003625s ]
INFO: CheckLang Behavior ::run [ RunTime:0.006883s ]
INFO: [ app_begin ] --END-- [ RunTime:0.011445s ]
SQL: SHOW COLUMNS FROM `ecs_cmf_users` [ RunTime:0.055646s ]
SQL: SELECT * FROM `ecs_cmf_users` WHERE ( `user_login` = 'admin' ) LIMIT 1   [ RunTime:0.009113s ]
SQL: UPDATE `ecs_cmf_users` SET `user_login`='admin',`user_pass`='22b270be3d095dd93b85f1e349faf51e',`user_nicename`='admin',`user_email`='',`user_url`='',`avatar`=null,`sex`=0,`birthday`=null,`signature`=null,`last_login_ip`='127.0.0.1',`last_login_time`='2015-12-30 09:34:42',`create_time`='2015-07-23 04:42:03',`user_activation_key`='',`user_status`=1,`role_id`=1,`score`=0,`user_type`=1 WHERE ( `id` = '32' ) [ RunTime:0.002726s ]
NOTIC: [8] Undefined index: data C:\EasyPHP-DevServer-14.1VC9\data\localweb\Payadmin1015\simplewind\Lib\Action\AppframeAction.class.php 第 61 行.

[ 2015-12-30T09:36:16+08:00 ] 127.0.0.1 /Payadmin1015/index.php?m=menu&a=add_post
INFO: [ app_begin ] --START--
INFO: ReadHtmlCache Behavior ::run [ RunTime:0.005300s ]
INFO: CheckLang Behavior ::run [ RunTime:0.007199s ]
INFO: [ app_begin ] --END-- [ RunTime:0.013811s ]
SQL: SHOW COLUMNS FROM `ecs_cmf_users` [ RunTime:0.014470s ]
SQL: SELECT * FROM `ecs_cmf_users` WHERE ( id=32 ) LIMIT 1   [ RunTime:0.001128s ]
SQL: SHOW COLUMNS FROM `ecs_cmf_menu` [ RunTime:0.011051s ]
NOTIC: [8] Undefined index: data C:\EasyPHP-DevServer-14.1VC9\data\localweb\Payadmin1015\simplewind\Lib\Action\AppframeAction.class.php 第 61 行.

[ 2015-12-30T09:42:39+08:00 ] 127.0.0.1 /Payadmin1015/index.php?m=menu&a=add_post
INFO: [ app_begin ] --START--
INFO: ReadHtmlCache Behavior ::run [ RunTime:0.005320s ]
INFO: CheckLang Behavior ::run [ RunTime:0.007193s ]
INFO: [ app_begin ] --END-- [ RunTime:0.013486s ]
SQL: SHOW COLUMNS FROM `ecs_cmf_users` [ RunTime:0.011511s ]
SQL: SELECT * FROM `ecs_cmf_users` WHERE ( id=32 ) LIMIT 1   [ RunTime:0.001153s ]
SQL: SHOW COLUMNS FROM `ecs_cmf_menu` [ RunTime:0.011205s ]
SQL: SELECT * FROM `ecs_cmf_menu` WHERE ( `app` = 'Portal' ) AND ( `model` = 'RsManager' ) AND ( `action` = 'index' ) LIMIT 1   [ RunTime:0.011227s ]
SQL: SELECT `parentid` FROM `ecs_cmf_menu` WHERE ( `id` = 0 ) LIMIT 1   [ RunTime:0.000827s ]
SQL: INSERT INTO `ecs_cmf_menu` (`parentid`,`name`,`app`,`model`,`action`,`data`,`icon`,`remark`,`status`,`type`) VALUES (0,'资源单管理','Portal','RsManager','index','','','',1,1) [ RunTime:0.061944s ]
NOTIC: [8] Undefined index: data C:\EasyPHP-DevServer-14.1VC9\data\localweb\Payadmin1015\simplewind\Lib\Action\AppframeAction.class.php 第 61 行.

[ 2015-12-30T09:43:20+08:00 ] 127.0.0.1 /Payadmin1015/index.php?m=menu&a=edit_post
INFO: [ app_begin ] --START--
INFO: ReadHtmlCache Behavior ::run [ RunTime:0.003698s ]
INFO: CheckLang Behavior ::run [ RunTime:0.011927s ]
INFO: [ app_begin ] --END-- [ RunTime:0.017058s ]
SQL: SHOW COLUMNS FROM `ecs_cmf_users` [ RunTime:0.011839s ]
SQL: SELECT * FROM `ecs_cmf_users` WHERE ( id=32 ) LIMIT 1   [ RunTime:0.001132s ]
SQL: SHOW COLUMNS FROM `ecs_cmf_menu` [ RunTime:0.011548s ]
SQL: SELECT `id` FROM `ecs_cmf_menu` WHERE ( `app` = 'Admin' ) AND ( `model` = 'Content' ) AND ( `action` = 'default' ) LIMIT 1   [ RunTime:0.001215s ]
SQL: UPDATE `ecs_cmf_menu` SET `parentid`=0,`name`='上海商品管理',`app`='Admin',`model`='Content',`action`='default',`data`='',`icon`='',`remark`='',`status`=1,`type`=0 WHERE ( `id` = 51 ) [ RunTime:0.001182s ]
NOTIC: [8] Undefined index: data C:\EasyPHP-DevServer-14.1VC9\data\localweb\Payadmin1015\simplewind\Lib\Action\AppframeAction.class.php 第 61 行.

[ 2015-12-30T09:43:37+08:00 ] 127.0.0.1 /Payadmin1015/index.php?g=portal&m=rs_manager&a=index&menuid=663
ERR: 无法加载模块:RsManager

[ 2015-12-30T09:51:50+08:00 ] 127.0.0.1 /Payadmin1015/index.php?g=portal&m=rs_manager&a=index&menuid=663
ERR: 模板不存在[tpl_admin/simpleboot/Portal/RsManager/index.html]

[ 2015-12-30T10:09:45+08:00 ] 127.0.0.1 /Payadmin1015/index.php?m=rbac&a=roleadd_post
INFO: [ app_begin ] --START--
INFO: ReadHtmlCache Behavior ::run [ RunTime:0.005975s ]
INFO: CheckLang Behavior ::run [ RunTime:0.007610s ]
INFO: [ app_begin ] --END-- [ RunTime:0.014971s ]
SQL: SHOW COLUMNS FROM `ecs_cmf_users` [ RunTime:0.011977s ]
SQL: SELECT * FROM `ecs_cmf_users` WHERE ( id=32 ) LIMIT 1   [ RunTime:0.001128s ]
SQL: SHOW COLUMNS FROM `ecs_cmf_role` [ RunTime:0.011699s ]
SQL: INSERT INTO `ecs_cmf_role` (`name`,`remark`,`status`) VALUES ('资源单管理员','负责对资源单的管理',1) [ RunTime:0.001212s ]
NOTIC: [8] Undefined index: data C:\EasyPHP-DevServer-14.1VC9\data\localweb\Payadmin1015\simplewind\Lib\Action\AppframeAction.class.php 第 61 行.

[ 2015-12-30T10:11:18+08:00 ] 127.0.0.1 /Payadmin1015/index.php?m=user&a=add_post
INFO: [ app_begin ] --START--
INFO: ReadHtmlCache Behavior ::run [ RunTime:0.004421s ]
INFO: CheckLang Behavior ::run [ RunTime:0.009562s ]
INFO: [ app_begin ] --END-- [ RunTime:0.014965s ]
SQL: SHOW COLUMNS FROM `ecs_cmf_users` [ RunTime:0.014968s ]
SQL: SELECT * FROM `ecs_cmf_users` WHERE ( id=32 ) LIMIT 1   [ RunTime:0.001227s ]
SQL: SHOW COLUMNS FROM `ecs_cmf_role` [ RunTime:0.011233s ]
SQL: SELECT * FROM `ecs_cmf_users` WHERE ( `user_login` = 'manager' ) LIMIT 1   [ RunTime:0.001090s ]
SQL: INSERT INTO `ecs_cmf_users` (`user_login`,`user_pass`,`user_nicename`,`role_id`,`create_time`) VALUES ('manager','22b270be3d095dd93b85f1e349faf51e','测试员',6,'2015-12-30 10:11:18') [ RunTime:0.001207s ]
NOTIC: [8] Undefined index: data C:\EasyPHP-DevServer-14.1VC9\data\localweb\Payadmin1015\simplewind\Lib\Action\AppframeAction.class.php 第 61 行.

[ 2015-12-30T10:12:01+08:00 ] 127.0.0.1 /Payadmin1015/index.php?m=public&a=dologin
INFO: [ app_begin ] --START--
INFO: ReadHtmlCache Behavior ::run [ RunTime:0.004942s ]
INFO: CheckLang Behavior ::run [ RunTime:0.007341s ]
INFO: [ app_begin ] --END-- [ RunTime:0.013366s ]
SQL: SHOW COLUMNS FROM `ecs_cmf_users` [ RunTime:0.013873s ]
SQL: SELECT * FROM `ecs_cmf_users` WHERE ( `user_login` = 'manager' ) LIMIT 1   [ RunTime:0.001234s ]
SQL: UPDATE `ecs_cmf_users` SET `user_login`='manager',`user_pass`='22b270be3d095dd93b85f1e349faf51e',`user_nicename`='测试员',`user_email`='',`user_url`='',`avatar`='',`sex`='0',`birthday`='',`signature`='',`last_login_ip`='127.0.0.1',`last_login_time`='2015-12-30 10:12:01',`create_time`='2015-12-30 10:11:18',`user_activation_key`='',`user_status`='1',`role_id`='6',`score`='0',`user_type`='1' WHERE ( `id` = '37' ) [ RunTime:0.001218s ]
NOTIC: [8] Undefined index: data C:\EasyPHP-DevServer-14.1VC9\data\localweb\Payadmin1015\simplewind\Lib\Action\AppframeAction.class.php 第 61 行.

[ 2015-12-30T10:12:16+08:00 ] 127.0.0.1 /Payadmin1015/index.php?m=public&a=dologin
INFO: [ app_begin ] --START--
INFO: ReadHtmlCache Behavior ::run [ RunTime:0.004732s ]
INFO: CheckLang Behavior ::run [ RunTime:0.006596s ]
INFO: [ app_begin ] --END-- [ RunTime:0.012311s ]
SQL: SHOW COLUMNS FROM `ecs_cmf_users` [ RunTime:0.010235s ]
SQL: SELECT * FROM `ecs_cmf_users` WHERE ( `user_login` = 'admin' ) LIMIT 1   [ RunTime:0.001200s ]
SQL: UPDATE `ecs_cmf_users` SET `user_login`='admin',`user_pass`='22b270be3d095dd93b85f1e349faf51e',`user_nicename`='admin',`user_email`='',`user_url`='',`avatar`=null,`sex`=0,`birthday`=null,`signature`=null,`last_login_ip`='127.0.0.1',`last_login_time`='2015-12-30 10:12:16',`create_time`='2015-07-23 04:42:03',`user_activation_key`='',`user_status`=1,`role_id`=1,`score`=0,`user_type`=1 WHERE ( `id` = '32' ) [ RunTime:0.001023s ]
NOTIC: [8] Undefined index: data C:\EasyPHP-DevServer-14.1VC9\data\localweb\Payadmin1015\simplewind\Lib\Action\AppframeAction.class.php 第 61 行.

[ 2015-12-30T10:13:56+08:00 ] 127.0.0.1 /Payadmin1015/index.php?m=public&a=dologin
INFO: [ app_begin ] --START--
INFO: ReadHtmlCache Behavior ::run [ RunTime:0.004312s ]
INFO: CheckLang Behavior ::run [ RunTime:0.006812s ]
INFO: [ app_begin ] --END-- [ RunTime:0.012111s ]
SQL: SHOW COLUMNS FROM `ecs_cmf_users` [ RunTime:0.013881s ]
SQL: SELECT * FROM `ecs_cmf_users` WHERE ( `user_login` = 'manager' ) LIMIT 1   [ RunTime:0.001047s ]
SQL: UPDATE `ecs_cmf_users` SET `user_login`='manager',`user_pass`='22b270be3d095dd93b85f1e349faf51e',`user_nicename`='测试员',`user_email`='',`user_url`='',`avatar`='',`sex`='0',`birthday`='0000-00-00',`signature`='',`last_login_ip`='127.0.0.1',`last_login_time`='2015-12-30 10:13:56',`create_time`='2015-12-30 10:11:18',`user_activation_key`='',`user_status`='1',`role_id`='6',`score`='0',`user_type`='1' WHERE ( `id` = '37' ) [ RunTime:0.000986s ]
NOTIC: [8] Undefined index: data C:\EasyPHP-DevServer-14.1VC9\data\localweb\Payadmin1015\simplewind\Lib\Action\AppframeAction.class.php 第 61 行.

[ 2015-12-30T10:29:54+08:00 ] 127.0.0.1 /Payadmin1015/index.php?m=public&a=dologin
INFO: [ app_begin ] --START--
INFO: ReadHtmlCache Behavior ::run [ RunTime:0.003795s ]
INFO: CheckLang Behavior ::run [ RunTime:0.006561s ]
INFO: [ app_begin ] --END-- [ RunTime:0.011312s ]
SQL: SHOW COLUMNS FROM `ecs_cmf_users` [ RunTime:0.013908s ]
SQL: SELECT * FROM `ecs_cmf_users` WHERE ( `user_login` = 'admin' ) LIMIT 1   [ RunTime:0.001174s ]
SQL: UPDATE `ecs_cmf_users` SET `user_login`='admin',`user_pass`='22b270be3d095dd93b85f1e349faf51e',`user_nicename`='admin',`user_email`='',`user_url`='',`avatar`=null,`sex`=0,`birthday`=null,`signature`=null,`last_login_ip`='127.0.0.1',`last_login_time`='2015-12-30 10:29:54',`create_time`='2015-07-23 04:42:03',`user_activation_key`='',`user_status`=1,`role_id`=1,`score`=0,`user_type`=1 WHERE ( `id` = '32' ) [ RunTime:0.001240s ]
NOTIC: [8] Undefined index: data C:\EasyPHP-DevServer-14.1VC9\data\localweb\Payadmin1015\simplewind\Lib\Action\AppframeAction.class.php 第 61 行.

[ 2015-12-30T10:30:41+08:00 ] 127.0.0.1 /Payadmin1015/index.php?m=public&a=dologin
INFO: [ app_begin ] --START--
INFO: ReadHtmlCache Behavior ::run [ RunTime:0.003946s ]
INFO: CheckLang Behavior ::run [ RunTime:0.006626s ]
INFO: [ app_begin ] --END-- [ RunTime:0.011785s ]
SQL: SHOW COLUMNS FROM `ecs_cmf_users` [ RunTime:0.010226s ]
SQL: SELECT * FROM `ecs_cmf_users` WHERE ( `user_login` = 'admin' ) LIMIT 1   [ RunTime:0.001238s ]
SQL: UPDATE `ecs_cmf_users` SET `user_login`='admin',`user_pass`='22b270be3d095dd93b85f1e349faf51e',`user_nicename`='admin',`user_email`='',`user_url`='',`avatar`=null,`sex`=0,`birthday`=null,`signature`=null,`last_login_ip`='127.0.0.1',`last_login_time`='2015-12-30 10:30:41',`create_time`='2015-07-23 04:42:03',`user_activation_key`='',`user_status`=1,`role_id`=1,`score`=0,`user_type`=1 WHERE ( `id` = '32' ) [ RunTime:0.000999s ]
NOTIC: [8] Undefined index: data C:\EasyPHP-DevServer-14.1VC9\data\localweb\Payadmin1015\simplewind\Lib\Action\AppframeAction.class.php 第 61 行.

[ 2015-12-30T10:31:28+08:00 ] 127.0.0.1 /Payadmin1015/index.php?m=public&a=dologin
INFO: [ app_begin ] --START--
INFO: ReadHtmlCache Behavior ::run [ RunTime:0.003684s ]
INFO: CheckLang Behavior ::run [ RunTime:0.006818s ]
INFO: [ app_begin ] --END-- [ RunTime:0.011450s ]
SQL: SHOW COLUMNS FROM `ecs_cmf_users` [ RunTime:0.013676s ]
SQL: SELECT * FROM `ecs_cmf_users` WHERE ( `user_login` = 'admin' ) LIMIT 1   [ RunTime:0.001079s ]
SQL: UPDATE `ecs_cmf_users` SET `user_login`='admin',`user_pass`='22b270be3d095dd93b85f1e349faf51e',`user_nicename`='admin',`user_email`='',`user_url`='',`avatar`=null,`sex`=0,`birthday`=null,`signature`=null,`last_login_ip`='127.0.0.1',`last_login_time`='2015-12-30 10:31:28',`create_time`='2015-07-23 04:42:03',`user_activation_key`='',`user_status`=1,`role_id`=1,`score`=0,`user_type`=1 WHERE ( `id` = '32' ) [ RunTime:0.000995s ]
NOTIC: [8] Undefined index: data C:\EasyPHP-DevServer-14.1VC9\data\localweb\Payadmin1015\simplewind\Lib\Action\AppframeAction.class.php 第 61 行.

